#
# A fatal error has been detected by the Java Runtime Environment:
#
#  SIGSEGV (0xb) at pc=0x00007fff2038181d, pid=4454, tid=259
#
# JRE version: Java(TM) SE Runtime Environment (8.0_60-b27) (build 1.8.0_60-b27)
# Java VM: Java HotSpot(TM) 64-Bit Server VM (25.60-b23 mixed mode bsd-amd64 compressed oops)
# Problematic frame:
# C  [libobjc.A.dylib+0x681d]  objc_msgSend+0x1d
#
# Failed to write core dump. Core dumps have been disabled. To enable core dumping, try "ulimit -c unlimited" before starting Java again
#
# If you would like to submit a bug report, please visit:
#   http://bugreport.java.com/bugreport/crash.jsp
# The crash happened outside the Java Virtual Machine in native code.
# See problematic frame for where to report the bug.
#

---------------  T H R E A D  ---------------

Current thread (0x00007f8584900000):  JavaThread "AWT-AppKit" daemon [_thread_in_native, id=259, stack(0x00007ffeebf62000,0x00007ffeec762000)]

siginfo: si_signo: 11 (SIGSEGV), si_code: 1 (SEGV_MAPERR), si_addr: 0x0000000000000018

Registers:
RAX=0x00007f858a315530, RBX=0x000000015561f450, RCX=0x0000000000000000, RDX=0x0000000000000001
RSP=0x00007ffeec75d1e8, RBP=0x00007ffeec75d2a0, RSI=0x00007fff7bc55a5f, RDI=0x00007f8582eaa180
R8 =0x0000000000000000, R9 =0x0000000000000000, R10=0x0000000000000000, R11=0x00007fff7bc55a5f
R12=0x0000000000000000, R13=0x0000000159352598, R14=0x000000015561f440, R15=0x00007f8584900000
RIP=0x00007fff2038181d, EFLAGS=0x0000000000010246, ERR=0x0000000000000004
  TRAPNO=0x000000000000000e

Top of Stack: (sp=0x00007ffeec75d1e8)
0x00007ffeec75d1e8:   000000015561d157 00007ffeec75d240
0x00007ffeec75d1f8:   0000000000000003 00007ffeec75d220
0x00007ffeec75d208:   00000001079f1992 0000000159352598
0x00007ffeec75d218:   0000000159352598 00007f858a315530
0x00007ffeec75d228:   000000015561f6a0 000000015561f710
0x00007ffeec75d238:   00007fff8098e6c8 00007fff80e08700
0x00007ffeec75d248:   000000015561f450 000000015561f690
0x00007ffeec75d258:   00007f858a315530 00007f8582eaa180
0x00007ffeec75d268:   00007f8582c07110 00007f858a315530
0x00007ffeec75d278:   00007f8582eaa180 00007ffeec75d328
0x00007ffeec75d288:   00007f85849001f8 0000000159352598
0x00007ffeec75d298:   00007ffeec75d350 00007ffeec75d318
0x00007ffeec75d2a8:   000000010f88c954 0000000159352598
0x00007ffeec75d2b8:   00007ffeec75d350 00007ffeec75d318
0x00007ffeec75d2c8:   000000010f88c6e7 000000010f88c6a2
0x00007ffeec75d2d8:   00007ffeec75d2d8 0000000159352598
0x00007ffeec75d2e8:   00007ffeec75d350 00000001593551d0
0x00007ffeec75d2f8:   0000000000000000 0000000159352598
0x00007ffeec75d308:   0000000000000000 00007ffeec75d338
0x00007ffeec75d318:   00007ffeec75d398 000000010f87ec4d
0x00007ffeec75d328:   0000000742ca9520 000000010f886578
0x00007ffeec75d338:   00007f858a315530 00007ffeec75d398
0x00007ffeec75d348:   00007f8582eaa180 000000010f887d82
0x00007ffeec75d358:   00007ffeec75d358 0000000159352762
0x00007ffeec75d368:   00007ffeec75d3c0 00000001593551d0
0x00007ffeec75d378:   0000000000000000 0000000159352770
0x00007ffeec75d388:   00007ffeec75d338 00007ffeec75d3a8
0x00007ffeec75d398:   00007ffeec75d408 000000010f87ec4d
0x00007ffeec75d3a8:   00007f858a315530 0000000742cea008
0x00007ffeec75d3b8:   00007f8582eaa180 0000000742cea008
0x00007ffeec75d3c8:   00007ffeec75d3c8 000000015c89604e
0x00007ffeec75d3d8:   00007ffeec75d418 000000015c896108 

Instructions: (pc=0x00007fff2038181d)
0x00007fff203817fd:   44 00 00 48 85 ff 2e 74 72 40 f6 c7 01 2e 75 76
0x00007fff2038180d:   49 ba f8 ff ff ff ff 7f 00 00 4c 23 17 49 89 f3
0x00007fff2038181d:   45 23 5a 18 49 c1 e3 04 4d 03 5a 10 49 3b 33 75
0x00007fff2038182d:   0a 4d 8b 5b 08 4d 31 d3 41 ff e3 49 83 3b 01 76 

Register to memory mapping:

RAX=0x00007f858a315530 is an unknown value
RBX=0x000000015561f450: Java_jogamp_nativewindow_macosx_OSXUtil_GetScreenRefreshRate0+0x1cf0 in /private/var/folders/29/yptmkhk54j53dmn29983x1680000gn/T/jogamp_0000/file_cache/jln4587002333481178821/jln9038116357879913951/libnativewindow_macosx.jnilib at 0x0000000155618000
RCX=0x0000000000000000 is an unknown value
RDX=0x0000000000000001 is an unknown value
RSP=0x00007ffeec75d1e8 is pointing into the stack for thread: 0x00007f8584900000
RBP=0x00007ffeec75d2a0 is pointing into the stack for thread: 0x00007f8584900000
RSI=0x00007fff7bc55a5f: GCC_except_table772+0x5b8a514f in /usr/lib/libobjc.A.dylib at 0x00007fff2037b000
RDI=0x00007f8582eaa180 is an unknown value
R8 =0x0000000000000000 is an unknown value
R9 =0x0000000000000000 is an unknown value
R10=0x0000000000000000 is an unknown value
R11=0x00007fff7bc55a5f: GCC_except_table772+0x5b8a514f in /usr/lib/libobjc.A.dylib at 0x00007fff2037b000
R12=0x0000000000000000 is an unknown value
R13={method} {0x0000000159352598} 'UnsetJAWTRootSurfaceLayer0' '(JJ)V' in 'jogamp/nativewindow/jawt/macosx/MacOSXJAWTWindow'
R14=0x000000015561f440: Java_jogamp_nativewindow_macosx_OSXUtil_GetScreenRefreshRate0+0x1ce0 in /private/var/folders/29/yptmkhk54j53dmn29983x1680000gn/T/jogamp_0000/file_cache/jln4587002333481178821/jln9038116357879913951/libnativewindow_macosx.jnilib at 0x0000000155618000
R15=0x00007f8584900000 is a thread


Stack: [0x00007ffeebf62000,0x00007ffeec762000],  sp=0x00007ffeec75d1e8,  free space=8172k
Native frames: (J=compiled Java code, j=interpreted, Vv=VM code, C=native code)
C  [libobjc.A.dylib+0x681d]  objc_msgSend+0x1d
j  jogamp.nativewindow.jawt.macosx.MacOSXJAWTWindow.UnsetJAWTRootSurfaceLayer0(JJ)V+0
j  jogamp.nativewindow.jawt.macosx.MacOSXJAWTWindow.access$200(JJ)V+2
j  jogamp.nativewindow.jawt.macosx.MacOSXJAWTWindow$1.run()V+38
J 2339 C1 com.jogamp.common.util.RunnableTask.run()V (345 bytes) @ 0x000000010fe8d794 [0x000000010fe8d600+0x194]
v  ~StubRoutines::call_stub
V  [libjvm.dylib+0x2eab0e]
V  [libjvm.dylib+0x321bb7]
V  [libjvm.dylib+0x31438b]
C  [libnativewindow_macosx.jnilib+0x5326]  Java_jogamp_nativewindow_jawt_macosx_MacOSXJAWTWindow_UnsetJAWTRootSurfaceLayer0+0x2b6
C  [Foundation+0x80b81]  __NSThreadPerformPerform+0xcc
C  [CoreFoundation+0x8194c]  __CFRUNLOOP_IS_CALLING_OUT_TO_A_SOURCE0_PERFORM_FUNCTION__+0x11
C  [CoreFoundation+0x818b4]  __CFRunLoopDoSource0+0xb4
C  [CoreFoundation+0x81696]  __CFRunLoopDoSources0+0x154
C  [CoreFoundation+0x8005c]  __CFRunLoopRun+0x37d
C  [CoreFoundation+0x7f61c]  CFRunLoopRunSpecific+0x233
C  [HIToolbox+0x30a83]  RunCurrentEventLoopInMode+0x124
C  [HIToolbox+0x306b6]  ReceiveNextEventCommon+0x11c
C  [HIToolbox+0x30583]  _BlockUntilNextEventMatchingListInModeWithFilter+0x46
C  [AppKit+0x3f172]  _DPSNextEvent+0x360
C  [AppKit+0x3d945]  -[NSApplication(NSEvent) _nextEventMatchingEventMask:untilDate:inMode:dequeue:]+0x554
C  [libosxapp.dylib+0x23aa]  -[NSApplicationAWT nextEventMatchingMask:untilDate:inMode:dequeue:]+0x7c
C  [AppKit+0x2fc69]  -[NSApplication run]+0x24a
C  [libosxapp.dylib+0x214d]  +[NSApplicationAWT runAWTLoopWithApp:]+0x9c
C  [libawt_lwawt.dylib+0x44517]  -[AWTStarter starter:]+0x389
C  [Foundation+0x80b81]  __NSThreadPerformPerform+0xcc
C  [CoreFoundation+0x8194c]  __CFRUNLOOP_IS_CALLING_OUT_TO_A_SOURCE0_PERFORM_FUNCTION__+0x11
C  [CoreFoundation+0x818b4]  __CFRunLoopDoSource0+0xb4
C  [CoreFoundation+0x81634]  __CFRunLoopDoSources0+0xf2
C  [CoreFoundation+0x8005c]  __CFRunLoopRun+0x37d
C  [CoreFoundation+0x7f61c]  CFRunLoopRunSpecific+0x233
C  [java+0x6463]  CreateExecutionEnvironment+0x367
C  [java+0x21ac]  JLI_Launch+0x7a0
C  [java+0x84c0]  main+0x65
C  [java+0x1a04]  start+0x34
C  0x0000000000000007

Java frames: (J=compiled Java code, j=interpreted, Vv=VM code)
j  jogamp.nativewindow.jawt.macosx.MacOSXJAWTWindow.UnsetJAWTRootSurfaceLayer0(JJ)V+0
j  jogamp.nativewindow.jawt.macosx.MacOSXJAWTWindow.access$200(JJ)V+2
j  jogamp.nativewindow.jawt.macosx.MacOSXJAWTWindow$1.run()V+38
J 2339 C1 com.jogamp.common.util.RunnableTask.run()V (345 bytes) @ 0x000000010fe8d794 [0x000000010fe8d600+0x194]
v  ~StubRoutines::call_stub

---------------  P R O C E S S  ---------------

Java Threads: ( => current thread )
  0x00007f8584a02800 JavaThread "Thread-79" [_thread_blocked, id=63255, stack(0x000070000ded7000,0x000070000dfd7000)]
  0x00007f8583a6b000 JavaThread "Keep-Alive-Timer" daemon [_thread_blocked, id=67331, stack(0x000070000e2e3000,0x000070000e3e3000)]
  0x00007f858345f800 JavaThread "AWT-EventQueue-1" [_thread_in_native, id=72227, stack(0x000070000ddd4000,0x000070000ded4000)]
  0x00007f858380e000 JavaThread "DestroyJavaVM" [_thread_blocked, id=4099, stack(0x000070000c071000,0x000070000c171000)]
  0x00007f8584990000 JavaThread "AWT-EventQueue-0" [_thread_blocked, id=53051, stack(0x000070000dbce000,0x000070000dcce000)]
  0x00007f85838f5000 JavaThread "Java2D Disposer" daemon [_thread_blocked, id=48931, stack(0x000070000d9c8000,0x000070000dac8000)]
  0x00007f85878c0000 JavaThread "Java2D Queue Flusher" daemon [_thread_blocked, id=86799, stack(0x000070000d8c5000,0x000070000d9c5000)]
  0x00007f85878c0800 JavaThread "AWT-Shutdown" [_thread_blocked, id=28463, stack(0x000070000d533000,0x000070000d633000)]
=>0x00007f8584900000 JavaThread "AWT-AppKit" daemon [_thread_in_native, id=259, stack(0x00007ffeebf62000,0x00007ffeec762000)]
  0x00007f858782a800 JavaThread "Service Thread" daemon [_thread_blocked, id=16899, stack(0x000070000d2aa000,0x000070000d3aa000)]
  0x00007f858480e000 JavaThread "C1 CompilerThread3" daemon [_thread_blocked, id=17411, stack(0x000070000d1a7000,0x000070000d2a7000)]
  0x00007f858480d000 JavaThread "C2 CompilerThread2" daemon [_thread_blocked, id=17667, stack(0x000070000d0a4000,0x000070000d1a4000)]
  0x00007f8583063800 JavaThread "C2 CompilerThread1" daemon [_thread_blocked, id=18179, stack(0x000070000cfa1000,0x000070000d0a1000)]
  0x00007f858580a000 JavaThread "C2 CompilerThread0" daemon [_thread_blocked, id=18435, stack(0x000070000ce9e000,0x000070000cf9e000)]
  0x00007f8583061800 JavaThread "Signal Dispatcher" daemon [_thread_blocked, id=18691, stack(0x000070000cd9b000,0x000070000ce9b000)]
  0x00007f858480b000 JavaThread "Finalizer" daemon [_thread_blocked, id=19971, stack(0x000070000cb92000,0x000070000cc92000)]
  0x00007f858302d800 JavaThread "Reference Handler" daemon [_thread_blocked, id=20227, stack(0x000070000ca8f000,0x000070000cb8f000)]

Other Threads:
  0x00007f858302d000 VMThread [stack: 0x000070000c98c000,0x000070000ca8c000] [id=20739]
  0x00007f8587833800 WatcherThread [stack: 0x000070000d3ad000,0x000070000d4ad000] [id=16643]

VM state:not at safepoint (normal execution)

VM Mutex/Monitor currently owned by a thread: None

Heap:
 PSYoungGen      total 156672K, used 45166K [0x0000000795580000, 0x00000007a9080000, 0x00000007c0000000)
  eden space 133120K, 16% used [0x0000000795580000,0x0000000796a9e978,0x000000079d780000)
  from space 23552K, 99% used [0x000000079d780000,0x000000079ee7d040,0x000000079ee80000)
  to   space 28160K, 0% used [0x00000007a7500000,0x00000007a7500000,0x00000007a9080000)
 ParOldGen       total 87552K, used 46877K [0x0000000740000000, 0x0000000745580000, 0x0000000795580000)
  object space 87552K, 53% used [0x0000000740000000,0x0000000742dc7590,0x0000000745580000)
 Metaspace       used 19194K, capacity 19391K, committed 19712K, reserved 1067008K
  class space    used 1881K, capacity 1982K, committed 2048K, reserved 1048576K

Card table byte_map: [0x0000000108b49000,0x0000000108f4a000] byte_map_base: 0x0000000105149000

Marking Bits: (ParMarkBitMap*) 0x00000001080dee20
 Begin Bits: [0x00000001091f5000, 0x000000010b1f5000)
 End Bits:   [0x000000010b1f5000, 0x000000010d1f5000)

Polling page: 0x0000000103514000

CodeCache: size=245760Kb used=7168Kb max_used=7221Kb free=238591Kb
 bounds [0x000000010f877000, 0x000000010ff97000, 0x000000011e877000]
 total_blobs=2906 nmethods=2030 adapters=789
 compilation: enabled

Compilation events (10 events):
Event: 17.260 Thread 0x00007f858480e000 2383       3       sun.java2d.loops.SurfaceType::pixelFor (10 bytes)
Event: 17.260 Thread 0x00007f858480e000 nmethod 2383 0x000000010fe83350 code [0x000000010fe834c0, 0x000000010fe836e8]
Event: 17.260 Thread 0x00007f858480e000 2385   !   3       sun.awt.PostEventQueue::flush (168 bytes)
Event: 17.262 Thread 0x00007f858480e000 nmethod 2385 0x000000010fddcc90 code [0x000000010fddcee0, 0x000000010fdde028]
Event: 17.262 Thread 0x00007f858480e000 2387       3       java.lang.Math::round (70 bytes)
Event: 17.262 Thread 0x00007f858480e000 nmethod 2387 0x000000010fe85cd0 code [0x000000010fe85e40, 0x000000010fe860b0]
Event: 17.262 Thread 0x00007f858480e000 2386       3       sun.awt.image.PixelConverter$ArgbPre::rgbToPixel (100 bytes)
Event: 17.262 Thread 0x00007f858480e000 nmethod 2386 0x000000010fe858d0 code [0x000000010fe85a40, 0x000000010fe85c30]
Event: 17.262 Thread 0x00007f858480e000 2384       3       sun.awt.SunToolkit::awtUnlock (7 bytes)
Event: 17.263 Thread 0x00007f858480e000 nmethod 2384 0x000000010fe85350 code [0x000000010fe854c0, 0x000000010fe857a8]

GC Heap History (10 events):
Event: 5.049 GC heap before
{Heap before GC invocations=3 (full 0):
 PSYoungGen      total 38400K, used 38383K [0x0000000795580000, 0x0000000798000000, 0x00000007c0000000)
  eden space 33280K, 100% used [0x0000000795580000,0x0000000797600000,0x0000000797600000)
  from space 5120K, 99% used [0x0000000797b00000,0x0000000797ffbf30,0x0000000798000000)
  to   space 5120K, 0% used [0x0000000797600000,0x0000000797600000,0x0000000797b00000)
 ParOldGen       total 87552K, used 6391K [0x0000000740000000, 0x0000000745580000, 0x0000000795580000)
  object space 87552K, 7% used [0x0000000740000000,0x000000074063ddc8,0x0000000745580000)
 Metaspace       used 17636K, capacity 17843K, committed 18048K, reserved 1064960K
  class space    used 1782K, capacity 1852K, committed 1920K, reserved 1048576K
Event: 5.074 GC heap after
Heap after GC invocations=3 (full 0):
 PSYoungGen      total 38400K, used 5119K [0x0000000795580000, 0x000000079a080000, 0x00000007c0000000)
  eden space 33280K, 0% used [0x0000000795580000,0x0000000795580000,0x0000000797600000)
  from space 5120K, 99% used [0x0000000797600000,0x0000000797affdc8,0x0000000797b00000)
  to   space 5120K, 0% used [0x0000000799b80000,0x0000000799b80000,0x000000079a080000)
 ParOldGen       total 87552K, used 20984K [0x0000000740000000, 0x0000000745580000, 0x0000000795580000)
  object space 87552K, 23% used [0x0000000740000000,0x000000074147e080,0x0000000745580000)
 Metaspace       used 17636K, capacity 17843K, committed 18048K, reserved 1064960K
  class space    used 1782K, capacity 1852K, committed 1920K, reserved 1048576K
}
Event: 5.120 GC heap before
{Heap before GC invocations=4 (full 0):
 PSYoungGen      total 38400K, used 38399K [0x0000000795580000, 0x000000079a080000, 0x00000007c0000000)
  eden space 33280K, 100% used [0x0000000795580000,0x0000000797600000,0x0000000797600000)
  from space 5120K, 99% used [0x0000000797600000,0x0000000797affdc8,0x0000000797b00000)
  to   space 5120K, 0% used [0x0000000799b80000,0x0000000799b80000,0x000000079a080000)
 ParOldGen       total 87552K, used 20984K [0x0000000740000000, 0x0000000745580000, 0x0000000795580000)
  object space 87552K, 23% used [0x0000000740000000,0x000000074147e080,0x0000000745580000)
 Metaspace       used 17636K, capacity 17843K, committed 18048K, reserved 1064960K
  class space    used 1782K, capacity 1852K, committed 1920K, reserved 1048576K
Event: 5.141 GC heap after
Heap after GC invocations=4 (full 0):
 PSYoungGen      total 71680K, used 5090K [0x0000000795580000, 0x000000079a080000, 0x00000007c0000000)
  eden space 66560K, 0% used [0x0000000795580000,0x0000000795580000,0x0000000799680000)
  from space 5120K, 99% used [0x0000000799b80000,0x000000079a078bd8,0x000000079a080000)
  to   space 5120K, 0% used [0x0000000799680000,0x0000000799680000,0x0000000799b80000)
 ParOldGen       total 87552K, used 34600K [0x0000000740000000, 0x0000000745580000, 0x0000000795580000)
  object space 87552K, 39% used [0x0000000740000000,0x00000007421ca080,0x0000000745580000)
 Metaspace       used 17636K, capacity 17843K, committed 18048K, reserved 1064960K
  class space    used 1782K, capacity 1852K, committed 1920K, reserved 1048576K
}
Event: 6.077 GC heap before
{Heap before GC invocations=5 (full 0):
 PSYoungGen      total 71680K, used 71650K [0x0000000795580000, 0x000000079a080000, 0x00000007c0000000)
  eden space 66560K, 100% used [0x0000000795580000,0x0000000799680000,0x0000000799680000)
  from space 5120K, 99% used [0x0000000799b80000,0x000000079a078bd8,0x000000079a080000)
  to   space 5120K, 0% used [0x0000000799680000,0x0000000799680000,0x0000000799b80000)
 ParOldGen       total 87552K, used 34600K [0x0000000740000000, 0x0000000745580000, 0x0000000795580000)
  object space 87552K, 39% used [0x0000000740000000,0x00000007421ca080,0x0000000745580000)
 Metaspace       used 18534K, capacity 18707K, committed 18944K, reserved 1067008K
  class space    used 1861K, capacity 1948K, committed 2048K, reserved 1048576K
Event: 6.099 GC heap after
Heap after GC invocations=5 (full 0):
 PSYoungGen      total 71680K, used 5090K [0x0000000795580000, 0x00000007a0880000, 0x00000007c0000000)
  eden space 66560K, 0% used [0x0000000795580000,0x0000000795580000,0x0000000799680000)
  from space 5120K, 99% used [0x0000000799680000,0x0000000799b78bb0,0x0000000799b80000)
  to   space 25088K, 0% used [0x000000079f000000,0x000000079f000000,0x00000007a0880000)
 ParOldGen       total 87552K, used 45331K [0x0000000740000000, 0x0000000745580000, 0x0000000795580000)
  object space 87552K, 51% used [0x0000000740000000,0x0000000742c44fa0,0x0000000745580000)
 Metaspace       used 18534K, capacity 18707K, committed 18944K, reserved 1067008K
  class space    used 1861K, capacity 1948K, committed 2048K, reserved 1048576K
}
Event: 9.983 GC heap before
{Heap before GC invocations=6 (full 0):
 PSYoungGen      total 71680K, used 71650K [0x0000000795580000, 0x00000007a0880000, 0x00000007c0000000)
  eden space 66560K, 100% used [0x0000000795580000,0x0000000799680000,0x0000000799680000)
  from space 5120K, 99% used [0x0000000799680000,0x0000000799b78bb0,0x0000000799b80000)
  to   space 25088K, 0% used [0x000000079f000000,0x000000079f000000,0x00000007a0880000)
 ParOldGen       total 87552K, used 45331K [0x0000000740000000, 0x0000000745580000, 0x0000000795580000)
  object space 87552K, 51% used [0x0000000740000000,0x0000000742c44fa0,0x0000000745580000)
 Metaspace       used 18975K, capacity 19167K, committed 19456K, reserved 1067008K
  class space    used 1873K, capacity 1950K, committed 2048K, reserved 1048576K
Event: 9.996 GC heap after
Heap after GC invocations=6 (full 0):
 PSYoungGen      total 155136K, used 12019K [0x0000000795580000, 0x00000007a0580000, 0x00000007c0000000)
  eden space 133120K, 0% used [0x0000000795580000,0x0000000795580000,0x000000079d780000)
  from space 22016K, 54% used [0x000000079f000000,0x000000079fbbcd60,0x00000007a0580000)
  to   space 23552K, 0% used [0x000000079d780000,0x000000079d780000,0x000000079ee80000)
 ParOldGen       total 87552K, used 45339K [0x0000000740000000, 0x0000000745580000, 0x0000000795580000)
  object space 87552K, 51% used [0x0000000740000000,0x0000000742c46fa0,0x0000000745580000)
 Metaspace       used 18975K, capacity 19167K, committed 19456K, reserved 1067008K
  class space    used 1873K, capacity 1950K, committed 2048K, reserved 1048576K
}
Event: 14.732 GC heap before
{Heap before GC invocations=7 (full 0):
 PSYoungGen      total 155136K, used 145139K [0x0000000795580000, 0x00000007a0580000, 0x00000007c0000000)
  eden space 133120K, 100% used [0x0000000795580000,0x000000079d780000,0x000000079d780000)
  from space 22016K, 54% used [0x000000079f000000,0x000000079fbbcd60,0x00000007a0580000)
  to   space 23552K, 0% used [0x000000079d780000,0x000000079d780000,0x000000079ee80000)
 ParOldGen       total 87552K, used 45339K [0x0000000740000000, 0x0000000745580000, 0x0000000795580000)
  object space 87552K, 51% used [0x0000000740000000,0x0000000742c46fa0,0x0000000745580000)
 Metaspace       used 19124K, capacity 19359K, committed 19712K, reserved 1067008K
  class space    used 1873K, capacity 1950K, committed 2048K, reserved 1048576K
Event: 14.744 GC heap after
Heap after GC invocations=7 (full 0):
 PSYoungGen      total 156672K, used 23540K [0x0000000795580000, 0x00000007a9080000, 0x00000007c0000000)
  eden space 133120K, 0% used [0x0000000795580000,0x0000000795580000,0x000000079d780000)
  from space 23552K, 99% used [0x000000079d780000,0x000000079ee7d040,0x000000079ee80000)
  to   space 28160K, 0% used [0x00000007a7500000,0x00000007a7500000,0x00000007a9080000)
 ParOldGen       total 87552K, used 46877K [0x0000000740000000, 0x0000000745580000, 0x0000000795580000)
  object space 87552K, 53% used [0x0000000740000000,0x0000000742dc7590,0x0000000745580000)
 Metaspace       used 19124K, capacity 19359K, committed 19712K, reserved 1067008K
  class space    used 1873K, capacity 1950K, committed 2048K, reserved 1048576K
}

Deoptimization events (10 events):
Event: 6.281 Thread 0x00007f858345f800 Uncommon trap: reason=unstable_if action=reinterpret pc=0x000000010fea7f44 method=processing.opengl.PGraphicsOpenGL$Tessellator.setLastTexIndex(II)V @ 15
Event: 6.394 Thread 0x00007f858883e800 Uncommon trap: reason=unstable_if action=reinterpret pc=0x000000010fec22c0 method=sun.awt.image.PNGImageDecoder.produceImage()V @ 867
Event: 17.148 Thread 0x00007f858345f800 Uncommon trap: reason=class_check action=maybe_recompile pc=0x000000010fd0cad0 method=java.util.Arrays.copyOf([Ljava/lang/Object;ILjava/lang/Class;)[Ljava/lang/Object; @ 24
Event: 17.148 Thread 0x00007f858345f800 Uncommon trap: reason=class_check action=maybe_recompile pc=0x000000010fd0cad0 method=java.util.Arrays.copyOf([Ljava/lang/Object;ILjava/lang/Class;)[Ljava/lang/Object; @ 24
Event: 17.150 Thread 0x00007f858345f800 Uncommon trap: reason=unstable_if action=reinterpret pc=0x000000010fa174ec method=sun.awt.SunToolkit.getAppContext(Ljava/lang/Object;)Lsun/awt/AppContext; @ 4
Event: 17.150 Thread 0x00007f858345f800 Uncommon trap: reason=unstable_if action=reinterpret pc=0x000000010fa796a8 method=com.jogamp.common.util.VersionNumber.compareTo(Lcom/jogamp/common/util/VersionNumber;)I @ 21
Event: 17.152 Thread 0x00007f858345f800 Uncommon trap: reason=unstable_if action=reinterpret pc=0x000000010ff8c284 method=java.awt.EventQueue.getPriority(Ljava/awt/AWTEvent;)I @ 22
Event: 17.236 Thread 0x00007f8583256000 Uncommon trap: reason=unstable_if action=reinterpret pc=0x000000010fd18174 method=java.util.HashMap.putVal(ILjava/lang/Object;Ljava/lang/Object;ZZ)Ljava/lang/Object; @ 81
Event: 17.236 Thread 0x00007f8583256000 Uncommon trap: reason=unstable_if action=reinterpret pc=0x000000010fccb47c method=java.util.HashMap.putVal(ILjava/lang/Object;Ljava/lang/Object;ZZ)Ljava/lang/Object; @ 81
Event: 17.259 Thread 0x00007f858345f800 Uncommon trap: reason=unstable_if action=reinterpret pc=0x000000010fceb1d4 method=java.security.AccessControlContext.optimize()Ljava/security/AccessControlContext; @ 233

Internal exceptions (10 events):
Event: 0.145 Thread 0x00007f858380e000 Exception <a 'java/lang/NoSuchFieldError': method resolution failed> (0x000000079583f560) thrown at [/Users/java_re/workspace/8-2-build-macosx-x86_64/jdk8u60/4407/hotspot/src/share/vm/prims/methodHandles.cpp, line 1146]
Event: 0.433 Thread 0x00007f858380e000 Exception <a 'java/io/FileNotFoundException'> (0x00000007958bb4b8) thrown at [/Users/java_re/workspace/8-2-build-macosx-x86_64/jdk8u60/4407/hotspot/src/share/vm/prims/jni.cpp, line 709]
Event: 0.433 Thread 0x00007f858380e000 Exception <a 'java/io/FileNotFoundException'> (0x00000007958bbfe8) thrown at [/Users/java_re/workspace/8-2-build-macosx-x86_64/jdk8u60/4407/hotspot/src/share/vm/prims/jni.cpp, line 709]
Event: 0.461 Thread 0x00007f858380e000 Exception <a 'java/io/FileNotFoundException'> (0x00000007959ad518) thrown at [/Users/java_re/workspace/8-2-build-macosx-x86_64/jdk8u60/4407/hotspot/src/share/vm/prims/jni.cpp, line 709]
Event: 0.579 Thread 0x00007f858380e000 Exception <a 'java/io/FileNotFoundException'> (0x00000007959eef20) thrown at [/Users/java_re/workspace/8-2-build-macosx-x86_64/jdk8u60/4407/hotspot/src/share/vm/prims/jni.cpp, line 709]
Event: 2.122 Thread 0x00007f8584a66000 Exception <a 'java/lang/UnsatisfiedLinkError': com.jogamp.common.util.JarUtil.fixNativeLibAttribs(Ljava/lang/String;)Z> (0x0000000796b18228) thrown at [/Users/java_re/workspace/8-2-build-macosx-x86_64/jdk8u60/4407/hotspot/src/share/vm/prims/nativeLookup.c
Event: 4.154 Thread 0x00007f858480b000 Exception <a 'java/lang/NullPointerException'> (0x00000007956a5870) thrown at [/Users/java_re/workspace/8-2-build-macosx-x86_64/jdk8u60/4407/hotspot/src/share/vm/interpreter/linkResolver.cpp, line 1178]
Event: 4.667 Thread 0x00007f858345f800 Exception <a 'java/io/FileNotFoundException'> (0x0000000795e56a48) thrown at [/Users/java_re/workspace/8-2-build-macosx-x86_64/jdk8u60/4407/hotspot/src/share/vm/prims/jni.cpp, line 709]
Event: 4.667 Thread 0x00007f858345f800 Exception <a 'java/io/FileNotFoundException'> (0x0000000795e5c870) thrown at [/Users/java_re/workspace/8-2-build-macosx-x86_64/jdk8u60/4407/hotspot/src/share/vm/prims/jni.cpp, line 709]
Event: 4.667 Thread 0x00007f858345f800 Implicit null exception at 0x000000010fa22f75 to 0x000000010fa232d9

Events (10 events):
Event: 17.259 Thread 0x00007f858345f800 DEOPT UNPACKING pc=0x000000010f87c229 sp=0x000070000ded1940 mode 2
Event: 17.259 loading class java/awt/LightweightDispatcher$2
Event: 17.259 loading class java/awt/LightweightDispatcher$2 done
Event: 17.259 loading class java/awt/event/AWTEventListenerProxy
Event: 17.259 loading class java/awt/event/AWTEventListenerProxy done
Event: 17.259 loading class java/awt/Toolkit$ToolkitEventMulticaster
Event: 17.259 loading class java/awt/Toolkit$ToolkitEventMulticaster done
Event: 17.260 Thread 0x00007f8583256000 Thread exited: 0x00007f8583256000
Event: 17.260 loading class java/awt/Window$1DisposeAction
Event: 17.260 loading class java/awt/Window$1DisposeAction done


Dynamic libraries:
0x00000000001d5000 	/System/Library/Frameworks/Cocoa.framework/Versions/A/Cocoa
0x00000000001d5000 	/System/Library/Frameworks/Security.framework/Versions/A/Security
0x00000000001d5000 	/System/Library/Frameworks/ApplicationServices.framework/Versions/A/ApplicationServices
0x00000000001d5000 	/usr/lib/libz.1.dylib
0x00000000001d5000 	/usr/lib/libSystem.B.dylib
0x00000000001d5000 	/usr/lib/libobjc.A.dylib
0x00000000001d5000 	/System/Library/Frameworks/CoreFoundation.framework/Versions/A/CoreFoundation
0x00000000001d5000 	/System/Library/Frameworks/Foundation.framework/Versions/C/Foundation
0x00000000001d5000 	/System/Library/Frameworks/AppKit.framework/Versions/C/AppKit
0x00000000001d5000 	/System/Library/Frameworks/CoreData.framework/Versions/A/CoreData
0x00000000001d5000 	/System/Library/PrivateFrameworks/UIFoundation.framework/Versions/A/UIFoundation
0x00000000001d5000 	/System/Library/PrivateFrameworks/RemoteViewServices.framework/Versions/A/RemoteViewServices
0x00000000001d5000 	/System/Library/PrivateFrameworks/XCTTargetBootstrap.framework/Versions/A/XCTTargetBootstrap
0x00000000001d5000 	/usr/lib/libspindump.dylib
0x00000000001d5000 	/System/Library/Frameworks/UniformTypeIdentifiers.framework/Versions/A/UniformTypeIdentifiers
0x00000000001d5000 	/usr/lib/libapp_launch_measurement.dylib
0x00000000001d5000 	/System/Library/PrivateFrameworks/CoreAutoLayout.framework/Versions/A/CoreAutoLayout
0x00000000001d5000 	/System/Library/Frameworks/Metal.framework/Versions/A/Metal
0x00000000001d5000 	/usr/lib/liblangid.dylib
0x00000000001d5000 	/System/Library/PrivateFrameworks/CoreSVG.framework/Versions/A/CoreSVG
0x00000000001d5000 	/System/Library/PrivateFrameworks/SkyLight.framework/Versions/A/SkyLight
0x00000000001d5000 	/System/Library/Frameworks/CoreGraphics.framework/Versions/A/CoreGraphics
0x00000000001d5000 	/System/Library/Frameworks/Accelerate.framework/Versions/A/Accelerate
0x00000000001d5000 	/System/Library/PrivateFrameworks/IconServices.framework/Versions/A/IconServices
0x00000000001d5000 	/System/Library/Frameworks/IOSurface.framework/Versions/A/IOSurface
0x00000000001d5000 	/usr/lib/libDiagnosticMessagesClient.dylib
0x00000000001d5000 	/System/Library/PrivateFrameworks/DFRFoundation.framework/Versions/A/DFRFoundation
0x00000000001d5000 	/usr/lib/libicucore.A.dylib
0x00000000001d5000 	/System/Library/Frameworks/AudioToolbox.framework/Versions/A/AudioToolbox
0x00000000001d5000 	/System/Library/PrivateFrameworks/DataDetectorsCore.framework/Versions/A/DataDetectorsCore
0x00000000001d5000 	/usr/lib/libMobileGestalt.dylib
0x00000000001d5000 	/System/Library/Frameworks/Carbon.framework/Versions/A/Frameworks/HIToolbox.framework/Versions/A/HIToolbox
0x00000000001d5000 	/System/Library/Frameworks/QuartzCore.framework/Versions/A/QuartzCore
0x00000000001d5000 	/System/Library/Frameworks/Carbon.framework/Versions/A/Frameworks/SpeechRecognition.framework/Versions/A/SpeechRecognition
0x00000000001d5000 	/System/Library/PrivateFrameworks/CoreUI.framework/Versions/A/CoreUI
0x00000000001d5000 	/System/Library/Frameworks/CoreAudio.framework/Versions/A/CoreAudio
0x00000000001d5000 	/System/Library/Frameworks/DiskArbitration.framework/Versions/A/DiskArbitration
0x00000000001d5000 	/System/Library/PrivateFrameworks/MultitouchSupport.framework/Versions/A/MultitouchSupport
0x00000000001d5000 	/System/Library/PrivateFrameworks/InternationalSupport.framework/Versions/A/InternationalSupport
0x00000000001d5000 	/usr/lib/libenergytrace.dylib
0x00000000001d5000 	/System/Library/Frameworks/IOKit.framework/Versions/A/IOKit
0x00000000001d5000 	/System/Library/Frameworks/CoreServices.framework/Versions/A/CoreServices
0x00000000001d5000 	/System/Library/PrivateFrameworks/PerformanceAnalysis.framework/Versions/A/PerformanceAnalysis
0x00000000001d5000 	/System/Library/Frameworks/OpenGL.framework/Versions/A/OpenGL
0x00000000001d5000 	/System/Library/PrivateFrameworks/UserActivity.framework/Versions/A/UserActivity
0x00000000001d5000 	/System/Library/Frameworks/ColorSync.framework/Versions/A/ColorSync
0x00000000001d5000 	/System/Library/Frameworks/CoreImage.framework/Versions/A/CoreImage
0x00000000001d5000 	/System/Library/Frameworks/CoreText.framework/Versions/A/CoreText
0x00000000001d5000 	/System/Library/Frameworks/ImageIO.framework/Versions/A/ImageIO
0x00000000001d5000 	/System/Library/PrivateFrameworks/SoftLinking.framework/Versions/A/SoftLinking
0x00000000001d5000 	/usr/lib/libxml2.2.dylib
0x00000000001d5000 	/usr/lib/libc++.1.dylib
0x00000000001d5000 	/usr/lib/libcompression.dylib
0x00000000001d5000 	/System/Library/PrivateFrameworks/TextureIO.framework/Versions/A/TextureIO
0x00000000001d5000 	/usr/lib/libate.dylib
0x00000000001d5000 	/usr/lib/system/libcache.dylib
0x00000000001d5000 	/usr/lib/system/libcommonCrypto.dylib
0x00000000001d5000 	/usr/lib/system/libcompiler_rt.dylib
0x00000000001d5000 	/usr/lib/system/libcopyfile.dylib
0x00000000001d5000 	/usr/lib/system/libcorecrypto.dylib
0x00000000001d5000 	/usr/lib/system/libdispatch.dylib
0x00000000001d5000 	/usr/lib/system/libdyld.dylib
0x00000000001d5000 	/usr/lib/system/libkeymgr.dylib
0x00000000001d5000 	/usr/lib/system/liblaunch.dylib
0x00000000001d5000 	/usr/lib/system/libmacho.dylib
0x00000000001d5000 	/usr/lib/system/libquarantine.dylib
0x00000000001d5000 	/usr/lib/system/libremovefile.dylib
0x00000000001d5000 	/usr/lib/system/libsystem_asl.dylib
0x00000000001d5000 	/usr/lib/system/libsystem_blocks.dylib
0x00000000001d5000 	/usr/lib/system/libsystem_c.dylib
0x00000000001d5000 	/usr/lib/system/libsystem_collections.dylib
0x00000000001d5000 	/usr/lib/system/libsystem_configuration.dylib
0x00000000001d5000 	/usr/lib/system/libsystem_containermanager.dylib
0x00000000001d5000 	/usr/lib/system/libsystem_coreservices.dylib
0x00000000001d5000 	/usr/lib/system/libsystem_darwin.dylib
0x00000000001d5000 	/usr/lib/system/libsystem_dnssd.dylib
0x00000000001d5000 	/usr/lib/system/libsystem_featureflags.dylib
0x00000000001d5000 	/usr/lib/system/libsystem_info.dylib
0x00000000001d5000 	/usr/lib/system/libsystem_m.dylib
0x00000000001d5000 	/usr/lib/system/libsystem_malloc.dylib
0x00000000001d5000 	/usr/lib/system/libsystem_networkextension.dylib
0x00000000001d5000 	/usr/lib/system/libsystem_notify.dylib
0x00000000001d5000 	/usr/lib/system/libsystem_product_info_filter.dylib
0x00000000001d5000 	/usr/lib/system/libsystem_sandbox.dylib
0x00000000001d5000 	/usr/lib/system/libsystem_secinit.dylib
0x00000000001d5000 	/usr/lib/system/libsystem_kernel.dylib
0x00000000001d5000 	/usr/lib/system/libsystem_platform.dylib
0x00000000001d5000 	/usr/lib/system/libsystem_pthread.dylib
0x00000000001d5000 	/usr/lib/system/libsystem_symptoms.dylib
0x00000000001d5000 	/usr/lib/system/libsystem_trace.dylib
0x00000000001d5000 	/usr/lib/system/libunwind.dylib
0x00000000001d5000 	/usr/lib/system/libxpc.dylib
0x00000000001d5000 	/usr/lib/libc++abi.dylib
0x00000000001d5000 	/usr/lib/liboah.dylib
0x00000000001d5000 	/usr/lib/liblzma.5.dylib
0x00000000001d5000 	/System/Library/Frameworks/SystemConfiguration.framework/Versions/A/SystemConfiguration
0x00000000001d5000 	/usr/lib/libfakelink.dylib
0x00000000001d5000 	/System/Library/Frameworks/CFNetwork.framework/Versions/A/CFNetwork
0x00000000001d5000 	/usr/lib/libarchive.2.dylib
0x00000000001d5000 	/usr/lib/libCRFSuite.dylib
0x00000000001d5000 	/usr/lib/libbsm.0.dylib
0x00000000001d5000 	/usr/lib/libnetwork.dylib
0x00000000001d5000 	/usr/lib/libpcap.A.dylib
0x00000000001d5000 	/usr/lib/libdns_services.dylib
0x00000000001d5000 	/usr/lib/libcoretls_cfhelpers.dylib
0x00000000001d5000 	/usr/lib/libapple_nghttp2.dylib
0x00000000001d5000 	/usr/lib/system/libkxld.dylib
0x00000000001d5000 	/usr/lib/libsqlite3.dylib
0x00000000001d5000 	/System/Library/PrivateFrameworks/AppleFSCompression.framework/Versions/A/AppleFSCompression
0x00000000001d5000 	/usr/lib/libcoretls.dylib
0x00000000001d5000 	/usr/lib/libpam.2.dylib
0x00000000001d5000 	/usr/lib/libxar.1.dylib
0x00000000001d5000 	/System/Library/PrivateFrameworks/AppleSystemInfo.framework/Versions/A/AppleSystemInfo
0x00000000001d5000 	/System/Library/PrivateFrameworks/IOMobileFramebuffer.framework/Versions/A/IOMobileFramebuffer
0x00000000001d5000 	/usr/lib/libbz2.1.0.dylib
0x00000000001d5000 	/usr/lib/libiconv.2.dylib
0x00000000001d5000 	/usr/lib/libcharset.1.dylib
0x00000000001d5000 	/System/Library/Frameworks/CoreServices.framework/Versions/A/Frameworks/FSEvents.framework/Versions/A/FSEvents
0x00000000001d5000 	/System/Library/Frameworks/CoreServices.framework/Versions/A/Frameworks/CarbonCore.framework/Versions/A/CarbonCore
0x00000000001d5000 	/System/Library/Frameworks/CoreServices.framework/Versions/A/Frameworks/Metadata.framework/Versions/A/Metadata
0x00000000001d5000 	/System/Library/Frameworks/CoreServices.framework/Versions/A/Frameworks/OSServices.framework/Versions/A/OSServices
0x00000000001d5000 	/System/Library/Frameworks/CoreServices.framework/Versions/A/Frameworks/SearchKit.framework/Versions/A/SearchKit
0x00000000001d5000 	/System/Library/Frameworks/CoreServices.framework/Versions/A/Frameworks/AE.framework/Versions/A/AE
0x00000000001d5000 	/System/Library/Frameworks/CoreServices.framework/Versions/A/Frameworks/LaunchServices.framework/Versions/A/LaunchServices
0x00000000001d5000 	/System/Library/Frameworks/CoreServices.framework/Versions/A/Frameworks/DictionaryServices.framework/Versions/A/DictionaryServices
0x00000000001d5000 	/System/Library/Frameworks/CoreServices.framework/Versions/A/Frameworks/SharedFileList.framework/Versions/A/SharedFileList
0x00000000001d5000 	/usr/lib/libCheckFix.dylib
0x00000000001d5000 	/System/Library/PrivateFrameworks/TCC.framework/Versions/A/TCC
0x00000000001d5000 	/System/Library/PrivateFrameworks/CoreNLP.framework/Versions/A/CoreNLP
0x00000000001d5000 	/System/Library/PrivateFrameworks/MetadataUtilities.framework/Versions/A/MetadataUtilities
0x00000000001d5000 	/usr/lib/libmecabra.dylib
0x00000000001d5000 	/System/Library/Frameworks/MLCompute.framework/Versions/A/MLCompute
0x00000000001d5000 	/usr/lib/libmecab.dylib
0x00000000001d5000 	/usr/lib/libgermantok.dylib
0x00000000001d5000 	/usr/lib/libThaiTokenizer.dylib
0x00000000001d5000 	/usr/lib/libChineseTokenizer.dylib
0x00000000001d5000 	/System/Library/Frameworks/MetalPerformanceShaders.framework/Versions/A/MetalPerformanceShaders
0x00000000001d5000 	/System/Library/Frameworks/Accelerate.framework/Versions/A/Frameworks/vImage.framework/Versions/A/vImage
0x00000000001d5000 	/System/Library/Frameworks/Accelerate.framework/Versions/A/Frameworks/vecLib.framework/Versions/A/vecLib
0x00000000001d5000 	/System/Library/Frameworks/Accelerate.framework/Versions/A/Frameworks/vecLib.framework/Versions/A/libvMisc.dylib
0x00000000001d5000 	/System/Library/Frameworks/Accelerate.framework/Versions/A/Frameworks/vecLib.framework/Versions/A/libvDSP.dylib
0x00000000001d5000 	/System/Library/Frameworks/Accelerate.framework/Versions/A/Frameworks/vecLib.framework/Versions/A/libBLAS.dylib
0x00000000001d5000 	/System/Library/Frameworks/Accelerate.framework/Versions/A/Frameworks/vecLib.framework/Versions/A/libLAPACK.dylib
0x00000000001d5000 	/System/Library/Frameworks/Accelerate.framework/Versions/A/Frameworks/vecLib.framework/Versions/A/libLinearAlgebra.dylib
0x00000000001d5000 	/System/Library/Frameworks/Accelerate.framework/Versions/A/Frameworks/vecLib.framework/Versions/A/libSparseBLAS.dylib
0x00000000001d5000 	/System/Library/Frameworks/Accelerate.framework/Versions/A/Frameworks/vecLib.framework/Versions/A/libQuadrature.dylib
0x00000000001d5000 	/System/Library/Frameworks/Accelerate.framework/Versions/A/Frameworks/vecLib.framework/Versions/A/libBNNS.dylib
0x00000000001d5000 	/System/Library/Frameworks/Accelerate.framework/Versions/A/Frameworks/vecLib.framework/Versions/A/libSparse.dylib
0x00000000001d5000 	/System/Library/Frameworks/MetalPerformanceShaders.framework/Versions/A/Frameworks/MPSCore.framework/Versions/A/MPSCore
0x00000000001d5000 	/System/Library/Frameworks/MetalPerformanceShaders.framework/Versions/A/Frameworks/MPSImage.framework/Versions/A/MPSImage
0x00000000001d5000 	/System/Library/Frameworks/MetalPerformanceShaders.framework/Versions/A/Frameworks/MPSNeuralNetwork.framework/Versions/A/MPSNeuralNetwork
0x00000000001d5000 	/System/Library/Frameworks/MetalPerformanceShaders.framework/Versions/A/Frameworks/MPSMatrix.framework/Versions/A/MPSMatrix
0x00000000001d5000 	/System/Library/Frameworks/MetalPerformanceShaders.framework/Versions/A/Frameworks/MPSRayIntersector.framework/Versions/A/MPSRayIntersector
0x00000000001d5000 	/System/Library/Frameworks/MetalPerformanceShaders.framework/Versions/A/Frameworks/MPSNDArray.framework/Versions/A/MPSNDArray
0x00000000001d5000 	/System/Library/PrivateFrameworks/MetalTools.framework/Versions/A/MetalTools
0x00000000001d5000 	/System/Library/PrivateFrameworks/AggregateDictionary.framework/Versions/A/AggregateDictionary
0x00000000001d5000 	/System/Library/PrivateFrameworks/CoreAnalytics.framework/Versions/A/CoreAnalytics
0x00000000001d5000 	/System/Library/PrivateFrameworks/AppleSauce.framework/Versions/A/AppleSauce
0x00000000001d5000 	/System/Library/PrivateFrameworks/IOAccelerator.framework/Versions/A/IOAccelerator
0x00000000001d5000 	/System/Library/Frameworks/OpenGL.framework/Versions/A/Libraries/libCoreFSCache.dylib
0x00000000001d5000 	/System/Library/PrivateFrameworks/LanguageModeling.framework/Versions/A/LanguageModeling
0x00000000001d5000 	/System/Library/PrivateFrameworks/CoreEmoji.framework/Versions/A/CoreEmoji
0x00000000001d5000 	/System/Library/PrivateFrameworks/LinguisticData.framework/Versions/A/LinguisticData
0x00000000001d5000 	/System/Library/PrivateFrameworks/Lexicon.framework/Versions/A/Lexicon
0x00000000001d5000 	/usr/lib/libcmph.dylib
0x00000000001d5000 	/System/Library/Frameworks/OpenDirectory.framework/Versions/A/Frameworks/CFOpenDirectory.framework/Versions/A/CFOpenDirectory
0x00000000001d5000 	/System/Library/Frameworks/OpenDirectory.framework/Versions/A/OpenDirectory
0x00000000001d5000 	/System/Library/PrivateFrameworks/APFS.framework/Versions/A/APFS
0x00000000001d5000 	/System/Library/Frameworks/SecurityFoundation.framework/Versions/A/SecurityFoundation
0x00000000001d5000 	/usr/lib/libutil.dylib
0x00000000001d5000 	/System/Library/PrivateFrameworks/CoreServicesStore.framework/Versions/A/CoreServicesStore
0x00000000001d5000 	/System/Library/Frameworks/ServiceManagement.framework/Versions/A/ServiceManagement
0x00000000001d5000 	/usr/lib/libxslt.1.dylib
0x00000000001d5000 	/System/Library/PrivateFrameworks/BackgroundTaskManagement.framework/Versions/A/BackgroundTaskManagement
0x00000000001d5000 	/System/Library/Frameworks/ImageIO.framework/Versions/A/Resources/libRadiance.dylib
0x00000000001d5000 	/System/Library/Frameworks/ImageIO.framework/Versions/A/Resources/libJPEG.dylib
0x00000000001d5000 	/System/Library/Frameworks/ImageIO.framework/Versions/A/Resources/libPng.dylib
0x00000000001d5000 	/System/Library/Frameworks/ImageIO.framework/Versions/A/Resources/libTIFF.dylib
0x00000000001d5000 	/System/Library/Frameworks/ImageIO.framework/Versions/A/Resources/libGIF.dylib
0x00000000001d5000 	/System/Library/Frameworks/ImageIO.framework/Versions/A/Resources/libJP2.dylib
0x00000000001d5000 	/usr/lib/libexpat.1.dylib
0x00000000001d5000 	/System/Library/PrivateFrameworks/AppleJPEG.framework/Versions/A/AppleJPEG
0x00000000001d5000 	/System/Library/PrivateFrameworks/FontServices.framework/libFontParser.dylib
0x00000000001d5000 	/System/Library/PrivateFrameworks/RunningBoardServices.framework/Versions/A/RunningBoardServices
0x00000000001d5000 	/System/Library/PrivateFrameworks/WatchdogClient.framework/Versions/A/WatchdogClient
0x00000000001d5000 	/System/Library/Frameworks/CoreDisplay.framework/Versions/A/CoreDisplay
0x00000000001d5000 	/System/Library/Frameworks/CoreMedia.framework/Versions/A/CoreMedia
0x00000000001d5000 	/System/Library/Frameworks/CoreVideo.framework/Versions/A/CoreVideo
0x00000000001d5000 	/System/Library/Frameworks/VideoToolbox.framework/Versions/A/VideoToolbox
0x00000000001d5000 	/System/Library/PrivateFrameworks/BaseBoard.framework/Versions/A/BaseBoard
0x00000000001d5000 	/System/Library/PrivateFrameworks/PersistentConnection.framework/Versions/A/PersistentConnection
0x00000000001d5000 	/System/Library/PrivateFrameworks/ProtocolBuffer.framework/Versions/A/ProtocolBuffer
0x00000000001d5000 	/System/Library/PrivateFrameworks/CommonUtilities.framework/Versions/A/CommonUtilities
0x00000000001d5000 	/System/Library/PrivateFrameworks/Bom.framework/Versions/A/Bom
0x00000000001d5000 	/System/Library/PrivateFrameworks/GPUWrangler.framework/Versions/A/GPUWrangler
0x00000000001d5000 	/System/Library/PrivateFrameworks/IOPresentment.framework/Versions/A/IOPresentment
0x00000000001d5000 	/System/Library/PrivateFrameworks/DSExternalDisplay.framework/Versions/A/DSExternalDisplay
0x00000000001d5000 	/System/Library/PrivateFrameworks/CMCaptureCore.framework/Versions/A/CMCaptureCore
0x00000000001d5000 	/System/Library/PrivateFrameworks/AppServerSupport.framework/Versions/A/AppServerSupport
0x00000000001d5000 	/System/Library/PrivateFrameworks/perfdata.framework/Versions/A/perfdata
0x00000000001d5000 	/System/Library/PrivateFrameworks/AssertionServices.framework/Versions/A/AssertionServices
0x00000000001d5000 	/System/Library/PrivateFrameworks/AudioToolboxCore.framework/Versions/A/AudioToolboxCore
0x00000000001d5000 	/System/Library/PrivateFrameworks/caulk.framework/Versions/A/caulk
0x00000000001d5000 	/System/Library/PrivateFrameworks/SystemPolicy.framework/Versions/A/SystemPolicy
0x00000000001d5000 	/usr/lib/libIOReport.dylib
0x00000000001d5000 	/usr/lib/libSMC.dylib
0x00000000001d5000 	/usr/lib/libAudioToolboxUtility.dylib
0x00000000001d5000 	/usr/lib/libmis.dylib
0x00000000001d5000 	/System/Library/Frameworks/OpenGL.framework/Versions/A/Libraries/libGLU.dylib
0x00000000001d5000 	/System/Library/Frameworks/OpenGL.framework/Versions/A/Libraries/libGFXShared.dylib
0x00000000001d5000 	/System/Library/Frameworks/OpenGL.framework/Versions/A/Libraries/libGL.dylib
0x00000000001d5000 	/System/Library/Frameworks/OpenGL.framework/Versions/A/Libraries/libGLImage.dylib
0x00000000001d5000 	/System/Library/Frameworks/OpenGL.framework/Versions/A/Libraries/libCVMSPluginSupport.dylib
0x00000000001d5000 	/System/Library/Frameworks/OpenGL.framework/Versions/A/Libraries/libCoreVMClient.dylib
0x00000000001d5000 	/System/Library/Frameworks/OpenCL.framework/Versions/A/OpenCL
0x00000000001d5000 	/System/Library/PrivateFrameworks/GraphVisualizer.framework/Versions/A/GraphVisualizer
0x00000000001d5000 	/System/Library/PrivateFrameworks/FaceCore.framework/Versions/A/FaceCore
0x00000000001d5000 	/System/Library/PrivateFrameworks/OTSVG.framework/Versions/A/OTSVG
0x00000000001d5000 	/System/Library/Frameworks/ApplicationServices.framework/Versions/A/Frameworks/ATS.framework/Versions/A/Resources/libFontRegistry.dylib
0x00000000001d5000 	/System/Library/PrivateFrameworks/FontServices.framework/libhvf.dylib
0x00000000001d5000 	/System/Library/PrivateFrameworks/AppleVA.framework/Versions/A/AppleVA
0x00000000001d5000 	/System/Library/Frameworks/ApplicationServices.framework/Versions/A/Frameworks/ATS.framework/Versions/A/ATS
0x00000000001d5000 	/System/Library/Frameworks/ApplicationServices.framework/Versions/A/Frameworks/ColorSyncLegacy.framework/Versions/A/ColorSyncLegacy
0x00000000001d5000 	/System/Library/Frameworks/ApplicationServices.framework/Versions/A/Frameworks/HIServices.framework/Versions/A/HIServices
0x00000000001d5000 	/System/Library/Frameworks/ApplicationServices.framework/Versions/A/Frameworks/LangAnalysis.framework/Versions/A/LangAnalysis
0x00000000001d5000 	/System/Library/Frameworks/ApplicationServices.framework/Versions/A/Frameworks/PrintCore.framework/Versions/A/PrintCore
0x00000000001d5000 	/System/Library/Frameworks/ApplicationServices.framework/Versions/A/Frameworks/QD.framework/Versions/A/QD
0x00000000001d5000 	/System/Library/Frameworks/ApplicationServices.framework/Versions/A/Frameworks/SpeechSynthesis.framework/Versions/A/SpeechSynthesis
0x00000000001d5000 	/System/Library/Frameworks/ApplicationServices.framework/Versions/A/Frameworks/ATSUI.framework/Versions/A/ATSUI
0x00000000001d5000 	/usr/lib/libcups.2.dylib
0x00000000001d5000 	/System/Library/PrivateFrameworks/NetAuth.framework/Versions/A/NetAuth
0x00000000001d5000 	/System/Library/Frameworks/Kerberos.framework/Versions/A/Kerberos
0x00000000001d5000 	/System/Library/Frameworks/GSS.framework/Versions/A/GSS
0x00000000001d5000 	/usr/lib/libresolv.9.dylib
0x00000000001d5000 	/System/Library/PrivateFrameworks/Heimdal.framework/Versions/A/Heimdal
0x00000000001d5000 	/System/Library/Frameworks/Kerberos.framework/Versions/A/Libraries/libHeimdalProxy.dylib
0x00000000001d5000 	/System/Library/Frameworks/Network.framework/Versions/A/Network
0x00000000001d5000 	/usr/lib/libheimdal-asn1.dylib
0x00000000001d5000 	/System/Library/PrivateFrameworks/CommonAuth.framework/Versions/A/CommonAuth
0x00000000001d5000 	/System/Library/PrivateFrameworks/login.framework/Versions/A/Frameworks/loginsupport.framework/Versions/A/loginsupport
0x00000000001d5000 	/System/Library/PrivateFrameworks/AudioSession.framework/Versions/A/AudioSession
0x00000000001d5000 	/usr/lib/libAudioStatistics.dylib
0x00000000001d5000 	/System/Library/PrivateFrameworks/MediaExperience.framework/Versions/A/MediaExperience
0x00000000001d5000 	/System/Library/PrivateFrameworks/AudioSession.framework/libSessionUtility.dylib
0x00000000001d5000 	/usr/lib/libperfcheck.dylib
0x00000000001d5000 	/System/Library/PrivateFrameworks/AudioResourceArbitration.framework/Versions/A/AudioResourceArbitration
0x00000000001d5000 	/System/Library/PrivateFrameworks/IconFoundation.framework/Versions/A/IconFoundation
0x00000000001d5000 	/System/Library/PrivateFrameworks/SpeechRecognitionCore.framework/Versions/A/SpeechRecognitionCore
0x0000000107800000 	/Library/Java/JavaVirtualMachines/jdk1.8.0_60.jdk/Contents/Home/jre/lib/server/libjvm.dylib
0x00000000001d5000 	/usr/lib/libstdc++.6.dylib
0x00000001034d1000 	/Library/Java/JavaVirtualMachines/jdk1.8.0_60.jdk/Contents/Home/jre/lib/libverify.dylib
0x00000001034df000 	/Library/Java/JavaVirtualMachines/jdk1.8.0_60.jdk/Contents/Home/jre/lib/libjava.dylib
0x000000010355e000 	/Library/Java/JavaVirtualMachines/jdk1.8.0_60.jdk/Contents/Home/jre/lib/libzip.dylib
0x00000000001d5000 	/System/Library/Frameworks/JavaRuntimeSupport.framework/Versions/A/JavaRuntimeSupport
0x00000000001d5000 	/System/Library/Frameworks/Carbon.framework/Versions/A/Carbon
0x00000000001d5000 	/System/Library/PrivateFrameworks/CoreSymbolication.framework/Versions/A/CoreSymbolication
0x00000000001d5000 	/System/Library/Frameworks/Carbon.framework/Versions/A/Frameworks/CommonPanels.framework/Versions/A/CommonPanels
0x00000000001d5000 	/System/Library/Frameworks/Carbon.framework/Versions/A/Frameworks/Help.framework/Versions/A/Help
0x00000000001d5000 	/System/Library/Frameworks/Carbon.framework/Versions/A/Frameworks/ImageCapture.framework/Versions/A/ImageCapture
0x00000000001d5000 	/System/Library/Frameworks/Carbon.framework/Versions/A/Frameworks/OpenScripting.framework/Versions/A/OpenScripting
0x00000000001d5000 	/System/Library/Frameworks/Carbon.framework/Versions/A/Frameworks/Ink.framework/Versions/A/Ink
0x00000000001d5000 	/System/Library/Frameworks/Carbon.framework/Versions/A/Frameworks/Print.framework/Versions/A/Print
0x00000000001d5000 	/System/Library/Frameworks/Carbon.framework/Versions/A/Frameworks/SecurityHI.framework/Versions/A/SecurityHI
0x00000000001d5000 	/System/Library/PrivateFrameworks/DebugSymbols.framework/Versions/A/DebugSymbols
0x000000010ddf5000 	/Library/Java/JavaVirtualMachines/jdk1.8.0_60.jdk/Contents/Home/jre/lib/libawt.dylib
0x000000010de9d000 	/Library/Java/JavaVirtualMachines/jdk1.8.0_60.jdk/Contents/Home/jre/lib/libmlib_image.dylib
0x00000000001d5000 	/System/Library/Frameworks/JavaNativeFoundation.framework/Versions/A/JavaNativeFoundation
0x000000010df69000 	/Library/Java/JavaVirtualMachines/jdk1.8.0_60.jdk/Contents/Home/jre/lib/libawt_lwawt.dylib
0x00000001037cb000 	/Library/Java/JavaVirtualMachines/jdk1.8.0_60.jdk/Contents/Home/jre/lib/libosxapp.dylib
0x00000000001d5000 	/System/Library/Frameworks/ExceptionHandling.framework/Versions/A/ExceptionHandling
0x00000000001d5000 	/System/Library/PrivateFrameworks/CoreServicesInternal.framework/Versions/A/CoreServicesInternal
0x00000000001d5000 	/System/Library/Frameworks/FileProvider.framework/Versions/A/FileProvider
0x00000000001d5000 	/System/Library/Frameworks/Accounts.framework/Versions/A/Accounts
0x00000000001d5000 	/System/Library/PrivateFrameworks/GenerationalStorage.framework/Versions/A/GenerationalStorage
0x00000000001d5000 	/System/Library/PrivateFrameworks/SymptomDiagnosticReporter.framework/Versions/A/SymptomDiagnosticReporter
0x00000000001d5000 	/System/Library/PrivateFrameworks/DesktopServicesPriv.framework/Versions/A/DesktopServicesPriv
0x00000000001d5000 	/usr/lib/libsandbox.1.dylib
0x00000000001d5000 	/System/Library/PrivateFrameworks/UserManagement.framework/Versions/A/UserManagement
0x00000000001d5000 	/System/Library/PrivateFrameworks/MobileKeyBag.framework/Versions/A/MobileKeyBag
0x00000000001d5000 	/System/Library/PrivateFrameworks/ChunkingLibrary.framework/Versions/A/ChunkingLibrary
0x00000000001d5000 	/System/Library/PrivateFrameworks/Sharing.framework/Versions/A/Sharing
0x00000000001d5000 	/System/Library/PrivateFrameworks/Apple80211.framework/Versions/A/Apple80211
0x00000000001d5000 	/System/Library/PrivateFrameworks/AuthKit.framework/Versions/A/AuthKit
0x00000000001d5000 	/System/Library/PrivateFrameworks/CoreUtils.framework/Versions/A/CoreUtils
0x00000000001d5000 	/System/Library/Frameworks/CoreWLAN.framework/Versions/A/CoreWLAN
0x00000000001d5000 	/System/Library/Frameworks/IOBluetooth.framework/Versions/A/IOBluetooth
0x00000000001d5000 	/System/Library/PrivateFrameworks/CoreWiFi.framework/Versions/A/CoreWiFi
0x00000000001d5000 	/System/Library/PrivateFrameworks/CorePhoneNumbers.framework/Versions/A/CorePhoneNumbers
0x00000000001d5000 	/System/Library/PrivateFrameworks/DiskManagement.framework/Versions/A/DiskManagement
0x00000000001d5000 	/System/Library/PrivateFrameworks/AppleIDAuthSupport.framework/Versions/A/AppleIDAuthSupport
0x00000000001d5000 	/System/Library/PrivateFrameworks/KeychainCircle.framework/Versions/A/KeychainCircle
0x00000000001d5000 	/System/Library/PrivateFrameworks/MediaKit.framework/Versions/A/MediaKit
0x00000000001d5000 	/System/Library/Frameworks/DiscRecording.framework/Versions/A/DiscRecording
0x00000000001d5000 	/usr/lib/libCoreStorage.dylib
0x00000000001d5000 	/usr/lib/libcsfde.dylib
0x00000000001d5000 	/System/Library/PrivateFrameworks/ProtectedCloudStorage.framework/Versions/A/ProtectedCloudStorage
0x00000000001d5000 	/System/Library/PrivateFrameworks/EFILogin.framework/Versions/A/EFILogin
0x00000000001d5000 	/System/Library/Frameworks/AudioUnit.framework/Versions/A/AudioUnit
0x00000000001d5000 	/System/Library/Frameworks/CoreBluetooth.framework/Versions/A/CoreBluetooth
0x00000000001d5000 	/usr/lib/libMatch.1.dylib
0x00000000001d5000 	/System/Library/CoreServices/RawCamera.bundle/Contents/MacOS/RawCamera
0x00000000001d5000 	/System/Library/PrivateFrameworks/MobileAsset.framework/Versions/A/MobileAsset
0x00000000001d5000 	/System/Library/PrivateFrameworks/StreamingZip.framework/Versions/A/StreamingZip
0x00000000001d5000 	/System/Library/Frameworks/MediaToolbox.framework/Versions/A/MediaToolbox
0x00000000001d5000 	/System/Library/PrivateFrameworks/CoreAVCHD.framework/Versions/A/CoreAVCHD
0x00000000001d5000 	/System/Library/Frameworks/MediaAccessibility.framework/Versions/A/MediaAccessibility
0x00000000001d5000 	/System/Library/PrivateFrameworks/Mangrove.framework/Versions/A/Mangrove
0x00000000001d5000 	/System/Library/PrivateFrameworks/AlgosScoreFramework.framework/Versions/A/AlgosScoreFramework
0x00000000001d5000 	/System/Library/PrivateFrameworks/AppleVPA.framework/Versions/A/AppleVPA
0x00000000001d5000 	/System/Library/PrivateFrameworks/CoreAUC.framework/Versions/A/CoreAUC
0x00000000001d5000 	/System/Library/Frameworks/Accelerate.framework/Versions/A/Frameworks/vImage.framework/Versions/A/Libraries/libCGInterfaces.dylib
0x000000010f5b2000 	/usr/lib/libobjc-trampolines.dylib
0x00000000001d5000 	/System/Library/PrivateFrameworks/FamilyControls.framework/Versions/A/FamilyControls
0x00000000001d5000 	/System/Library/PrivateFrameworks/CommerceKit.framework/Versions/A/Frameworks/CommerceCore.framework/Versions/A/CommerceCore
0x00000000001d5000 	/System/Library/PrivateFrameworks/SystemAdministration.framework/Versions/A/SystemAdministration
0x00000000001d5000 	/System/Library/PrivateFrameworks/AppContainer.framework/Versions/A/AppContainer
0x00000000001d5000 	/System/Library/PrivateFrameworks/SecCodeWrapper.framework/Versions/A/SecCodeWrapper
0x00000000001d5000 	/System/Library/PrivateFrameworks/CrashReporterSupport.framework/Versions/A/CrashReporterSupport
0x00000000001d5000 	/System/Library/PrivateFrameworks/OSAnalytics.framework/Versions/A/OSAnalytics
0x00000000001d5000 	/usr/lib/libRosetta.dylib
0x00000000001d5000 	/System/Library/PrivateFrameworks/RemoteServiceDiscovery.framework/Versions/A/RemoteServiceDiscovery
0x00000000001d5000 	/System/Library/PrivateFrameworks/Symbolication.framework/Versions/A/Symbolication
0x00000000001d5000 	/System/Library/PrivateFrameworks/MallocStackLogging.framework/Versions/A/MallocStackLogging
0x00000000001d5000 	/System/Library/PrivateFrameworks/login.framework/Versions/A/login
0x00000000001d5000 	/System/Library/Frameworks/DirectoryService.framework/Versions/A/DirectoryService
0x00000000001d5000 	/System/Library/PrivateFrameworks/DiskImages.framework/Versions/A/DiskImages
0x00000000001d5000 	/System/Library/PrivateFrameworks/LoginUIKit.framework/Versions/A/Frameworks/LoginUICore.framework/Versions/A/LoginUICore
0x00000000001d5000 	/usr/lib/libodfde.dylib
0x00000000001d5000 	/usr/lib/libcurl.4.dylib
0x00000000001d5000 	/usr/lib/libcrypto.44.dylib
0x00000000001d5000 	/usr/lib/libssl.46.dylib
0x00000000001d5000 	/System/Library/Frameworks/LDAP.framework/Versions/A/LDAP
0x00000000001d5000 	/System/Library/PrivateFrameworks/TrustEvaluationAgent.framework/Versions/A/TrustEvaluationAgent
0x00000000001d5000 	/usr/lib/libsasl2.2.dylib
0x00000000001d5000 	/System/Library/PrivateFrameworks/CoreDaemon.framework/Versions/B/CoreDaemon
0x00000000001d5000 	/System/Library/PrivateFrameworks/AppleSRP.framework/Versions/A/AppleSRP
0x00000000001d5000 	/System/Library/PrivateFrameworks/ViewBridge.framework/Versions/A/ViewBridge
0x00000000001d5000 	/System/Library/Frameworks/OpenGL.framework/Versions/A/Resources/GLEngine.bundle/GLEngine
0x00000000001d5000 	/System/Library/Frameworks/OpenGL.framework/Versions/A/Libraries/libGLProgrammability.dylib
0x00000000001d5000 	/System/Library/Extensions/AppleIntelICLGraphicsGLDriver.bundle/Contents/MacOS/AppleIntelICLGraphicsGLDriver
0x00000000001d5000 	/System/Library/PrivateFrameworks/GPUSupport.framework/Versions/A/Libraries/libGPUSupportMercury.dylib
0x00000000001d5000 	/System/Library/Frameworks/OpenGL.framework/Versions/A/Resources/GLRendererFloat.bundle/GLRendererFloat
0x0000000123427000 	/Library/Java/JavaVirtualMachines/jdk1.8.0_60.jdk/Contents/Home/jre/lib/libfontmanager.dylib
0x0000000123bcb000 	/Library/Java/JavaVirtualMachines/jdk1.8.0_60.jdk/Contents/Home/jre/lib/libosxui.dylib
0x0000000123f70000 	/Library/Java/JavaVirtualMachines/jdk1.8.0_60.jdk/Contents/Home/jre/lib/libnet.dylib
0x0000000123f87000 	/Library/Java/JavaVirtualMachines/jdk1.8.0_60.jdk/Contents/Home/jre/lib/libnio.dylib
0x000000015560d000 	/private/var/folders/29/yptmkhk54j53dmn29983x1680000gn/T/jogamp_0000/file_cache/jln4587002333481178821/jln9038116357879913951/libgluegen-rt.jnilib
0x0000000155612000 	/private/var/folders/29/yptmkhk54j53dmn29983x1680000gn/T/jogamp_0000/file_cache/jln4587002333481178821/jln9038116357879913951/libnativewindow_awt.jnilib
0x0000000155615000 	/Library/Java/JavaVirtualMachines/jdk1.8.0_60.jdk/Contents/Home/jre/lib/libjawt.dylib
0x0000000155618000 	/private/var/folders/29/yptmkhk54j53dmn29983x1680000gn/T/jogamp_0000/file_cache/jln4587002333481178821/jln9038116357879913951/libnativewindow_macosx.jnilib
0x000000015949a000 	/private/var/folders/29/yptmkhk54j53dmn29983x1680000gn/T/jogamp_0000/file_cache/jln4587002333481178821/jln9038116357879913951/libjogl_desktop.jnilib

VM Arguments:
jvm_args: -Djava.security.policy=java.policy.applet -Dfile.encoding=UTF-8 
java_command: sun.applet.AppletViewer module6.AirportMap1669982524792.html
java_class_path (initial): /Users/yxk/eclipse-workspace/UCSDUnfoldingMaps/build:/Users/yxk/eclipse-workspace/UCSDUnfoldingMaps/lib/core.jar:/Users/yxk/eclipse-workspace/UCSDUnfoldingMaps/lib/gluegen-rt.jar:/Users/yxk/eclipse-workspace/UCSDUnfoldingMaps/lib/jogl-all.jar:/Users/yxk/eclipse-workspace/UCSDUnfoldingMaps/lib/log4j-1.2.15.jar:/Users/yxk/eclipse-workspace/UCSDUnfoldingMaps/lib/sqlite-jdbc-3.7.2.jar:/Users/yxk/eclipse-workspace/UCSDUnfoldingMaps/lib/json4processing.jar:/Users/yxk/eclipse-workspace/UCSDUnfoldingMaps/lib/libTUIO.jar:/Users/yxk/eclipse-workspace/UCSDUnfoldingMaps/lib/unfolding.0.9.7-uscd.jar
Launcher Type: SUN_STANDARD

Environment Variables:
PATH=/usr/bin:/bin:/usr/sbin:/sbin
SHELL=/bin/zsh

Signal Handlers:
SIGSEGV: [libjvm.dylib+0x5a6d31], sa_mask[0]=11111111011111110111111111111111, sa_flags=SA_ONSTACK|SA_RESTART|SA_SIGINFO
SIGBUS: [libjvm.dylib+0x5a6d31], sa_mask[0]=11111111011111110111111111111111, sa_flags=SA_RESTART|SA_SIGINFO
SIGFPE: [libjvm.dylib+0x480a4c], sa_mask[0]=11111111011111110111111111111111, sa_flags=SA_RESTART|SA_SIGINFO
SIGPIPE: [libjvm.dylib+0x480a4c], sa_mask[0]=11111111011111110111111111111111, sa_flags=SA_RESTART|SA_SIGINFO
SIGXFSZ: [libjvm.dylib+0x480a4c], sa_mask[0]=11111111011111110111111111111111, sa_flags=SA_RESTART|SA_SIGINFO
SIGILL: [libjvm.dylib+0x480a4c], sa_mask[0]=11111111011111110111111111111111, sa_flags=SA_RESTART|SA_SIGINFO
SIGUSR1: SIG_DFL, sa_mask[0]=00000000000000000000000000000000, sa_flags=none
SIGUSR2: [libjvm.dylib+0x48056a], sa_mask[0]=00100000000000000000000000000000, sa_flags=SA_RESTART|SA_SIGINFO
SIGHUP: [libjvm.dylib+0x47eb41], sa_mask[0]=11111111011111110111111111111111, sa_flags=SA_RESTART|SA_SIGINFO
SIGINT: [libjvm.dylib+0x47eb41], sa_mask[0]=11111111011111110111111111111111, sa_flags=SA_RESTART|SA_SIGINFO
SIGTERM: [libjvm.dylib+0x47eb41], sa_mask[0]=11111111011111110111111111111111, sa_flags=SA_RESTART|SA_SIGINFO
SIGQUIT: [libjvm.dylib+0x47eb41], sa_mask[0]=11111111011111110111111111111111, sa_flags=SA_RESTART|SA_SIGINFO


---------------  S Y S T E M  ---------------

OS:Bsduname:Darwin 20.6.0 Darwin Kernel Version 20.6.0: Wed Jun 23 00:26:31 PDT 2021; root:xnu-7195.141.2~5/RELEASE_X86_64 x86_64
rlimit: STACK 8192k, CORE 0k, NPROC 1392, NOFILE 10240, AS infinity
load average:2.97 3.31 2.47

CPU:total 8 (4 cores per cpu, 2 threads per core) family 6 model 126 stepping 5, cmov, cx8, fxsr, mmx, sse, sse2, sse3, ssse3, sse4.1, sse4.2, popcnt, avx, avx2, aes, clmul, erms, 3dnowpref, lzcnt, ht, tsc, tscinvbit, bmi1, bmi2, adx

Memory: 4k page, physical 8388608k(76064k free)

/proc/meminfo:


vm_info: Java HotSpot(TM) 64-Bit Server VM (25.60-b23) for bsd-amd64 JRE (1.8.0_60-b27), built on Aug  4 2015 10:47:24 by "java_re" with gcc 4.2.1 (Based on Apple Inc. build 5658) (LLVM build 2336.11.00)

time: Fri Dec  2 20:02:22 2022
elapsed time: 17 seconds (0d 0h 0m 17s)

