#
# A fatal error has been detected by the Java Runtime Environment:
#
#  SIGSEGV (0xb) at pc=0x00007fff20369e61, pid=2343, tid=259
#
# JRE version: Java(TM) SE Runtime Environment (8.0_60-b27) (build 1.8.0_60-b27)
# Java VM: Java HotSpot(TM) 64-Bit Server VM (25.60-b23 mixed mode bsd-amd64 compressed oops)
# Problematic frame:
# C  [libobjc.A.dylib+0x16e61]  initializeNonMetaClass+0x27
#
# Failed to write core dump. Core dumps have been disabled. To enable core dumping, try "ulimit -c unlimited" before starting Java again
#
# If you would like to submit a bug report, please visit:
#   http://bugreport.java.com/bugreport/crash.jsp
# The crash happened outside the Java Virtual Machine in native code.
# See problematic frame for where to report the bug.
#

---------------  T H R E A D  ---------------

Current thread (0x00007fbe4a86c800):  JavaThread "AWT-AppKit" daemon [_thread_in_native, id=259, stack(0x00007ffeebd74000,0x00007ffeec574000)]

siginfo: si_signo: 11 (SIGSEGV), si_code: 1 (SEGV_MAPERR), si_addr: 0x00000000000007c8

Registers:
RAX=0x0000000000000103, RBX=0x00007ffffffffff8, RCX=0x0000000000000000, RDX=0x0000000000000001
RSP=0x00007ffeec56eb10, RBP=0x00007ffeec56eb50, RSI=0x00007fbe4b9f9fb0, RDI=0x00007fff809a6790
R8 =0x000000000000000a, R9 =0x00007fff809a6790, R10=0x000000000000001f, R11=0x0000000000000000
R12=0x00007fff809a6790, R13=0x0000000000000003, R14=0x00000000000007c8, R15=0x00007fff809a6790
RIP=0x00007fff20369e61, EFLAGS=0x0000000000010202, ERR=0x0000000000000004
  TRAPNO=0x000000000000000e

Top of Stack: (sp=0x00007ffeec56eb10)
0x00007ffeec56eb10:   00007ffeec56eb60 000000010a9d967c
0x00007ffeec56eb20:   00000007405e2f10 00007ffffffffff8
0x00007ffeec56eb30:   00007fff809a6790 0000000000000003
0x00007ffeec56eb40:   0000000000000001 00007fff809a6790
0x00007ffeec56eb50:   00007ffeec56eb80 00007fff2036b190
0x00007ffeec56eb60:   00000001559b5450 00007fbe49f040c0
0x00007ffeec56eb70:   00007fff809a6790 00000000ffffffdf
0x00007ffeec56eb80:   00007ffeec56f110 00007fff2035adc0
0x00007ffeec56eb90:   00000001593f4b78 00007fff809a6790
0x00007ffeec56eba0:   00007ffeec56ec00 0000000795b76850
0x00007ffeec56ebb0:   0000000400000002 00007fff20537809
0x00007ffeec56ebc0:   0000000000000011 00000007405e2e90
0x00007ffeec56ebd0:   0000000000000000 00007fff80def608
0x00007ffeec56ebe0:   00007ffeec56f130 000000000000000e
0x00007ffeec56ebf0:   00007fff801ff7f0 00007ffeec56f130
0x00007ffeec56ec00:   0000000008000100 0000000000000000
0x00007ffeec56ec10:   00007ffeec56f0b0 00007fff2055e9e0
0x00007ffeec56ec20:   0000000100001faf 000000000000000b
0x00007ffeec56ec30:   00007fff26fde7e4 0000000000000002
0x00007ffeec56ec40:   0000000008000100 0000000000000000
0x00007ffeec56ec50:   00007ffe00000000 00007fff80def608
0x00007ffeec56ec60:   000000010000000b 000000000000000e
0x00007ffeec56ec70:   0000000000000000 000000000000000b
0x00007ffeec56ec80:   00007ffeec56ee30 00000001039a9bb4
0x00007ffeec56ec90:   0000000000000002 00007fbe4a86c800
0x00007ffeec56eca0:   00007ffeec56ed30 00007ffeec56efb8
0x00007ffeec56ecb0:   0000000000000000 000000010a846c20
0x00007ffeec56ecc0:   00007fbe4b9f9fb0 00007ffeec56ef08
0x00007ffeec56ecd0:   00007fff7bc2da5f 00007fbe4a86c800
0x00007ffeec56ece0:   00007fbe49d57a48 00007fbe49d15b20
0x00007ffeec56ecf0:   00007fbe49d15c10 00007fbe49d15c38
0x00007ffeec56ed00:   00007fbe49d15cf8 00000000000000d8 

Instructions: (pc=0x00007fff20369e61)
0x00007fff20369e41:   56 41 55 41 54 53 48 83 ec 18 49 89 ff 48 bb f8
0x00007fff20369e51:   ff ff ff ff 7f 00 00 4c 8b 77 08 4d 85 f6 74 35
0x00007fff20369e61:   49 8b 06 48 8d 48 ff 48 83 f9 0f 72 0e 49 8b 4e
0x00007fff20369e71:   20 48 21 d9 8b 09 f6 c1 01 75 0c 48 21 d8 48 8b 

Register to memory mapping:

RAX=0x0000000000000103 is an unknown value
RBX=0x00007ffffffffff8 is an unknown value
RCX=0x0000000000000000 is an unknown value
RDX=0x0000000000000001 is an unknown value
RSP=0x00007ffeec56eb10 is pointing into the stack for thread: 0x00007fbe4a86c800
RBP=0x00007ffeec56eb50 is pointing into the stack for thread: 0x00007fbe4a86c800
RSI=0x00007fbe4b9f9fb0 is an unknown value
RDI=0x00007fff809a6790: __block_literal_global.74+0x4e40 in /System/Library/Frameworks/CoreFoundation.framework/Versions/A/CoreFoundation at 0x00007fff20533000
R8 =0x000000000000000a is an unknown value
R9 =0x00007fff809a6790: __block_literal_global.74+0x4e40 in /System/Library/Frameworks/CoreFoundation.framework/Versions/A/CoreFoundation at 0x00007fff20533000
R10=0x000000000000001f is an unknown value
R11=0x0000000000000000 is an unknown value
R12=0x00007fff809a6790: __block_literal_global.74+0x4e40 in /System/Library/Frameworks/CoreFoundation.framework/Versions/A/CoreFoundation at 0x00007fff20533000
R13=0x0000000000000003 is an unknown value
R14=0x00000000000007c8 is an unknown value
R15=0x00007fff809a6790: __block_literal_global.74+0x4e40 in /System/Library/Frameworks/CoreFoundation.framework/Versions/A/CoreFoundation at 0x00007fff20533000


Stack: [0x00007ffeebd74000,0x00007ffeec574000],  sp=0x00007ffeec56eb10,  free space=8170k
Native frames: (J=compiled Java code, j=interpreted, Vv=VM code, C=native code)
C  [libobjc.A.dylib+0x16e61]  initializeNonMetaClass+0x27
C  [libobjc.A.dylib+0x18190]  initializeAndMaybeRelock(objc_class*, objc_object*, mutex_tt<false>&, bool)+0xe8
C  [libobjc.A.dylib+0x7dc0]  lookUpImpOrForward+0x466
C  [libobjc.A.dylib+0x739b]  _objc_msgSend_uncached+0x4b
C  [libnativewindow_macosx.jnilib+0x5157]  Java_jogamp_nativewindow_jawt_macosx_MacOSXJAWTWindow_UnsetJAWTRootSurfaceLayer0+0xe7
j  jogamp.nativewindow.jawt.macosx.MacOSXJAWTWindow.UnsetJAWTRootSurfaceLayer0(JJ)V+0
j  jogamp.nativewindow.jawt.macosx.MacOSXJAWTWindow.access$200(JJ)V+2
j  jogamp.nativewindow.jawt.macosx.MacOSXJAWTWindow$1.run()V+38
J 2708 C1 com.jogamp.common.util.RunnableTask.run()V (345 bytes) @ 0x000000010afe6794 [0x000000010afe6600+0x194]
v  ~StubRoutines::call_stub
V  [libjvm.dylib+0x2eab0e]  JavaCalls::call_helper(JavaValue*, methodHandle*, JavaCallArguments*, Thread*)+0x6ae
V  [libjvm.dylib+0x321bb7]  jni_invoke_nonstatic(JNIEnv_*, JavaValue*, _jobject*, JNICallType, _jmethodID*, JNI_ArgumentPusher*, Thread*)+0x2ec
V  [libjvm.dylib+0x31438b]  jni_CallVoidMethod+0x16b
C  [libnativewindow_macosx.jnilib+0x5326]  Java_jogamp_nativewindow_jawt_macosx_MacOSXJAWTWindow_UnsetJAWTRootSurfaceLayer0+0x2b6
C  [Foundation+0x80b81]  __NSThreadPerformPerform+0xcc
C  [CoreFoundation+0x8194c]  __CFRUNLOOP_IS_CALLING_OUT_TO_A_SOURCE0_PERFORM_FUNCTION__+0x11
C  [CoreFoundation+0x818b4]  __CFRunLoopDoSource0+0xb4
C  [CoreFoundation+0x81634]  __CFRunLoopDoSources0+0xf2
C  [CoreFoundation+0x8005c]  __CFRunLoopRun+0x37d
C  [CoreFoundation+0x7f61c]  CFRunLoopRunSpecific+0x233
C  [HIToolbox+0x30a83]  RunCurrentEventLoopInMode+0x124
C  [HIToolbox+0x306b6]  ReceiveNextEventCommon+0x11c
C  [HIToolbox+0x30583]  _BlockUntilNextEventMatchingListInModeWithFilter+0x46
C  [AppKit+0x3f172]  _DPSNextEvent+0x360
C  [AppKit+0x3d945]  -[NSApplication(NSEvent) _nextEventMatchingEventMask:untilDate:inMode:dequeue:]+0x554
C  [libosxapp.dylib+0x23aa]  -[NSApplicationAWT nextEventMatchingMask:untilDate:inMode:dequeue:]+0x7c
C  [AppKit+0x2fc69]  -[NSApplication run]+0x24a
C  [libosxapp.dylib+0x214d]  +[NSApplicationAWT runAWTLoopWithApp:]+0x9c
C  [libawt_lwawt.dylib+0x44517]  -[AWTStarter starter:]+0x389
C  [Foundation+0x80b81]  __NSThreadPerformPerform+0xcc
C  [CoreFoundation+0x8194c]  __CFRUNLOOP_IS_CALLING_OUT_TO_A_SOURCE0_PERFORM_FUNCTION__+0x11
C  [CoreFoundation+0x818b4]  __CFRunLoopDoSource0+0xb4
C  [CoreFoundation+0x81634]  __CFRunLoopDoSources0+0xf2
C  [CoreFoundation+0x8005c]  __CFRunLoopRun+0x37d
C  [CoreFoundation+0x7f61c]  CFRunLoopRunSpecific+0x233
C  [java+0x6463]  CreateExecutionEnvironment+0x367
C  [java+0x21ac]  JLI_Launch+0x7a0
C  [java+0x84c0]  main+0x65
C  [java+0x1a04]  start+0x34
C  0x0000000000000007

Java frames: (J=compiled Java code, j=interpreted, Vv=VM code)
j  jogamp.nativewindow.jawt.macosx.MacOSXJAWTWindow.UnsetJAWTRootSurfaceLayer0(JJ)V+0
j  jogamp.nativewindow.jawt.macosx.MacOSXJAWTWindow.access$200(JJ)V+2
j  jogamp.nativewindow.jawt.macosx.MacOSXJAWTWindow$1.run()V+38
J 2708 C1 com.jogamp.common.util.RunnableTask.run()V (345 bytes) @ 0x000000010afe6794 [0x000000010afe6600+0x194]
v  ~StubRoutines::call_stub

---------------  P R O C E S S  ---------------

Java Threads: ( => current thread )
  0x00007fbe4c2f9000 JavaThread "Thread-19" [_thread_blocked, id=28459, stack(0x0000700006073000,0x0000700006173000)]
  0x00007fbe4c18b000 JavaThread "AWT-EventQueue-1" [_thread_in_native, id=71991, stack(0x0000700005eed000,0x0000700005fed000)]
  0x00007fbe4d045000 JavaThread "DestroyJavaVM" [_thread_blocked, id=4355, stack(0x000070000418a000,0x000070000428a000)]
  0x00007fbe4a0d1800 JavaThread "AWT-EventQueue-0" [_thread_blocked, id=52995, stack(0x0000700005ce7000,0x0000700005de7000)]
  0x00007fbe4c0a1000 JavaThread "Java2D Disposer" daemon [_thread_blocked, id=78339, stack(0x0000700005ae1000,0x0000700005be1000)]
  0x00007fbe4a8d4800 JavaThread "Java2D Queue Flusher" daemon [_thread_blocked, id=82183, stack(0x00007000059de000,0x0000700005ade000)]
  0x00007fbe4b076000 JavaThread "AWT-Shutdown" [_thread_blocked, id=26915, stack(0x000070000564c000,0x000070000574c000)]
=>0x00007fbe4a86c800 JavaThread "AWT-AppKit" daemon [_thread_in_native, id=259, stack(0x00007ffeebd74000,0x00007ffeec574000)]
  0x00007fbe4e04a000 JavaThread "Service Thread" daemon [_thread_blocked, id=14851, stack(0x00007000053c3000,0x00007000054c3000)]
  0x00007fbe4d020000 JavaThread "C1 CompilerThread3" daemon [_thread_blocked, id=14595, stack(0x00007000052c0000,0x00007000053c0000)]
  0x00007fbe4d01f800 JavaThread "C2 CompilerThread2" daemon [_thread_blocked, id=14339, stack(0x00007000051bd000,0x00007000052bd000)]
  0x00007fbe4c818000 JavaThread "C2 CompilerThread1" daemon [_thread_blocked, id=16643, stack(0x00007000050ba000,0x00007000051ba000)]
  0x00007fbe4c012000 JavaThread "C2 CompilerThread0" daemon [_thread_blocked, id=14083, stack(0x0000700004fb7000,0x00007000050b7000)]
  0x00007fbe4c817000 JavaThread "Signal Dispatcher" daemon [_thread_blocked, id=13827, stack(0x0000700004eb4000,0x0000700004fb4000)]
  0x00007fbe4a012000 JavaThread "Finalizer" daemon [_thread_blocked, id=11779, stack(0x0000700004cab000,0x0000700004dab000)]
  0x00007fbe4a814800 JavaThread "Reference Handler" daemon [_thread_blocked, id=19203, stack(0x0000700004ba8000,0x0000700004ca8000)]

Other Threads:
  0x00007fbe4d00d000 VMThread [stack: 0x0000700004aa5000,0x0000700004ba5000] [id=19715]
  0x00007fbe4d81b800 WatcherThread [stack: 0x00007000054c6000,0x00007000055c6000] [id=15107]

VM state:not at safepoint (normal execution)

VM Mutex/Monitor currently owned by a thread: None

Heap:
 PSYoungGen      total 36864K, used 13451K [0x0000000795580000, 0x0000000798c80000, 0x00000007c0000000)
  eden space 31744K, 27% used [0x0000000795580000,0x0000000795dee390,0x0000000797480000)
  from space 5120K, 94% used [0x0000000797500000,0x00000007979b4ac0,0x0000000797a00000)
  to   space 12288K, 0% used [0x0000000798080000,0x0000000798080000,0x0000000798c80000)
 ParOldGen       total 68608K, used 17452K [0x0000000740000000, 0x0000000744300000, 0x0000000795580000)
  object space 68608K, 25% used [0x0000000740000000,0x000000074110b3b8,0x0000000744300000)
 Metaspace       used 23945K, capacity 24149K, committed 24576K, reserved 1071104K
  class space    used 2358K, capacity 2449K, committed 2560K, reserved 1048576K

Card table byte_map: [0x0000000104a9e000,0x0000000104e9f000] byte_map_base: 0x000000010109e000

Marking Bits: (ParMarkBitMap*) 0x0000000103f9de20
 Begin Bits: [0x0000000119800000, 0x000000011b800000)
 End Bits:   [0x000000011b800000, 0x000000011d800000)

Polling page: 0x000000010468b000

CodeCache: size=245760Kb used=9563Kb max_used=9570Kb free=236197Kb
 bounds [0x000000010a800000, 0x000000010b170000, 0x0000000119800000]
 total_blobs=3706 nmethods=2786 adapters=833
 compilation: enabled

Compilation events (10 events):
Event: 37.184 Thread 0x00007fbe4d020000 3137   !   3       sun.awt.AWTAutoShutdown::getPeer (43 bytes)
Event: 37.185 Thread 0x00007fbe4d020000 nmethod 3137 0x000000010b1606d0 code [0x000000010b160860, 0x000000010b160dc8]
Event: 37.665 Thread 0x00007fbe4c012000 3138       4       java.awt.EventQueue::eventToCacheIndex (80 bytes)
Event: 37.667 Thread 0x00007fbe4c012000 nmethod 3138 0x000000010b1240d0 code [0x000000010b124220, 0x000000010b1242d8]
Event: 37.687 Thread 0x00007fbe4d020000 3139       1       sun.java2d.SurfaceData::isValid (5 bytes)
Event: 37.687 Thread 0x00007fbe4d020000 nmethod 3139 0x000000010b1636d0 code [0x000000010b163820, 0x000000010b163930]
Event: 37.687 Thread 0x00007fbe4d020000 3140       3       sun.java2d.pipe.RenderBuffer::putFloat (26 bytes)
Event: 37.687 Thread 0x00007fbe4d020000 nmethod 3140 0x000000010b163310 code [0x000000010b163480, 0x000000010b163610]
Event: 37.706 Thread 0x00007fbe4d020000 3142       3       java.lang.Throwable::<init> (39 bytes)
Event: 37.707 Thread 0x00007fbe4d020000 nmethod 3142 0x000000010b162d90 code [0x000000010b162f00, 0x000000010b163228]

GC Heap History (10 events):
Event: 8.483 GC heap before
{Heap before GC invocations=4 (full 1):
 PSYoungGen      total 38400K, used 33063K [0x0000000795580000, 0x0000000798000000, 0x00000007c0000000)
  eden space 33280K, 99% used [0x0000000795580000,0x00000007975c9ca8,0x0000000797600000)
  from space 5120K, 0% used [0x0000000797b00000,0x0000000797b00000,0x0000000798000000)
  to   space 5120K, 0% used [0x0000000797600000,0x0000000797600000,0x0000000797b00000)
 ParOldGen       total 68608K, used 8753K [0x0000000740000000, 0x0000000744300000, 0x0000000795580000)
  object space 68608K, 12% used [0x0000000740000000,0x000000074088c568,0x0000000744300000)
 Metaspace       used 23336K, capacity 23631K, committed 24064K, reserved 1071104K
  class space    used 2349K, capacity 2448K, committed 2560K, reserved 1048576K
Event: 8.489 GC heap after
Heap after GC invocations=4 (full 1):
 PSYoungGen      total 38400K, used 5106K [0x0000000795580000, 0x0000000798b00000, 0x00000007c0000000)
  eden space 33280K, 0% used [0x0000000795580000,0x0000000795580000,0x0000000797600000)
  from space 5120K, 99% used [0x0000000797600000,0x0000000797afcb00,0x0000000797b00000)
  to   space 5120K, 0% used [0x0000000798600000,0x0000000798600000,0x0000000798b00000)
 ParOldGen       total 68608K, used 15391K [0x0000000740000000, 0x0000000744300000, 0x0000000795580000)
  object space 68608K, 22% used [0x0000000740000000,0x0000000740f07f78,0x0000000744300000)
 Metaspace       used 23336K, capacity 23631K, committed 24064K, reserved 1071104K
  class space    used 2349K, capacity 2448K, committed 2560K, reserved 1048576K
}
Event: 12.125 GC heap before
{Heap before GC invocations=5 (full 1):
 PSYoungGen      total 38400K, used 38386K [0x0000000795580000, 0x0000000798b00000, 0x00000007c0000000)
  eden space 33280K, 100% used [0x0000000795580000,0x0000000797600000,0x0000000797600000)
  from space 5120K, 99% used [0x0000000797600000,0x0000000797afcb00,0x0000000797b00000)
  to   space 5120K, 0% used [0x0000000798600000,0x0000000798600000,0x0000000798b00000)
 ParOldGen       total 68608K, used 15396K [0x0000000740000000, 0x0000000744300000, 0x0000000795580000)
  object space 68608K, 22% used [0x0000000740000000,0x0000000740f09328,0x0000000744300000)
 Metaspace       used 23668K, capacity 23887K, committed 24320K, reserved 1071104K
  class space    used 2349K, capacity 2448K, committed 2560K, reserved 1048576K
Event: 12.131 GC heap after
Heap after GC invocations=5 (full 1):
 PSYoungGen      total 38400K, used 5090K [0x0000000795580000, 0x0000000798b00000, 0x00000007c0000000)
  eden space 33280K, 0% used [0x0000000795580000,0x0000000795580000,0x0000000797600000)
  from space 5120K, 99% used [0x0000000798600000,0x0000000798af8af0,0x0000000798b00000)
  to   space 5120K, 0% used [0x0000000797600000,0x0000000797600000,0x0000000797b00000)
 ParOldGen       total 68608K, used 17428K [0x0000000740000000, 0x0000000744300000, 0x0000000795580000)
  object space 68608K, 25% used [0x0000000740000000,0x00000007411053b8,0x0000000744300000)
 Metaspace       used 23668K, capacity 23887K, committed 24320K, reserved 1071104K
  class space    used 2349K, capacity 2448K, committed 2560K, reserved 1048576K
}
Event: 19.756 GC heap before
{Heap before GC invocations=6 (full 1):
 PSYoungGen      total 38400K, used 38370K [0x0000000795580000, 0x0000000798b00000, 0x00000007c0000000)
  eden space 33280K, 100% used [0x0000000795580000,0x0000000797600000,0x0000000797600000)
  from space 5120K, 99% used [0x0000000798600000,0x0000000798af8af0,0x0000000798b00000)
  to   space 5120K, 0% used [0x0000000797600000,0x0000000797600000,0x0000000797b00000)
 ParOldGen       total 68608K, used 17428K [0x0000000740000000, 0x0000000744300000, 0x0000000795580000)
  object space 68608K, 25% used [0x0000000740000000,0x00000007411053b8,0x0000000744300000)
 Metaspace       used 23888K, capacity 24143K, committed 24576K, reserved 1071104K
  class space    used 2349K, capacity 2448K, committed 2560K, reserved 1048576K
Event: 19.761 GC heap after
Heap after GC invocations=6 (full 1):
 PSYoungGen      total 37888K, used 4786K [0x0000000795580000, 0x0000000798e80000, 0x00000007c0000000)
  eden space 32768K, 0% used [0x0000000795580000,0x0000000795580000,0x0000000797580000)
  from space 5120K, 93% used [0x0000000797600000,0x0000000797aacac0,0x0000000797b00000)
  to   space 12800K, 0% used [0x0000000798200000,0x0000000798200000,0x0000000798e80000)
 ParOldGen       total 68608K, used 17436K [0x0000000740000000, 0x0000000744300000, 0x0000000795580000)
  object space 68608K, 25% used [0x0000000740000000,0x00000007411073b8,0x0000000744300000)
 Metaspace       used 23888K, capacity 24143K, committed 24576K, reserved 1071104K
  class space    used 2349K, capacity 2448K, committed 2560K, reserved 1048576K
}
Event: 27.540 GC heap before
{Heap before GC invocations=7 (full 1):
 PSYoungGen      total 37888K, used 37554K [0x0000000795580000, 0x0000000798e80000, 0x00000007c0000000)
  eden space 32768K, 100% used [0x0000000795580000,0x0000000797580000,0x0000000797580000)
  from space 5120K, 93% used [0x0000000797600000,0x0000000797aacac0,0x0000000797b00000)
  to   space 12800K, 0% used [0x0000000798200000,0x0000000798200000,0x0000000798e80000)
 ParOldGen       total 68608K, used 17436K [0x0000000740000000, 0x0000000744300000, 0x0000000795580000)
  object space 68608K, 25% used [0x0000000740000000,0x00000007411073b8,0x0000000744300000)
 Metaspace       used 23888K, capacity 24143K, committed 24576K, reserved 1071104K
  class space    used 2349K, capacity 2448K, committed 2560K, reserved 1048576K
Event: 27.549 GC heap after
Heap after GC invocations=7 (full 1):
 PSYoungGen      total 44544K, used 4818K [0x0000000795580000, 0x0000000798e00000, 0x00000007c0000000)
  eden space 32256K, 0% used [0x0000000795580000,0x0000000795580000,0x0000000797500000)
  from space 12288K, 39% used [0x0000000798200000,0x00000007986b4ac0,0x0000000798e00000)
  to   space 12800K, 0% used [0x0000000797500000,0x0000000797500000,0x0000000798180000)
 ParOldGen       total 68608K, used 17444K [0x0000000740000000, 0x0000000744300000, 0x0000000795580000)
  object space 68608K, 25% used [0x0000000740000000,0x00000007411093b8,0x0000000744300000)
 Metaspace       used 23888K, capacity 24143K, committed 24576K, reserved 1071104K
  class space    used 2349K, capacity 2448K, committed 2560K, reserved 1048576K
}
Event: 35.254 GC heap before
{Heap before GC invocations=8 (full 1):
 PSYoungGen      total 44544K, used 37074K [0x0000000795580000, 0x0000000798e00000, 0x00000007c0000000)
  eden space 32256K, 100% used [0x0000000795580000,0x0000000797500000,0x0000000797500000)
  from space 12288K, 39% used [0x0000000798200000,0x00000007986b4ac0,0x0000000798e00000)
  to   space 12800K, 0% used [0x0000000797500000,0x0000000797500000,0x0000000798180000)
 ParOldGen       total 68608K, used 17444K [0x0000000740000000, 0x0000000744300000, 0x0000000795580000)
  object space 68608K, 25% used [0x0000000740000000,0x00000007411093b8,0x0000000744300000)
 Metaspace       used 23889K, capacity 24143K, committed 24576K, reserved 1071104K
  class space    used 2349K, capacity 2448K, committed 2560K, reserved 1048576K
Event: 35.258 GC heap after
Heap after GC invocations=8 (full 1):
 PSYoungGen      total 36864K, used 4818K [0x0000000795580000, 0x0000000798c80000, 0x00000007c0000000)
  eden space 31744K, 0% used [0x0000000795580000,0x0000000795580000,0x0000000797480000)
  from space 5120K, 94% used [0x0000000797500000,0x00000007979b4ac0,0x0000000797a00000)
  to   space 12288K, 0% used [0x0000000798080000,0x0000000798080000,0x0000000798c80000)
 ParOldGen       total 68608K, used 17452K [0x0000000740000000, 0x0000000744300000, 0x0000000795580000)
  object space 68608K, 25% used [0x0000000740000000,0x000000074110b3b8,0x0000000744300000)
 Metaspace       used 23889K, capacity 24143K, committed 24576K, reserved 1071104K
  class space    used 2349K, capacity 2448K, committed 2560K, reserved 1048576K
}

Deoptimization events (10 events):
Event: 7.543 Thread 0x00007fbe4c18b000 Uncommon trap: reason=unstable_if action=reinterpret pc=0x000000010adb6874 method=com.sun.org.apache.xerces.internal.impl.XMLEntityScanner.skipSpaces()Z @ 14
Event: 7.763 Thread 0x00007fbe4c18b000 Uncommon trap: reason=unstable_if action=reinterpret pc=0x000000010ae4493c method=com.jogamp.common.util.IntIntHashMap.get(I)I @ 28
Event: 7.895 Thread 0x00007fbe4c18b000 Uncommon trap: reason=unstable_if action=reinterpret pc=0x000000010ae95ae8 method=processing.opengl.PGraphicsOpenGL$InGeometry.addVertex(FFFIFFFFFIFIIIFIZ)I @ 218
Event: 12.826 Thread 0x00007fbe4c18b000 Uncommon trap: reason=predicate action=maybe_recompile pc=0x000000010b0678d8 method=processing.core.PGraphics.textSentence([CIIFF)Z @ 15
Event: 37.649 Thread 0x00007fbe4c8cb800 Uncommon trap: reason=unstable_if action=reinterpret pc=0x000000010b148e18 method=java.awt.EventQueue.getPriority(Ljava/awt/AWTEvent;)I @ 22
Event: 37.649 Thread 0x00007fbe4c18b000 Uncommon trap: reason=unstable_if action=reinterpret pc=0x000000010abcff28 method=com.jogamp.common.util.VersionNumber.compareTo(Lcom/jogamp/common/util/VersionNumber;)I @ 21
Event: 37.654 Thread 0x00007fbe4a0d1800 Uncommon trap: reason=unstable_if action=reinterpret pc=0x000000010af0e2c0 method=java.awt.font.FontRenderContext.equals(Ljava/awt/font/FontRenderContext;)Z @ 2
Event: 37.685 Thread 0x00007fbe4c0b7800 Uncommon trap: reason=unstable_if action=reinterpret pc=0x000000010ac5da2c method=java.util.HashMap.putVal(ILjava/lang/Object;Ljava/lang/Object;ZZ)Ljava/lang/Object; @ 81
Event: 37.685 Thread 0x00007fbe4c0b7800 Uncommon trap: reason=unstable_if action=reinterpret pc=0x000000010ac60444 method=java.util.HashMap.putVal(ILjava/lang/Object;Ljava/lang/Object;ZZ)Ljava/lang/Object; @ 81
Event: 37.687 Thread 0x00007fbe4a0d1800 Uncommon trap: reason=unstable_if action=reinterpret pc=0x000000010aa9c9f8 method=java.awt.font.FontRenderContext.equals(Ljava/awt/font/FontRenderContext;)Z @ 2

Internal exceptions (10 events):
Event: 0.319 Thread 0x00007fbe4b008800 Exception <a 'java/lang/NoSuchFieldError': method resolution failed> (0x000000079583f558) thrown at [/Users/java_re/workspace/8-2-build-macosx-x86_64/jdk8u60/4407/hotspot/src/share/vm/prims/methodHandles.cpp, line 1146]
Event: 0.728 Thread 0x00007fbe4b008800 Exception <a 'java/io/FileNotFoundException'> (0x00000007958bb4b0) thrown at [/Users/java_re/workspace/8-2-build-macosx-x86_64/jdk8u60/4407/hotspot/src/share/vm/prims/jni.cpp, line 709]
Event: 0.728 Thread 0x00007fbe4b008800 Exception <a 'java/io/FileNotFoundException'> (0x00000007958bbfe0) thrown at [/Users/java_re/workspace/8-2-build-macosx-x86_64/jdk8u60/4407/hotspot/src/share/vm/prims/jni.cpp, line 709]
Event: 0.759 Thread 0x00007fbe4b008800 Exception <a 'java/io/FileNotFoundException'> (0x00000007959ad5b8) thrown at [/Users/java_re/workspace/8-2-build-macosx-x86_64/jdk8u60/4407/hotspot/src/share/vm/prims/jni.cpp, line 709]
Event: 0.884 Thread 0x00007fbe4b008800 Exception <a 'java/io/FileNotFoundException'> (0x00000007959ef078) thrown at [/Users/java_re/workspace/8-2-build-macosx-x86_64/jdk8u60/4407/hotspot/src/share/vm/prims/jni.cpp, line 709]
Event: 2.921 Thread 0x00007fbe4c8cb800 Exception <a 'java/lang/UnsatisfiedLinkError': com.jogamp.common.util.JarUtil.fixNativeLibAttribs(Ljava/lang/String;)Z> (0x0000000796bbc890) thrown at [/Users/java_re/workspace/8-2-build-macosx-x86_64/jdk8u60/4407/hotspot/src/share/vm/prims/nativeLookup.c
Event: 4.661 Thread 0x00007fbe4a012000 Exception <a 'java/lang/NullPointerException'> (0x00000007956a8ea8) thrown at [/Users/java_re/workspace/8-2-build-macosx-x86_64/jdk8u60/4407/hotspot/src/share/vm/interpreter/linkResolver.cpp, line 1178]
Event: 5.880 Thread 0x00007fbe4c18b000 Exception <a 'java/io/FileNotFoundException'> (0x0000000795e87308) thrown at [/Users/java_re/workspace/8-2-build-macosx-x86_64/jdk8u60/4407/hotspot/src/share/vm/prims/jni.cpp, line 709]
Event: 5.880 Thread 0x00007fbe4c18b000 Exception <a 'java/io/FileNotFoundException'> (0x0000000795e8d098) thrown at [/Users/java_re/workspace/8-2-build-macosx-x86_64/jdk8u60/4407/hotspot/src/share/vm/prims/jni.cpp, line 709]
Event: 5.880 Thread 0x00007fbe4c18b000 Implicit null exception at 0x000000010a9a64f5 to 0x000000010a9a6859

Events (10 events):
Event: 37.707 Executing VM operation: RevokeBias done
Event: 37.708 loading class java/awt/LightweightDispatcher$2
Event: 37.708 loading class java/awt/LightweightDispatcher$2 done
Event: 37.708 loading class java/awt/event/AWTEventListenerProxy
Event: 37.708 loading class java/awt/event/AWTEventListenerProxy done
Event: 37.709 loading class java/awt/Toolkit$ToolkitEventMulticaster
Event: 37.709 loading class java/awt/Toolkit$ToolkitEventMulticaster done
Event: 37.709 Thread 0x00007fbe4c0b7800 Thread exited: 0x00007fbe4c0b7800
Event: 37.709 loading class java/awt/Window$1DisposeAction
Event: 37.709 loading class java/awt/Window$1DisposeAction done


Dynamic libraries:
0x00000000001ad000 	/System/Library/Frameworks/Cocoa.framework/Versions/A/Cocoa
0x00000000001ad000 	/System/Library/Frameworks/Security.framework/Versions/A/Security
0x00000000001ad000 	/System/Library/Frameworks/ApplicationServices.framework/Versions/A/ApplicationServices
0x00000000001ad000 	/usr/lib/libz.1.dylib
0x00000000001ad000 	/usr/lib/libSystem.B.dylib
0x00000000001ad000 	/usr/lib/libobjc.A.dylib
0x00000000001ad000 	/System/Library/Frameworks/CoreFoundation.framework/Versions/A/CoreFoundation
0x00000000001ad000 	/System/Library/Frameworks/Foundation.framework/Versions/C/Foundation
0x00000000001ad000 	/System/Library/Frameworks/AppKit.framework/Versions/C/AppKit
0x00000000001ad000 	/System/Library/Frameworks/CoreData.framework/Versions/A/CoreData
0x00000000001ad000 	/System/Library/PrivateFrameworks/UIFoundation.framework/Versions/A/UIFoundation
0x00000000001ad000 	/System/Library/PrivateFrameworks/RemoteViewServices.framework/Versions/A/RemoteViewServices
0x00000000001ad000 	/System/Library/PrivateFrameworks/XCTTargetBootstrap.framework/Versions/A/XCTTargetBootstrap
0x00000000001ad000 	/usr/lib/libspindump.dylib
0x00000000001ad000 	/System/Library/Frameworks/UniformTypeIdentifiers.framework/Versions/A/UniformTypeIdentifiers
0x00000000001ad000 	/usr/lib/libapp_launch_measurement.dylib
0x00000000001ad000 	/System/Library/PrivateFrameworks/CoreAutoLayout.framework/Versions/A/CoreAutoLayout
0x00000000001ad000 	/System/Library/Frameworks/Metal.framework/Versions/A/Metal
0x00000000001ad000 	/usr/lib/liblangid.dylib
0x00000000001ad000 	/System/Library/PrivateFrameworks/CoreSVG.framework/Versions/A/CoreSVG
0x00000000001ad000 	/System/Library/PrivateFrameworks/SkyLight.framework/Versions/A/SkyLight
0x00000000001ad000 	/System/Library/Frameworks/CoreGraphics.framework/Versions/A/CoreGraphics
0x00000000001ad000 	/System/Library/Frameworks/Accelerate.framework/Versions/A/Accelerate
0x00000000001ad000 	/System/Library/PrivateFrameworks/IconServices.framework/Versions/A/IconServices
0x00000000001ad000 	/System/Library/Frameworks/IOSurface.framework/Versions/A/IOSurface
0x00000000001ad000 	/usr/lib/libDiagnosticMessagesClient.dylib
0x00000000001ad000 	/System/Library/PrivateFrameworks/DFRFoundation.framework/Versions/A/DFRFoundation
0x00000000001ad000 	/usr/lib/libicucore.A.dylib
0x00000000001ad000 	/System/Library/Frameworks/AudioToolbox.framework/Versions/A/AudioToolbox
0x00000000001ad000 	/System/Library/PrivateFrameworks/DataDetectorsCore.framework/Versions/A/DataDetectorsCore
0x00000000001ad000 	/usr/lib/libMobileGestalt.dylib
0x00000000001ad000 	/System/Library/Frameworks/Carbon.framework/Versions/A/Frameworks/HIToolbox.framework/Versions/A/HIToolbox
0x00000000001ad000 	/System/Library/Frameworks/QuartzCore.framework/Versions/A/QuartzCore
0x00000000001ad000 	/System/Library/Frameworks/Carbon.framework/Versions/A/Frameworks/SpeechRecognition.framework/Versions/A/SpeechRecognition
0x00000000001ad000 	/System/Library/PrivateFrameworks/CoreUI.framework/Versions/A/CoreUI
0x00000000001ad000 	/System/Library/Frameworks/CoreAudio.framework/Versions/A/CoreAudio
0x00000000001ad000 	/System/Library/Frameworks/DiskArbitration.framework/Versions/A/DiskArbitration
0x00000000001ad000 	/System/Library/PrivateFrameworks/MultitouchSupport.framework/Versions/A/MultitouchSupport
0x00000000001ad000 	/System/Library/PrivateFrameworks/InternationalSupport.framework/Versions/A/InternationalSupport
0x00000000001ad000 	/usr/lib/libenergytrace.dylib
0x00000000001ad000 	/System/Library/Frameworks/IOKit.framework/Versions/A/IOKit
0x00000000001ad000 	/System/Library/Frameworks/CoreServices.framework/Versions/A/CoreServices
0x00000000001ad000 	/System/Library/PrivateFrameworks/PerformanceAnalysis.framework/Versions/A/PerformanceAnalysis
0x00000000001ad000 	/System/Library/Frameworks/OpenGL.framework/Versions/A/OpenGL
0x00000000001ad000 	/System/Library/PrivateFrameworks/UserActivity.framework/Versions/A/UserActivity
0x00000000001ad000 	/System/Library/Frameworks/ColorSync.framework/Versions/A/ColorSync
0x00000000001ad000 	/System/Library/Frameworks/CoreImage.framework/Versions/A/CoreImage
0x00000000001ad000 	/System/Library/Frameworks/CoreText.framework/Versions/A/CoreText
0x00000000001ad000 	/System/Library/Frameworks/ImageIO.framework/Versions/A/ImageIO
0x00000000001ad000 	/System/Library/PrivateFrameworks/SoftLinking.framework/Versions/A/SoftLinking
0x00000000001ad000 	/usr/lib/libxml2.2.dylib
0x00000000001ad000 	/usr/lib/libc++.1.dylib
0x00000000001ad000 	/usr/lib/libcompression.dylib
0x00000000001ad000 	/System/Library/PrivateFrameworks/TextureIO.framework/Versions/A/TextureIO
0x00000000001ad000 	/usr/lib/libate.dylib
0x00000000001ad000 	/usr/lib/system/libcache.dylib
0x00000000001ad000 	/usr/lib/system/libcommonCrypto.dylib
0x00000000001ad000 	/usr/lib/system/libcompiler_rt.dylib
0x00000000001ad000 	/usr/lib/system/libcopyfile.dylib
0x00000000001ad000 	/usr/lib/system/libcorecrypto.dylib
0x00000000001ad000 	/usr/lib/system/libdispatch.dylib
0x00000000001ad000 	/usr/lib/system/libdyld.dylib
0x00000000001ad000 	/usr/lib/system/libkeymgr.dylib
0x00000000001ad000 	/usr/lib/system/liblaunch.dylib
0x00000000001ad000 	/usr/lib/system/libmacho.dylib
0x00000000001ad000 	/usr/lib/system/libquarantine.dylib
0x00000000001ad000 	/usr/lib/system/libremovefile.dylib
0x00000000001ad000 	/usr/lib/system/libsystem_asl.dylib
0x00000000001ad000 	/usr/lib/system/libsystem_blocks.dylib
0x00000000001ad000 	/usr/lib/system/libsystem_c.dylib
0x00000000001ad000 	/usr/lib/system/libsystem_collections.dylib
0x00000000001ad000 	/usr/lib/system/libsystem_configuration.dylib
0x00000000001ad000 	/usr/lib/system/libsystem_containermanager.dylib
0x00000000001ad000 	/usr/lib/system/libsystem_coreservices.dylib
0x00000000001ad000 	/usr/lib/system/libsystem_darwin.dylib
0x00000000001ad000 	/usr/lib/system/libsystem_dnssd.dylib
0x00000000001ad000 	/usr/lib/system/libsystem_featureflags.dylib
0x00000000001ad000 	/usr/lib/system/libsystem_info.dylib
0x00000000001ad000 	/usr/lib/system/libsystem_m.dylib
0x00000000001ad000 	/usr/lib/system/libsystem_malloc.dylib
0x00000000001ad000 	/usr/lib/system/libsystem_networkextension.dylib
0x00000000001ad000 	/usr/lib/system/libsystem_notify.dylib
0x00000000001ad000 	/usr/lib/system/libsystem_product_info_filter.dylib
0x00000000001ad000 	/usr/lib/system/libsystem_sandbox.dylib
0x00000000001ad000 	/usr/lib/system/libsystem_secinit.dylib
0x00000000001ad000 	/usr/lib/system/libsystem_kernel.dylib
0x00000000001ad000 	/usr/lib/system/libsystem_platform.dylib
0x00000000001ad000 	/usr/lib/system/libsystem_pthread.dylib
0x00000000001ad000 	/usr/lib/system/libsystem_symptoms.dylib
0x00000000001ad000 	/usr/lib/system/libsystem_trace.dylib
0x00000000001ad000 	/usr/lib/system/libunwind.dylib
0x00000000001ad000 	/usr/lib/system/libxpc.dylib
0x00000000001ad000 	/usr/lib/libc++abi.dylib
0x00000000001ad000 	/usr/lib/liboah.dylib
0x00000000001ad000 	/usr/lib/liblzma.5.dylib
0x00000000001ad000 	/System/Library/Frameworks/SystemConfiguration.framework/Versions/A/SystemConfiguration
0x00000000001ad000 	/usr/lib/libfakelink.dylib
0x00000000001ad000 	/System/Library/Frameworks/CFNetwork.framework/Versions/A/CFNetwork
0x00000000001ad000 	/usr/lib/libarchive.2.dylib
0x00000000001ad000 	/usr/lib/libCRFSuite.dylib
0x00000000001ad000 	/usr/lib/libbsm.0.dylib
0x00000000001ad000 	/usr/lib/libnetwork.dylib
0x00000000001ad000 	/usr/lib/libpcap.A.dylib
0x00000000001ad000 	/usr/lib/libdns_services.dylib
0x00000000001ad000 	/usr/lib/libcoretls_cfhelpers.dylib
0x00000000001ad000 	/usr/lib/libapple_nghttp2.dylib
0x00000000001ad000 	/usr/lib/system/libkxld.dylib
0x00000000001ad000 	/usr/lib/libsqlite3.dylib
0x00000000001ad000 	/System/Library/PrivateFrameworks/AppleFSCompression.framework/Versions/A/AppleFSCompression
0x00000000001ad000 	/usr/lib/libcoretls.dylib
0x00000000001ad000 	/usr/lib/libpam.2.dylib
0x00000000001ad000 	/usr/lib/libxar.1.dylib
0x00000000001ad000 	/System/Library/PrivateFrameworks/AppleSystemInfo.framework/Versions/A/AppleSystemInfo
0x00000000001ad000 	/System/Library/PrivateFrameworks/IOMobileFramebuffer.framework/Versions/A/IOMobileFramebuffer
0x00000000001ad000 	/usr/lib/libbz2.1.0.dylib
0x00000000001ad000 	/usr/lib/libiconv.2.dylib
0x00000000001ad000 	/usr/lib/libcharset.1.dylib
0x00000000001ad000 	/System/Library/Frameworks/CoreServices.framework/Versions/A/Frameworks/FSEvents.framework/Versions/A/FSEvents
0x00000000001ad000 	/System/Library/Frameworks/CoreServices.framework/Versions/A/Frameworks/CarbonCore.framework/Versions/A/CarbonCore
0x00000000001ad000 	/System/Library/Frameworks/CoreServices.framework/Versions/A/Frameworks/Metadata.framework/Versions/A/Metadata
0x00000000001ad000 	/System/Library/Frameworks/CoreServices.framework/Versions/A/Frameworks/OSServices.framework/Versions/A/OSServices
0x00000000001ad000 	/System/Library/Frameworks/CoreServices.framework/Versions/A/Frameworks/SearchKit.framework/Versions/A/SearchKit
0x00000000001ad000 	/System/Library/Frameworks/CoreServices.framework/Versions/A/Frameworks/AE.framework/Versions/A/AE
0x00000000001ad000 	/System/Library/Frameworks/CoreServices.framework/Versions/A/Frameworks/LaunchServices.framework/Versions/A/LaunchServices
0x00000000001ad000 	/System/Library/Frameworks/CoreServices.framework/Versions/A/Frameworks/DictionaryServices.framework/Versions/A/DictionaryServices
0x00000000001ad000 	/System/Library/Frameworks/CoreServices.framework/Versions/A/Frameworks/SharedFileList.framework/Versions/A/SharedFileList
0x00000000001ad000 	/usr/lib/libCheckFix.dylib
0x00000000001ad000 	/System/Library/PrivateFrameworks/TCC.framework/Versions/A/TCC
0x00000000001ad000 	/System/Library/PrivateFrameworks/CoreNLP.framework/Versions/A/CoreNLP
0x00000000001ad000 	/System/Library/PrivateFrameworks/MetadataUtilities.framework/Versions/A/MetadataUtilities
0x00000000001ad000 	/usr/lib/libmecabra.dylib
0x00000000001ad000 	/System/Library/Frameworks/MLCompute.framework/Versions/A/MLCompute
0x00000000001ad000 	/usr/lib/libmecab.dylib
0x00000000001ad000 	/usr/lib/libgermantok.dylib
0x00000000001ad000 	/usr/lib/libThaiTokenizer.dylib
0x00000000001ad000 	/usr/lib/libChineseTokenizer.dylib
0x00000000001ad000 	/System/Library/Frameworks/MetalPerformanceShaders.framework/Versions/A/MetalPerformanceShaders
0x00000000001ad000 	/System/Library/Frameworks/Accelerate.framework/Versions/A/Frameworks/vImage.framework/Versions/A/vImage
0x00000000001ad000 	/System/Library/Frameworks/Accelerate.framework/Versions/A/Frameworks/vecLib.framework/Versions/A/vecLib
0x00000000001ad000 	/System/Library/Frameworks/Accelerate.framework/Versions/A/Frameworks/vecLib.framework/Versions/A/libvMisc.dylib
0x00000000001ad000 	/System/Library/Frameworks/Accelerate.framework/Versions/A/Frameworks/vecLib.framework/Versions/A/libvDSP.dylib
0x00000000001ad000 	/System/Library/Frameworks/Accelerate.framework/Versions/A/Frameworks/vecLib.framework/Versions/A/libBLAS.dylib
0x00000000001ad000 	/System/Library/Frameworks/Accelerate.framework/Versions/A/Frameworks/vecLib.framework/Versions/A/libLAPACK.dylib
0x00000000001ad000 	/System/Library/Frameworks/Accelerate.framework/Versions/A/Frameworks/vecLib.framework/Versions/A/libLinearAlgebra.dylib
0x00000000001ad000 	/System/Library/Frameworks/Accelerate.framework/Versions/A/Frameworks/vecLib.framework/Versions/A/libSparseBLAS.dylib
0x00000000001ad000 	/System/Library/Frameworks/Accelerate.framework/Versions/A/Frameworks/vecLib.framework/Versions/A/libQuadrature.dylib
0x00000000001ad000 	/System/Library/Frameworks/Accelerate.framework/Versions/A/Frameworks/vecLib.framework/Versions/A/libBNNS.dylib
0x00000000001ad000 	/System/Library/Frameworks/Accelerate.framework/Versions/A/Frameworks/vecLib.framework/Versions/A/libSparse.dylib
0x00000000001ad000 	/System/Library/Frameworks/MetalPerformanceShaders.framework/Versions/A/Frameworks/MPSCore.framework/Versions/A/MPSCore
0x00000000001ad000 	/System/Library/Frameworks/MetalPerformanceShaders.framework/Versions/A/Frameworks/MPSImage.framework/Versions/A/MPSImage
0x00000000001ad000 	/System/Library/Frameworks/MetalPerformanceShaders.framework/Versions/A/Frameworks/MPSNeuralNetwork.framework/Versions/A/MPSNeuralNetwork
0x00000000001ad000 	/System/Library/Frameworks/MetalPerformanceShaders.framework/Versions/A/Frameworks/MPSMatrix.framework/Versions/A/MPSMatrix
0x00000000001ad000 	/System/Library/Frameworks/MetalPerformanceShaders.framework/Versions/A/Frameworks/MPSRayIntersector.framework/Versions/A/MPSRayIntersector
0x00000000001ad000 	/System/Library/Frameworks/MetalPerformanceShaders.framework/Versions/A/Frameworks/MPSNDArray.framework/Versions/A/MPSNDArray
0x00000000001ad000 	/System/Library/PrivateFrameworks/MetalTools.framework/Versions/A/MetalTools
0x00000000001ad000 	/System/Library/PrivateFrameworks/AggregateDictionary.framework/Versions/A/AggregateDictionary
0x00000000001ad000 	/System/Library/PrivateFrameworks/CoreAnalytics.framework/Versions/A/CoreAnalytics
0x00000000001ad000 	/System/Library/PrivateFrameworks/AppleSauce.framework/Versions/A/AppleSauce
0x00000000001ad000 	/System/Library/PrivateFrameworks/IOAccelerator.framework/Versions/A/IOAccelerator
0x00000000001ad000 	/System/Library/Frameworks/OpenGL.framework/Versions/A/Libraries/libCoreFSCache.dylib
0x00000000001ad000 	/System/Library/PrivateFrameworks/LanguageModeling.framework/Versions/A/LanguageModeling
0x00000000001ad000 	/System/Library/PrivateFrameworks/CoreEmoji.framework/Versions/A/CoreEmoji
0x00000000001ad000 	/System/Library/PrivateFrameworks/LinguisticData.framework/Versions/A/LinguisticData
0x00000000001ad000 	/System/Library/PrivateFrameworks/Lexicon.framework/Versions/A/Lexicon
0x00000000001ad000 	/usr/lib/libcmph.dylib
0x00000000001ad000 	/System/Library/Frameworks/OpenDirectory.framework/Versions/A/Frameworks/CFOpenDirectory.framework/Versions/A/CFOpenDirectory
0x00000000001ad000 	/System/Library/Frameworks/OpenDirectory.framework/Versions/A/OpenDirectory
0x00000000001ad000 	/System/Library/PrivateFrameworks/APFS.framework/Versions/A/APFS
0x00000000001ad000 	/System/Library/Frameworks/SecurityFoundation.framework/Versions/A/SecurityFoundation
0x00000000001ad000 	/usr/lib/libutil.dylib
0x00000000001ad000 	/System/Library/PrivateFrameworks/CoreServicesStore.framework/Versions/A/CoreServicesStore
0x00000000001ad000 	/System/Library/Frameworks/ServiceManagement.framework/Versions/A/ServiceManagement
0x00000000001ad000 	/usr/lib/libxslt.1.dylib
0x00000000001ad000 	/System/Library/PrivateFrameworks/BackgroundTaskManagement.framework/Versions/A/BackgroundTaskManagement
0x00000000001ad000 	/System/Library/Frameworks/ImageIO.framework/Versions/A/Resources/libRadiance.dylib
0x00000000001ad000 	/System/Library/Frameworks/ImageIO.framework/Versions/A/Resources/libJPEG.dylib
0x00000000001ad000 	/System/Library/Frameworks/ImageIO.framework/Versions/A/Resources/libPng.dylib
0x00000000001ad000 	/System/Library/Frameworks/ImageIO.framework/Versions/A/Resources/libTIFF.dylib
0x00000000001ad000 	/System/Library/Frameworks/ImageIO.framework/Versions/A/Resources/libGIF.dylib
0x00000000001ad000 	/System/Library/Frameworks/ImageIO.framework/Versions/A/Resources/libJP2.dylib
0x00000000001ad000 	/usr/lib/libexpat.1.dylib
0x00000000001ad000 	/System/Library/PrivateFrameworks/AppleJPEG.framework/Versions/A/AppleJPEG
0x00000000001ad000 	/System/Library/PrivateFrameworks/FontServices.framework/libFontParser.dylib
0x00000000001ad000 	/System/Library/PrivateFrameworks/RunningBoardServices.framework/Versions/A/RunningBoardServices
0x00000000001ad000 	/System/Library/PrivateFrameworks/WatchdogClient.framework/Versions/A/WatchdogClient
0x00000000001ad000 	/System/Library/Frameworks/CoreDisplay.framework/Versions/A/CoreDisplay
0x00000000001ad000 	/System/Library/Frameworks/CoreMedia.framework/Versions/A/CoreMedia
0x00000000001ad000 	/System/Library/Frameworks/CoreVideo.framework/Versions/A/CoreVideo
0x00000000001ad000 	/System/Library/Frameworks/VideoToolbox.framework/Versions/A/VideoToolbox
0x00000000001ad000 	/System/Library/PrivateFrameworks/BaseBoard.framework/Versions/A/BaseBoard
0x00000000001ad000 	/System/Library/PrivateFrameworks/PersistentConnection.framework/Versions/A/PersistentConnection
0x00000000001ad000 	/System/Library/PrivateFrameworks/ProtocolBuffer.framework/Versions/A/ProtocolBuffer
0x00000000001ad000 	/System/Library/PrivateFrameworks/CommonUtilities.framework/Versions/A/CommonUtilities
0x00000000001ad000 	/System/Library/PrivateFrameworks/Bom.framework/Versions/A/Bom
0x00000000001ad000 	/System/Library/PrivateFrameworks/GPUWrangler.framework/Versions/A/GPUWrangler
0x00000000001ad000 	/System/Library/PrivateFrameworks/IOPresentment.framework/Versions/A/IOPresentment
0x00000000001ad000 	/System/Library/PrivateFrameworks/DSExternalDisplay.framework/Versions/A/DSExternalDisplay
0x00000000001ad000 	/System/Library/PrivateFrameworks/CMCaptureCore.framework/Versions/A/CMCaptureCore
0x00000000001ad000 	/System/Library/PrivateFrameworks/AppServerSupport.framework/Versions/A/AppServerSupport
0x00000000001ad000 	/System/Library/PrivateFrameworks/perfdata.framework/Versions/A/perfdata
0x00000000001ad000 	/System/Library/PrivateFrameworks/AssertionServices.framework/Versions/A/AssertionServices
0x00000000001ad000 	/System/Library/PrivateFrameworks/AudioToolboxCore.framework/Versions/A/AudioToolboxCore
0x00000000001ad000 	/System/Library/PrivateFrameworks/caulk.framework/Versions/A/caulk
0x00000000001ad000 	/System/Library/PrivateFrameworks/SystemPolicy.framework/Versions/A/SystemPolicy
0x00000000001ad000 	/usr/lib/libIOReport.dylib
0x00000000001ad000 	/usr/lib/libSMC.dylib
0x00000000001ad000 	/usr/lib/libAudioToolboxUtility.dylib
0x00000000001ad000 	/usr/lib/libmis.dylib
0x00000000001ad000 	/System/Library/Frameworks/OpenGL.framework/Versions/A/Libraries/libGLU.dylib
0x00000000001ad000 	/System/Library/Frameworks/OpenGL.framework/Versions/A/Libraries/libGFXShared.dylib
0x00000000001ad000 	/System/Library/Frameworks/OpenGL.framework/Versions/A/Libraries/libGL.dylib
0x00000000001ad000 	/System/Library/Frameworks/OpenGL.framework/Versions/A/Libraries/libGLImage.dylib
0x00000000001ad000 	/System/Library/Frameworks/OpenGL.framework/Versions/A/Libraries/libCVMSPluginSupport.dylib
0x00000000001ad000 	/System/Library/Frameworks/OpenGL.framework/Versions/A/Libraries/libCoreVMClient.dylib
0x00000000001ad000 	/System/Library/Frameworks/OpenCL.framework/Versions/A/OpenCL
0x00000000001ad000 	/System/Library/PrivateFrameworks/GraphVisualizer.framework/Versions/A/GraphVisualizer
0x00000000001ad000 	/System/Library/PrivateFrameworks/FaceCore.framework/Versions/A/FaceCore
0x00000000001ad000 	/System/Library/PrivateFrameworks/OTSVG.framework/Versions/A/OTSVG
0x00000000001ad000 	/System/Library/Frameworks/ApplicationServices.framework/Versions/A/Frameworks/ATS.framework/Versions/A/Resources/libFontRegistry.dylib
0x00000000001ad000 	/System/Library/PrivateFrameworks/FontServices.framework/libhvf.dylib
0x00000000001ad000 	/System/Library/PrivateFrameworks/AppleVA.framework/Versions/A/AppleVA
0x00000000001ad000 	/System/Library/Frameworks/ApplicationServices.framework/Versions/A/Frameworks/ATS.framework/Versions/A/ATS
0x00000000001ad000 	/System/Library/Frameworks/ApplicationServices.framework/Versions/A/Frameworks/ColorSyncLegacy.framework/Versions/A/ColorSyncLegacy
0x00000000001ad000 	/System/Library/Frameworks/ApplicationServices.framework/Versions/A/Frameworks/HIServices.framework/Versions/A/HIServices
0x00000000001ad000 	/System/Library/Frameworks/ApplicationServices.framework/Versions/A/Frameworks/LangAnalysis.framework/Versions/A/LangAnalysis
0x00000000001ad000 	/System/Library/Frameworks/ApplicationServices.framework/Versions/A/Frameworks/PrintCore.framework/Versions/A/PrintCore
0x00000000001ad000 	/System/Library/Frameworks/ApplicationServices.framework/Versions/A/Frameworks/QD.framework/Versions/A/QD
0x00000000001ad000 	/System/Library/Frameworks/ApplicationServices.framework/Versions/A/Frameworks/SpeechSynthesis.framework/Versions/A/SpeechSynthesis
0x00000000001ad000 	/System/Library/Frameworks/ApplicationServices.framework/Versions/A/Frameworks/ATSUI.framework/Versions/A/ATSUI
0x00000000001ad000 	/usr/lib/libcups.2.dylib
0x00000000001ad000 	/System/Library/PrivateFrameworks/NetAuth.framework/Versions/A/NetAuth
0x00000000001ad000 	/System/Library/Frameworks/Kerberos.framework/Versions/A/Kerberos
0x00000000001ad000 	/System/Library/Frameworks/GSS.framework/Versions/A/GSS
0x00000000001ad000 	/usr/lib/libresolv.9.dylib
0x00000000001ad000 	/System/Library/PrivateFrameworks/Heimdal.framework/Versions/A/Heimdal
0x00000000001ad000 	/System/Library/Frameworks/Kerberos.framework/Versions/A/Libraries/libHeimdalProxy.dylib
0x00000000001ad000 	/System/Library/Frameworks/Network.framework/Versions/A/Network
0x00000000001ad000 	/usr/lib/libheimdal-asn1.dylib
0x00000000001ad000 	/System/Library/PrivateFrameworks/CommonAuth.framework/Versions/A/CommonAuth
0x00000000001ad000 	/System/Library/PrivateFrameworks/login.framework/Versions/A/Frameworks/loginsupport.framework/Versions/A/loginsupport
0x00000000001ad000 	/System/Library/PrivateFrameworks/AudioSession.framework/Versions/A/AudioSession
0x00000000001ad000 	/usr/lib/libAudioStatistics.dylib
0x00000000001ad000 	/System/Library/PrivateFrameworks/MediaExperience.framework/Versions/A/MediaExperience
0x00000000001ad000 	/System/Library/PrivateFrameworks/AudioSession.framework/libSessionUtility.dylib
0x00000000001ad000 	/usr/lib/libperfcheck.dylib
0x00000000001ad000 	/System/Library/PrivateFrameworks/AudioResourceArbitration.framework/Versions/A/AudioResourceArbitration
0x00000000001ad000 	/System/Library/PrivateFrameworks/IconFoundation.framework/Versions/A/IconFoundation
0x00000000001ad000 	/System/Library/PrivateFrameworks/SpeechRecognitionCore.framework/Versions/A/SpeechRecognitionCore
0x00000001036bf000 	/Library/Java/JavaVirtualMachines/jdk1.8.0_60.jdk/Contents/Home/jre/lib/server/libjvm.dylib
0x00000000001ad000 	/usr/lib/libstdc++.6.dylib
0x0000000104648000 	/Library/Java/JavaVirtualMachines/jdk1.8.0_60.jdk/Contents/Home/jre/lib/libverify.dylib
0x0000000104656000 	/Library/Java/JavaVirtualMachines/jdk1.8.0_60.jdk/Contents/Home/jre/lib/libjava.dylib
0x00000001046d5000 	/Library/Java/JavaVirtualMachines/jdk1.8.0_60.jdk/Contents/Home/jre/lib/libzip.dylib
0x00000000001ad000 	/System/Library/Frameworks/JavaRuntimeSupport.framework/Versions/A/JavaRuntimeSupport
0x00000000001ad000 	/System/Library/Frameworks/Carbon.framework/Versions/A/Carbon
0x00000000001ad000 	/System/Library/PrivateFrameworks/CoreSymbolication.framework/Versions/A/CoreSymbolication
0x00000000001ad000 	/System/Library/Frameworks/Carbon.framework/Versions/A/Frameworks/CommonPanels.framework/Versions/A/CommonPanels
0x00000000001ad000 	/System/Library/Frameworks/Carbon.framework/Versions/A/Frameworks/Help.framework/Versions/A/Help
0x00000000001ad000 	/System/Library/Frameworks/Carbon.framework/Versions/A/Frameworks/ImageCapture.framework/Versions/A/ImageCapture
0x00000000001ad000 	/System/Library/Frameworks/Carbon.framework/Versions/A/Frameworks/OpenScripting.framework/Versions/A/OpenScripting
0x00000000001ad000 	/System/Library/Frameworks/Carbon.framework/Versions/A/Frameworks/Ink.framework/Versions/A/Ink
0x00000000001ad000 	/System/Library/Frameworks/Carbon.framework/Versions/A/Frameworks/Print.framework/Versions/A/Print
0x00000000001ad000 	/System/Library/Frameworks/Carbon.framework/Versions/A/Frameworks/SecurityHI.framework/Versions/A/SecurityHI
0x00000000001ad000 	/System/Library/PrivateFrameworks/DebugSymbols.framework/Versions/A/DebugSymbols
0x00000001060c7000 	/Library/Java/JavaVirtualMachines/jdk1.8.0_60.jdk/Contents/Home/jre/lib/libawt.dylib
0x000000010616f000 	/Library/Java/JavaVirtualMachines/jdk1.8.0_60.jdk/Contents/Home/jre/lib/libmlib_image.dylib
0x00000000001ad000 	/System/Library/Frameworks/JavaNativeFoundation.framework/Versions/A/JavaNativeFoundation
0x000000010623b000 	/Library/Java/JavaVirtualMachines/jdk1.8.0_60.jdk/Contents/Home/jre/lib/libawt_lwawt.dylib
0x00000001062f0000 	/Library/Java/JavaVirtualMachines/jdk1.8.0_60.jdk/Contents/Home/jre/lib/libosxapp.dylib
0x00000000001ad000 	/System/Library/Frameworks/ExceptionHandling.framework/Versions/A/ExceptionHandling
0x00000000001ad000 	/System/Library/PrivateFrameworks/CoreServicesInternal.framework/Versions/A/CoreServicesInternal
0x00000000001ad000 	/System/Library/Frameworks/FileProvider.framework/Versions/A/FileProvider
0x00000000001ad000 	/System/Library/Frameworks/Accounts.framework/Versions/A/Accounts
0x00000000001ad000 	/System/Library/PrivateFrameworks/GenerationalStorage.framework/Versions/A/GenerationalStorage
0x00000000001ad000 	/System/Library/PrivateFrameworks/SymptomDiagnosticReporter.framework/Versions/A/SymptomDiagnosticReporter
0x00000000001ad000 	/System/Library/PrivateFrameworks/DesktopServicesPriv.framework/Versions/A/DesktopServicesPriv
0x00000000001ad000 	/usr/lib/libsandbox.1.dylib
0x00000000001ad000 	/System/Library/PrivateFrameworks/UserManagement.framework/Versions/A/UserManagement
0x00000000001ad000 	/System/Library/PrivateFrameworks/MobileKeyBag.framework/Versions/A/MobileKeyBag
0x00000000001ad000 	/System/Library/PrivateFrameworks/ChunkingLibrary.framework/Versions/A/ChunkingLibrary
0x00000000001ad000 	/System/Library/PrivateFrameworks/Sharing.framework/Versions/A/Sharing
0x00000000001ad000 	/System/Library/PrivateFrameworks/Apple80211.framework/Versions/A/Apple80211
0x00000000001ad000 	/System/Library/PrivateFrameworks/AuthKit.framework/Versions/A/AuthKit
0x00000000001ad000 	/System/Library/PrivateFrameworks/CoreUtils.framework/Versions/A/CoreUtils
0x00000000001ad000 	/System/Library/Frameworks/CoreWLAN.framework/Versions/A/CoreWLAN
0x00000000001ad000 	/System/Library/Frameworks/IOBluetooth.framework/Versions/A/IOBluetooth
0x00000000001ad000 	/System/Library/PrivateFrameworks/CoreWiFi.framework/Versions/A/CoreWiFi
0x00000000001ad000 	/System/Library/PrivateFrameworks/CorePhoneNumbers.framework/Versions/A/CorePhoneNumbers
0x00000000001ad000 	/System/Library/PrivateFrameworks/DiskManagement.framework/Versions/A/DiskManagement
0x00000000001ad000 	/System/Library/PrivateFrameworks/AppleIDAuthSupport.framework/Versions/A/AppleIDAuthSupport
0x00000000001ad000 	/System/Library/PrivateFrameworks/KeychainCircle.framework/Versions/A/KeychainCircle
0x00000000001ad000 	/System/Library/PrivateFrameworks/MediaKit.framework/Versions/A/MediaKit
0x00000000001ad000 	/System/Library/Frameworks/DiscRecording.framework/Versions/A/DiscRecording
0x00000000001ad000 	/usr/lib/libCoreStorage.dylib
0x00000000001ad000 	/usr/lib/libcsfde.dylib
0x00000000001ad000 	/System/Library/PrivateFrameworks/ProtectedCloudStorage.framework/Versions/A/ProtectedCloudStorage
0x00000000001ad000 	/System/Library/PrivateFrameworks/EFILogin.framework/Versions/A/EFILogin
0x00000000001ad000 	/System/Library/Frameworks/AudioUnit.framework/Versions/A/AudioUnit
0x00000000001ad000 	/System/Library/Frameworks/CoreBluetooth.framework/Versions/A/CoreBluetooth
0x00000000001ad000 	/usr/lib/libMatch.1.dylib
0x00000000001ad000 	/System/Library/CoreServices/RawCamera.bundle/Contents/MacOS/RawCamera
0x00000000001ad000 	/System/Library/PrivateFrameworks/MobileAsset.framework/Versions/A/MobileAsset
0x00000000001ad000 	/System/Library/PrivateFrameworks/StreamingZip.framework/Versions/A/StreamingZip
0x00000000001ad000 	/System/Library/Frameworks/MediaToolbox.framework/Versions/A/MediaToolbox
0x00000000001ad000 	/System/Library/PrivateFrameworks/CoreAVCHD.framework/Versions/A/CoreAVCHD
0x00000000001ad000 	/System/Library/Frameworks/MediaAccessibility.framework/Versions/A/MediaAccessibility
0x00000000001ad000 	/System/Library/PrivateFrameworks/Mangrove.framework/Versions/A/Mangrove
0x00000000001ad000 	/System/Library/PrivateFrameworks/AlgosScoreFramework.framework/Versions/A/AlgosScoreFramework
0x00000000001ad000 	/System/Library/PrivateFrameworks/AppleVPA.framework/Versions/A/AppleVPA
0x00000000001ad000 	/System/Library/PrivateFrameworks/CoreAUC.framework/Versions/A/CoreAUC
0x00000000001ad000 	/System/Library/Frameworks/Accelerate.framework/Versions/A/Frameworks/vImage.framework/Versions/A/Libraries/libCGInterfaces.dylib
0x0000000106771000 	/usr/lib/libobjc-trampolines.dylib
0x00000000001ad000 	/System/Library/PrivateFrameworks/FamilyControls.framework/Versions/A/FamilyControls
0x00000000001ad000 	/System/Library/PrivateFrameworks/CommerceKit.framework/Versions/A/Frameworks/CommerceCore.framework/Versions/A/CommerceCore
0x00000000001ad000 	/System/Library/PrivateFrameworks/SystemAdministration.framework/Versions/A/SystemAdministration
0x00000000001ad000 	/System/Library/PrivateFrameworks/AppContainer.framework/Versions/A/AppContainer
0x00000000001ad000 	/System/Library/PrivateFrameworks/SecCodeWrapper.framework/Versions/A/SecCodeWrapper
0x00000000001ad000 	/System/Library/PrivateFrameworks/CrashReporterSupport.framework/Versions/A/CrashReporterSupport
0x00000000001ad000 	/System/Library/PrivateFrameworks/OSAnalytics.framework/Versions/A/OSAnalytics
0x00000000001ad000 	/usr/lib/libRosetta.dylib
0x00000000001ad000 	/System/Library/PrivateFrameworks/RemoteServiceDiscovery.framework/Versions/A/RemoteServiceDiscovery
0x00000000001ad000 	/System/Library/PrivateFrameworks/Symbolication.framework/Versions/A/Symbolication
0x00000000001ad000 	/System/Library/PrivateFrameworks/MallocStackLogging.framework/Versions/A/MallocStackLogging
0x00000000001ad000 	/System/Library/PrivateFrameworks/login.framework/Versions/A/login
0x00000000001ad000 	/System/Library/Frameworks/DirectoryService.framework/Versions/A/DirectoryService
0x00000000001ad000 	/System/Library/PrivateFrameworks/DiskImages.framework/Versions/A/DiskImages
0x00000000001ad000 	/System/Library/PrivateFrameworks/LoginUIKit.framework/Versions/A/Frameworks/LoginUICore.framework/Versions/A/LoginUICore
0x00000000001ad000 	/usr/lib/libodfde.dylib
0x00000000001ad000 	/usr/lib/libcurl.4.dylib
0x00000000001ad000 	/usr/lib/libcrypto.44.dylib
0x00000000001ad000 	/usr/lib/libssl.46.dylib
0x00000000001ad000 	/System/Library/Frameworks/LDAP.framework/Versions/A/LDAP
0x00000000001ad000 	/System/Library/PrivateFrameworks/TrustEvaluationAgent.framework/Versions/A/TrustEvaluationAgent
0x00000000001ad000 	/usr/lib/libsasl2.2.dylib
0x00000000001ad000 	/System/Library/PrivateFrameworks/CoreDaemon.framework/Versions/B/CoreDaemon
0x00000000001ad000 	/System/Library/PrivateFrameworks/AppleSRP.framework/Versions/A/AppleSRP
0x00000000001ad000 	/System/Library/PrivateFrameworks/ViewBridge.framework/Versions/A/ViewBridge
0x00000000001ad000 	/System/Library/Frameworks/OpenGL.framework/Versions/A/Resources/GLEngine.bundle/GLEngine
0x00000000001ad000 	/System/Library/Frameworks/OpenGL.framework/Versions/A/Libraries/libGLProgrammability.dylib
0x00000000001ad000 	/System/Library/Extensions/AppleIntelICLGraphicsGLDriver.bundle/Contents/MacOS/AppleIntelICLGraphicsGLDriver
0x00000000001ad000 	/System/Library/PrivateFrameworks/GPUSupport.framework/Versions/A/Libraries/libGPUSupportMercury.dylib
0x00000000001ad000 	/System/Library/Frameworks/OpenGL.framework/Versions/A/Resources/GLRendererFloat.bundle/GLRendererFloat
0x0000000123619000 	/Library/Java/JavaVirtualMachines/jdk1.8.0_60.jdk/Contents/Home/jre/lib/libfontmanager.dylib
0x0000000123dfd000 	/Library/Java/JavaVirtualMachines/jdk1.8.0_60.jdk/Contents/Home/jre/lib/libosxui.dylib
0x00000001241ba000 	/Library/Java/JavaVirtualMachines/jdk1.8.0_60.jdk/Contents/Home/jre/lib/libnet.dylib
0x0000000123fcf000 	/Library/Java/JavaVirtualMachines/jdk1.8.0_60.jdk/Contents/Home/jre/lib/libnio.dylib
0x00000001559a4000 	/private/var/folders/29/yptmkhk54j53dmn29983x1680000gn/T/jogamp_0000/file_cache/jln5085528273550474961/jln1324215345375875918/libgluegen-rt.jnilib
0x00000001559a8000 	/private/var/folders/29/yptmkhk54j53dmn29983x1680000gn/T/jogamp_0000/file_cache/jln5085528273550474961/jln1324215345375875918/libnativewindow_awt.jnilib
0x00000001559ab000 	/Library/Java/JavaVirtualMachines/jdk1.8.0_60.jdk/Contents/Home/jre/lib/libjawt.dylib
0x00000001559ae000 	/private/var/folders/29/yptmkhk54j53dmn29983x1680000gn/T/jogamp_0000/file_cache/jln5085528273550474961/jln1324215345375875918/libnativewindow_macosx.jnilib
0x0000000155e67000 	/private/var/folders/29/yptmkhk54j53dmn29983x1680000gn/T/jogamp_0000/file_cache/jln5085528273550474961/jln1324215345375875918/libjogl_desktop.jnilib
0x0000000155b52000 	/Library/Java/JavaVirtualMachines/jdk1.8.0_60.jdk/Contents/Home/jre/lib/libsunec.dylib
0x000000015cf7a000 	/Library/Java/JavaVirtualMachines/jdk1.8.0_60.jdk/Contents/Home/jre/lib/libt2k.dylib
0x000000015d022000 	/Library/Java/JavaVirtualMachines/jdk1.8.0_60.jdk/Contents/Home/jre/lib/libjpeg.dylib

VM Arguments:
jvm_args: -Djava.security.policy=java.policy.applet -Dfile.encoding=UTF-8 
java_command: sun.applet.AppletViewer module3.EarthquakeCityMap1669123719104.html
java_class_path (initial): /Users/yxk/eclipse-workspace/UCSDUnfoldingMaps/build:/Users/yxk/eclipse-workspace/UCSDUnfoldingMaps/lib/core.jar:/Users/yxk/eclipse-workspace/UCSDUnfoldingMaps/lib/gluegen-rt.jar:/Users/yxk/eclipse-workspace/UCSDUnfoldingMaps/lib/jogl-all.jar:/Users/yxk/eclipse-workspace/UCSDUnfoldingMaps/lib/log4j-1.2.15.jar:/Users/yxk/eclipse-workspace/UCSDUnfoldingMaps/lib/sqlite-jdbc-3.7.2.jar:/Users/yxk/eclipse-workspace/UCSDUnfoldingMaps/lib/json4processing.jar:/Users/yxk/eclipse-workspace/UCSDUnfoldingMaps/lib/libTUIO.jar:/Users/yxk/eclipse-workspace/UCSDUnfoldingMaps/lib/unfolding.0.9.7-uscd.jar
Launcher Type: SUN_STANDARD

Environment Variables:
PATH=/usr/bin:/bin:/usr/sbin:/sbin
SHELL=/bin/zsh

Signal Handlers:
SIGSEGV: [libjvm.dylib+0x5a6d31], sa_mask[0]=11111111011111110111111111111111, sa_flags=SA_ONSTACK|SA_RESTART|SA_SIGINFO
SIGBUS: [libjvm.dylib+0x5a6d31], sa_mask[0]=11111111011111110111111111111111, sa_flags=SA_RESTART|SA_SIGINFO
SIGFPE: [libjvm.dylib+0x480a4c], sa_mask[0]=11111111011111110111111111111111, sa_flags=SA_RESTART|SA_SIGINFO
SIGPIPE: [libjvm.dylib+0x480a4c], sa_mask[0]=11111111011111110111111111111111, sa_flags=SA_RESTART|SA_SIGINFO
SIGXFSZ: [libjvm.dylib+0x480a4c], sa_mask[0]=11111111011111110111111111111111, sa_flags=SA_RESTART|SA_SIGINFO
SIGILL: [libjvm.dylib+0x480a4c], sa_mask[0]=11111111011111110111111111111111, sa_flags=SA_RESTART|SA_SIGINFO
SIGUSR1: SIG_DFL, sa_mask[0]=00000000000000000000000000000000, sa_flags=none
SIGUSR2: [libjvm.dylib+0x48056a], sa_mask[0]=00100000000000000000000000000000, sa_flags=SA_RESTART|SA_SIGINFO
SIGHUP: [libjvm.dylib+0x47eb41], sa_mask[0]=11111111011111110111111111111111, sa_flags=SA_RESTART|SA_SIGINFO
SIGINT: [libjvm.dylib+0x47eb41], sa_mask[0]=11111111011111110111111111111111, sa_flags=SA_RESTART|SA_SIGINFO
SIGTERM: [libjvm.dylib+0x47eb41], sa_mask[0]=11111111011111110111111111111111, sa_flags=SA_RESTART|SA_SIGINFO
SIGQUIT: [libjvm.dylib+0x47eb41], sa_mask[0]=11111111011111110111111111111111, sa_flags=SA_RESTART|SA_SIGINFO


---------------  S Y S T E M  ---------------

OS:Bsduname:Darwin 20.6.0 Darwin Kernel Version 20.6.0: Wed Jun 23 00:26:31 PDT 2021; root:xnu-7195.141.2~5/RELEASE_X86_64 x86_64
rlimit: STACK 8192k, CORE 0k, NPROC 1392, NOFILE 10240, AS infinity
load average:3.40 2.93 2.83

CPU:total 8 (4 cores per cpu, 2 threads per core) family 6 model 126 stepping 5, cmov, cx8, fxsr, mmx, sse, sse2, sse3, ssse3, sse4.1, sse4.2, popcnt, avx, avx2, aes, clmul, erms, 3dnowpref, lzcnt, ht, tsc, tscinvbit, bmi1, bmi2, adx

Memory: 4k page, physical 8388608k(242900k free)

/proc/meminfo:


vm_info: Java HotSpot(TM) 64-Bit Server VM (25.60-b23) for bsd-amd64 JRE (1.8.0_60-b27), built on Aug  4 2015 10:47:24 by "java_re" with gcc 4.2.1 (Based on Apple Inc. build 5658) (LLVM build 2336.11.00)

time: Tue Nov 22 21:29:16 2022
elapsed time: 37 seconds (0d 0h 0m 37s)

