#
# A fatal error has been detected by the Java Runtime Environment:
#
#  SIGSEGV (0xb) at pc=0x00007fff2033681d, pid=2146, tid=259
#
# JRE version: Java(TM) SE Runtime Environment (8.0_60-b27) (build 1.8.0_60-b27)
# Java VM: Java HotSpot(TM) 64-Bit Server VM (25.60-b23 mixed mode bsd-amd64 compressed oops)
# Problematic frame:
# C  [libobjc.A.dylib+0x681d]  objc_msgSend+0x1d
#
# Failed to write core dump. Core dumps have been disabled. To enable core dumping, try "ulimit -c unlimited" before starting Java again
#
# If you would like to submit a bug report, please visit:
#   http://bugreport.java.com/bugreport/crash.jsp
# The crash happened outside the Java Virtual Machine in native code.
# See problematic frame for where to report the bug.
#

---------------  T H R E A D  ---------------

Current thread (0x00007fa38280e000):  JavaThread "AWT-AppKit" daemon [_thread_in_native, id=259, stack(0x00007ffee8cfc000,0x00007ffee94fc000)]

siginfo: si_signo: 11 (SIGSEGV), si_code: 1 (SEGV_MAPERR), si_addr: 0x000007fa38187a98

Registers:
RAX=0x00007fa381af8000, RBX=0x0000000158814450, RCX=0x0000000000000000, RDX=0x0000000000000001
RSP=0x00007ffee94f71e8, RBP=0x00007ffee94f72a0, RSI=0x00007fff7bc0aa5f, RDI=0x00007fa38793e290
R8 =0x0000000000000336, R9 =0x0000000000000337, R10=0x000007fa38187a80, R11=0x00007fff7bc0aa5f
R12=0x0000000000000000, R13=0x000000015cb52958, R14=0x0000000158814440, R15=0x00007fa38280e000
RIP=0x00007fff2033681d, EFLAGS=0x0000000000010202, ERR=0x0000000000000004
  TRAPNO=0x000000000000000e

Top of Stack: (sp=0x00007ffee94f71e8)
0x00007ffee94f71e8:   0000000158812157 00007ffee94f7240
0x00007ffee94f71f8:   0000000000000003 00007ffee94f7220
0x00007ffee94f7208:   0000000106928992 000000015cb52958
0x00007ffee94f7218:   000000015cb52958 00007fa381af8000
0x00007ffee94f7228:   00000001588146a0 0000000158814710
0x00007ffee94f7238:   00007fff809436c8 00007fff80dbd700
0x00007ffee94f7248:   0000000158814450 0000000158814690
0x00007ffee94f7258:   00007fa381af8000 00007fa38793e290
0x00007ffee94f7268:   00007fa380705d80 00007fa381af8000
0x00007ffee94f7278:   00007fa38793e290 00007ffee94f7328
0x00007ffee94f7288:   00007fa38280e1f8 000000015cb52958
0x00007ffee94f7298:   00007ffee94f7350 00007ffee94f7318
0x00007ffee94f72a8:   000000010c015954 000000015cb52958
0x00007ffee94f72b8:   00007ffee94f7350 00007ffee94f7318
0x00007ffee94f72c8:   000000010c0156e7 000000010c0156a2
0x00007ffee94f72d8:   00007ffee94f72d8 000000015cb52958
0x00007ffee94f72e8:   00007ffee94f7350 000000015cb55590
0x00007ffee94f72f8:   0000000000000000 000000015cb52958
0x00007ffee94f7308:   0000000000000000 00007ffee94f7338
0x00007ffee94f7318:   00007ffee94f7398 000000010c007c4d
0x00007ffee94f7328:   0000000740530640 000000010c00f578
0x00007ffee94f7338:   00007fa381af8000 00007ffee94f7398
0x00007ffee94f7348:   00007fa38793e290 000000010c010d82
0x00007ffee94f7358:   00007ffee94f7358 000000015cb52b22
0x00007ffee94f7368:   00007ffee94f73c0 000000015cb55590
0x00007ffee94f7378:   0000000000000000 000000015cb52b30
0x00007ffee94f7388:   00007ffee94f7338 00007ffee94f73a8
0x00007ffee94f7398:   00007ffee94f7408 000000010c007c4d
0x00007ffee94f73a8:   00007fa381af8000 00000007402eefd0
0x00007ffee94f73b8:   00007fa38793e290 00000007402eefd0
0x00007ffee94f73c8:   00007ffee94f73c8 000000015dc8e346
0x00007ffee94f73d8:   00007ffee94f7418 000000015dc8e400 

Instructions: (pc=0x00007fff2033681d)
0x00007fff203367fd:   44 00 00 48 85 ff 2e 74 72 40 f6 c7 01 2e 75 76
0x00007fff2033680d:   49 ba f8 ff ff ff ff 7f 00 00 4c 23 17 49 89 f3
0x00007fff2033681d:   45 23 5a 18 49 c1 e3 04 4d 03 5a 10 49 3b 33 75
0x00007fff2033682d:   0a 4d 8b 5b 08 4d 31 d3 41 ff e3 49 83 3b 01 76 

Register to memory mapping:

RAX=0x00007fa381af8000 is an unknown value
RBX=0x0000000158814450: Java_jogamp_nativewindow_macosx_OSXUtil_GetScreenRefreshRate0+0x1cf0 in /private/var/folders/29/yptmkhk54j53dmn29983x1680000gn/T/jogamp_0000/file_cache/jln5811313124062193976/jln2423937907227397456/libnativewindow_macosx.jnilib at 0x000000015880d000
RCX=0x0000000000000000 is an unknown value
RDX=0x0000000000000001 is an unknown value
RSP=0x00007ffee94f71e8 is pointing into the stack for thread: 0x00007fa38280e000
RBP=0x00007ffee94f72a0 is pointing into the stack for thread: 0x00007fa38280e000
RSI=0x00007fff7bc0aa5f: GCC_except_table772+0x5b8a514f in /usr/lib/libobjc.A.dylib at 0x00007fff20330000
RDI=0x00007fa38793e290 is an unknown value
R8 =0x0000000000000336 is an unknown value
R9 =0x0000000000000337 is an unknown value
R10=0x000007fa38187a80 is an unknown value
R11=0x00007fff7bc0aa5f: GCC_except_table772+0x5b8a514f in /usr/lib/libobjc.A.dylib at 0x00007fff20330000
R12=0x0000000000000000 is an unknown value
R13={method} {0x000000015cb52958} 'UnsetJAWTRootSurfaceLayer0' '(JJ)V' in 'jogamp/nativewindow/jawt/macosx/MacOSXJAWTWindow'
R14=0x0000000158814440: Java_jogamp_nativewindow_macosx_OSXUtil_GetScreenRefreshRate0+0x1ce0 in /private/var/folders/29/yptmkhk54j53dmn29983x1680000gn/T/jogamp_0000/file_cache/jln5811313124062193976/jln2423937907227397456/libnativewindow_macosx.jnilib at 0x000000015880d000
R15=0x00007fa38280e000 is a thread


Stack: [0x00007ffee8cfc000,0x00007ffee94fc000],  sp=0x00007ffee94f71e8,  free space=8172k
Native frames: (J=compiled Java code, j=interpreted, Vv=VM code, C=native code)
C  [libobjc.A.dylib+0x681d]  objc_msgSend+0x1d
j  jogamp.nativewindow.jawt.macosx.MacOSXJAWTWindow.UnsetJAWTRootSurfaceLayer0(JJ)V+0
j  jogamp.nativewindow.jawt.macosx.MacOSXJAWTWindow.access$200(JJ)V+2
j  jogamp.nativewindow.jawt.macosx.MacOSXJAWTWindow$1.run()V+38
J 2554 C1 com.jogamp.common.util.RunnableTask.run()V (345 bytes) @ 0x000000010c6b0f54 [0x000000010c6b0dc0+0x194]
v  ~StubRoutines::call_stub
V  [libjvm.dylib+0x2eab0e]  JavaCalls::call_helper(JavaValue*, methodHandle*, JavaCallArguments*, Thread*)+0x6ae
V  [libjvm.dylib+0x321bb7]  jni_invoke_nonstatic(JNIEnv_*, JavaValue*, _jobject*, JNICallType, _jmethodID*, JNI_ArgumentPusher*, Thread*)+0x2ec
V  [libjvm.dylib+0x31438b]  jni_CallVoidMethod+0x16b
C  [libnativewindow_macosx.jnilib+0x5326]  Java_jogamp_nativewindow_jawt_macosx_MacOSXJAWTWindow_UnsetJAWTRootSurfaceLayer0+0x2b6
C  [Foundation+0x80b81]  __NSThreadPerformPerform+0xcc
C  [CoreFoundation+0x8194c]  __CFRUNLOOP_IS_CALLING_OUT_TO_A_SOURCE0_PERFORM_FUNCTION__+0x11
C  [CoreFoundation+0x818b4]  __CFRunLoopDoSource0+0xb4
C  [CoreFoundation+0x81634]  __CFRunLoopDoSources0+0xf2
C  [CoreFoundation+0x8005c]  __CFRunLoopRun+0x37d
C  [CoreFoundation+0x7f61c]  CFRunLoopRunSpecific+0x233
C  [HIToolbox+0x30a83]  RunCurrentEventLoopInMode+0x124
C  [HIToolbox+0x306b6]  ReceiveNextEventCommon+0x11c
C  [HIToolbox+0x30583]  _BlockUntilNextEventMatchingListInModeWithFilter+0x46
C  [AppKit+0x3f172]  _DPSNextEvent+0x360
C  [AppKit+0x3d945]  -[NSApplication(NSEvent) _nextEventMatchingEventMask:untilDate:inMode:dequeue:]+0x554
C  [libosxapp.dylib+0x23aa]  -[NSApplicationAWT nextEventMatchingMask:untilDate:inMode:dequeue:]+0x7c
C  [AppKit+0x2fc69]  -[NSApplication run]+0x24a
C  [libosxapp.dylib+0x214d]  +[NSApplicationAWT runAWTLoopWithApp:]+0x9c
C  [libawt_lwawt.dylib+0x44517]  -[AWTStarter starter:]+0x389
C  [Foundation+0x80b81]  __NSThreadPerformPerform+0xcc
C  [CoreFoundation+0x8194c]  __CFRUNLOOP_IS_CALLING_OUT_TO_A_SOURCE0_PERFORM_FUNCTION__+0x11
C  [CoreFoundation+0x818b4]  __CFRunLoopDoSource0+0xb4
C  [CoreFoundation+0x81634]  __CFRunLoopDoSources0+0xf2
C  [CoreFoundation+0x8005c]  __CFRunLoopRun+0x37d
C  [CoreFoundation+0x7f61c]  CFRunLoopRunSpecific+0x233
C  [java+0x6463]  CreateExecutionEnvironment+0x367
C  [java+0x21ac]  JLI_Launch+0x7a0
C  [java+0x84c0]  main+0x65
C  [java+0x1a04]  start+0x34
C  0x0000000000000007

Java frames: (J=compiled Java code, j=interpreted, Vv=VM code)
j  jogamp.nativewindow.jawt.macosx.MacOSXJAWTWindow.UnsetJAWTRootSurfaceLayer0(JJ)V+0
j  jogamp.nativewindow.jawt.macosx.MacOSXJAWTWindow.access$200(JJ)V+2
j  jogamp.nativewindow.jawt.macosx.MacOSXJAWTWindow$1.run()V+38
J 2554 C1 com.jogamp.common.util.RunnableTask.run()V (345 bytes) @ 0x000000010c6b0f54 [0x000000010c6b0dc0+0x194]
v  ~StubRoutines::call_stub

---------------  P R O C E S S  ---------------

Java Threads: ( => current thread )
  0x00007fa383014000 JavaThread "Thread-80" [_thread_blocked, id=29103, stack(0x000070000cd28000,0x000070000ce28000)]
  0x00007fa383555000 JavaThread "Image Fetcher 3" daemon [_thread_blocked, id=26171, stack(0x000070000dd61000,0x000070000de61000)]
  0x00007fa3839b3800 JavaThread "Image Fetcher 2" daemon [_thread_blocked, id=35851, stack(0x000070000dc5e000,0x000070000dd5e000)]
  0x00007fa3838b1000 JavaThread "Image Fetcher 1" daemon [_thread_blocked, id=67335, stack(0x000070000db5b000,0x000070000dc5b000)]
  0x00007fa3821fe000 JavaThread "Image Fetcher 0" daemon [_thread_blocked, id=82183, stack(0x000070000da58000,0x000070000db58000)]
  0x00007fa383831800 JavaThread "Keep-Alive-Timer" daemon [_thread_blocked, id=59735, stack(0x000070000d5c9000,0x000070000d6c9000)]
  0x00007fa38127a800 JavaThread "AWT-EventQueue-1" [_thread_in_native, id=58375, stack(0x000070000d4c6000,0x000070000d5c6000)]
  0x00007fa383178800 JavaThread "DestroyJavaVM" [_thread_blocked, id=4099, stack(0x000070000b763000,0x000070000b863000)]
  0x00007fa381161800 JavaThread "AWT-EventQueue-0" [_thread_blocked, id=53251, stack(0x000070000d2c0000,0x000070000d3c0000)]
  0x00007fa3830cc800 JavaThread "Java2D Disposer" daemon [_thread_blocked, id=81427, stack(0x000070000d0ba000,0x000070000d1ba000)]
  0x00007fa382851800 JavaThread "Java2D Queue Flusher" daemon [_thread_blocked, id=46947, stack(0x000070000cfb7000,0x000070000d0b7000)]
  0x00007fa383077000 JavaThread "AWT-Shutdown" [_thread_blocked, id=37667, stack(0x000070000cba2000,0x000070000cca2000)]
=>0x00007fa38280e000 JavaThread "AWT-AppKit" daemon [_thread_in_native, id=259, stack(0x00007ffee8cfc000,0x00007ffee94fc000)]
  0x00007fa384052000 JavaThread "Service Thread" daemon [_thread_blocked, id=16387, stack(0x000070000c99c000,0x000070000ca9c000)]
  0x00007fa384811000 JavaThread "C1 CompilerThread3" daemon [_thread_blocked, id=17411, stack(0x000070000c899000,0x000070000c999000)]
  0x00007fa38480e800 JavaThread "C2 CompilerThread2" daemon [_thread_blocked, id=17667, stack(0x000070000c796000,0x000070000c896000)]
  0x00007fa384016800 JavaThread "C2 CompilerThread1" daemon [_thread_blocked, id=15363, stack(0x000070000c693000,0x000070000c793000)]
  0x00007fa384015000 JavaThread "C2 CompilerThread0" daemon [_thread_blocked, id=17923, stack(0x000070000c590000,0x000070000c690000)]
  0x00007fa38200e800 JavaThread "Signal Dispatcher" daemon [_thread_blocked, id=18435, stack(0x000070000c48d000,0x000070000c58d000)]
  0x00007fa381008800 JavaThread "Finalizer" daemon [_thread_blocked, id=20227, stack(0x000070000c284000,0x000070000c384000)]
  0x00007fa38382e000 JavaThread "Reference Handler" daemon [_thread_blocked, id=12803, stack(0x000070000c181000,0x000070000c281000)]

Other Threads:
  0x00007fa38382d800 VMThread [stack: 0x000070000c07e000,0x000070000c17e000] [id=12291]
  0x00007fa38200d800 WatcherThread [stack: 0x000070000ca9f000,0x000070000cb9f000] [id=17155]

VM state:not at safepoint (normal execution)

VM Mutex/Monitor currently owned by a thread: None

Heap:
 PSYoungGen      total 78848K, used 27139K [0x0000000795580000, 0x000000079c500000, 0x00000007c0000000)
  eden space 64000K, 19% used [0x0000000795580000,0x00000007961a0b80,0x0000000799400000)
  from space 14848K, 99% used [0x0000000799400000,0x000000079a260420,0x000000079a280000)
  to   space 16896K, 0% used [0x000000079b480000,0x000000079b480000,0x000000079c500000)
 ParOldGen       total 59904K, used 21815K [0x0000000740000000, 0x0000000743a80000, 0x0000000795580000)
  object space 59904K, 36% used [0x0000000740000000,0x000000074154dd10,0x0000000743a80000)
 Metaspace       used 24206K, capacity 24481K, committed 24832K, reserved 1071104K
  class space    used 2377K, capacity 2451K, committed 2560K, reserved 1048576K

Card table byte_map: [0x000000011b000000,0x000000011b401000] byte_map_base: 0x0000000117600000

Marking Bits: (ParMarkBitMap*) 0x0000000107015e20
 Begin Bits: [0x000000011b401000, 0x000000011d401000)
 End Bits:   [0x000000011d401000, 0x000000011f401000)

Polling page: 0x0000000107703000

CodeCache: size=245760Kb used=9708Kb max_used=9708Kb free=236051Kb
 bounds [0x000000010c000000, 0x000000010c990000, 0x000000011b000000]
 total_blobs=3801 nmethods=2880 adapters=834
 compilation: enabled

Compilation events (10 events):
Event: 22.787 Thread 0x00007fa384811000 3398       3       java.awt.KeyboardFocusManager::checkKFMSecurity (11 bytes)
Event: 22.787 Thread 0x00007fa38480e800 nmethod 3397 0x000000010c58ca50 code [0x000000010c58cbc0, 0x000000010c58ccd8]
Event: 22.789 Thread 0x00007fa384811000 nmethod 3398 0x000000010c587dd0 code [0x000000010c587fc0, 0x000000010c5886f8]
Event: 22.789 Thread 0x00007fa384811000 3399   !   3       sun.awt.PostEventQueue::flush (168 bytes)
Event: 22.791 Thread 0x00007fa384811000 nmethod 3399 0x000000010c586250 code [0x000000010c5864a0, 0x000000010c5875e8]
Event: 22.813 Thread 0x00007fa384811000 3400   !   3       sun.lwawt.LWComponentPeer::isShowing (49 bytes)
Event: 22.815 Thread 0x00007fa384811000 nmethod 3400 0x000000010c585510 code [0x000000010c5856c0, 0x000000010c585fa8]
Event: 22.856 Thread 0x00007fa384811000 3401       3       java.util.LinkedHashMap::afterNodeRemoval (65 bytes)
Event: 22.856 Thread 0x00007fa384811000 nmethod 3401 0x000000010c584ed0 code [0x000000010c585040, 0x000000010c5853f0]
Event: 22.858 Thread 0x00007fa384811000 3403       3       sun.java2d.pipe.RenderBuffer::putFloat (26 bytes)

GC Heap History (10 events):
Event: 8.487 GC heap before
{Heap before GC invocations=6 (full 1):
 PSYoungGen      total 38400K, used 38384K [0x0000000795580000, 0x0000000799180000, 0x00000007c0000000)
  eden space 33280K, 100% used [0x0000000795580000,0x0000000797600000,0x0000000797600000)
  from space 5120K, 99% used [0x0000000797b00000,0x0000000797ffc1e0,0x0000000798000000)
  to   space 5120K, 0% used [0x0000000797600000,0x0000000797600000,0x0000000797b00000)
 ParOldGen       total 59904K, used 13549K [0x0000000740000000, 0x0000000743a80000, 0x0000000795580000)
  object space 59904K, 22% used [0x0000000740000000,0x0000000740d3b7a0,0x0000000743a80000)
 Metaspace       used 23730K, capacity 23969K, committed 24320K, reserved 1071104K
  class space    used 2369K, capacity 2451K, committed 2560K, reserved 1048576K
Event: 8.493 GC heap after
Heap after GC invocations=6 (full 1):
 PSYoungGen      total 38400K, used 5104K [0x0000000795580000, 0x0000000799e00000, 0x00000007c0000000)
  eden space 33280K, 0% used [0x0000000795580000,0x0000000795580000,0x0000000797600000)
  from space 5120K, 99% used [0x0000000797600000,0x0000000797afc1d0,0x0000000797b00000)
  to   space 12288K, 0% used [0x0000000799200000,0x0000000799200000,0x0000000799e00000)
 ParOldGen       total 59904K, used 15382K [0x0000000740000000, 0x0000000743a80000, 0x0000000795580000)
  object space 59904K, 25% used [0x0000000740000000,0x0000000740f05b80,0x0000000743a80000)
 Metaspace       used 23730K, capacity 23969K, committed 24320K, reserved 1071104K
  class space    used 2369K, capacity 2451K, committed 2560K, reserved 1048576K
}
Event: 13.477 GC heap before
{Heap before GC invocations=7 (full 1):
 PSYoungGen      total 38400K, used 38384K [0x0000000795580000, 0x0000000799e00000, 0x00000007c0000000)
  eden space 33280K, 100% used [0x0000000795580000,0x0000000797600000,0x0000000797600000)
  from space 5120K, 99% used [0x0000000797600000,0x0000000797afc1d0,0x0000000797b00000)
  to   space 12288K, 0% used [0x0000000799200000,0x0000000799200000,0x0000000799e00000)
 ParOldGen       total 59904K, used 15382K [0x0000000740000000, 0x0000000743a80000, 0x0000000795580000)
  object space 59904K, 25% used [0x0000000740000000,0x0000000740f05b80,0x0000000743a80000)
 Metaspace       used 23960K, capacity 24225K, committed 24576K, reserved 1071104K
  class space    used 2370K, capacity 2451K, committed 2560K, reserved 1048576K
Event: 13.480 GC heap after
Heap after GC invocations=7 (full 1):
 PSYoungGen      total 57856K, used 5264K [0x0000000795580000, 0x0000000799c00000, 0x00000007c0000000)
  eden space 47616K, 0% used [0x0000000795580000,0x0000000795580000,0x0000000798400000)
  from space 10240K, 51% used [0x0000000799200000,0x00000007997241d0,0x0000000799c00000)
  to   space 12288K, 0% used [0x0000000798400000,0x0000000798400000,0x0000000799000000)
 ParOldGen       total 59904K, used 15390K [0x0000000740000000, 0x0000000743a80000, 0x0000000795580000)
  object space 59904K, 25% used [0x0000000740000000,0x0000000740f07b80,0x0000000743a80000)
 Metaspace       used 23960K, capacity 24225K, committed 24576K, reserved 1071104K
  class space    used 2370K, capacity 2451K, committed 2560K, reserved 1048576K
}
Event: 16.586 GC heap before
{Heap before GC invocations=8 (full 1):
 PSYoungGen      total 57856K, used 52880K [0x0000000795580000, 0x0000000799c00000, 0x00000007c0000000)
  eden space 47616K, 100% used [0x0000000795580000,0x0000000798400000,0x0000000798400000)
  from space 10240K, 51% used [0x0000000799200000,0x00000007997241d0,0x0000000799c00000)
  to   space 12288K, 0% used [0x0000000798400000,0x0000000798400000,0x0000000799000000)
 ParOldGen       total 59904K, used 15390K [0x0000000740000000, 0x0000000743a80000, 0x0000000795580000)
  object space 59904K, 25% used [0x0000000740000000,0x0000000740f07b80,0x0000000743a80000)
 Metaspace       used 24039K, capacity 24225K, committed 24576K, reserved 1071104K
  class space    used 2370K, capacity 2451K, committed 2560K, reserved 1048576K
Event: 16.596 GC heap after
Heap after GC invocations=8 (full 1):
 PSYoungGen      total 59904K, used 9376K [0x0000000795580000, 0x000000079ae80000, 0x00000007c0000000)
  eden space 47616K, 0% used [0x0000000795580000,0x0000000795580000,0x0000000798400000)
  from space 12288K, 76% used [0x0000000798400000,0x0000000798d282a0,0x0000000799000000)
  to   space 12288K, 0% used [0x000000079a280000,0x000000079a280000,0x000000079ae80000)
 ParOldGen       total 59904K, used 15390K [0x0000000740000000, 0x0000000743a80000, 0x0000000795580000)
  object space 59904K, 25% used [0x0000000740000000,0x0000000740f07b80,0x0000000743a80000)
 Metaspace       used 24039K, capacity 24225K, committed 24576K, reserved 1071104K
  class space    used 2370K, capacity 2451K, committed 2560K, reserved 1048576K
}
Event: 17.954 GC heap before
{Heap before GC invocations=9 (full 1):
 PSYoungGen      total 59904K, used 56992K [0x0000000795580000, 0x000000079ae80000, 0x00000007c0000000)
  eden space 47616K, 100% used [0x0000000795580000,0x0000000798400000,0x0000000798400000)
  from space 12288K, 76% used [0x0000000798400000,0x0000000798d282a0,0x0000000799000000)
  to   space 12288K, 0% used [0x000000079a280000,0x000000079a280000,0x000000079ae80000)
 ParOldGen       total 59904K, used 15390K [0x0000000740000000, 0x0000000743a80000, 0x0000000795580000)
  object space 59904K, 25% used [0x0000000740000000,0x0000000740f07b80,0x0000000743a80000)
 Metaspace       used 24130K, capacity 24353K, committed 24576K, reserved 1071104K
  class space    used 2370K, capacity 2451K, committed 2560K, reserved 1048576K
Event: 17.966 GC heap after
Heap after GC invocations=9 (full 1):
 PSYoungGen      total 76288K, used 12272K [0x0000000795580000, 0x000000079b580000, 0x00000007c0000000)
  eden space 64000K, 0% used [0x0000000795580000,0x0000000795580000,0x0000000799400000)
  from space 12288K, 99% used [0x000000079a280000,0x000000079ae7c3a0,0x000000079ae80000)
  to   space 14848K, 0% used [0x0000000799400000,0x0000000799400000,0x000000079a280000)
 ParOldGen       total 59904K, used 17711K [0x0000000740000000, 0x0000000743a80000, 0x0000000795580000)
  object space 59904K, 29% used [0x0000000740000000,0x000000074114bc10,0x0000000743a80000)
 Metaspace       used 24130K, capacity 24353K, committed 24576K, reserved 1071104K
  class space    used 2370K, capacity 2451K, committed 2560K, reserved 1048576K
}
Event: 21.335 GC heap before
{Heap before GC invocations=10 (full 1):
 PSYoungGen      total 76288K, used 76272K [0x0000000795580000, 0x000000079b580000, 0x00000007c0000000)
  eden space 64000K, 100% used [0x0000000795580000,0x0000000799400000,0x0000000799400000)
  from space 12288K, 99% used [0x000000079a280000,0x000000079ae7c3a0,0x000000079ae80000)
  to   space 14848K, 0% used [0x0000000799400000,0x0000000799400000,0x000000079a280000)
 ParOldGen       total 59904K, used 17711K [0x0000000740000000, 0x0000000743a80000, 0x0000000795580000)
  object space 59904K, 29% used [0x0000000740000000,0x000000074114bc10,0x0000000743a80000)
 Metaspace       used 24168K, capacity 24417K, committed 24832K, reserved 1071104K
  class space    used 2370K, capacity 2451K, committed 2560K, reserved 1048576K
Event: 21.349 GC heap after
Heap after GC invocations=10 (full 1):
 PSYoungGen      total 78848K, used 14721K [0x0000000795580000, 0x000000079c500000, 0x00000007c0000000)
  eden space 64000K, 0% used [0x0000000795580000,0x0000000795580000,0x0000000799400000)
  from space 14848K, 99% used [0x0000000799400000,0x000000079a260420,0x000000079a280000)
  to   space 16896K, 0% used [0x000000079b480000,0x000000079b480000,0x000000079c500000)
 ParOldGen       total 59904K, used 21815K [0x0000000740000000, 0x0000000743a80000, 0x0000000795580000)
  object space 59904K, 36% used [0x0000000740000000,0x000000074154dd10,0x0000000743a80000)
 Metaspace       used 24168K, capacity 24417K, committed 24832K, reserved 1071104K
  class space    used 2370K, capacity 2451K, committed 2560K, reserved 1048576K
}

Deoptimization events (10 events):
Event: 15.302 Thread 0x00007fa38127a800 Uncommon trap: reason=unstable_if action=reinterpret pc=0x000000010c592544 method=de.fhpotsdam.unfolding.core.Coordinate.equals(Ljava/lang/Object;)Z @ 38
Event: 15.843 Thread 0x00007fa38127a800 Uncommon trap: reason=unstable_if action=reinterpret pc=0x000000010c5dcdec method=java.lang.Math.round(F)I @ 36
Event: 15.843 Thread 0x00007fa38127a800 Uncommon trap: reason=unstable_if action=reinterpret pc=0x000000010c7e7764 method=java.lang.Math.round(F)I @ 36
Event: 22.785 Thread 0x00007fa38127c000 Uncommon trap: reason=unstable_if action=reinterpret pc=0x000000010c953298 method=java.awt.EventQueue.getPriority(Ljava/awt/AWTEvent;)I @ 22
Event: 22.785 Thread 0x00007fa38127a800 Uncommon trap: reason=unstable_if action=reinterpret pc=0x000000010c48ff68 method=com.jogamp.common.util.VersionNumber.compareTo(Lcom/jogamp/common/util/VersionNumber;)I @ 21
Event: 22.792 Thread 0x00007fa381161800 Uncommon trap: reason=unstable_if action=reinterpret pc=0x000000010c65fa00 method=java.awt.font.FontRenderContext.equals(Ljava/awt/font/FontRenderContext;)Z @ 2
Event: 22.792 Thread 0x00007fa381161800 Uncommon trap: reason=unstable_if action=reinterpret pc=0x000000010c39b014 method=java.awt.Font.equals(Ljava/lang/Object;)Z @ 2
Event: 22.833 Thread 0x00007fa3830c9800 Uncommon trap: reason=unstable_if action=reinterpret pc=0x000000010c49e99c method=java.util.HashMap.putVal(ILjava/lang/Object;Ljava/lang/Object;ZZ)Ljava/lang/Object; @ 81
Event: 22.834 Thread 0x00007fa3830c9800 Uncommon trap: reason=unstable_if action=reinterpret pc=0x000000010c4690d8 method=java.util.HashMap.putVal(ILjava/lang/Object;Ljava/lang/Object;ZZ)Ljava/lang/Object; @ 81
Event: 22.857 Thread 0x00007fa38127a800 Uncommon trap: reason=unstable_if action=reinterpret pc=0x000000010c886bcc method=java.security.AccessControlContext.optimize()Ljava/security/AccessControlContext; @ 233

Internal exceptions (10 events):
Event: 0.233 Thread 0x00007fa383809000 Exception <a 'java/lang/NoSuchFieldError': method resolution failed> (0x000000079583f558) thrown at [/Users/java_re/workspace/8-2-build-macosx-x86_64/jdk8u60/4407/hotspot/src/share/vm/prims/methodHandles.cpp, line 1146]
Event: 0.527 Thread 0x00007fa383809000 Exception <a 'java/io/FileNotFoundException'> (0x00000007958bb4b0) thrown at [/Users/java_re/workspace/8-2-build-macosx-x86_64/jdk8u60/4407/hotspot/src/share/vm/prims/jni.cpp, line 709]
Event: 0.527 Thread 0x00007fa383809000 Exception <a 'java/io/FileNotFoundException'> (0x00000007958bbfe0) thrown at [/Users/java_re/workspace/8-2-build-macosx-x86_64/jdk8u60/4407/hotspot/src/share/vm/prims/jni.cpp, line 709]
Event: 0.565 Thread 0x00007fa383809000 Exception <a 'java/io/FileNotFoundException'> (0x00000007959ad5b8) thrown at [/Users/java_re/workspace/8-2-build-macosx-x86_64/jdk8u60/4407/hotspot/src/share/vm/prims/jni.cpp, line 709]
Event: 0.685 Thread 0x00007fa383809000 Exception <a 'java/io/FileNotFoundException'> (0x00000007959ef078) thrown at [/Users/java_re/workspace/8-2-build-macosx-x86_64/jdk8u60/4407/hotspot/src/share/vm/prims/jni.cpp, line 709]
Event: 2.241 Thread 0x00007fa38127c000 Exception <a 'java/lang/UnsatisfiedLinkError': com.jogamp.common.util.JarUtil.fixNativeLibAttribs(Ljava/lang/String;)Z> (0x0000000796b0f6b8) thrown at [/Users/java_re/workspace/8-2-build-macosx-x86_64/jdk8u60/4407/hotspot/src/share/vm/prims/nativeLookup.c
Event: 3.311 Thread 0x00007fa381008800 Exception <a 'java/lang/NullPointerException'> (0x00000007956a6df8) thrown at [/Users/java_re/workspace/8-2-build-macosx-x86_64/jdk8u60/4407/hotspot/src/share/vm/interpreter/linkResolver.cpp, line 1178]
Event: 3.947 Thread 0x00007fa38127a800 Exception <a 'java/io/FileNotFoundException'> (0x0000000795dedda0) thrown at [/Users/java_re/workspace/8-2-build-macosx-x86_64/jdk8u60/4407/hotspot/src/share/vm/prims/jni.cpp, line 709]
Event: 3.947 Thread 0x00007fa38127a800 Exception <a 'java/io/FileNotFoundException'> (0x0000000795df3bc8) thrown at [/Users/java_re/workspace/8-2-build-macosx-x86_64/jdk8u60/4407/hotspot/src/share/vm/prims/jni.cpp, line 709]
Event: 3.947 Thread 0x00007fa38127a800 Implicit null exception at 0x000000010c1a4475 to 0x000000010c1a47d9

Events (10 events):
Event: 22.857 Thread 0x00007fa38127a800 DEOPT UNPACKING pc=0x000000010c005229 sp=0x000070000d5c3990 mode 2
Event: 22.857 loading class java/awt/LightweightDispatcher$2
Event: 22.857 loading class java/awt/LightweightDispatcher$2 done
Event: 22.857 loading class java/awt/event/AWTEventListenerProxy
Event: 22.857 loading class java/awt/event/AWTEventListenerProxy done
Event: 22.857 loading class java/awt/Toolkit$ToolkitEventMulticaster
Event: 22.857 loading class java/awt/Toolkit$ToolkitEventMulticaster done
Event: 22.858 Thread 0x00007fa3830c9800 Thread exited: 0x00007fa3830c9800
Event: 22.858 loading class java/awt/Window$1DisposeAction
Event: 22.858 loading class java/awt/Window$1DisposeAction done


Dynamic libraries:
0x000000000018a000 	/System/Library/Frameworks/Cocoa.framework/Versions/A/Cocoa
0x000000000018a000 	/System/Library/Frameworks/Security.framework/Versions/A/Security
0x000000000018a000 	/System/Library/Frameworks/ApplicationServices.framework/Versions/A/ApplicationServices
0x000000000018a000 	/usr/lib/libz.1.dylib
0x000000000018a000 	/usr/lib/libSystem.B.dylib
0x000000000018a000 	/usr/lib/libobjc.A.dylib
0x000000000018a000 	/System/Library/Frameworks/CoreFoundation.framework/Versions/A/CoreFoundation
0x000000000018a000 	/System/Library/Frameworks/Foundation.framework/Versions/C/Foundation
0x000000000018a000 	/System/Library/Frameworks/AppKit.framework/Versions/C/AppKit
0x000000000018a000 	/System/Library/Frameworks/CoreData.framework/Versions/A/CoreData
0x000000000018a000 	/System/Library/PrivateFrameworks/UIFoundation.framework/Versions/A/UIFoundation
0x000000000018a000 	/System/Library/PrivateFrameworks/RemoteViewServices.framework/Versions/A/RemoteViewServices
0x000000000018a000 	/System/Library/PrivateFrameworks/XCTTargetBootstrap.framework/Versions/A/XCTTargetBootstrap
0x000000000018a000 	/usr/lib/libspindump.dylib
0x000000000018a000 	/System/Library/Frameworks/UniformTypeIdentifiers.framework/Versions/A/UniformTypeIdentifiers
0x000000000018a000 	/usr/lib/libapp_launch_measurement.dylib
0x000000000018a000 	/System/Library/PrivateFrameworks/CoreAutoLayout.framework/Versions/A/CoreAutoLayout
0x000000000018a000 	/System/Library/Frameworks/Metal.framework/Versions/A/Metal
0x000000000018a000 	/usr/lib/liblangid.dylib
0x000000000018a000 	/System/Library/PrivateFrameworks/CoreSVG.framework/Versions/A/CoreSVG
0x000000000018a000 	/System/Library/PrivateFrameworks/SkyLight.framework/Versions/A/SkyLight
0x000000000018a000 	/System/Library/Frameworks/CoreGraphics.framework/Versions/A/CoreGraphics
0x000000000018a000 	/System/Library/Frameworks/Accelerate.framework/Versions/A/Accelerate
0x000000000018a000 	/System/Library/PrivateFrameworks/IconServices.framework/Versions/A/IconServices
0x000000000018a000 	/System/Library/Frameworks/IOSurface.framework/Versions/A/IOSurface
0x000000000018a000 	/usr/lib/libDiagnosticMessagesClient.dylib
0x000000000018a000 	/System/Library/PrivateFrameworks/DFRFoundation.framework/Versions/A/DFRFoundation
0x000000000018a000 	/usr/lib/libicucore.A.dylib
0x000000000018a000 	/System/Library/Frameworks/AudioToolbox.framework/Versions/A/AudioToolbox
0x000000000018a000 	/System/Library/PrivateFrameworks/DataDetectorsCore.framework/Versions/A/DataDetectorsCore
0x000000000018a000 	/usr/lib/libMobileGestalt.dylib
0x000000000018a000 	/System/Library/Frameworks/Carbon.framework/Versions/A/Frameworks/HIToolbox.framework/Versions/A/HIToolbox
0x000000000018a000 	/System/Library/Frameworks/QuartzCore.framework/Versions/A/QuartzCore
0x000000000018a000 	/System/Library/Frameworks/Carbon.framework/Versions/A/Frameworks/SpeechRecognition.framework/Versions/A/SpeechRecognition
0x000000000018a000 	/System/Library/PrivateFrameworks/CoreUI.framework/Versions/A/CoreUI
0x000000000018a000 	/System/Library/Frameworks/CoreAudio.framework/Versions/A/CoreAudio
0x000000000018a000 	/System/Library/Frameworks/DiskArbitration.framework/Versions/A/DiskArbitration
0x000000000018a000 	/System/Library/PrivateFrameworks/MultitouchSupport.framework/Versions/A/MultitouchSupport
0x000000000018a000 	/System/Library/PrivateFrameworks/InternationalSupport.framework/Versions/A/InternationalSupport
0x000000000018a000 	/usr/lib/libenergytrace.dylib
0x000000000018a000 	/System/Library/Frameworks/IOKit.framework/Versions/A/IOKit
0x000000000018a000 	/System/Library/Frameworks/CoreServices.framework/Versions/A/CoreServices
0x000000000018a000 	/System/Library/PrivateFrameworks/PerformanceAnalysis.framework/Versions/A/PerformanceAnalysis
0x000000000018a000 	/System/Library/Frameworks/OpenGL.framework/Versions/A/OpenGL
0x000000000018a000 	/System/Library/PrivateFrameworks/UserActivity.framework/Versions/A/UserActivity
0x000000000018a000 	/System/Library/Frameworks/ColorSync.framework/Versions/A/ColorSync
0x000000000018a000 	/System/Library/Frameworks/CoreImage.framework/Versions/A/CoreImage
0x000000000018a000 	/System/Library/Frameworks/CoreText.framework/Versions/A/CoreText
0x000000000018a000 	/System/Library/Frameworks/ImageIO.framework/Versions/A/ImageIO
0x000000000018a000 	/System/Library/PrivateFrameworks/SoftLinking.framework/Versions/A/SoftLinking
0x000000000018a000 	/usr/lib/libxml2.2.dylib
0x000000000018a000 	/usr/lib/libc++.1.dylib
0x000000000018a000 	/usr/lib/libcompression.dylib
0x000000000018a000 	/System/Library/PrivateFrameworks/TextureIO.framework/Versions/A/TextureIO
0x000000000018a000 	/usr/lib/libate.dylib
0x000000000018a000 	/usr/lib/system/libcache.dylib
0x000000000018a000 	/usr/lib/system/libcommonCrypto.dylib
0x000000000018a000 	/usr/lib/system/libcompiler_rt.dylib
0x000000000018a000 	/usr/lib/system/libcopyfile.dylib
0x000000000018a000 	/usr/lib/system/libcorecrypto.dylib
0x000000000018a000 	/usr/lib/system/libdispatch.dylib
0x000000000018a000 	/usr/lib/system/libdyld.dylib
0x000000000018a000 	/usr/lib/system/libkeymgr.dylib
0x000000000018a000 	/usr/lib/system/liblaunch.dylib
0x000000000018a000 	/usr/lib/system/libmacho.dylib
0x000000000018a000 	/usr/lib/system/libquarantine.dylib
0x000000000018a000 	/usr/lib/system/libremovefile.dylib
0x000000000018a000 	/usr/lib/system/libsystem_asl.dylib
0x000000000018a000 	/usr/lib/system/libsystem_blocks.dylib
0x000000000018a000 	/usr/lib/system/libsystem_c.dylib
0x000000000018a000 	/usr/lib/system/libsystem_collections.dylib
0x000000000018a000 	/usr/lib/system/libsystem_configuration.dylib
0x000000000018a000 	/usr/lib/system/libsystem_containermanager.dylib
0x000000000018a000 	/usr/lib/system/libsystem_coreservices.dylib
0x000000000018a000 	/usr/lib/system/libsystem_darwin.dylib
0x000000000018a000 	/usr/lib/system/libsystem_dnssd.dylib
0x000000000018a000 	/usr/lib/system/libsystem_featureflags.dylib
0x000000000018a000 	/usr/lib/system/libsystem_info.dylib
0x000000000018a000 	/usr/lib/system/libsystem_m.dylib
0x000000000018a000 	/usr/lib/system/libsystem_malloc.dylib
0x000000000018a000 	/usr/lib/system/libsystem_networkextension.dylib
0x000000000018a000 	/usr/lib/system/libsystem_notify.dylib
0x000000000018a000 	/usr/lib/system/libsystem_product_info_filter.dylib
0x000000000018a000 	/usr/lib/system/libsystem_sandbox.dylib
0x000000000018a000 	/usr/lib/system/libsystem_secinit.dylib
0x000000000018a000 	/usr/lib/system/libsystem_kernel.dylib
0x000000000018a000 	/usr/lib/system/libsystem_platform.dylib
0x000000000018a000 	/usr/lib/system/libsystem_pthread.dylib
0x000000000018a000 	/usr/lib/system/libsystem_symptoms.dylib
0x000000000018a000 	/usr/lib/system/libsystem_trace.dylib
0x000000000018a000 	/usr/lib/system/libunwind.dylib
0x000000000018a000 	/usr/lib/system/libxpc.dylib
0x000000000018a000 	/usr/lib/libc++abi.dylib
0x000000000018a000 	/usr/lib/liboah.dylib
0x000000000018a000 	/usr/lib/liblzma.5.dylib
0x000000000018a000 	/System/Library/Frameworks/SystemConfiguration.framework/Versions/A/SystemConfiguration
0x000000000018a000 	/usr/lib/libfakelink.dylib
0x000000000018a000 	/System/Library/Frameworks/CFNetwork.framework/Versions/A/CFNetwork
0x000000000018a000 	/usr/lib/libarchive.2.dylib
0x000000000018a000 	/usr/lib/libCRFSuite.dylib
0x000000000018a000 	/usr/lib/libbsm.0.dylib
0x000000000018a000 	/usr/lib/libnetwork.dylib
0x000000000018a000 	/usr/lib/libpcap.A.dylib
0x000000000018a000 	/usr/lib/libdns_services.dylib
0x000000000018a000 	/usr/lib/libcoretls_cfhelpers.dylib
0x000000000018a000 	/usr/lib/libapple_nghttp2.dylib
0x000000000018a000 	/usr/lib/system/libkxld.dylib
0x000000000018a000 	/usr/lib/libsqlite3.dylib
0x000000000018a000 	/System/Library/PrivateFrameworks/AppleFSCompression.framework/Versions/A/AppleFSCompression
0x000000000018a000 	/usr/lib/libcoretls.dylib
0x000000000018a000 	/usr/lib/libpam.2.dylib
0x000000000018a000 	/usr/lib/libxar.1.dylib
0x000000000018a000 	/System/Library/PrivateFrameworks/AppleSystemInfo.framework/Versions/A/AppleSystemInfo
0x000000000018a000 	/System/Library/PrivateFrameworks/IOMobileFramebuffer.framework/Versions/A/IOMobileFramebuffer
0x000000000018a000 	/usr/lib/libbz2.1.0.dylib
0x000000000018a000 	/usr/lib/libiconv.2.dylib
0x000000000018a000 	/usr/lib/libcharset.1.dylib
0x000000000018a000 	/System/Library/Frameworks/CoreServices.framework/Versions/A/Frameworks/FSEvents.framework/Versions/A/FSEvents
0x000000000018a000 	/System/Library/Frameworks/CoreServices.framework/Versions/A/Frameworks/CarbonCore.framework/Versions/A/CarbonCore
0x000000000018a000 	/System/Library/Frameworks/CoreServices.framework/Versions/A/Frameworks/Metadata.framework/Versions/A/Metadata
0x000000000018a000 	/System/Library/Frameworks/CoreServices.framework/Versions/A/Frameworks/OSServices.framework/Versions/A/OSServices
0x000000000018a000 	/System/Library/Frameworks/CoreServices.framework/Versions/A/Frameworks/SearchKit.framework/Versions/A/SearchKit
0x000000000018a000 	/System/Library/Frameworks/CoreServices.framework/Versions/A/Frameworks/AE.framework/Versions/A/AE
0x000000000018a000 	/System/Library/Frameworks/CoreServices.framework/Versions/A/Frameworks/LaunchServices.framework/Versions/A/LaunchServices
0x000000000018a000 	/System/Library/Frameworks/CoreServices.framework/Versions/A/Frameworks/DictionaryServices.framework/Versions/A/DictionaryServices
0x000000000018a000 	/System/Library/Frameworks/CoreServices.framework/Versions/A/Frameworks/SharedFileList.framework/Versions/A/SharedFileList
0x000000000018a000 	/usr/lib/libCheckFix.dylib
0x000000000018a000 	/System/Library/PrivateFrameworks/TCC.framework/Versions/A/TCC
0x000000000018a000 	/System/Library/PrivateFrameworks/CoreNLP.framework/Versions/A/CoreNLP
0x000000000018a000 	/System/Library/PrivateFrameworks/MetadataUtilities.framework/Versions/A/MetadataUtilities
0x000000000018a000 	/usr/lib/libmecabra.dylib
0x000000000018a000 	/System/Library/Frameworks/MLCompute.framework/Versions/A/MLCompute
0x000000000018a000 	/usr/lib/libmecab.dylib
0x000000000018a000 	/usr/lib/libgermantok.dylib
0x000000000018a000 	/usr/lib/libThaiTokenizer.dylib
0x000000000018a000 	/usr/lib/libChineseTokenizer.dylib
0x000000000018a000 	/System/Library/Frameworks/MetalPerformanceShaders.framework/Versions/A/MetalPerformanceShaders
0x000000000018a000 	/System/Library/Frameworks/Accelerate.framework/Versions/A/Frameworks/vImage.framework/Versions/A/vImage
0x000000000018a000 	/System/Library/Frameworks/Accelerate.framework/Versions/A/Frameworks/vecLib.framework/Versions/A/vecLib
0x000000000018a000 	/System/Library/Frameworks/Accelerate.framework/Versions/A/Frameworks/vecLib.framework/Versions/A/libvMisc.dylib
0x000000000018a000 	/System/Library/Frameworks/Accelerate.framework/Versions/A/Frameworks/vecLib.framework/Versions/A/libvDSP.dylib
0x000000000018a000 	/System/Library/Frameworks/Accelerate.framework/Versions/A/Frameworks/vecLib.framework/Versions/A/libBLAS.dylib
0x000000000018a000 	/System/Library/Frameworks/Accelerate.framework/Versions/A/Frameworks/vecLib.framework/Versions/A/libLAPACK.dylib
0x000000000018a000 	/System/Library/Frameworks/Accelerate.framework/Versions/A/Frameworks/vecLib.framework/Versions/A/libLinearAlgebra.dylib
0x000000000018a000 	/System/Library/Frameworks/Accelerate.framework/Versions/A/Frameworks/vecLib.framework/Versions/A/libSparseBLAS.dylib
0x000000000018a000 	/System/Library/Frameworks/Accelerate.framework/Versions/A/Frameworks/vecLib.framework/Versions/A/libQuadrature.dylib
0x000000000018a000 	/System/Library/Frameworks/Accelerate.framework/Versions/A/Frameworks/vecLib.framework/Versions/A/libBNNS.dylib
0x000000000018a000 	/System/Library/Frameworks/Accelerate.framework/Versions/A/Frameworks/vecLib.framework/Versions/A/libSparse.dylib
0x000000000018a000 	/System/Library/Frameworks/MetalPerformanceShaders.framework/Versions/A/Frameworks/MPSCore.framework/Versions/A/MPSCore
0x000000000018a000 	/System/Library/Frameworks/MetalPerformanceShaders.framework/Versions/A/Frameworks/MPSImage.framework/Versions/A/MPSImage
0x000000000018a000 	/System/Library/Frameworks/MetalPerformanceShaders.framework/Versions/A/Frameworks/MPSNeuralNetwork.framework/Versions/A/MPSNeuralNetwork
0x000000000018a000 	/System/Library/Frameworks/MetalPerformanceShaders.framework/Versions/A/Frameworks/MPSMatrix.framework/Versions/A/MPSMatrix
0x000000000018a000 	/System/Library/Frameworks/MetalPerformanceShaders.framework/Versions/A/Frameworks/MPSRayIntersector.framework/Versions/A/MPSRayIntersector
0x000000000018a000 	/System/Library/Frameworks/MetalPerformanceShaders.framework/Versions/A/Frameworks/MPSNDArray.framework/Versions/A/MPSNDArray
0x000000000018a000 	/System/Library/PrivateFrameworks/MetalTools.framework/Versions/A/MetalTools
0x000000000018a000 	/System/Library/PrivateFrameworks/AggregateDictionary.framework/Versions/A/AggregateDictionary
0x000000000018a000 	/System/Library/PrivateFrameworks/CoreAnalytics.framework/Versions/A/CoreAnalytics
0x000000000018a000 	/System/Library/PrivateFrameworks/AppleSauce.framework/Versions/A/AppleSauce
0x000000000018a000 	/System/Library/PrivateFrameworks/IOAccelerator.framework/Versions/A/IOAccelerator
0x000000000018a000 	/System/Library/Frameworks/OpenGL.framework/Versions/A/Libraries/libCoreFSCache.dylib
0x000000000018a000 	/System/Library/PrivateFrameworks/LanguageModeling.framework/Versions/A/LanguageModeling
0x000000000018a000 	/System/Library/PrivateFrameworks/CoreEmoji.framework/Versions/A/CoreEmoji
0x000000000018a000 	/System/Library/PrivateFrameworks/LinguisticData.framework/Versions/A/LinguisticData
0x000000000018a000 	/System/Library/PrivateFrameworks/Lexicon.framework/Versions/A/Lexicon
0x000000000018a000 	/usr/lib/libcmph.dylib
0x000000000018a000 	/System/Library/Frameworks/OpenDirectory.framework/Versions/A/Frameworks/CFOpenDirectory.framework/Versions/A/CFOpenDirectory
0x000000000018a000 	/System/Library/Frameworks/OpenDirectory.framework/Versions/A/OpenDirectory
0x000000000018a000 	/System/Library/PrivateFrameworks/APFS.framework/Versions/A/APFS
0x000000000018a000 	/System/Library/Frameworks/SecurityFoundation.framework/Versions/A/SecurityFoundation
0x000000000018a000 	/usr/lib/libutil.dylib
0x000000000018a000 	/System/Library/PrivateFrameworks/CoreServicesStore.framework/Versions/A/CoreServicesStore
0x000000000018a000 	/System/Library/Frameworks/ServiceManagement.framework/Versions/A/ServiceManagement
0x000000000018a000 	/usr/lib/libxslt.1.dylib
0x000000000018a000 	/System/Library/PrivateFrameworks/BackgroundTaskManagement.framework/Versions/A/BackgroundTaskManagement
0x000000000018a000 	/System/Library/Frameworks/ImageIO.framework/Versions/A/Resources/libRadiance.dylib
0x000000000018a000 	/System/Library/Frameworks/ImageIO.framework/Versions/A/Resources/libJPEG.dylib
0x000000000018a000 	/System/Library/Frameworks/ImageIO.framework/Versions/A/Resources/libPng.dylib
0x000000000018a000 	/System/Library/Frameworks/ImageIO.framework/Versions/A/Resources/libTIFF.dylib
0x000000000018a000 	/System/Library/Frameworks/ImageIO.framework/Versions/A/Resources/libGIF.dylib
0x000000000018a000 	/System/Library/Frameworks/ImageIO.framework/Versions/A/Resources/libJP2.dylib
0x000000000018a000 	/usr/lib/libexpat.1.dylib
0x000000000018a000 	/System/Library/PrivateFrameworks/AppleJPEG.framework/Versions/A/AppleJPEG
0x000000000018a000 	/System/Library/PrivateFrameworks/FontServices.framework/libFontParser.dylib
0x000000000018a000 	/System/Library/PrivateFrameworks/RunningBoardServices.framework/Versions/A/RunningBoardServices
0x000000000018a000 	/System/Library/PrivateFrameworks/WatchdogClient.framework/Versions/A/WatchdogClient
0x000000000018a000 	/System/Library/Frameworks/CoreDisplay.framework/Versions/A/CoreDisplay
0x000000000018a000 	/System/Library/Frameworks/CoreMedia.framework/Versions/A/CoreMedia
0x000000000018a000 	/System/Library/Frameworks/CoreVideo.framework/Versions/A/CoreVideo
0x000000000018a000 	/System/Library/Frameworks/VideoToolbox.framework/Versions/A/VideoToolbox
0x000000000018a000 	/System/Library/PrivateFrameworks/BaseBoard.framework/Versions/A/BaseBoard
0x000000000018a000 	/System/Library/PrivateFrameworks/PersistentConnection.framework/Versions/A/PersistentConnection
0x000000000018a000 	/System/Library/PrivateFrameworks/ProtocolBuffer.framework/Versions/A/ProtocolBuffer
0x000000000018a000 	/System/Library/PrivateFrameworks/CommonUtilities.framework/Versions/A/CommonUtilities
0x000000000018a000 	/System/Library/PrivateFrameworks/Bom.framework/Versions/A/Bom
0x000000000018a000 	/System/Library/PrivateFrameworks/GPUWrangler.framework/Versions/A/GPUWrangler
0x000000000018a000 	/System/Library/PrivateFrameworks/IOPresentment.framework/Versions/A/IOPresentment
0x000000000018a000 	/System/Library/PrivateFrameworks/DSExternalDisplay.framework/Versions/A/DSExternalDisplay
0x000000000018a000 	/System/Library/PrivateFrameworks/CMCaptureCore.framework/Versions/A/CMCaptureCore
0x000000000018a000 	/System/Library/PrivateFrameworks/AppServerSupport.framework/Versions/A/AppServerSupport
0x000000000018a000 	/System/Library/PrivateFrameworks/perfdata.framework/Versions/A/perfdata
0x000000000018a000 	/System/Library/PrivateFrameworks/AssertionServices.framework/Versions/A/AssertionServices
0x000000000018a000 	/System/Library/PrivateFrameworks/AudioToolboxCore.framework/Versions/A/AudioToolboxCore
0x000000000018a000 	/System/Library/PrivateFrameworks/caulk.framework/Versions/A/caulk
0x000000000018a000 	/System/Library/PrivateFrameworks/SystemPolicy.framework/Versions/A/SystemPolicy
0x000000000018a000 	/usr/lib/libIOReport.dylib
0x000000000018a000 	/usr/lib/libSMC.dylib
0x000000000018a000 	/usr/lib/libAudioToolboxUtility.dylib
0x000000000018a000 	/usr/lib/libmis.dylib
0x000000000018a000 	/System/Library/Frameworks/OpenGL.framework/Versions/A/Libraries/libGLU.dylib
0x000000000018a000 	/System/Library/Frameworks/OpenGL.framework/Versions/A/Libraries/libGFXShared.dylib
0x000000000018a000 	/System/Library/Frameworks/OpenGL.framework/Versions/A/Libraries/libGL.dylib
0x000000000018a000 	/System/Library/Frameworks/OpenGL.framework/Versions/A/Libraries/libGLImage.dylib
0x000000000018a000 	/System/Library/Frameworks/OpenGL.framework/Versions/A/Libraries/libCVMSPluginSupport.dylib
0x000000000018a000 	/System/Library/Frameworks/OpenGL.framework/Versions/A/Libraries/libCoreVMClient.dylib
0x000000000018a000 	/System/Library/Frameworks/OpenCL.framework/Versions/A/OpenCL
0x000000000018a000 	/System/Library/PrivateFrameworks/GraphVisualizer.framework/Versions/A/GraphVisualizer
0x000000000018a000 	/System/Library/PrivateFrameworks/FaceCore.framework/Versions/A/FaceCore
0x000000000018a000 	/System/Library/PrivateFrameworks/OTSVG.framework/Versions/A/OTSVG
0x000000000018a000 	/System/Library/Frameworks/ApplicationServices.framework/Versions/A/Frameworks/ATS.framework/Versions/A/Resources/libFontRegistry.dylib
0x000000000018a000 	/System/Library/PrivateFrameworks/FontServices.framework/libhvf.dylib
0x000000000018a000 	/System/Library/PrivateFrameworks/AppleVA.framework/Versions/A/AppleVA
0x000000000018a000 	/System/Library/Frameworks/ApplicationServices.framework/Versions/A/Frameworks/ATS.framework/Versions/A/ATS
0x000000000018a000 	/System/Library/Frameworks/ApplicationServices.framework/Versions/A/Frameworks/ColorSyncLegacy.framework/Versions/A/ColorSyncLegacy
0x000000000018a000 	/System/Library/Frameworks/ApplicationServices.framework/Versions/A/Frameworks/HIServices.framework/Versions/A/HIServices
0x000000000018a000 	/System/Library/Frameworks/ApplicationServices.framework/Versions/A/Frameworks/LangAnalysis.framework/Versions/A/LangAnalysis
0x000000000018a000 	/System/Library/Frameworks/ApplicationServices.framework/Versions/A/Frameworks/PrintCore.framework/Versions/A/PrintCore
0x000000000018a000 	/System/Library/Frameworks/ApplicationServices.framework/Versions/A/Frameworks/QD.framework/Versions/A/QD
0x000000000018a000 	/System/Library/Frameworks/ApplicationServices.framework/Versions/A/Frameworks/SpeechSynthesis.framework/Versions/A/SpeechSynthesis
0x000000000018a000 	/System/Library/Frameworks/ApplicationServices.framework/Versions/A/Frameworks/ATSUI.framework/Versions/A/ATSUI
0x000000000018a000 	/usr/lib/libcups.2.dylib
0x000000000018a000 	/System/Library/PrivateFrameworks/NetAuth.framework/Versions/A/NetAuth
0x000000000018a000 	/System/Library/Frameworks/Kerberos.framework/Versions/A/Kerberos
0x000000000018a000 	/System/Library/Frameworks/GSS.framework/Versions/A/GSS
0x000000000018a000 	/usr/lib/libresolv.9.dylib
0x000000000018a000 	/System/Library/PrivateFrameworks/Heimdal.framework/Versions/A/Heimdal
0x000000000018a000 	/System/Library/Frameworks/Kerberos.framework/Versions/A/Libraries/libHeimdalProxy.dylib
0x000000000018a000 	/System/Library/Frameworks/Network.framework/Versions/A/Network
0x000000000018a000 	/usr/lib/libheimdal-asn1.dylib
0x000000000018a000 	/System/Library/PrivateFrameworks/CommonAuth.framework/Versions/A/CommonAuth
0x000000000018a000 	/System/Library/PrivateFrameworks/login.framework/Versions/A/Frameworks/loginsupport.framework/Versions/A/loginsupport
0x000000000018a000 	/System/Library/PrivateFrameworks/AudioSession.framework/Versions/A/AudioSession
0x000000000018a000 	/usr/lib/libAudioStatistics.dylib
0x000000000018a000 	/System/Library/PrivateFrameworks/MediaExperience.framework/Versions/A/MediaExperience
0x000000000018a000 	/System/Library/PrivateFrameworks/AudioSession.framework/libSessionUtility.dylib
0x000000000018a000 	/usr/lib/libperfcheck.dylib
0x000000000018a000 	/System/Library/PrivateFrameworks/AudioResourceArbitration.framework/Versions/A/AudioResourceArbitration
0x000000000018a000 	/System/Library/PrivateFrameworks/IconFoundation.framework/Versions/A/IconFoundation
0x000000000018a000 	/System/Library/PrivateFrameworks/SpeechRecognitionCore.framework/Versions/A/SpeechRecognitionCore
0x0000000106737000 	/Library/Java/JavaVirtualMachines/jdk1.8.0_60.jdk/Contents/Home/jre/lib/server/libjvm.dylib
0x000000000018a000 	/usr/lib/libstdc++.6.dylib
0x00000001076c0000 	/Library/Java/JavaVirtualMachines/jdk1.8.0_60.jdk/Contents/Home/jre/lib/libverify.dylib
0x00000001076ce000 	/Library/Java/JavaVirtualMachines/jdk1.8.0_60.jdk/Contents/Home/jre/lib/libjava.dylib
0x000000010774d000 	/Library/Java/JavaVirtualMachines/jdk1.8.0_60.jdk/Contents/Home/jre/lib/libzip.dylib
0x000000000018a000 	/System/Library/Frameworks/JavaRuntimeSupport.framework/Versions/A/JavaRuntimeSupport
0x000000000018a000 	/System/Library/Frameworks/Carbon.framework/Versions/A/Carbon
0x000000000018a000 	/System/Library/PrivateFrameworks/CoreSymbolication.framework/Versions/A/CoreSymbolication
0x000000000018a000 	/System/Library/Frameworks/Carbon.framework/Versions/A/Frameworks/CommonPanels.framework/Versions/A/CommonPanels
0x000000000018a000 	/System/Library/Frameworks/Carbon.framework/Versions/A/Frameworks/Help.framework/Versions/A/Help
0x000000000018a000 	/System/Library/Frameworks/Carbon.framework/Versions/A/Frameworks/ImageCapture.framework/Versions/A/ImageCapture
0x000000000018a000 	/System/Library/Frameworks/Carbon.framework/Versions/A/Frameworks/OpenScripting.framework/Versions/A/OpenScripting
0x000000000018a000 	/System/Library/Frameworks/Carbon.framework/Versions/A/Frameworks/Ink.framework/Versions/A/Ink
0x000000000018a000 	/System/Library/Frameworks/Carbon.framework/Versions/A/Frameworks/Print.framework/Versions/A/Print
0x000000000018a000 	/System/Library/Frameworks/Carbon.framework/Versions/A/Frameworks/SecurityHI.framework/Versions/A/SecurityHI
0x000000000018a000 	/System/Library/PrivateFrameworks/DebugSymbols.framework/Versions/A/DebugSymbols
0x00000001220d5000 	/Library/Java/JavaVirtualMachines/jdk1.8.0_60.jdk/Contents/Home/jre/lib/libawt.dylib
0x000000012217d000 	/Library/Java/JavaVirtualMachines/jdk1.8.0_60.jdk/Contents/Home/jre/lib/libmlib_image.dylib
0x000000000018a000 	/System/Library/Frameworks/JavaNativeFoundation.framework/Versions/A/JavaNativeFoundation
0x0000000122249000 	/Library/Java/JavaVirtualMachines/jdk1.8.0_60.jdk/Contents/Home/jre/lib/libawt_lwawt.dylib
0x0000000107a81000 	/Library/Java/JavaVirtualMachines/jdk1.8.0_60.jdk/Contents/Home/jre/lib/libosxapp.dylib
0x000000000018a000 	/System/Library/Frameworks/ExceptionHandling.framework/Versions/A/ExceptionHandling
0x000000000018a000 	/System/Library/PrivateFrameworks/CoreServicesInternal.framework/Versions/A/CoreServicesInternal
0x000000000018a000 	/System/Library/Frameworks/FileProvider.framework/Versions/A/FileProvider
0x000000000018a000 	/System/Library/Frameworks/Accounts.framework/Versions/A/Accounts
0x000000000018a000 	/System/Library/PrivateFrameworks/GenerationalStorage.framework/Versions/A/GenerationalStorage
0x000000000018a000 	/System/Library/PrivateFrameworks/SymptomDiagnosticReporter.framework/Versions/A/SymptomDiagnosticReporter
0x000000000018a000 	/System/Library/PrivateFrameworks/DesktopServicesPriv.framework/Versions/A/DesktopServicesPriv
0x000000000018a000 	/usr/lib/libsandbox.1.dylib
0x000000000018a000 	/System/Library/PrivateFrameworks/UserManagement.framework/Versions/A/UserManagement
0x000000000018a000 	/System/Library/PrivateFrameworks/MobileKeyBag.framework/Versions/A/MobileKeyBag
0x000000000018a000 	/System/Library/PrivateFrameworks/ChunkingLibrary.framework/Versions/A/ChunkingLibrary
0x000000000018a000 	/System/Library/PrivateFrameworks/Sharing.framework/Versions/A/Sharing
0x000000000018a000 	/System/Library/PrivateFrameworks/Apple80211.framework/Versions/A/Apple80211
0x000000000018a000 	/System/Library/PrivateFrameworks/AuthKit.framework/Versions/A/AuthKit
0x000000000018a000 	/System/Library/PrivateFrameworks/CoreUtils.framework/Versions/A/CoreUtils
0x000000000018a000 	/System/Library/Frameworks/CoreWLAN.framework/Versions/A/CoreWLAN
0x000000000018a000 	/System/Library/Frameworks/IOBluetooth.framework/Versions/A/IOBluetooth
0x000000000018a000 	/System/Library/PrivateFrameworks/CoreWiFi.framework/Versions/A/CoreWiFi
0x000000000018a000 	/System/Library/PrivateFrameworks/CorePhoneNumbers.framework/Versions/A/CorePhoneNumbers
0x000000000018a000 	/System/Library/PrivateFrameworks/DiskManagement.framework/Versions/A/DiskManagement
0x000000000018a000 	/System/Library/PrivateFrameworks/AppleIDAuthSupport.framework/Versions/A/AppleIDAuthSupport
0x000000000018a000 	/System/Library/PrivateFrameworks/KeychainCircle.framework/Versions/A/KeychainCircle
0x000000000018a000 	/System/Library/PrivateFrameworks/MediaKit.framework/Versions/A/MediaKit
0x000000000018a000 	/System/Library/Frameworks/DiscRecording.framework/Versions/A/DiscRecording
0x000000000018a000 	/usr/lib/libCoreStorage.dylib
0x000000000018a000 	/usr/lib/libcsfde.dylib
0x000000000018a000 	/System/Library/PrivateFrameworks/ProtectedCloudStorage.framework/Versions/A/ProtectedCloudStorage
0x000000000018a000 	/System/Library/PrivateFrameworks/EFILogin.framework/Versions/A/EFILogin
0x000000000018a000 	/System/Library/Frameworks/AudioUnit.framework/Versions/A/AudioUnit
0x000000000018a000 	/System/Library/Frameworks/CoreBluetooth.framework/Versions/A/CoreBluetooth
0x000000000018a000 	/usr/lib/libMatch.1.dylib
0x000000000018a000 	/System/Library/CoreServices/RawCamera.bundle/Contents/MacOS/RawCamera
0x000000000018a000 	/System/Library/PrivateFrameworks/MobileAsset.framework/Versions/A/MobileAsset
0x000000000018a000 	/System/Library/PrivateFrameworks/StreamingZip.framework/Versions/A/StreamingZip
0x000000000018a000 	/System/Library/Frameworks/MediaToolbox.framework/Versions/A/MediaToolbox
0x000000000018a000 	/System/Library/PrivateFrameworks/CoreAVCHD.framework/Versions/A/CoreAVCHD
0x000000000018a000 	/System/Library/Frameworks/MediaAccessibility.framework/Versions/A/MediaAccessibility
0x000000000018a000 	/System/Library/PrivateFrameworks/Mangrove.framework/Versions/A/Mangrove
0x000000000018a000 	/System/Library/PrivateFrameworks/AlgosScoreFramework.framework/Versions/A/AlgosScoreFramework
0x000000000018a000 	/System/Library/PrivateFrameworks/AppleVPA.framework/Versions/A/AppleVPA
0x000000000018a000 	/System/Library/PrivateFrameworks/CoreAUC.framework/Versions/A/CoreAUC
0x000000000018a000 	/System/Library/Frameworks/Accelerate.framework/Versions/A/Frameworks/vImage.framework/Versions/A/Libraries/libCGInterfaces.dylib
0x0000000123eeb000 	/usr/lib/libobjc-trampolines.dylib
0x000000000018a000 	/System/Library/PrivateFrameworks/FamilyControls.framework/Versions/A/FamilyControls
0x000000000018a000 	/System/Library/PrivateFrameworks/CommerceKit.framework/Versions/A/Frameworks/CommerceCore.framework/Versions/A/CommerceCore
0x000000000018a000 	/System/Library/PrivateFrameworks/SystemAdministration.framework/Versions/A/SystemAdministration
0x000000000018a000 	/System/Library/PrivateFrameworks/AppContainer.framework/Versions/A/AppContainer
0x000000000018a000 	/System/Library/PrivateFrameworks/SecCodeWrapper.framework/Versions/A/SecCodeWrapper
0x000000000018a000 	/System/Library/PrivateFrameworks/CrashReporterSupport.framework/Versions/A/CrashReporterSupport
0x000000000018a000 	/System/Library/PrivateFrameworks/OSAnalytics.framework/Versions/A/OSAnalytics
0x000000000018a000 	/usr/lib/libRosetta.dylib
0x000000000018a000 	/System/Library/PrivateFrameworks/RemoteServiceDiscovery.framework/Versions/A/RemoteServiceDiscovery
0x000000000018a000 	/System/Library/PrivateFrameworks/Symbolication.framework/Versions/A/Symbolication
0x000000000018a000 	/System/Library/PrivateFrameworks/MallocStackLogging.framework/Versions/A/MallocStackLogging
0x000000000018a000 	/System/Library/PrivateFrameworks/login.framework/Versions/A/login
0x000000000018a000 	/System/Library/Frameworks/DirectoryService.framework/Versions/A/DirectoryService
0x000000000018a000 	/System/Library/PrivateFrameworks/DiskImages.framework/Versions/A/DiskImages
0x000000000018a000 	/System/Library/PrivateFrameworks/LoginUIKit.framework/Versions/A/Frameworks/LoginUICore.framework/Versions/A/LoginUICore
0x000000000018a000 	/usr/lib/libodfde.dylib
0x000000000018a000 	/usr/lib/libcurl.4.dylib
0x000000000018a000 	/usr/lib/libcrypto.44.dylib
0x000000000018a000 	/usr/lib/libssl.46.dylib
0x000000000018a000 	/System/Library/Frameworks/LDAP.framework/Versions/A/LDAP
0x000000000018a000 	/System/Library/PrivateFrameworks/TrustEvaluationAgent.framework/Versions/A/TrustEvaluationAgent
0x000000000018a000 	/usr/lib/libsasl2.2.dylib
0x000000000018a000 	/System/Library/PrivateFrameworks/CoreDaemon.framework/Versions/B/CoreDaemon
0x000000000018a000 	/System/Library/PrivateFrameworks/AppleSRP.framework/Versions/A/AppleSRP
0x000000000018a000 	/System/Library/PrivateFrameworks/ViewBridge.framework/Versions/A/ViewBridge
0x000000000018a000 	/System/Library/Frameworks/OpenGL.framework/Versions/A/Resources/GLEngine.bundle/GLEngine
0x000000000018a000 	/System/Library/Frameworks/OpenGL.framework/Versions/A/Libraries/libGLProgrammability.dylib
0x000000000018a000 	/System/Library/Extensions/AppleIntelICLGraphicsGLDriver.bundle/Contents/MacOS/AppleIntelICLGraphicsGLDriver
0x000000000018a000 	/System/Library/PrivateFrameworks/GPUSupport.framework/Versions/A/Libraries/libGPUSupportMercury.dylib
0x000000000018a000 	/System/Library/Frameworks/OpenGL.framework/Versions/A/Resources/GLRendererFloat.bundle/GLRendererFloat
0x0000000126614000 	/Library/Java/JavaVirtualMachines/jdk1.8.0_60.jdk/Contents/Home/jre/lib/libfontmanager.dylib
0x0000000126dc0000 	/Library/Java/JavaVirtualMachines/jdk1.8.0_60.jdk/Contents/Home/jre/lib/libosxui.dylib
0x0000000127165000 	/Library/Java/JavaVirtualMachines/jdk1.8.0_60.jdk/Contents/Home/jre/lib/libnet.dylib
0x000000012717c000 	/Library/Java/JavaVirtualMachines/jdk1.8.0_60.jdk/Contents/Home/jre/lib/libnio.dylib
0x0000000158803000 	/private/var/folders/29/yptmkhk54j53dmn29983x1680000gn/T/jogamp_0000/file_cache/jln5811313124062193976/jln2423937907227397456/libgluegen-rt.jnilib
0x0000000158807000 	/private/var/folders/29/yptmkhk54j53dmn29983x1680000gn/T/jogamp_0000/file_cache/jln5811313124062193976/jln2423937907227397456/libnativewindow_awt.jnilib
0x000000015880a000 	/Library/Java/JavaVirtualMachines/jdk1.8.0_60.jdk/Contents/Home/jre/lib/libjawt.dylib
0x000000015880d000 	/private/var/folders/29/yptmkhk54j53dmn29983x1680000gn/T/jogamp_0000/file_cache/jln5811313124062193976/jln2423937907227397456/libnativewindow_macosx.jnilib
0x0000000158817000 	/private/var/folders/29/yptmkhk54j53dmn29983x1680000gn/T/jogamp_0000/file_cache/jln5811313124062193976/jln2423937907227397456/libjogl_desktop.jnilib
0x0000000158b55000 	/Library/Java/JavaVirtualMachines/jdk1.8.0_60.jdk/Contents/Home/jre/lib/libsunec.dylib
0x00000001607e2000 	/Library/Java/JavaVirtualMachines/jdk1.8.0_60.jdk/Contents/Home/jre/lib/libt2k.dylib
0x00000001612f0000 	/Library/Java/JavaVirtualMachines/jdk1.8.0_60.jdk/Contents/Home/jre/lib/libjpeg.dylib

VM Arguments:
jvm_args: -Djava.security.policy=java.policy.applet -Dfile.encoding=UTF-8 
java_command: sun.applet.AppletViewer module5.EarthquakeCityMap1669434294015.html
java_class_path (initial): /Users/yxk/eclipse-workspace/UCSDUnfoldingMaps/build:/Users/yxk/eclipse-workspace/UCSDUnfoldingMaps/lib/core.jar:/Users/yxk/eclipse-workspace/UCSDUnfoldingMaps/lib/gluegen-rt.jar:/Users/yxk/eclipse-workspace/UCSDUnfoldingMaps/lib/jogl-all.jar:/Users/yxk/eclipse-workspace/UCSDUnfoldingMaps/lib/log4j-1.2.15.jar:/Users/yxk/eclipse-workspace/UCSDUnfoldingMaps/lib/sqlite-jdbc-3.7.2.jar:/Users/yxk/eclipse-workspace/UCSDUnfoldingMaps/lib/json4processing.jar:/Users/yxk/eclipse-workspace/UCSDUnfoldingMaps/lib/libTUIO.jar:/Users/yxk/eclipse-workspace/UCSDUnfoldingMaps/lib/unfolding.0.9.7-uscd.jar
Launcher Type: SUN_STANDARD

Environment Variables:
PATH=/usr/bin:/bin:/usr/sbin:/sbin
SHELL=/bin/zsh

Signal Handlers:
SIGSEGV: [libjvm.dylib+0x5a6d31], sa_mask[0]=11111111011111110111111111111111, sa_flags=SA_ONSTACK|SA_RESTART|SA_SIGINFO
SIGBUS: [libjvm.dylib+0x5a6d31], sa_mask[0]=11111111011111110111111111111111, sa_flags=SA_RESTART|SA_SIGINFO
SIGFPE: [libjvm.dylib+0x480a4c], sa_mask[0]=11111111011111110111111111111111, sa_flags=SA_RESTART|SA_SIGINFO
SIGPIPE: [libjvm.dylib+0x480a4c], sa_mask[0]=11111111011111110111111111111111, sa_flags=SA_RESTART|SA_SIGINFO
SIGXFSZ: [libjvm.dylib+0x480a4c], sa_mask[0]=11111111011111110111111111111111, sa_flags=SA_RESTART|SA_SIGINFO
SIGILL: [libjvm.dylib+0x480a4c], sa_mask[0]=11111111011111110111111111111111, sa_flags=SA_RESTART|SA_SIGINFO
SIGUSR1: SIG_DFL, sa_mask[0]=00000000000000000000000000000000, sa_flags=none
SIGUSR2: [libjvm.dylib+0x48056a], sa_mask[0]=00100000000000000000000000000000, sa_flags=SA_RESTART|SA_SIGINFO
SIGHUP: [libjvm.dylib+0x47eb41], sa_mask[0]=11111111011111110111111111111111, sa_flags=SA_RESTART|SA_SIGINFO
SIGINT: [libjvm.dylib+0x47eb41], sa_mask[0]=11111111011111110111111111111111, sa_flags=SA_RESTART|SA_SIGINFO
SIGTERM: [libjvm.dylib+0x47eb41], sa_mask[0]=11111111011111110111111111111111, sa_flags=SA_RESTART|SA_SIGINFO
SIGQUIT: [libjvm.dylib+0x47eb41], sa_mask[0]=11111111011111110111111111111111, sa_flags=SA_RESTART|SA_SIGINFO


---------------  S Y S T E M  ---------------

OS:Bsduname:Darwin 20.6.0 Darwin Kernel Version 20.6.0: Wed Jun 23 00:26:31 PDT 2021; root:xnu-7195.141.2~5/RELEASE_X86_64 x86_64
rlimit: STACK 8192k, CORE 0k, NPROC 1392, NOFILE 10240, AS infinity
load average:1.85 3.22 3.73

CPU:total 8 (4 cores per cpu, 2 threads per core) family 6 model 126 stepping 5, cmov, cx8, fxsr, mmx, sse, sse2, sse3, ssse3, sse4.1, sse4.2, popcnt, avx, avx2, aes, clmul, erms, 3dnowpref, lzcnt, ht, tsc, tscinvbit, bmi1, bmi2, adx

Memory: 4k page, physical 8388608k(65296k free)

/proc/meminfo:


vm_info: Java HotSpot(TM) 64-Bit Server VM (25.60-b23) for bsd-amd64 JRE (1.8.0_60-b27), built on Aug  4 2015 10:47:24 by "java_re" with gcc 4.2.1 (Based on Apple Inc. build 5658) (LLVM build 2336.11.00)

time: Sat Nov 26 11:45:16 2022
elapsed time: 22 seconds (0d 0h 0m 22s)

