#
# A fatal error has been detected by the Java Runtime Environment:
#
#  SIGSEGV (0xb) at pc=0x00007fff203a149f, pid=1567, tid=259
#
# JRE version: Java(TM) SE Runtime Environment (8.0_60-b27) (build 1.8.0_60-b27)
# Java VM: Java HotSpot(TM) 64-Bit Server VM (25.60-b23 mixed mode bsd-amd64 compressed oops)
# Problematic frame:
# C  [libobjc.A.dylib+0x849f]  objc_release+0xf
#
# Failed to write core dump. Core dumps have been disabled. To enable core dumping, try "ulimit -c unlimited" before starting Java again
#
# If you would like to submit a bug report, please visit:
#   http://bugreport.java.com/bugreport/crash.jsp
# The crash happened outside the Java Virtual Machine in native code.
# See problematic frame for where to report the bug.
#

---------------  T H R E A D  ---------------

Current thread (0x00007fd87887e000):  JavaThread "AWT-AppKit" daemon [_thread_in_native, id=259, stack(0x00007ffeee384000,0x00007ffeeeb84000)]

siginfo: si_signo: 11 (SIGSEGV), si_code: 0 (unknown), si_addr: 0x0000000000000000

Registers:
RAX=0x0000000000000000, RBX=0x0000000000000000, RCX=0x0000000000000003, RDX=0x0000000000000002
RSP=0x00007ffeeeb7f1b8, RBP=0x00007ffeeeb7f1e0, RSI=0x000000011cbbff00, RDI=0xb000000000000000
R8 =0x0000000000002800, R9 =0x00007fd87e300000, R10=0x00000001531ac842, R11=0x00007fff26d73cef
R12=0x0000000000000000, R13=0x0000000157e11488, R14=0x00007fd87fe8b470, R15=0x00007fd87887e000
RIP=0x00007fff203a149f, EFLAGS=0x0000000000010246, ERR=0x0000000000000000
  TRAPNO=0x000000000000000d

Top of Stack: (sp=0x00007ffeeeb7f1b8)
0x00007ffeeeb7f1b8:   000000011cb4952b ffffffffffffffff
0x00007ffeeeb7f1c8:   00000001531ac450 00000001531ac440
0x00007ffeeeb7f1d8:   00007fd87887e000 00007ffeeeb7f2a0
0x00007ffeeeb7f1e8:   00000001531aa215 00000001531ac700
0x00007ffeeeb7f1f8:   00000001531ac6e0 00000001531ac4b0
0x00007ffeeeb7f208:   0000000000000000 0000000157e11488
0x00007ffeeeb7f218:   0000000157e11488 00007fd87fe85530
0x00007ffeeeb7f228:   00000001531ac6a0 00000001531ac710
0x00007ffeeeb7f238:   00007fff809ac6c8 00007fff80e26700
0x00007ffeeeb7f248:   00000001531ac450 00000001531ac690
0x00007ffeeeb7f258:   00007fd87fe85530 00007fd87fe8b470
0x00007ffeeeb7f268:   00007fd877e1bef0 00007fd87fe85530
0x00007ffeeeb7f278:   00007fd87fe8b470 00007ffeeeb7f328
0x00007ffeeeb7f288:   00007fd87887e1f8 0000000157e11488
0x00007ffeeeb7f298:   00007ffeeeb7f350 00007ffeeeb7f318
0x00007ffeeeb7f2a8:   0000000106f9e954 0000000157e11488
0x00007ffeeeb7f2b8:   00007ffeeeb7f350 00007ffeeeb7f318
0x00007ffeeeb7f2c8:   0000000106f9e6e7 0000000106f9e6a2
0x00007ffeeeb7f2d8:   00007ffeeeb7f2d8 0000000157e11488
0x00007ffeeeb7f2e8:   00007ffeeeb7f350 0000000157d3fee8
0x00007ffeeeb7f2f8:   0000000000000000 0000000157e11488
0x00007ffeeeb7f308:   0000000000000000 00007ffeeeb7f338
0x00007ffeeeb7f318:   00007ffeeeb7f398 0000000106f90c4d
0x00007ffeeeb7f328:   000000074036f698 0000000106f98578
0x00007ffeeeb7f338:   00007fd87fe85530 00007ffeeeb7f398
0x00007ffeeeb7f348:   00007fd87fe8b470 0000000106f99d82
0x00007ffeeeb7f358:   00007ffeeeb7f358 0000000157e11652
0x00007ffeeeb7f368:   00007ffeeeb7f3c0 0000000157d3fee8
0x00007ffeeeb7f378:   0000000000000000 0000000157e11660
0x00007ffeeeb7f388:   00007ffeeeb7f338 00007ffeeeb7f3a8
0x00007ffeeeb7f398:   00007ffeeeb7f408 0000000106f90c4d
0x00007ffeeeb7f3a8:   00007fd87fe85530 000000074039fb70 

Instructions: (pc=0x00007fff203a149f)
0x00007fff203a147f:   48 89 df e8 0b f9 01 00 0f 0b 90 e9 21 40 00 00
0x00007fff203a148f:   90 48 85 ff 74 76 89 f8 83 e0 01 48 85 c0 75 6c
0x00007fff203a149f:   48 8b 07 48 b9 f8 ff ff ff ff 7f 00 00 48 21 c1
0x00007fff203a14af:   48 8b 51 20 f6 c2 04 74 54 a8 01 74 6f 48 b9 00 

Register to memory mapping:

RAX=0x0000000000000000 is an unknown value
RBX=0x0000000000000000 is an unknown value
RCX=0x0000000000000003 is an unknown value
RDX=0x0000000000000002 is an unknown value
RSP=0x00007ffeeeb7f1b8 is pointing into the stack for thread: 0x00007fd87887e000
RBP=0x00007ffeeeb7f1e0 is pointing into the stack for thread: 0x00007fd87887e000
RSI=0x000000011cbbff00: OBJC_IVAR_$_PrinterView.fCurPeekGraphics+0x1aa8 in /Library/Java/JavaVirtualMachines/jdk1.8.0_60.jdk/Contents/Home/jre/lib/libawt_lwawt.dylib at 0x000000011cb45000
RDI=0xb000000000000000 is an unknown value
R8 =0x0000000000002800 is an unknown value
R9 =0x00007fd87e300000 is an unknown value
R10=0x00000001531ac842: OBJC_CLASS_$_MyCALayer+0x2 in /private/var/folders/29/yptmkhk54j53dmn29983x1680000gn/T/jogamp_0000/file_cache/jln1851007180156712945/jln9132756538937599674/libnativewindow_macosx.jnilib at 0x00000001531a5000
R11=0x00007fff26d73cef: -[CALayer release]+0 in /System/Library/Frameworks/QuartzCore.framework/Versions/A/QuartzCore at 0x00007fff26d67000
R12=0x0000000000000000 is an unknown value
R13={method} {0x0000000157e11488} 'UnsetJAWTRootSurfaceLayer0' '(JJ)V' in 'jogamp/nativewindow/jawt/macosx/MacOSXJAWTWindow'
R14=0x00007fd87fe8b470 is an unknown value
R15=0x00007fd87887e000 is a thread


Stack: [0x00007ffeee384000,0x00007ffeeeb84000],  sp=0x00007ffeeeb7f1b8,  free space=8172k
Native frames: (J=compiled Java code, j=interpreted, Vv=VM code, C=native code)
C  [libobjc.A.dylib+0x849f]  objc_release+0xf
C  [libnativewindow_macosx.jnilib+0x5215]  Java_jogamp_nativewindow_jawt_macosx_MacOSXJAWTWindow_UnsetJAWTRootSurfaceLayer0+0x1a5
j  jogamp.nativewindow.jawt.macosx.MacOSXJAWTWindow.UnsetJAWTRootSurfaceLayer0(JJ)V+0
j  jogamp.nativewindow.jawt.macosx.MacOSXJAWTWindow.access$200(JJ)V+2
j  jogamp.nativewindow.jawt.macosx.MacOSXJAWTWindow$1.run()V+38
J 2278 C1 com.jogamp.common.util.RunnableTask.run()V (345 bytes) @ 0x0000000107345054 [0x0000000107344ec0+0x194]
v  ~StubRoutines::call_stub
V  [libjvm.dylib+0x2eab0e]  JavaCalls::call_helper(JavaValue*, methodHandle*, JavaCallArguments*, Thread*)+0x6ae
V  [libjvm.dylib+0x321bb7]  jni_invoke_nonstatic(JNIEnv_*, JavaValue*, _jobject*, JNICallType, _jmethodID*, JNI_ArgumentPusher*, Thread*)+0x2ec
V  [libjvm.dylib+0x31438b]  jni_CallVoidMethod+0x16b
C  [libnativewindow_macosx.jnilib+0x5326]  Java_jogamp_nativewindow_jawt_macosx_MacOSXJAWTWindow_UnsetJAWTRootSurfaceLayer0+0x2b6
C  [Foundation+0x80b81]  __NSThreadPerformPerform+0xcc
C  [CoreFoundation+0x8194c]  __CFRUNLOOP_IS_CALLING_OUT_TO_A_SOURCE0_PERFORM_FUNCTION__+0x11
C  [CoreFoundation+0x818b4]  __CFRunLoopDoSource0+0xb4
C  [CoreFoundation+0x81696]  __CFRunLoopDoSources0+0x154
C  [CoreFoundation+0x8005c]  __CFRunLoopRun+0x37d
C  [CoreFoundation+0x7f61c]  CFRunLoopRunSpecific+0x233
C  [HIToolbox+0x30a83]  RunCurrentEventLoopInMode+0x124
C  [HIToolbox+0x306b6]  ReceiveNextEventCommon+0x11c
C  [HIToolbox+0x30583]  _BlockUntilNextEventMatchingListInModeWithFilter+0x46
C  [AppKit+0x3f172]  _DPSNextEvent+0x360
C  [AppKit+0x3d945]  -[NSApplication(NSEvent) _nextEventMatchingEventMask:untilDate:inMode:dequeue:]+0x554
C  [libosxapp.dylib+0x23aa]  -[NSApplicationAWT nextEventMatchingMask:untilDate:inMode:dequeue:]+0x7c
C  [AppKit+0x2fc69]  -[NSApplication run]+0x24a
C  [libosxapp.dylib+0x214d]  +[NSApplicationAWT runAWTLoopWithApp:]+0x9c
C  [libawt_lwawt.dylib+0x44517]  -[AWTStarter starter:]+0x389
C  [Foundation+0x80b81]  __NSThreadPerformPerform+0xcc
C  [CoreFoundation+0x8194c]  __CFRUNLOOP_IS_CALLING_OUT_TO_A_SOURCE0_PERFORM_FUNCTION__+0x11
C  [CoreFoundation+0x818b4]  __CFRunLoopDoSource0+0xb4
C  [CoreFoundation+0x81634]  __CFRunLoopDoSources0+0xf2
C  [CoreFoundation+0x8005c]  __CFRunLoopRun+0x37d
C  [CoreFoundation+0x7f61c]  CFRunLoopRunSpecific+0x233
C  [java+0x6463]  CreateExecutionEnvironment+0x367
C  [java+0x21ac]  JLI_Launch+0x7a0
C  [java+0x84c0]  main+0x65
C  [java+0x1a04]  start+0x34
C  0x0000000000000007

Java frames: (J=compiled Java code, j=interpreted, Vv=VM code)
j  jogamp.nativewindow.jawt.macosx.MacOSXJAWTWindow.UnsetJAWTRootSurfaceLayer0(JJ)V+0
j  jogamp.nativewindow.jawt.macosx.MacOSXJAWTWindow.access$200(JJ)V+2
j  jogamp.nativewindow.jawt.macosx.MacOSXJAWTWindow$1.run()V+38
J 2278 C1 com.jogamp.common.util.RunnableTask.run()V (345 bytes) @ 0x0000000107345054 [0x0000000107344ec0+0x194]
v  ~StubRoutines::call_stub

---------------  P R O C E S S  ---------------

Java Threads: ( => current thread )
  0x00007fd8791ec800 JavaThread "Thread-19" [_thread_blocked, id=67083, stack(0x000070000ab4e000,0x000070000ac4e000)]
  0x00007fd87bcac800 JavaThread "Keep-Alive-Timer" daemon [_thread_blocked, id=69911, stack(0x000070000b3ef000,0x000070000b4ef000)]
  0x00007fd879966800 JavaThread "Animation Thread" [_thread_blocked, id=58639, stack(0x000070000b1e9000,0x000070000b2e9000)]
  0x00007fd87995c000 JavaThread "AWT-EventQueue-1" [_thread_in_native, id=72239, stack(0x000070000b2ec000,0x000070000b3ec000)]
  0x00007fd87b963000 JavaThread "DestroyJavaVM" [_thread_blocked, id=3843, stack(0x0000700009589000,0x0000700009689000)]
  0x00007fd8790f8000 JavaThread "AWT-EventQueue-0" [_thread_blocked, id=51483, stack(0x000070000b0e6000,0x000070000b1e6000)]
  0x00007fd879880800 JavaThread "Java2D Disposer" daemon [_thread_blocked, id=50691, stack(0x000070000aee0000,0x000070000afe0000)]
  0x00007fd87c09f800 JavaThread "Java2D Queue Flusher" daemon [_thread_blocked, id=86327, stack(0x000070000addd000,0x000070000aedd000)]
  0x00007fd8790e6000 JavaThread "AWT-Shutdown" [_thread_blocked, id=28199, stack(0x000070000aa4b000,0x000070000ab4b000)]
=>0x00007fd87887e000 JavaThread "AWT-AppKit" daemon [_thread_in_native, id=259, stack(0x00007ffeee384000,0x00007ffeeeb84000)]
  0x00007fd878029800 JavaThread "Service Thread" daemon [_thread_blocked, id=17155, stack(0x000070000a7c2000,0x000070000a8c2000)]
  0x00007fd87900d800 JavaThread "C1 CompilerThread3" daemon [_thread_blocked, id=15875, stack(0x000070000a6bf000,0x000070000a7bf000)]
  0x00007fd87a82d800 JavaThread "C2 CompilerThread2" daemon [_thread_blocked, id=17667, stack(0x000070000a5bc000,0x000070000a6bc000)]
  0x00007fd878028800 JavaThread "C2 CompilerThread1" daemon [_thread_blocked, id=15619, stack(0x000070000a4b9000,0x000070000a5b9000)]
  0x00007fd878035800 JavaThread "C2 CompilerThread0" daemon [_thread_blocked, id=18435, stack(0x000070000a3b6000,0x000070000a4b6000)]
  0x00007fd87a821800 JavaThread "Signal Dispatcher" daemon [_thread_blocked, id=15107, stack(0x000070000a2b3000,0x000070000a3b3000)]
  0x00007fd87a81a800 JavaThread "Finalizer" daemon [_thread_blocked, id=13059, stack(0x000070000a0aa000,0x000070000a1aa000)]
  0x00007fd87b00b800 JavaThread "Reference Handler" daemon [_thread_blocked, id=12547, stack(0x0000700009fa7000,0x000070000a0a7000)]

Other Threads:
  0x00007fd87b809800 VMThread [stack: 0x0000700009ea4000,0x0000700009fa4000] [id=20739]
  0x00007fd87901f000 WatcherThread [stack: 0x000070000a8c5000,0x000070000a9c5000] [id=16899]

VM state:not at safepoint (normal execution)

VM Mutex/Monitor currently owned by a thread: None

Heap:
 PSYoungGen      total 71680K, used 23845K [0x0000000795580000, 0x000000079bc80000, 0x00000007c0000000)
  eden space 66560K, 28% used [0x0000000795580000,0x00000007967f52e8,0x0000000799680000)
  from space 5120K, 96% used [0x0000000799680000,0x0000000799b54170,0x0000000799b80000)
  to   space 14848K, 0% used [0x000000079ae00000,0x000000079ae00000,0x000000079bc80000)
 ParOldGen       total 59904K, used 16653K [0x0000000740000000, 0x0000000743a80000, 0x0000000795580000)
  object space 59904K, 27% used [0x0000000740000000,0x0000000741043438,0x0000000743a80000)
 Metaspace       used 24087K, capacity 24359K, committed 24576K, reserved 1071104K
  class space    used 2375K, capacity 2450K, committed 2560K, reserved 1048576K

Card table byte_map: [0x0000000101505000,0x0000000101906000] byte_map_base: 0x00000000fdb05000

Marking Bits: (ParMarkBitMap*) 0x00000001068dee20
 Begin Bits: [0x0000000115f89000, 0x0000000117f89000)
 End Bits:   [0x0000000117f89000, 0x0000000119f89000)

Polling page: 0x00000001010f2000

CodeCache: size=245760Kb used=9990Kb max_used=9992Kb free=235769Kb
 bounds [0x0000000106f89000, 0x0000000107969000, 0x0000000115f89000]
 total_blobs=3747 nmethods=2826 adapters=834
 compilation: enabled

Compilation events (10 events):
Event: 16.288 Thread 0x00007fd878035800 nmethod 3136 0x000000010794ff50 code [0x00000001079500a0, 0x0000000107950158]
Event: 16.289 Thread 0x00007fd878028800 nmethod 3133 0x0000000107953c10 code [0x0000000107953d60, 0x0000000107953f48]
Event: 16.289 Thread 0x00007fd87a82d800 3137       4       java.awt.Rectangle::<init> (26 bytes)
Event: 16.290 Thread 0x00007fd87900d800 3138       1       sun.java2d.SurfaceData::isValid (5 bytes)
Event: 16.290 Thread 0x00007fd87a82d800 nmethod 3137 0x0000000107123310 code [0x0000000107123460, 0x00000001071234d8]
Event: 16.290 Thread 0x00007fd87900d800 nmethod 3138 0x0000000107951f10 code [0x0000000107952060, 0x0000000107952170]
Event: 16.290 Thread 0x00007fd87900d800 3139       3       sun.java2d.pipe.RenderBuffer::putFloat (26 bytes)
Event: 16.290 Thread 0x00007fd87900d800 nmethod 3139 0x0000000107959b90 code [0x0000000107959d00, 0x0000000107959e90]
Event: 16.302 Thread 0x00007fd87900d800 3141       3       java.util.HashMap::putVal (300 bytes)
Event: 16.304 Thread 0x00007fd87900d800 nmethod 3141 0x0000000107957f90 code [0x0000000107958200, 0x00000001079594b8]

GC Heap History (10 events):
Event: 6.161 GC heap before
{Heap before GC invocations=2 (full 0):
 PSYoungGen      total 38400K, used 38203K [0x0000000795580000, 0x0000000798000000, 0x00000007c0000000)
  eden space 33280K, 100% used [0x0000000795580000,0x0000000797600000,0x0000000797600000)
  from space 5120K, 96% used [0x0000000797600000,0x0000000797aceed0,0x0000000797b00000)
  to   space 5120K, 0% used [0x0000000797b00000,0x0000000797b00000,0x0000000798000000)
 ParOldGen       total 87552K, used 16K [0x0000000740000000, 0x0000000745580000, 0x0000000795580000)
  object space 87552K, 0% used [0x0000000740000000,0x0000000740004000,0x0000000745580000)
 Metaspace       used 20207K, capacity 20433K, committed 20736K, reserved 1067008K
  class space    used 2074K, capacity 2191K, committed 2304K, reserved 1048576K
Event: 6.178 GC heap after
Heap after GC invocations=2 (full 0):
 PSYoungGen      total 38400K, used 5105K [0x0000000795580000, 0x0000000798000000, 0x00000007c0000000)
  eden space 33280K, 0% used [0x0000000795580000,0x0000000795580000,0x0000000797600000)
  from space 5120K, 99% used [0x0000000797b00000,0x0000000797ffc790,0x0000000798000000)
  to   space 5120K, 0% used [0x0000000797600000,0x0000000797600000,0x0000000797b00000)
 ParOldGen       total 87552K, used 3733K [0x0000000740000000, 0x0000000745580000, 0x0000000795580000)
  object space 87552K, 4% used [0x0000000740000000,0x00000007403a5418,0x0000000745580000)
 Metaspace       used 20207K, capacity 20433K, committed 20736K, reserved 1067008K
  class space    used 2074K, capacity 2191K, committed 2304K, reserved 1048576K
}
Event: 6.641 GC heap before
{Heap before GC invocations=3 (full 0):
 PSYoungGen      total 38400K, used 7787K [0x0000000795580000, 0x0000000798000000, 0x00000007c0000000)
  eden space 33280K, 8% used [0x0000000795580000,0x000000079581e768,0x0000000797600000)
  from space 5120K, 99% used [0x0000000797b00000,0x0000000797ffc790,0x0000000798000000)
  to   space 5120K, 0% used [0x0000000797600000,0x0000000797600000,0x0000000797b00000)
 ParOldGen       total 87552K, used 3733K [0x0000000740000000, 0x0000000745580000, 0x0000000795580000)
  object space 87552K, 4% used [0x0000000740000000,0x00000007403a5418,0x0000000745580000)
 Metaspace       used 20881K, capacity 21117K, committed 21248K, reserved 1069056K
  class space    used 2140K, capacity 2225K, committed 2304K, reserved 1048576K
Event: 6.652 GC heap after
Heap after GC invocations=3 (full 0):
 PSYoungGen      total 38400K, used 5105K [0x0000000795580000, 0x000000079a080000, 0x00000007c0000000)
  eden space 33280K, 0% used [0x0000000795580000,0x0000000795580000,0x0000000797600000)
  from space 5120K, 99% used [0x0000000797600000,0x0000000797afc710,0x0000000797b00000)
  to   space 5120K, 0% used [0x0000000799b80000,0x0000000799b80000,0x000000079a080000)
 ParOldGen       total 87552K, used 4321K [0x0000000740000000, 0x0000000745580000, 0x0000000795580000)
  object space 87552K, 4% used [0x0000000740000000,0x0000000740438708,0x0000000745580000)
 Metaspace       used 20881K, capacity 21117K, committed 21248K, reserved 1069056K
  class space    used 2140K, capacity 2225K, committed 2304K, reserved 1048576K
}
Event: 6.652 GC heap before
{Heap before GC invocations=4 (full 1):
 PSYoungGen      total 38400K, used 5105K [0x0000000795580000, 0x000000079a080000, 0x00000007c0000000)
  eden space 33280K, 0% used [0x0000000795580000,0x0000000795580000,0x0000000797600000)
  from space 5120K, 99% used [0x0000000797600000,0x0000000797afc710,0x0000000797b00000)
  to   space 5120K, 0% used [0x0000000799b80000,0x0000000799b80000,0x000000079a080000)
 ParOldGen       total 87552K, used 4321K [0x0000000740000000, 0x0000000745580000, 0x0000000795580000)
  object space 87552K, 4% used [0x0000000740000000,0x0000000740438708,0x0000000745580000)
 Metaspace       used 20881K, capacity 21117K, committed 21248K, reserved 1069056K
  class space    used 2140K, capacity 2225K, committed 2304K, reserved 1048576K
Event: 6.713 GC heap after
Heap after GC invocations=4 (full 1):
 PSYoungGen      total 38400K, used 0K [0x0000000795580000, 0x000000079a080000, 0x00000007c0000000)
  eden space 33280K, 0% used [0x0000000795580000,0x0000000795580000,0x0000000797600000)
  from space 5120K, 0% used [0x0000000797600000,0x0000000797600000,0x0000000797b00000)
  to   space 5120K, 0% used [0x0000000799b80000,0x0000000799b80000,0x000000079a080000)
 ParOldGen       total 59904K, used 7417K [0x0000000740000000, 0x0000000743a80000, 0x0000000795580000)
  object space 59904K, 12% used [0x0000000740000000,0x000000074073e7a8,0x0000000743a80000)
 Metaspace       used 20881K, capacity 21117K, committed 21248K, reserved 1069056K
  class space    used 2140K, capacity 2225K, committed 2304K, reserved 1048576K
}
Event: 8.481 GC heap before
{Heap before GC invocations=5 (full 1):
 PSYoungGen      total 38400K, used 33179K [0x0000000795580000, 0x000000079a080000, 0x00000007c0000000)
  eden space 33280K, 99% used [0x0000000795580000,0x00000007975e6d68,0x0000000797600000)
  from space 5120K, 0% used [0x0000000797600000,0x0000000797600000,0x0000000797b00000)
  to   space 5120K, 0% used [0x0000000799b80000,0x0000000799b80000,0x000000079a080000)
 ParOldGen       total 59904K, used 7417K [0x0000000740000000, 0x0000000743a80000, 0x0000000795580000)
  object space 59904K, 12% used [0x0000000740000000,0x000000074073e7a8,0x0000000743a80000)
 Metaspace       used 23422K, capacity 23649K, committed 23808K, reserved 1071104K
  class space    used 2367K, capacity 2449K, committed 2560K, reserved 1048576K
Event: 8.494 GC heap after
Heap after GC invocations=5 (full 1):
 PSYoungGen      total 56320K, used 5104K [0x0000000795580000, 0x000000079a080000, 0x00000007c0000000)
  eden space 51200K, 0% used [0x0000000795580000,0x0000000795580000,0x0000000798780000)
  from space 5120K, 99% used [0x0000000799b80000,0x000000079a07c1d0,0x000000079a080000)
  to   space 5120K, 0% used [0x0000000799680000,0x0000000799680000,0x0000000799b80000)
 ParOldGen       total 59904K, used 16389K [0x0000000740000000, 0x0000000743a80000, 0x0000000795580000)
  object space 59904K, 27% used [0x0000000740000000,0x0000000741001428,0x0000000743a80000)
 Metaspace       used 23422K, capacity 23649K, committed 23808K, reserved 1071104K
  class space    used 2367K, capacity 2449K, committed 2560K, reserved 1048576K
}
Event: 13.889 GC heap before
{Heap before GC invocations=6 (full 1):
 PSYoungGen      total 56320K, used 56304K [0x0000000795580000, 0x000000079a080000, 0x00000007c0000000)
  eden space 51200K, 100% used [0x0000000795580000,0x0000000798780000,0x0000000798780000)
  from space 5120K, 99% used [0x0000000799b80000,0x000000079a07c1d0,0x000000079a080000)
  to   space 5120K, 0% used [0x0000000799680000,0x0000000799680000,0x0000000799b80000)
 ParOldGen       total 59904K, used 16389K [0x0000000740000000, 0x0000000743a80000, 0x0000000795580000)
  object space 59904K, 27% used [0x0000000740000000,0x0000000741001428,0x0000000743a80000)
 Metaspace       used 23955K, capacity 24231K, committed 24576K, reserved 1071104K
  class space    used 2368K, capacity 2450K, committed 2560K, reserved 1048576K
Event: 13.897 GC heap after
Heap after GC invocations=6 (full 1):
 PSYoungGen      total 71680K, used 4944K [0x0000000795580000, 0x000000079bc80000, 0x00000007c0000000)
  eden space 66560K, 0% used [0x0000000795580000,0x0000000795580000,0x0000000799680000)
  from space 5120K, 96% used [0x0000000799680000,0x0000000799b54170,0x0000000799b80000)
  to   space 14848K, 0% used [0x000000079ae00000,0x000000079ae00000,0x000000079bc80000)
 ParOldGen       total 59904K, used 16653K [0x0000000740000000, 0x0000000743a80000, 0x0000000795580000)
  object space 59904K, 27% used [0x0000000740000000,0x0000000741043438,0x0000000743a80000)
 Metaspace       used 23955K, capacity 24231K, committed 24576K, reserved 1071104K
  class space    used 2368K, capacity 2450K, committed 2560K, reserved 1048576K
}

Deoptimization events (10 events):
Event: 8.078 Thread 0x00007fd87995c000 Uncommon trap: reason=unstable_if action=reinterpret pc=0x000000010734dab8 method=java.io.BufferedReader.readLine(Z)Ljava/lang/String; @ 153
Event: 8.084 Thread 0x00007fd87995c000 Uncommon trap: reason=unstable_if action=reinterpret pc=0x0000000107630504 method=java.lang.String.trim()Ljava/lang/String; @ 15
Event: 8.342 Thread 0x00007fd878332000 Uncommon trap: reason=unstable_if action=reinterpret pc=0x00000001076e7dfc method=sun.awt.image.PNGImageDecoder.produceImage()V @ 867
Event: 8.472 Thread 0x00007fd87995c000 Uncommon trap: reason=unstable_if action=reinterpret pc=0x000000010716be0c method=processing.opengl.PGraphicsOpenGL$Tessellator.addLineSegment3D(III[SZ)I @ 20
Event: 16.285 Thread 0x00007fd87995c000 Uncommon trap: reason=unstable_if action=reinterpret pc=0x00000001075d22e8 method=com.jogamp.common.util.VersionNumber.compareTo(Lcom/jogamp/common/util/VersionNumber;)I @ 21
Event: 16.289 Thread 0x00007fd8790f8000 Uncommon trap: reason=unstable_if action=reinterpret pc=0x000000010775acb8 method=java.awt.font.FontRenderContext.equals(Ljava/awt/font/FontRenderContext;)Z @ 2
Event: 16.290 Thread 0x00007fd8790f8000 Uncommon trap: reason=unstable_if action=reinterpret pc=0x000000010779b614 method=java.awt.Font.equals(Ljava/lang/Object;)Z @ 2
Event: 16.302 Thread 0x00007fd87988f000 Uncommon trap: reason=unstable_if action=reinterpret pc=0x00000001073fb3d8 method=java.util.HashMap.putVal(ILjava/lang/Object;Ljava/lang/Object;ZZ)Ljava/lang/Object; @ 81
Event: 16.302 Thread 0x00007fd87988f000 Uncommon trap: reason=unstable_if action=reinterpret pc=0x00000001073f81d8 method=java.util.HashMap.putVal(ILjava/lang/Object;Ljava/lang/Object;ZZ)Ljava/lang/Object; @ 81
Event: 16.322 Thread 0x00007fd87995c000 Uncommon trap: reason=unstable_if action=reinterpret pc=0x0000000107943588 method=java.security.AccessControlContext.optimize()Ljava/security/AccessControlContext; @ 233

Internal exceptions (10 events):
Event: 0.356 Thread 0x00007fd87a80d800 Exception <a 'java/lang/NoSuchFieldError': method resolution failed> (0x000000079583f3d0) thrown at [/Users/java_re/workspace/8-2-build-macosx-x86_64/jdk8u60/4407/hotspot/src/share/vm/prims/methodHandles.cpp, line 1146]
Event: 0.880 Thread 0x00007fd87a80d800 Exception <a 'java/io/FileNotFoundException'> (0x00000007958bb310) thrown at [/Users/java_re/workspace/8-2-build-macosx-x86_64/jdk8u60/4407/hotspot/src/share/vm/prims/jni.cpp, line 709]
Event: 0.881 Thread 0x00007fd87a80d800 Exception <a 'java/io/FileNotFoundException'> (0x00000007958bbe40) thrown at [/Users/java_re/workspace/8-2-build-macosx-x86_64/jdk8u60/4407/hotspot/src/share/vm/prims/jni.cpp, line 709]
Event: 0.930 Thread 0x00007fd87a80d800 Exception <a 'java/io/FileNotFoundException'> (0x00000007959ad408) thrown at [/Users/java_re/workspace/8-2-build-macosx-x86_64/jdk8u60/4407/hotspot/src/share/vm/prims/jni.cpp, line 709]
Event: 1.072 Thread 0x00007fd87a80d800 Exception <a 'java/io/FileNotFoundException'> (0x00000007959eeec8) thrown at [/Users/java_re/workspace/8-2-build-macosx-x86_64/jdk8u60/4407/hotspot/src/share/vm/prims/jni.cpp, line 709]
Event: 3.817 Thread 0x00007fd879966800 Exception <a 'java/lang/UnsatisfiedLinkError': com.jogamp.common.util.JarUtil.fixNativeLibAttribs(Ljava/lang/String;)Z> (0x0000000796bb2da8) thrown at [/Users/java_re/workspace/8-2-build-macosx-x86_64/jdk8u60/4407/hotspot/src/share/vm/prims/nativeLookup.c
Event: 4.841 Thread 0x00007fd87a81a800 Exception <a 'java/lang/NullPointerException'> (0x00000007956a31e8) thrown at [/Users/java_re/workspace/8-2-build-macosx-x86_64/jdk8u60/4407/hotspot/src/share/vm/interpreter/linkResolver.cpp, line 1178]
Event: 5.560 Thread 0x00007fd87995c000 Exception <a 'java/io/FileNotFoundException'> (0x0000000795ec0020) thrown at [/Users/java_re/workspace/8-2-build-macosx-x86_64/jdk8u60/4407/hotspot/src/share/vm/prims/jni.cpp, line 709]
Event: 5.560 Thread 0x00007fd87995c000 Exception <a 'java/io/FileNotFoundException'> (0x0000000795ec5e10) thrown at [/Users/java_re/workspace/8-2-build-macosx-x86_64/jdk8u60/4407/hotspot/src/share/vm/prims/jni.cpp, line 709]
Event: 5.560 Thread 0x00007fd87995c000 Implicit null exception at 0x00000001071304f5 to 0x0000000107130859

Events (10 events):
Event: 16.322 Thread 0x00007fd87995c000 DEOPT UNPACKING pc=0x0000000106f8e229 sp=0x000070000b3e9940 mode 2
Event: 16.322 loading class java/awt/LightweightDispatcher$2
Event: 16.322 loading class java/awt/LightweightDispatcher$2 done
Event: 16.322 loading class java/awt/event/AWTEventListenerProxy
Event: 16.322 loading class java/awt/event/AWTEventListenerProxy done
Event: 16.322 loading class java/awt/Toolkit$ToolkitEventMulticaster
Event: 16.322 loading class java/awt/Toolkit$ToolkitEventMulticaster done
Event: 16.322 Thread 0x00007fd87988f000 Thread exited: 0x00007fd87988f000
Event: 16.323 loading class java/awt/Window$1DisposeAction
Event: 16.323 loading class java/awt/Window$1DisposeAction done


Dynamic libraries:
0x00000000001f3000 	/System/Library/Frameworks/Cocoa.framework/Versions/A/Cocoa
0x00000000001f3000 	/System/Library/Frameworks/Security.framework/Versions/A/Security
0x00000000001f3000 	/System/Library/Frameworks/ApplicationServices.framework/Versions/A/ApplicationServices
0x00000000001f3000 	/usr/lib/libz.1.dylib
0x00000000001f3000 	/usr/lib/libSystem.B.dylib
0x00000000001f3000 	/usr/lib/libobjc.A.dylib
0x00000000001f3000 	/System/Library/Frameworks/CoreFoundation.framework/Versions/A/CoreFoundation
0x00000000001f3000 	/System/Library/Frameworks/Foundation.framework/Versions/C/Foundation
0x00000000001f3000 	/System/Library/Frameworks/AppKit.framework/Versions/C/AppKit
0x00000000001f3000 	/System/Library/Frameworks/CoreData.framework/Versions/A/CoreData
0x00000000001f3000 	/System/Library/PrivateFrameworks/UIFoundation.framework/Versions/A/UIFoundation
0x00000000001f3000 	/System/Library/PrivateFrameworks/RemoteViewServices.framework/Versions/A/RemoteViewServices
0x00000000001f3000 	/System/Library/PrivateFrameworks/XCTTargetBootstrap.framework/Versions/A/XCTTargetBootstrap
0x00000000001f3000 	/usr/lib/libspindump.dylib
0x00000000001f3000 	/System/Library/Frameworks/UniformTypeIdentifiers.framework/Versions/A/UniformTypeIdentifiers
0x00000000001f3000 	/usr/lib/libapp_launch_measurement.dylib
0x00000000001f3000 	/System/Library/PrivateFrameworks/CoreAutoLayout.framework/Versions/A/CoreAutoLayout
0x00000000001f3000 	/System/Library/Frameworks/Metal.framework/Versions/A/Metal
0x00000000001f3000 	/usr/lib/liblangid.dylib
0x00000000001f3000 	/System/Library/PrivateFrameworks/CoreSVG.framework/Versions/A/CoreSVG
0x00000000001f3000 	/System/Library/PrivateFrameworks/SkyLight.framework/Versions/A/SkyLight
0x00000000001f3000 	/System/Library/Frameworks/CoreGraphics.framework/Versions/A/CoreGraphics
0x00000000001f3000 	/System/Library/Frameworks/Accelerate.framework/Versions/A/Accelerate
0x00000000001f3000 	/System/Library/PrivateFrameworks/IconServices.framework/Versions/A/IconServices
0x00000000001f3000 	/System/Library/Frameworks/IOSurface.framework/Versions/A/IOSurface
0x00000000001f3000 	/usr/lib/libDiagnosticMessagesClient.dylib
0x00000000001f3000 	/System/Library/PrivateFrameworks/DFRFoundation.framework/Versions/A/DFRFoundation
0x00000000001f3000 	/usr/lib/libicucore.A.dylib
0x00000000001f3000 	/System/Library/Frameworks/AudioToolbox.framework/Versions/A/AudioToolbox
0x00000000001f3000 	/System/Library/PrivateFrameworks/DataDetectorsCore.framework/Versions/A/DataDetectorsCore
0x00000000001f3000 	/usr/lib/libMobileGestalt.dylib
0x00000000001f3000 	/System/Library/Frameworks/Carbon.framework/Versions/A/Frameworks/HIToolbox.framework/Versions/A/HIToolbox
0x00000000001f3000 	/System/Library/Frameworks/QuartzCore.framework/Versions/A/QuartzCore
0x00000000001f3000 	/System/Library/Frameworks/Carbon.framework/Versions/A/Frameworks/SpeechRecognition.framework/Versions/A/SpeechRecognition
0x00000000001f3000 	/System/Library/PrivateFrameworks/CoreUI.framework/Versions/A/CoreUI
0x00000000001f3000 	/System/Library/Frameworks/CoreAudio.framework/Versions/A/CoreAudio
0x00000000001f3000 	/System/Library/Frameworks/DiskArbitration.framework/Versions/A/DiskArbitration
0x00000000001f3000 	/System/Library/PrivateFrameworks/MultitouchSupport.framework/Versions/A/MultitouchSupport
0x00000000001f3000 	/System/Library/PrivateFrameworks/InternationalSupport.framework/Versions/A/InternationalSupport
0x00000000001f3000 	/usr/lib/libenergytrace.dylib
0x00000000001f3000 	/System/Library/Frameworks/IOKit.framework/Versions/A/IOKit
0x00000000001f3000 	/System/Library/Frameworks/CoreServices.framework/Versions/A/CoreServices
0x00000000001f3000 	/System/Library/PrivateFrameworks/PerformanceAnalysis.framework/Versions/A/PerformanceAnalysis
0x00000000001f3000 	/System/Library/Frameworks/OpenGL.framework/Versions/A/OpenGL
0x00000000001f3000 	/System/Library/PrivateFrameworks/UserActivity.framework/Versions/A/UserActivity
0x00000000001f3000 	/System/Library/Frameworks/ColorSync.framework/Versions/A/ColorSync
0x00000000001f3000 	/System/Library/Frameworks/CoreImage.framework/Versions/A/CoreImage
0x00000000001f3000 	/System/Library/Frameworks/CoreText.framework/Versions/A/CoreText
0x00000000001f3000 	/System/Library/Frameworks/ImageIO.framework/Versions/A/ImageIO
0x00000000001f3000 	/System/Library/PrivateFrameworks/SoftLinking.framework/Versions/A/SoftLinking
0x00000000001f3000 	/usr/lib/libxml2.2.dylib
0x00000000001f3000 	/usr/lib/libc++.1.dylib
0x00000000001f3000 	/usr/lib/libcompression.dylib
0x00000000001f3000 	/System/Library/PrivateFrameworks/TextureIO.framework/Versions/A/TextureIO
0x00000000001f3000 	/usr/lib/libate.dylib
0x00000000001f3000 	/usr/lib/system/libcache.dylib
0x00000000001f3000 	/usr/lib/system/libcommonCrypto.dylib
0x00000000001f3000 	/usr/lib/system/libcompiler_rt.dylib
0x00000000001f3000 	/usr/lib/system/libcopyfile.dylib
0x00000000001f3000 	/usr/lib/system/libcorecrypto.dylib
0x00000000001f3000 	/usr/lib/system/libdispatch.dylib
0x00000000001f3000 	/usr/lib/system/libdyld.dylib
0x00000000001f3000 	/usr/lib/system/libkeymgr.dylib
0x00000000001f3000 	/usr/lib/system/liblaunch.dylib
0x00000000001f3000 	/usr/lib/system/libmacho.dylib
0x00000000001f3000 	/usr/lib/system/libquarantine.dylib
0x00000000001f3000 	/usr/lib/system/libremovefile.dylib
0x00000000001f3000 	/usr/lib/system/libsystem_asl.dylib
0x00000000001f3000 	/usr/lib/system/libsystem_blocks.dylib
0x00000000001f3000 	/usr/lib/system/libsystem_c.dylib
0x00000000001f3000 	/usr/lib/system/libsystem_collections.dylib
0x00000000001f3000 	/usr/lib/system/libsystem_configuration.dylib
0x00000000001f3000 	/usr/lib/system/libsystem_containermanager.dylib
0x00000000001f3000 	/usr/lib/system/libsystem_coreservices.dylib
0x00000000001f3000 	/usr/lib/system/libsystem_darwin.dylib
0x00000000001f3000 	/usr/lib/system/libsystem_dnssd.dylib
0x00000000001f3000 	/usr/lib/system/libsystem_featureflags.dylib
0x00000000001f3000 	/usr/lib/system/libsystem_info.dylib
0x00000000001f3000 	/usr/lib/system/libsystem_m.dylib
0x00000000001f3000 	/usr/lib/system/libsystem_malloc.dylib
0x00000000001f3000 	/usr/lib/system/libsystem_networkextension.dylib
0x00000000001f3000 	/usr/lib/system/libsystem_notify.dylib
0x00000000001f3000 	/usr/lib/system/libsystem_product_info_filter.dylib
0x00000000001f3000 	/usr/lib/system/libsystem_sandbox.dylib
0x00000000001f3000 	/usr/lib/system/libsystem_secinit.dylib
0x00000000001f3000 	/usr/lib/system/libsystem_kernel.dylib
0x00000000001f3000 	/usr/lib/system/libsystem_platform.dylib
0x00000000001f3000 	/usr/lib/system/libsystem_pthread.dylib
0x00000000001f3000 	/usr/lib/system/libsystem_symptoms.dylib
0x00000000001f3000 	/usr/lib/system/libsystem_trace.dylib
0x00000000001f3000 	/usr/lib/system/libunwind.dylib
0x00000000001f3000 	/usr/lib/system/libxpc.dylib
0x00000000001f3000 	/usr/lib/libc++abi.dylib
0x00000000001f3000 	/usr/lib/liboah.dylib
0x00000000001f3000 	/usr/lib/liblzma.5.dylib
0x00000000001f3000 	/System/Library/Frameworks/SystemConfiguration.framework/Versions/A/SystemConfiguration
0x00000000001f3000 	/usr/lib/libfakelink.dylib
0x00000000001f3000 	/System/Library/Frameworks/CFNetwork.framework/Versions/A/CFNetwork
0x00000000001f3000 	/usr/lib/libarchive.2.dylib
0x00000000001f3000 	/usr/lib/libCRFSuite.dylib
0x00000000001f3000 	/usr/lib/libbsm.0.dylib
0x00000000001f3000 	/usr/lib/libnetwork.dylib
0x00000000001f3000 	/usr/lib/libpcap.A.dylib
0x00000000001f3000 	/usr/lib/libdns_services.dylib
0x00000000001f3000 	/usr/lib/libcoretls_cfhelpers.dylib
0x00000000001f3000 	/usr/lib/libapple_nghttp2.dylib
0x00000000001f3000 	/usr/lib/system/libkxld.dylib
0x00000000001f3000 	/usr/lib/libsqlite3.dylib
0x00000000001f3000 	/System/Library/PrivateFrameworks/AppleFSCompression.framework/Versions/A/AppleFSCompression
0x00000000001f3000 	/usr/lib/libcoretls.dylib
0x00000000001f3000 	/usr/lib/libpam.2.dylib
0x00000000001f3000 	/usr/lib/libxar.1.dylib
0x00000000001f3000 	/System/Library/PrivateFrameworks/AppleSystemInfo.framework/Versions/A/AppleSystemInfo
0x00000000001f3000 	/System/Library/PrivateFrameworks/IOMobileFramebuffer.framework/Versions/A/IOMobileFramebuffer
0x00000000001f3000 	/usr/lib/libbz2.1.0.dylib
0x00000000001f3000 	/usr/lib/libiconv.2.dylib
0x00000000001f3000 	/usr/lib/libcharset.1.dylib
0x00000000001f3000 	/System/Library/Frameworks/CoreServices.framework/Versions/A/Frameworks/FSEvents.framework/Versions/A/FSEvents
0x00000000001f3000 	/System/Library/Frameworks/CoreServices.framework/Versions/A/Frameworks/CarbonCore.framework/Versions/A/CarbonCore
0x00000000001f3000 	/System/Library/Frameworks/CoreServices.framework/Versions/A/Frameworks/Metadata.framework/Versions/A/Metadata
0x00000000001f3000 	/System/Library/Frameworks/CoreServices.framework/Versions/A/Frameworks/OSServices.framework/Versions/A/OSServices
0x00000000001f3000 	/System/Library/Frameworks/CoreServices.framework/Versions/A/Frameworks/SearchKit.framework/Versions/A/SearchKit
0x00000000001f3000 	/System/Library/Frameworks/CoreServices.framework/Versions/A/Frameworks/AE.framework/Versions/A/AE
0x00000000001f3000 	/System/Library/Frameworks/CoreServices.framework/Versions/A/Frameworks/LaunchServices.framework/Versions/A/LaunchServices
0x00000000001f3000 	/System/Library/Frameworks/CoreServices.framework/Versions/A/Frameworks/DictionaryServices.framework/Versions/A/DictionaryServices
0x00000000001f3000 	/System/Library/Frameworks/CoreServices.framework/Versions/A/Frameworks/SharedFileList.framework/Versions/A/SharedFileList
0x00000000001f3000 	/usr/lib/libCheckFix.dylib
0x00000000001f3000 	/System/Library/PrivateFrameworks/TCC.framework/Versions/A/TCC
0x00000000001f3000 	/System/Library/PrivateFrameworks/CoreNLP.framework/Versions/A/CoreNLP
0x00000000001f3000 	/System/Library/PrivateFrameworks/MetadataUtilities.framework/Versions/A/MetadataUtilities
0x00000000001f3000 	/usr/lib/libmecabra.dylib
0x00000000001f3000 	/System/Library/Frameworks/MLCompute.framework/Versions/A/MLCompute
0x00000000001f3000 	/usr/lib/libmecab.dylib
0x00000000001f3000 	/usr/lib/libgermantok.dylib
0x00000000001f3000 	/usr/lib/libThaiTokenizer.dylib
0x00000000001f3000 	/usr/lib/libChineseTokenizer.dylib
0x00000000001f3000 	/System/Library/Frameworks/MetalPerformanceShaders.framework/Versions/A/MetalPerformanceShaders
0x00000000001f3000 	/System/Library/Frameworks/Accelerate.framework/Versions/A/Frameworks/vImage.framework/Versions/A/vImage
0x00000000001f3000 	/System/Library/Frameworks/Accelerate.framework/Versions/A/Frameworks/vecLib.framework/Versions/A/vecLib
0x00000000001f3000 	/System/Library/Frameworks/Accelerate.framework/Versions/A/Frameworks/vecLib.framework/Versions/A/libvMisc.dylib
0x00000000001f3000 	/System/Library/Frameworks/Accelerate.framework/Versions/A/Frameworks/vecLib.framework/Versions/A/libvDSP.dylib
0x00000000001f3000 	/System/Library/Frameworks/Accelerate.framework/Versions/A/Frameworks/vecLib.framework/Versions/A/libBLAS.dylib
0x00000000001f3000 	/System/Library/Frameworks/Accelerate.framework/Versions/A/Frameworks/vecLib.framework/Versions/A/libLAPACK.dylib
0x00000000001f3000 	/System/Library/Frameworks/Accelerate.framework/Versions/A/Frameworks/vecLib.framework/Versions/A/libLinearAlgebra.dylib
0x00000000001f3000 	/System/Library/Frameworks/Accelerate.framework/Versions/A/Frameworks/vecLib.framework/Versions/A/libSparseBLAS.dylib
0x00000000001f3000 	/System/Library/Frameworks/Accelerate.framework/Versions/A/Frameworks/vecLib.framework/Versions/A/libQuadrature.dylib
0x00000000001f3000 	/System/Library/Frameworks/Accelerate.framework/Versions/A/Frameworks/vecLib.framework/Versions/A/libBNNS.dylib
0x00000000001f3000 	/System/Library/Frameworks/Accelerate.framework/Versions/A/Frameworks/vecLib.framework/Versions/A/libSparse.dylib
0x00000000001f3000 	/System/Library/Frameworks/MetalPerformanceShaders.framework/Versions/A/Frameworks/MPSCore.framework/Versions/A/MPSCore
0x00000000001f3000 	/System/Library/Frameworks/MetalPerformanceShaders.framework/Versions/A/Frameworks/MPSImage.framework/Versions/A/MPSImage
0x00000000001f3000 	/System/Library/Frameworks/MetalPerformanceShaders.framework/Versions/A/Frameworks/MPSNeuralNetwork.framework/Versions/A/MPSNeuralNetwork
0x00000000001f3000 	/System/Library/Frameworks/MetalPerformanceShaders.framework/Versions/A/Frameworks/MPSMatrix.framework/Versions/A/MPSMatrix
0x00000000001f3000 	/System/Library/Frameworks/MetalPerformanceShaders.framework/Versions/A/Frameworks/MPSRayIntersector.framework/Versions/A/MPSRayIntersector
0x00000000001f3000 	/System/Library/Frameworks/MetalPerformanceShaders.framework/Versions/A/Frameworks/MPSNDArray.framework/Versions/A/MPSNDArray
0x00000000001f3000 	/System/Library/PrivateFrameworks/MetalTools.framework/Versions/A/MetalTools
0x00000000001f3000 	/System/Library/PrivateFrameworks/AggregateDictionary.framework/Versions/A/AggregateDictionary
0x00000000001f3000 	/System/Library/PrivateFrameworks/CoreAnalytics.framework/Versions/A/CoreAnalytics
0x00000000001f3000 	/System/Library/PrivateFrameworks/AppleSauce.framework/Versions/A/AppleSauce
0x00000000001f3000 	/System/Library/PrivateFrameworks/IOAccelerator.framework/Versions/A/IOAccelerator
0x00000000001f3000 	/System/Library/Frameworks/OpenGL.framework/Versions/A/Libraries/libCoreFSCache.dylib
0x00000000001f3000 	/System/Library/PrivateFrameworks/LanguageModeling.framework/Versions/A/LanguageModeling
0x00000000001f3000 	/System/Library/PrivateFrameworks/CoreEmoji.framework/Versions/A/CoreEmoji
0x00000000001f3000 	/System/Library/PrivateFrameworks/LinguisticData.framework/Versions/A/LinguisticData
0x00000000001f3000 	/System/Library/PrivateFrameworks/Lexicon.framework/Versions/A/Lexicon
0x00000000001f3000 	/usr/lib/libcmph.dylib
0x00000000001f3000 	/System/Library/Frameworks/OpenDirectory.framework/Versions/A/Frameworks/CFOpenDirectory.framework/Versions/A/CFOpenDirectory
0x00000000001f3000 	/System/Library/Frameworks/OpenDirectory.framework/Versions/A/OpenDirectory
0x00000000001f3000 	/System/Library/PrivateFrameworks/APFS.framework/Versions/A/APFS
0x00000000001f3000 	/System/Library/Frameworks/SecurityFoundation.framework/Versions/A/SecurityFoundation
0x00000000001f3000 	/usr/lib/libutil.dylib
0x00000000001f3000 	/System/Library/PrivateFrameworks/CoreServicesStore.framework/Versions/A/CoreServicesStore
0x00000000001f3000 	/System/Library/Frameworks/ServiceManagement.framework/Versions/A/ServiceManagement
0x00000000001f3000 	/usr/lib/libxslt.1.dylib
0x00000000001f3000 	/System/Library/PrivateFrameworks/BackgroundTaskManagement.framework/Versions/A/BackgroundTaskManagement
0x00000000001f3000 	/System/Library/Frameworks/ImageIO.framework/Versions/A/Resources/libRadiance.dylib
0x00000000001f3000 	/System/Library/Frameworks/ImageIO.framework/Versions/A/Resources/libJPEG.dylib
0x00000000001f3000 	/System/Library/Frameworks/ImageIO.framework/Versions/A/Resources/libPng.dylib
0x00000000001f3000 	/System/Library/Frameworks/ImageIO.framework/Versions/A/Resources/libTIFF.dylib
0x00000000001f3000 	/System/Library/Frameworks/ImageIO.framework/Versions/A/Resources/libGIF.dylib
0x00000000001f3000 	/System/Library/Frameworks/ImageIO.framework/Versions/A/Resources/libJP2.dylib
0x00000000001f3000 	/usr/lib/libexpat.1.dylib
0x00000000001f3000 	/System/Library/PrivateFrameworks/AppleJPEG.framework/Versions/A/AppleJPEG
0x00000000001f3000 	/System/Library/PrivateFrameworks/FontServices.framework/libFontParser.dylib
0x00000000001f3000 	/System/Library/PrivateFrameworks/RunningBoardServices.framework/Versions/A/RunningBoardServices
0x00000000001f3000 	/System/Library/PrivateFrameworks/WatchdogClient.framework/Versions/A/WatchdogClient
0x00000000001f3000 	/System/Library/Frameworks/CoreDisplay.framework/Versions/A/CoreDisplay
0x00000000001f3000 	/System/Library/Frameworks/CoreMedia.framework/Versions/A/CoreMedia
0x00000000001f3000 	/System/Library/Frameworks/CoreVideo.framework/Versions/A/CoreVideo
0x00000000001f3000 	/System/Library/Frameworks/VideoToolbox.framework/Versions/A/VideoToolbox
0x00000000001f3000 	/System/Library/PrivateFrameworks/BaseBoard.framework/Versions/A/BaseBoard
0x00000000001f3000 	/System/Library/PrivateFrameworks/PersistentConnection.framework/Versions/A/PersistentConnection
0x00000000001f3000 	/System/Library/PrivateFrameworks/ProtocolBuffer.framework/Versions/A/ProtocolBuffer
0x00000000001f3000 	/System/Library/PrivateFrameworks/CommonUtilities.framework/Versions/A/CommonUtilities
0x00000000001f3000 	/System/Library/PrivateFrameworks/Bom.framework/Versions/A/Bom
0x00000000001f3000 	/System/Library/PrivateFrameworks/GPUWrangler.framework/Versions/A/GPUWrangler
0x00000000001f3000 	/System/Library/PrivateFrameworks/IOPresentment.framework/Versions/A/IOPresentment
0x00000000001f3000 	/System/Library/PrivateFrameworks/DSExternalDisplay.framework/Versions/A/DSExternalDisplay
0x00000000001f3000 	/System/Library/PrivateFrameworks/CMCaptureCore.framework/Versions/A/CMCaptureCore
0x00000000001f3000 	/System/Library/PrivateFrameworks/AppServerSupport.framework/Versions/A/AppServerSupport
0x00000000001f3000 	/System/Library/PrivateFrameworks/perfdata.framework/Versions/A/perfdata
0x00000000001f3000 	/System/Library/PrivateFrameworks/AssertionServices.framework/Versions/A/AssertionServices
0x00000000001f3000 	/System/Library/PrivateFrameworks/AudioToolboxCore.framework/Versions/A/AudioToolboxCore
0x00000000001f3000 	/System/Library/PrivateFrameworks/caulk.framework/Versions/A/caulk
0x00000000001f3000 	/System/Library/PrivateFrameworks/SystemPolicy.framework/Versions/A/SystemPolicy
0x00000000001f3000 	/usr/lib/libIOReport.dylib
0x00000000001f3000 	/usr/lib/libSMC.dylib
0x00000000001f3000 	/usr/lib/libAudioToolboxUtility.dylib
0x00000000001f3000 	/usr/lib/libmis.dylib
0x00000000001f3000 	/System/Library/Frameworks/OpenGL.framework/Versions/A/Libraries/libGLU.dylib
0x00000000001f3000 	/System/Library/Frameworks/OpenGL.framework/Versions/A/Libraries/libGFXShared.dylib
0x00000000001f3000 	/System/Library/Frameworks/OpenGL.framework/Versions/A/Libraries/libGL.dylib
0x00000000001f3000 	/System/Library/Frameworks/OpenGL.framework/Versions/A/Libraries/libGLImage.dylib
0x00000000001f3000 	/System/Library/Frameworks/OpenGL.framework/Versions/A/Libraries/libCVMSPluginSupport.dylib
0x00000000001f3000 	/System/Library/Frameworks/OpenGL.framework/Versions/A/Libraries/libCoreVMClient.dylib
0x00000000001f3000 	/System/Library/Frameworks/OpenCL.framework/Versions/A/OpenCL
0x00000000001f3000 	/System/Library/PrivateFrameworks/GraphVisualizer.framework/Versions/A/GraphVisualizer
0x00000000001f3000 	/System/Library/PrivateFrameworks/FaceCore.framework/Versions/A/FaceCore
0x00000000001f3000 	/System/Library/PrivateFrameworks/OTSVG.framework/Versions/A/OTSVG
0x00000000001f3000 	/System/Library/Frameworks/ApplicationServices.framework/Versions/A/Frameworks/ATS.framework/Versions/A/Resources/libFontRegistry.dylib
0x00000000001f3000 	/System/Library/PrivateFrameworks/FontServices.framework/libhvf.dylib
0x00000000001f3000 	/System/Library/PrivateFrameworks/AppleVA.framework/Versions/A/AppleVA
0x00000000001f3000 	/System/Library/Frameworks/ApplicationServices.framework/Versions/A/Frameworks/ATS.framework/Versions/A/ATS
0x00000000001f3000 	/System/Library/Frameworks/ApplicationServices.framework/Versions/A/Frameworks/ColorSyncLegacy.framework/Versions/A/ColorSyncLegacy
0x00000000001f3000 	/System/Library/Frameworks/ApplicationServices.framework/Versions/A/Frameworks/HIServices.framework/Versions/A/HIServices
0x00000000001f3000 	/System/Library/Frameworks/ApplicationServices.framework/Versions/A/Frameworks/LangAnalysis.framework/Versions/A/LangAnalysis
0x00000000001f3000 	/System/Library/Frameworks/ApplicationServices.framework/Versions/A/Frameworks/PrintCore.framework/Versions/A/PrintCore
0x00000000001f3000 	/System/Library/Frameworks/ApplicationServices.framework/Versions/A/Frameworks/QD.framework/Versions/A/QD
0x00000000001f3000 	/System/Library/Frameworks/ApplicationServices.framework/Versions/A/Frameworks/SpeechSynthesis.framework/Versions/A/SpeechSynthesis
0x00000000001f3000 	/System/Library/Frameworks/ApplicationServices.framework/Versions/A/Frameworks/ATSUI.framework/Versions/A/ATSUI
0x00000000001f3000 	/usr/lib/libcups.2.dylib
0x00000000001f3000 	/System/Library/PrivateFrameworks/NetAuth.framework/Versions/A/NetAuth
0x00000000001f3000 	/System/Library/Frameworks/Kerberos.framework/Versions/A/Kerberos
0x00000000001f3000 	/System/Library/Frameworks/GSS.framework/Versions/A/GSS
0x00000000001f3000 	/usr/lib/libresolv.9.dylib
0x00000000001f3000 	/System/Library/PrivateFrameworks/Heimdal.framework/Versions/A/Heimdal
0x00000000001f3000 	/System/Library/Frameworks/Kerberos.framework/Versions/A/Libraries/libHeimdalProxy.dylib
0x00000000001f3000 	/System/Library/Frameworks/Network.framework/Versions/A/Network
0x00000000001f3000 	/usr/lib/libheimdal-asn1.dylib
0x00000000001f3000 	/System/Library/PrivateFrameworks/CommonAuth.framework/Versions/A/CommonAuth
0x00000000001f3000 	/System/Library/PrivateFrameworks/login.framework/Versions/A/Frameworks/loginsupport.framework/Versions/A/loginsupport
0x00000000001f3000 	/System/Library/PrivateFrameworks/AudioSession.framework/Versions/A/AudioSession
0x00000000001f3000 	/usr/lib/libAudioStatistics.dylib
0x00000000001f3000 	/System/Library/PrivateFrameworks/MediaExperience.framework/Versions/A/MediaExperience
0x00000000001f3000 	/System/Library/PrivateFrameworks/AudioSession.framework/libSessionUtility.dylib
0x00000000001f3000 	/usr/lib/libperfcheck.dylib
0x00000000001f3000 	/System/Library/PrivateFrameworks/AudioResourceArbitration.framework/Versions/A/AudioResourceArbitration
0x00000000001f3000 	/System/Library/PrivateFrameworks/IconFoundation.framework/Versions/A/IconFoundation
0x00000000001f3000 	/System/Library/PrivateFrameworks/SpeechRecognitionCore.framework/Versions/A/SpeechRecognitionCore
0x0000000106000000 	/Library/Java/JavaVirtualMachines/jdk1.8.0_60.jdk/Contents/Home/jre/lib/server/libjvm.dylib
0x00000000001f3000 	/usr/lib/libstdc++.6.dylib
0x00000001010af000 	/Library/Java/JavaVirtualMachines/jdk1.8.0_60.jdk/Contents/Home/jre/lib/libverify.dylib
0x00000001010bd000 	/Library/Java/JavaVirtualMachines/jdk1.8.0_60.jdk/Contents/Home/jre/lib/libjava.dylib
0x000000010113c000 	/Library/Java/JavaVirtualMachines/jdk1.8.0_60.jdk/Contents/Home/jre/lib/libzip.dylib
0x00000000001f3000 	/System/Library/Frameworks/JavaRuntimeSupport.framework/Versions/A/JavaRuntimeSupport
0x00000000001f3000 	/System/Library/Frameworks/Carbon.framework/Versions/A/Carbon
0x00000000001f3000 	/System/Library/PrivateFrameworks/CoreSymbolication.framework/Versions/A/CoreSymbolication
0x00000000001f3000 	/System/Library/Frameworks/Carbon.framework/Versions/A/Frameworks/CommonPanels.framework/Versions/A/CommonPanels
0x00000000001f3000 	/System/Library/Frameworks/Carbon.framework/Versions/A/Frameworks/Help.framework/Versions/A/Help
0x00000000001f3000 	/System/Library/Frameworks/Carbon.framework/Versions/A/Frameworks/ImageCapture.framework/Versions/A/ImageCapture
0x00000000001f3000 	/System/Library/Frameworks/Carbon.framework/Versions/A/Frameworks/OpenScripting.framework/Versions/A/OpenScripting
0x00000000001f3000 	/System/Library/Frameworks/Carbon.framework/Versions/A/Frameworks/Ink.framework/Versions/A/Ink
0x00000000001f3000 	/System/Library/Frameworks/Carbon.framework/Versions/A/Frameworks/Print.framework/Versions/A/Print
0x00000000001f3000 	/System/Library/Frameworks/Carbon.framework/Versions/A/Frameworks/SecurityHI.framework/Versions/A/SecurityHI
0x00000000001f3000 	/System/Library/PrivateFrameworks/DebugSymbols.framework/Versions/A/DebugSymbols
0x0000000101f47000 	/Library/Java/JavaVirtualMachines/jdk1.8.0_60.jdk/Contents/Home/jre/lib/libawt.dylib
0x000000011ca79000 	/Library/Java/JavaVirtualMachines/jdk1.8.0_60.jdk/Contents/Home/jre/lib/libmlib_image.dylib
0x00000000001f3000 	/System/Library/Frameworks/JavaNativeFoundation.framework/Versions/A/JavaNativeFoundation
0x000000011cb45000 	/Library/Java/JavaVirtualMachines/jdk1.8.0_60.jdk/Contents/Home/jre/lib/libawt_lwawt.dylib
0x000000011cbfa000 	/Library/Java/JavaVirtualMachines/jdk1.8.0_60.jdk/Contents/Home/jre/lib/libosxapp.dylib
0x00000000001f3000 	/System/Library/Frameworks/ExceptionHandling.framework/Versions/A/ExceptionHandling
0x00000000001f3000 	/System/Library/PrivateFrameworks/CoreServicesInternal.framework/Versions/A/CoreServicesInternal
0x00000000001f3000 	/System/Library/Frameworks/FileProvider.framework/Versions/A/FileProvider
0x00000000001f3000 	/System/Library/Frameworks/Accounts.framework/Versions/A/Accounts
0x00000000001f3000 	/System/Library/PrivateFrameworks/GenerationalStorage.framework/Versions/A/GenerationalStorage
0x00000000001f3000 	/System/Library/PrivateFrameworks/SymptomDiagnosticReporter.framework/Versions/A/SymptomDiagnosticReporter
0x00000000001f3000 	/System/Library/PrivateFrameworks/DesktopServicesPriv.framework/Versions/A/DesktopServicesPriv
0x00000000001f3000 	/usr/lib/libsandbox.1.dylib
0x00000000001f3000 	/System/Library/PrivateFrameworks/UserManagement.framework/Versions/A/UserManagement
0x00000000001f3000 	/System/Library/PrivateFrameworks/MobileKeyBag.framework/Versions/A/MobileKeyBag
0x00000000001f3000 	/System/Library/PrivateFrameworks/ChunkingLibrary.framework/Versions/A/ChunkingLibrary
0x00000000001f3000 	/System/Library/PrivateFrameworks/Sharing.framework/Versions/A/Sharing
0x00000000001f3000 	/System/Library/PrivateFrameworks/Apple80211.framework/Versions/A/Apple80211
0x00000000001f3000 	/System/Library/PrivateFrameworks/AuthKit.framework/Versions/A/AuthKit
0x00000000001f3000 	/System/Library/PrivateFrameworks/CoreUtils.framework/Versions/A/CoreUtils
0x00000000001f3000 	/System/Library/Frameworks/CoreWLAN.framework/Versions/A/CoreWLAN
0x00000000001f3000 	/System/Library/Frameworks/IOBluetooth.framework/Versions/A/IOBluetooth
0x00000000001f3000 	/System/Library/PrivateFrameworks/CoreWiFi.framework/Versions/A/CoreWiFi
0x00000000001f3000 	/System/Library/PrivateFrameworks/CorePhoneNumbers.framework/Versions/A/CorePhoneNumbers
0x00000000001f3000 	/System/Library/PrivateFrameworks/DiskManagement.framework/Versions/A/DiskManagement
0x00000000001f3000 	/System/Library/PrivateFrameworks/AppleIDAuthSupport.framework/Versions/A/AppleIDAuthSupport
0x00000000001f3000 	/System/Library/PrivateFrameworks/KeychainCircle.framework/Versions/A/KeychainCircle
0x00000000001f3000 	/System/Library/PrivateFrameworks/MediaKit.framework/Versions/A/MediaKit
0x00000000001f3000 	/System/Library/Frameworks/DiscRecording.framework/Versions/A/DiscRecording
0x00000000001f3000 	/usr/lib/libCoreStorage.dylib
0x00000000001f3000 	/usr/lib/libcsfde.dylib
0x00000000001f3000 	/System/Library/PrivateFrameworks/ProtectedCloudStorage.framework/Versions/A/ProtectedCloudStorage
0x00000000001f3000 	/System/Library/PrivateFrameworks/EFILogin.framework/Versions/A/EFILogin
0x00000000001f3000 	/System/Library/Frameworks/AudioUnit.framework/Versions/A/AudioUnit
0x00000000001f3000 	/System/Library/Frameworks/CoreBluetooth.framework/Versions/A/CoreBluetooth
0x00000000001f3000 	/usr/lib/libMatch.1.dylib
0x00000000001f3000 	/System/Library/CoreServices/RawCamera.bundle/Contents/MacOS/RawCamera
0x00000000001f3000 	/System/Library/PrivateFrameworks/MobileAsset.framework/Versions/A/MobileAsset
0x00000000001f3000 	/System/Library/PrivateFrameworks/StreamingZip.framework/Versions/A/StreamingZip
0x00000000001f3000 	/System/Library/Frameworks/MediaToolbox.framework/Versions/A/MediaToolbox
0x00000000001f3000 	/System/Library/PrivateFrameworks/CoreAVCHD.framework/Versions/A/CoreAVCHD
0x00000000001f3000 	/System/Library/Frameworks/MediaAccessibility.framework/Versions/A/MediaAccessibility
0x00000000001f3000 	/System/Library/PrivateFrameworks/Mangrove.framework/Versions/A/Mangrove
0x00000000001f3000 	/System/Library/PrivateFrameworks/AlgosScoreFramework.framework/Versions/A/AlgosScoreFramework
0x00000000001f3000 	/System/Library/PrivateFrameworks/AppleVPA.framework/Versions/A/AppleVPA
0x00000000001f3000 	/System/Library/PrivateFrameworks/CoreAUC.framework/Versions/A/CoreAUC
0x00000000001f3000 	/System/Library/Frameworks/Accelerate.framework/Versions/A/Frameworks/vImage.framework/Versions/A/Libraries/libCGInterfaces.dylib
0x000000011e876000 	/usr/lib/libobjc-trampolines.dylib
0x00000000001f3000 	/System/Library/PrivateFrameworks/FamilyControls.framework/Versions/A/FamilyControls
0x00000000001f3000 	/System/Library/PrivateFrameworks/CommerceKit.framework/Versions/A/Frameworks/CommerceCore.framework/Versions/A/CommerceCore
0x00000000001f3000 	/System/Library/PrivateFrameworks/SystemAdministration.framework/Versions/A/SystemAdministration
0x00000000001f3000 	/System/Library/PrivateFrameworks/AppContainer.framework/Versions/A/AppContainer
0x00000000001f3000 	/System/Library/PrivateFrameworks/SecCodeWrapper.framework/Versions/A/SecCodeWrapper
0x00000000001f3000 	/System/Library/PrivateFrameworks/CrashReporterSupport.framework/Versions/A/CrashReporterSupport
0x00000000001f3000 	/System/Library/PrivateFrameworks/OSAnalytics.framework/Versions/A/OSAnalytics
0x00000000001f3000 	/usr/lib/libRosetta.dylib
0x00000000001f3000 	/System/Library/PrivateFrameworks/RemoteServiceDiscovery.framework/Versions/A/RemoteServiceDiscovery
0x00000000001f3000 	/System/Library/PrivateFrameworks/Symbolication.framework/Versions/A/Symbolication
0x00000000001f3000 	/System/Library/PrivateFrameworks/MallocStackLogging.framework/Versions/A/MallocStackLogging
0x00000000001f3000 	/System/Library/PrivateFrameworks/login.framework/Versions/A/login
0x00000000001f3000 	/System/Library/Frameworks/DirectoryService.framework/Versions/A/DirectoryService
0x00000000001f3000 	/System/Library/PrivateFrameworks/DiskImages.framework/Versions/A/DiskImages
0x00000000001f3000 	/System/Library/PrivateFrameworks/LoginUIKit.framework/Versions/A/Frameworks/LoginUICore.framework/Versions/A/LoginUICore
0x00000000001f3000 	/usr/lib/libodfde.dylib
0x00000000001f3000 	/usr/lib/libcurl.4.dylib
0x00000000001f3000 	/usr/lib/libcrypto.44.dylib
0x00000000001f3000 	/usr/lib/libssl.46.dylib
0x00000000001f3000 	/System/Library/Frameworks/LDAP.framework/Versions/A/LDAP
0x00000000001f3000 	/System/Library/PrivateFrameworks/TrustEvaluationAgent.framework/Versions/A/TrustEvaluationAgent
0x00000000001f3000 	/usr/lib/libsasl2.2.dylib
0x00000000001f3000 	/System/Library/PrivateFrameworks/CoreDaemon.framework/Versions/B/CoreDaemon
0x00000000001f3000 	/System/Library/PrivateFrameworks/AppleSRP.framework/Versions/A/AppleSRP
0x00000000001f3000 	/System/Library/PrivateFrameworks/ViewBridge.framework/Versions/A/ViewBridge
0x00000000001f3000 	/System/Library/Frameworks/OpenGL.framework/Versions/A/Resources/GLEngine.bundle/GLEngine
0x00000000001f3000 	/System/Library/Frameworks/OpenGL.framework/Versions/A/Libraries/libGLProgrammability.dylib
0x00000000001f3000 	/System/Library/Extensions/AppleIntelICLGraphicsGLDriver.bundle/Contents/MacOS/AppleIntelICLGraphicsGLDriver
0x00000000001f3000 	/System/Library/PrivateFrameworks/GPUSupport.framework/Versions/A/Libraries/libGPUSupportMercury.dylib
0x00000000001f3000 	/System/Library/Frameworks/OpenGL.framework/Versions/A/Resources/GLRendererFloat.bundle/GLRendererFloat
0x0000000120fa1000 	/Library/Java/JavaVirtualMachines/jdk1.8.0_60.jdk/Contents/Home/jre/lib/libfontmanager.dylib
0x0000000121874000 	/Library/Java/JavaVirtualMachines/jdk1.8.0_60.jdk/Contents/Home/jre/lib/libosxui.dylib
0x0000000121af3000 	/Library/Java/JavaVirtualMachines/jdk1.8.0_60.jdk/Contents/Home/jre/lib/libnet.dylib
0x0000000121b0a000 	/Library/Java/JavaVirtualMachines/jdk1.8.0_60.jdk/Contents/Home/jre/lib/libnio.dylib
0x000000015319a000 	/private/var/folders/29/yptmkhk54j53dmn29983x1680000gn/T/jogamp_0000/file_cache/jln1851007180156712945/jln9132756538937599674/libgluegen-rt.jnilib
0x000000015319f000 	/private/var/folders/29/yptmkhk54j53dmn29983x1680000gn/T/jogamp_0000/file_cache/jln1851007180156712945/jln9132756538937599674/libnativewindow_awt.jnilib
0x00000001531a2000 	/Library/Java/JavaVirtualMachines/jdk1.8.0_60.jdk/Contents/Home/jre/lib/libjawt.dylib
0x00000001531a5000 	/private/var/folders/29/yptmkhk54j53dmn29983x1680000gn/T/jogamp_0000/file_cache/jln1851007180156712945/jln9132756538937599674/libnativewindow_macosx.jnilib
0x00000001531af000 	/private/var/folders/29/yptmkhk54j53dmn29983x1680000gn/T/jogamp_0000/file_cache/jln1851007180156712945/jln9132756538937599674/libjogl_desktop.jnilib
0x00000001534db000 	/Library/Java/JavaVirtualMachines/jdk1.8.0_60.jdk/Contents/Home/jre/lib/libsunec.dylib
0x000000015c4e3000 	/Library/Java/JavaVirtualMachines/jdk1.8.0_60.jdk/Contents/Home/jre/lib/libt2k.dylib

VM Arguments:
jvm_args: -Djava.security.policy=java.policy.applet -Dfile.encoding=UTF-8 
java_command: sun.applet.AppletViewer module6.EarthquakeCityMap1669637559702.html
java_class_path (initial): /Users/yxk/eclipse-workspace/UCSDUnfoldingMaps/build:/Users/yxk/eclipse-workspace/UCSDUnfoldingMaps/lib/core.jar:/Users/yxk/eclipse-workspace/UCSDUnfoldingMaps/lib/gluegen-rt.jar:/Users/yxk/eclipse-workspace/UCSDUnfoldingMaps/lib/jogl-all.jar:/Users/yxk/eclipse-workspace/UCSDUnfoldingMaps/lib/log4j-1.2.15.jar:/Users/yxk/eclipse-workspace/UCSDUnfoldingMaps/lib/sqlite-jdbc-3.7.2.jar:/Users/yxk/eclipse-workspace/UCSDUnfoldingMaps/lib/json4processing.jar:/Users/yxk/eclipse-workspace/UCSDUnfoldingMaps/lib/libTUIO.jar:/Users/yxk/eclipse-workspace/UCSDUnfoldingMaps/lib/unfolding.0.9.7-uscd.jar
Launcher Type: SUN_STANDARD

Environment Variables:
PATH=/usr/bin:/bin:/usr/sbin:/sbin
SHELL=/bin/zsh

Signal Handlers:
SIGSEGV: [libjvm.dylib+0x5a6d31], sa_mask[0]=11111111011111110111111111111111, sa_flags=SA_ONSTACK|SA_RESTART|SA_SIGINFO
SIGBUS: [libjvm.dylib+0x5a6d31], sa_mask[0]=11111111011111110111111111111111, sa_flags=SA_RESTART|SA_SIGINFO
SIGFPE: [libjvm.dylib+0x480a4c], sa_mask[0]=11111111011111110111111111111111, sa_flags=SA_RESTART|SA_SIGINFO
SIGPIPE: [libjvm.dylib+0x480a4c], sa_mask[0]=11111111011111110111111111111111, sa_flags=SA_RESTART|SA_SIGINFO
SIGXFSZ: [libjvm.dylib+0x480a4c], sa_mask[0]=11111111011111110111111111111111, sa_flags=SA_RESTART|SA_SIGINFO
SIGILL: [libjvm.dylib+0x480a4c], sa_mask[0]=11111111011111110111111111111111, sa_flags=SA_RESTART|SA_SIGINFO
SIGUSR1: SIG_DFL, sa_mask[0]=00000000000000000000000000000000, sa_flags=none
SIGUSR2: [libjvm.dylib+0x48056a], sa_mask[0]=00100000000000000000000000000000, sa_flags=SA_RESTART|SA_SIGINFO
SIGHUP: [libjvm.dylib+0x47eb41], sa_mask[0]=11111111011111110111111111111111, sa_flags=SA_RESTART|SA_SIGINFO
SIGINT: [libjvm.dylib+0x47eb41], sa_mask[0]=11111111011111110111111111111111, sa_flags=SA_RESTART|SA_SIGINFO
SIGTERM: [libjvm.dylib+0x47eb41], sa_mask[0]=11111111011111110111111111111111, sa_flags=SA_RESTART|SA_SIGINFO
SIGQUIT: [libjvm.dylib+0x47eb41], sa_mask[0]=11111111011111110111111111111111, sa_flags=SA_RESTART|SA_SIGINFO


---------------  S Y S T E M  ---------------

OS:Bsduname:Darwin 20.6.0 Darwin Kernel Version 20.6.0: Wed Jun 23 00:26:31 PDT 2021; root:xnu-7195.141.2~5/RELEASE_X86_64 x86_64
rlimit: STACK 8192k, CORE 0k, NPROC 1392, NOFILE 10240, AS infinity
load average:3.42 2.46 2.20

CPU:total 8 (4 cores per cpu, 2 threads per core) family 6 model 126 stepping 5, cmov, cx8, fxsr, mmx, sse, sse2, sse3, ssse3, sse4.1, sse4.2, popcnt, avx, avx2, aes, clmul, erms, 3dnowpref, lzcnt, ht, tsc, tscinvbit, bmi1, bmi2, adx

Memory: 4k page, physical 8388608k(309656k free)

/proc/meminfo:


vm_info: Java HotSpot(TM) 64-Bit Server VM (25.60-b23) for bsd-amd64 JRE (1.8.0_60-b27), built on Aug  4 2015 10:47:24 by "java_re" with gcc 4.2.1 (Based on Apple Inc. build 5658) (LLVM build 2336.11.00)

time: Mon Nov 28 20:12:56 2022
elapsed time: 16 seconds (0d 0h 0m 16s)

