#
# A fatal error has been detected by the Java Runtime Environment:
#
#  SIGSEGV (0xb) at pc=0x00007fff2021981d, pid=1346, tid=259
#
# JRE version: Java(TM) SE Runtime Environment (8.0_60-b27) (build 1.8.0_60-b27)
# Java VM: Java HotSpot(TM) 64-Bit Server VM (25.60-b23 mixed mode bsd-amd64 compressed oops)
# Problematic frame:
# C  [libobjc.A.dylib+0x681d]  objc_msgSend+0x1d
#
# Failed to write core dump. Core dumps have been disabled. To enable core dumping, try "ulimit -c unlimited" before starting Java again
#
# If you would like to submit a bug report, please visit:
#   http://bugreport.java.com/bugreport/crash.jsp
# The crash happened outside the Java Virtual Machine in native code.
# See problematic frame for where to report the bug.
#

---------------  T H R E A D  ---------------

Current thread (0x00007ffe368ca000):  JavaThread "AWT-AppKit" daemon [_thread_in_native, id=259, stack(0x00007ffee7397000,0x00007ffee7b97000)]

siginfo: si_signo: 11 (SIGSEGV), si_code: 1 (SEGV_MAPERR), si_addr: 0x000007ffe3b50b40

Registers:
RAX=0x00007ffe3bb18c00, RBX=0x000000015a1ab450, RCX=0x0000000000000000, RDX=0x0000000000000001
RSP=0x00007ffee7b922d8, RBP=0x00007ffee7b92390, RSI=0x00007fff7baeda5f, RDI=0x00007ffe3ab2b3f0
R8 =0x0000000000000000, R9 =0x0000000000000000, R10=0x000007ffe3b50b28, R11=0x00007fff7baeda5f
R12=0x0000000000000000, R13=0x000000015e3f8618, R14=0x000000015a1ab440, R15=0x00007ffe368ca000
RIP=0x00007fff2021981d, EFLAGS=0x0000000000010206, ERR=0x0000000000000004
  TRAPNO=0x000000000000000e

Top of Stack: (sp=0x00007ffee7b922d8)
0x00007ffee7b922d8:   000000015a1a9157 00007ffee7b92330
0x00007ffee7b922e8:   0000000000000003 00007ffee7b92310
0x00007ffee7b922f8:   000000010d33a992 000000015e3f8618
0x00007ffee7b92308:   000000015e3f8618 00007ffe3bb18c00
0x00007ffee7b92318:   000000015a1ab6a0 000000015a1ab710
0x00007ffee7b92328:   00007fff808266c8 00007fff80ca0700
0x00007ffee7b92338:   000000015a1ab450 000000015a1ab690
0x00007ffee7b92348:   00007ffe3bb18c00 00007ffe3ab2b3f0
0x00007ffee7b92358:   00007ffe359a5760 00007ffe3bb18c00
0x00007ffee7b92368:   00007ffe3ab2b3f0 00007ffee7b92418
0x00007ffee7b92378:   00007ffe368ca1f8 000000015e3f8618
0x00007ffee7b92388:   00007ffee7b92440 00007ffee7b92408
0x00007ffee7b92398:   000000010e0e7954 000000015e3f8618
0x00007ffee7b923a8:   00007ffee7b92440 00007ffee7b92408
0x00007ffee7b923b8:   000000010e0e76e7 000000010e0e76a2
0x00007ffee7b923c8:   00007ffee7b923c8 000000015e3f8618
0x00007ffee7b923d8:   00007ffee7b92440 000000015e3fb250
0x00007ffee7b923e8:   0000000000000000 000000015e3f8618
0x00007ffee7b923f8:   0000000000000000 00007ffee7b92428
0x00007ffee7b92408:   00007ffee7b92488 000000010e0d9c4d
0x00007ffee7b92418:   00000007404b13b8 000000010e0e1578
0x00007ffee7b92428:   00007ffe3bb18c00 00007ffee7b92488
0x00007ffee7b92438:   00007ffe3ab2b3f0 000000010e0e2d82
0x00007ffee7b92448:   00007ffee7b92448 000000015e3f87e2
0x00007ffee7b92458:   00007ffee7b924b0 000000015e3fb250
0x00007ffee7b92468:   0000000000000000 000000015e3f87f0
0x00007ffee7b92478:   00007ffee7b92428 00007ffee7b92498
0x00007ffee7b92488:   00007ffee7b924f8 000000010e0d9c4d
0x00007ffee7b92498:   00007ffe3bb18c00 00000007402fc870
0x00007ffee7b924a8:   00007ffe3ab2b3f0 00000007402fc870
0x00007ffee7b924b8:   00007ffee7b924b8 00000001600870ee
0x00007ffee7b924c8:   00007ffee7b92508 00000001600871a8 

Instructions: (pc=0x00007fff2021981d)
0x00007fff202197fd:   44 00 00 48 85 ff 2e 74 72 40 f6 c7 01 2e 75 76
0x00007fff2021980d:   49 ba f8 ff ff ff ff 7f 00 00 4c 23 17 49 89 f3
0x00007fff2021981d:   45 23 5a 18 49 c1 e3 04 4d 03 5a 10 49 3b 33 75
0x00007fff2021982d:   0a 4d 8b 5b 08 4d 31 d3 41 ff e3 49 83 3b 01 76 

Register to memory mapping:

RAX=0x00007ffe3bb18c00 is an unknown value
RBX=0x000000015a1ab450: Java_jogamp_nativewindow_macosx_OSXUtil_GetScreenRefreshRate0+0x1cf0 in /private/var/folders/29/yptmkhk54j53dmn29983x1680000gn/T/jogamp_0000/file_cache/jln3938001213839183548/jln4210891831550635081/libnativewindow_macosx.jnilib at 0x000000015a1a4000
RCX=0x0000000000000000 is an unknown value
RDX=0x0000000000000001 is an unknown value
RSP=0x00007ffee7b922d8 is pointing into the stack for thread: 0x00007ffe368ca000
RBP=0x00007ffee7b92390 is pointing into the stack for thread: 0x00007ffe368ca000
RSI=0x00007fff7baeda5f: GCC_except_table772+0x5b8a514f in /usr/lib/libobjc.A.dylib at 0x00007fff20213000
RDI=0x00007ffe3ab2b3f0 is an unknown value
R8 =0x0000000000000000 is an unknown value
R9 =0x0000000000000000 is an unknown value
R10=0x000007ffe3b50b28 is an unknown value
R11=0x00007fff7baeda5f: GCC_except_table772+0x5b8a514f in /usr/lib/libobjc.A.dylib at 0x00007fff20213000
R12=0x0000000000000000 is an unknown value
R13={method} {0x000000015e3f8618} 'UnsetJAWTRootSurfaceLayer0' '(JJ)V' in 'jogamp/nativewindow/jawt/macosx/MacOSXJAWTWindow'
R14=0x000000015a1ab440: Java_jogamp_nativewindow_macosx_OSXUtil_GetScreenRefreshRate0+0x1ce0 in /private/var/folders/29/yptmkhk54j53dmn29983x1680000gn/T/jogamp_0000/file_cache/jln3938001213839183548/jln4210891831550635081/libnativewindow_macosx.jnilib at 0x000000015a1a4000
R15=0x00007ffe368ca000 is a thread


Stack: [0x00007ffee7397000,0x00007ffee7b97000],  sp=0x00007ffee7b922d8,  free space=8172k
Native frames: (J=compiled Java code, j=interpreted, Vv=VM code, C=native code)
C  [libobjc.A.dylib+0x681d]  objc_msgSend+0x1d
j  jogamp.nativewindow.jawt.macosx.MacOSXJAWTWindow.UnsetJAWTRootSurfaceLayer0(JJ)V+0
j  jogamp.nativewindow.jawt.macosx.MacOSXJAWTWindow.access$200(JJ)V+2
j  jogamp.nativewindow.jawt.macosx.MacOSXJAWTWindow$1.run()V+38
j  com.jogamp.common.util.RunnableTask.run()V+24
v  ~StubRoutines::call_stub
V  [libjvm.dylib+0x2eab0e]  JavaCalls::call_helper(JavaValue*, methodHandle*, JavaCallArguments*, Thread*)+0x6ae
V  [libjvm.dylib+0x321bb7]  jni_invoke_nonstatic(JNIEnv_*, JavaValue*, _jobject*, JNICallType, _jmethodID*, JNI_ArgumentPusher*, Thread*)+0x2ec
V  [libjvm.dylib+0x31438b]  jni_CallVoidMethod+0x16b
C  [libnativewindow_macosx.jnilib+0x5326]  Java_jogamp_nativewindow_jawt_macosx_MacOSXJAWTWindow_UnsetJAWTRootSurfaceLayer0+0x2b6
C  [Foundation+0x80b81]  __NSThreadPerformPerform+0xcc
C  [CoreFoundation+0x8194c]  __CFRUNLOOP_IS_CALLING_OUT_TO_A_SOURCE0_PERFORM_FUNCTION__+0x11
C  [CoreFoundation+0x818b4]  __CFRunLoopDoSource0+0xb4
C  [CoreFoundation+0x81634]  __CFRunLoopDoSources0+0xf2
C  [CoreFoundation+0x8005c]  __CFRunLoopRun+0x37d
C  [CoreFoundation+0x7f61c]  CFRunLoopRunSpecific+0x233
C  [HIToolbox+0x30a83]  RunCurrentEventLoopInMode+0x124
C  [HIToolbox+0x306b6]  ReceiveNextEventCommon+0x11c
C  [HIToolbox+0x30583]  _BlockUntilNextEventMatchingListInModeWithFilter+0x46
C  [AppKit+0x3f172]  _DPSNextEvent+0x360
C  [AppKit+0x3d945]  -[NSApplication(NSEvent) _nextEventMatchingEventMask:untilDate:inMode:dequeue:]+0x554
C  [libosxapp.dylib+0x23aa]  -[NSApplicationAWT nextEventMatchingMask:untilDate:inMode:dequeue:]+0x7c
C  [AppKit+0x2fc69]  -[NSApplication run]+0x24a
C  [libosxapp.dylib+0x214d]  +[NSApplicationAWT runAWTLoopWithApp:]+0x9c
C  [libawt_lwawt.dylib+0x44517]  -[AWTStarter starter:]+0x389
C  [Foundation+0x80b81]  __NSThreadPerformPerform+0xcc
C  [CoreFoundation+0x8194c]  __CFRUNLOOP_IS_CALLING_OUT_TO_A_SOURCE0_PERFORM_FUNCTION__+0x11
C  [CoreFoundation+0x818b4]  __CFRunLoopDoSource0+0xb4
C  [CoreFoundation+0x81634]  __CFRunLoopDoSources0+0xf2
C  [CoreFoundation+0x8005c]  __CFRunLoopRun+0x37d
C  [CoreFoundation+0x7f61c]  CFRunLoopRunSpecific+0x233
C  [java+0x6463]  CreateExecutionEnvironment+0x367
C  [java+0x21ac]  JLI_Launch+0x7a0
C  [java+0x84c0]  main+0x65
C  [java+0x1a04]  start+0x34
C  0x0000000000000007

Java frames: (J=compiled Java code, j=interpreted, Vv=VM code)
j  jogamp.nativewindow.jawt.macosx.MacOSXJAWTWindow.UnsetJAWTRootSurfaceLayer0(JJ)V+0
j  jogamp.nativewindow.jawt.macosx.MacOSXJAWTWindow.access$200(JJ)V+2
j  jogamp.nativewindow.jawt.macosx.MacOSXJAWTWindow$1.run()V+38
j  com.jogamp.common.util.RunnableTask.run()V+24
v  ~StubRoutines::call_stub

---------------  P R O C E S S  ---------------

Java Threads: ( => current thread )
  0x00007ffe3f29d000 JavaThread "Thread-19" [_thread_blocked, id=57703, stack(0x000070000d047000,0x000070000d147000)]
  0x00007ffe3925a800 JavaThread "AWT-EventQueue-1" [_thread_in_native, id=71227, stack(0x000070000d762000,0x000070000d862000)]
  0x00007ffe39146800 JavaThread "DestroyJavaVM" [_thread_blocked, id=3587, stack(0x000070000b97c000,0x000070000ba7c000)]
  0x00007ffe368f5000 JavaThread "AWT-EventQueue-0" [_thread_blocked, id=81715, stack(0x000070000d55c000,0x000070000d65c000)]
  0x00007ffe3381c000 JavaThread "Java2D Disposer" daemon [_thread_blocked, id=50691, stack(0x000070000d356000,0x000070000d456000)]
  0x00007ffe3601a800 JavaThread "Java2D Queue Flusher" daemon [_thread_blocked, id=48691, stack(0x000070000d253000,0x000070000d353000)]
  0x00007ffe390ca800 JavaThread "AWT-Shutdown" [_thread_blocked, id=26411, stack(0x000070000ce3e000,0x000070000cf3e000)]
=>0x00007ffe368ca000 JavaThread "AWT-AppKit" daemon [_thread_in_native, id=259, stack(0x00007ffee7397000,0x00007ffee7b97000)]
  0x00007ffe34838800 JavaThread "Service Thread" daemon [_thread_blocked, id=16643, stack(0x000070000cbb5000,0x000070000ccb5000)]
  0x00007ffe3682a800 JavaThread "C1 CompilerThread3" daemon [_thread_blocked, id=17155, stack(0x000070000cab2000,0x000070000cbb2000)]
  0x00007ffe3480f800 JavaThread "C2 CompilerThread2" daemon [_thread_blocked, id=17667, stack(0x000070000c9af000,0x000070000caaf000)]
  0x00007ffe36808800 JavaThread "C2 CompilerThread1" daemon [_thread_blocked, id=17923, stack(0x000070000c8ac000,0x000070000c9ac000)]
  0x00007ffe39808800 JavaThread "C2 CompilerThread0" daemon [_thread_blocked, id=15107, stack(0x000070000c7a9000,0x000070000c8a9000)]
  0x00007ffe3480f000 JavaThread "Signal Dispatcher" daemon [_thread_blocked, id=14851, stack(0x000070000c6a6000,0x000070000c7a6000)]
  0x00007ffe35029800 JavaThread "Finalizer" daemon [_thread_blocked, id=12547, stack(0x000070000c49d000,0x000070000c59d000)]
  0x00007ffe35028800 JavaThread "Reference Handler" daemon [_thread_blocked, id=20227, stack(0x000070000c39a000,0x000070000c49a000)]

Other Threads:
  0x00007ffe34010000 VMThread [stack: 0x000070000c297000,0x000070000c397000] [id=20483]
  0x00007ffe3901e000 WatcherThread [stack: 0x000070000ccb8000,0x000070000cdb8000] [id=16131]

VM state:not at safepoint (normal execution)

VM Mutex/Monitor currently owned by a thread: None

Heap:
 PSYoungGen      total 45056K, used 27737K [0x0000000795580000, 0x0000000798e00000, 0x00000007c0000000)
  eden space 39424K, 57% used [0x0000000795580000,0x0000000796b92598,0x0000000797c00000)
  from space 5632K, 91% used [0x0000000797c80000,0x00000007981840e0,0x0000000798200000)
  to   space 9216K, 0% used [0x0000000798500000,0x0000000798500000,0x0000000798e00000)
 ParOldGen       total 60416K, used 14508K [0x0000000740000000, 0x0000000743b00000, 0x0000000795580000)
  object space 60416K, 24% used [0x0000000740000000,0x0000000740e2b108,0x0000000743b00000)
 Metaspace       used 24096K, capacity 24289K, committed 24576K, reserved 1071104K
  class space    used 2376K, capacity 2451K, committed 2560K, reserved 1048576K

Card table byte_map: [0x000000010c800000,0x000000010cc01000] byte_map_base: 0x0000000108e00000

Marking Bits: (ParMarkBitMap*) 0x000000010da27e20
 Begin Bits: [0x000000011d0d2000, 0x000000011f0d2000)
 End Bits:   [0x000000011f0d2000, 0x00000001210d2000)

Polling page: 0x00000001080df000

CodeCache: size=245760Kb used=10305Kb max_used=10329Kb free=235454Kb
 bounds [0x000000010e0d2000, 0x000000010eb52000, 0x000000011d0d2000]
 total_blobs=3809 nmethods=2888 adapters=834
 compilation: enabled

Compilation events (10 events):
Event: 115.735 Thread 0x00007ffe39808800 3390       4       java.util.concurrent.locks.ReentrantLock::lock (8 bytes)
Event: 115.737 Thread 0x00007ffe39808800 nmethod 3390 0x000000010e786790 code [0x000000010e7868e0, 0x000000010e7869c8]
Event: 116.093 Thread 0x00007ffe3480f800 3391       4       sun.java2d.SurfaceData::pixelFor (13 bytes)
Event: 116.094 Thread 0x00007ffe3480f800 nmethod 3391 0x000000010e72bad0 code [0x000000010e72bc20, 0x000000010e72bd58]
Event: 116.096 Thread 0x00007ffe3682a800 3392       1       sun.java2d.SurfaceData::isValid (5 bytes)
Event: 116.097 Thread 0x00007ffe3682a800 nmethod 3392 0x000000010e72b810 code [0x000000010e72b960, 0x000000010e72ba70]
Event: 116.113 Thread 0x00007ffe3682a800 3393       3       java.util.HashMap::put (13 bytes)
Event: 116.114 Thread 0x00007ffe3682a800 nmethod 3393 0x000000010e8b0d50 code [0x000000010e8b0ee0, 0x000000010e8b1298]
Event: 116.126 Thread 0x00007ffe3682a800 3394       3       sun.java2d.pipe.RenderBuffer::putFloat (26 bytes)
Event: 116.127 Thread 0x00007ffe3682a800 nmethod 3394 0x000000010e90bd10 code [0x000000010e90be80, 0x000000010e90c010]

GC Heap History (10 events):
Event: 78.823 GC heap before
{Heap before GC invocations=14 (full 1):
 PSYoungGen      total 51200K, used 47120K [0x0000000795580000, 0x0000000799280000, 0x00000007c0000000)
  eden space 41984K, 100% used [0x0000000795580000,0x0000000797e80000,0x0000000797e80000)
  from space 9216K, 55% used [0x0000000798980000,0x0000000798e840e0,0x0000000799280000)
  to   space 10240K, 0% used [0x0000000797e80000,0x0000000797e80000,0x0000000798880000)
 ParOldGen       total 60416K, used 14500K [0x0000000740000000, 0x0000000743b00000, 0x0000000795580000)
  object space 60416K, 24% used [0x0000000740000000,0x0000000740e29108,0x0000000743b00000)
 Metaspace       used 24059K, capacity 24289K, committed 24576K, reserved 1071104K
  class space    used 2368K, capacity 2451K, committed 2560K, reserved 1048576K
Event: 78.825 GC heap after
Heap after GC invocations=14 (full 1):
 PSYoungGen      total 46592K, used 5072K [0x0000000795580000, 0x0000000799200000, 0x00000007c0000000)
  eden space 41472K, 0% used [0x0000000795580000,0x0000000795580000,0x0000000797e00000)
  from space 5120K, 99% used [0x0000000797e80000,0x00000007983740e0,0x0000000798380000)
  to   space 10240K, 0% used [0x0000000798800000,0x0000000798800000,0x0000000799200000)
 ParOldGen       total 60416K, used 14500K [0x0000000740000000, 0x0000000743b00000, 0x0000000795580000)
  object space 60416K, 24% used [0x0000000740000000,0x0000000740e29108,0x0000000743b00000)
 Metaspace       used 24059K, capacity 24289K, committed 24576K, reserved 1071104K
  class space    used 2368K, capacity 2451K, committed 2560K, reserved 1048576K
}
Event: 87.170 GC heap before
{Heap before GC invocations=15 (full 1):
 PSYoungGen      total 46592K, used 46544K [0x0000000795580000, 0x0000000799200000, 0x00000007c0000000)
  eden space 41472K, 100% used [0x0000000795580000,0x0000000797e00000,0x0000000797e00000)
  from space 5120K, 99% used [0x0000000797e80000,0x00000007983740e0,0x0000000798380000)
  to   space 10240K, 0% used [0x0000000798800000,0x0000000798800000,0x0000000799200000)
 ParOldGen       total 60416K, used 14500K [0x0000000740000000, 0x0000000743b00000, 0x0000000795580000)
  object space 60416K, 24% used [0x0000000740000000,0x0000000740e29108,0x0000000743b00000)
 Metaspace       used 24059K, capacity 24289K, committed 24576K, reserved 1071104K
  class space    used 2368K, capacity 2451K, committed 2560K, reserved 1048576K
Event: 87.174 GC heap after
Heap after GC invocations=15 (full 1):
 PSYoungGen      total 49664K, used 5104K [0x0000000795580000, 0x0000000799080000, 0x00000007c0000000)
  eden space 40960K, 0% used [0x0000000795580000,0x0000000795580000,0x0000000797d80000)
  from space 8704K, 58% used [0x0000000798800000,0x0000000798cfc0e0,0x0000000799080000)
  to   space 9728K, 0% used [0x0000000797d80000,0x0000000797d80000,0x0000000798700000)
 ParOldGen       total 60416K, used 14500K [0x0000000740000000, 0x0000000743b00000, 0x0000000795580000)
  object space 60416K, 24% used [0x0000000740000000,0x0000000740e29108,0x0000000743b00000)
 Metaspace       used 24059K, capacity 24289K, committed 24576K, reserved 1071104K
  class space    used 2368K, capacity 2451K, committed 2560K, reserved 1048576K
}
Event: 95.321 GC heap before
{Heap before GC invocations=16 (full 1):
 PSYoungGen      total 49664K, used 46064K [0x0000000795580000, 0x0000000799080000, 0x00000007c0000000)
  eden space 40960K, 100% used [0x0000000795580000,0x0000000797d80000,0x0000000797d80000)
  from space 8704K, 58% used [0x0000000798800000,0x0000000798cfc0e0,0x0000000799080000)
  to   space 9728K, 0% used [0x0000000797d80000,0x0000000797d80000,0x0000000798700000)
 ParOldGen       total 60416K, used 14500K [0x0000000740000000, 0x0000000743b00000, 0x0000000795580000)
  object space 60416K, 24% used [0x0000000740000000,0x0000000740e29108,0x0000000743b00000)
 Metaspace       used 24059K, capacity 24289K, committed 24576K, reserved 1071104K
  class space    used 2368K, capacity 2451K, committed 2560K, reserved 1048576K
Event: 95.325 GC heap after
Heap after GC invocations=16 (full 1):
 PSYoungGen      total 46080K, used 5120K [0x0000000795580000, 0x0000000799000000, 0x00000007c0000000)
  eden space 40448K, 0% used [0x0000000795580000,0x0000000795580000,0x0000000797d00000)
  from space 5632K, 90% used [0x0000000797d80000,0x00000007982800f0,0x0000000798300000)
  to   space 9728K, 0% used [0x0000000798680000,0x0000000798680000,0x0000000799000000)
 ParOldGen       total 60416K, used 14500K [0x0000000740000000, 0x0000000743b00000, 0x0000000795580000)
  object space 60416K, 24% used [0x0000000740000000,0x0000000740e29108,0x0000000743b00000)
 Metaspace       used 24059K, capacity 24289K, committed 24576K, reserved 1071104K
  class space    used 2368K, capacity 2451K, committed 2560K, reserved 1048576K
}
Event: 103.416 GC heap before
{Heap before GC invocations=17 (full 1):
 PSYoungGen      total 46080K, used 45568K [0x0000000795580000, 0x0000000799000000, 0x00000007c0000000)
  eden space 40448K, 100% used [0x0000000795580000,0x0000000797d00000,0x0000000797d00000)
  from space 5632K, 90% used [0x0000000797d80000,0x00000007982800f0,0x0000000798300000)
  to   space 9728K, 0% used [0x0000000798680000,0x0000000798680000,0x0000000799000000)
 ParOldGen       total 60416K, used 14500K [0x0000000740000000, 0x0000000743b00000, 0x0000000795580000)
  object space 60416K, 24% used [0x0000000740000000,0x0000000740e29108,0x0000000743b00000)
 Metaspace       used 24059K, capacity 24289K, committed 24576K, reserved 1071104K
  class space    used 2368K, capacity 2451K, committed 2560K, reserved 1048576K
Event: 103.422 GC heap after
Heap after GC invocations=17 (full 1):
 PSYoungGen      total 48128K, used 5184K [0x0000000795580000, 0x0000000798e80000, 0x00000007c0000000)
  eden space 39936K, 0% used [0x0000000795580000,0x0000000795580000,0x0000000797c80000)
  from space 8192K, 63% used [0x0000000798680000,0x0000000798b900f0,0x0000000798e80000)
  to   space 9216K, 0% used [0x0000000797c80000,0x0000000797c80000,0x0000000798580000)
 ParOldGen       total 60416K, used 14508K [0x0000000740000000, 0x0000000743b00000, 0x0000000795580000)
  object space 60416K, 24% used [0x0000000740000000,0x0000000740e2b108,0x0000000743b00000)
 Metaspace       used 24059K, capacity 24289K, committed 24576K, reserved 1071104K
  class space    used 2368K, capacity 2451K, committed 2560K, reserved 1048576K
}
Event: 111.484 GC heap before
{Heap before GC invocations=18 (full 1):
 PSYoungGen      total 48128K, used 45120K [0x0000000795580000, 0x0000000798e80000, 0x00000007c0000000)
  eden space 39936K, 100% used [0x0000000795580000,0x0000000797c80000,0x0000000797c80000)
  from space 8192K, 63% used [0x0000000798680000,0x0000000798b900f0,0x0000000798e80000)
  to   space 9216K, 0% used [0x0000000797c80000,0x0000000797c80000,0x0000000798580000)
 ParOldGen       total 60416K, used 14508K [0x0000000740000000, 0x0000000743b00000, 0x0000000795580000)
  object space 60416K, 24% used [0x0000000740000000,0x0000000740e2b108,0x0000000743b00000)
 Metaspace       used 24060K, capacity 24289K, committed 24576K, reserved 1071104K
  class space    used 2368K, capacity 2451K, committed 2560K, reserved 1048576K
Event: 111.490 GC heap after
Heap after GC invocations=18 (full 1):
 PSYoungGen      total 45056K, used 5136K [0x0000000795580000, 0x0000000798e00000, 0x00000007c0000000)
  eden space 39424K, 0% used [0x0000000795580000,0x0000000795580000,0x0000000797c00000)
  from space 5632K, 91% used [0x0000000797c80000,0x00000007981840e0,0x0000000798200000)
  to   space 9216K, 0% used [0x0000000798500000,0x0000000798500000,0x0000000798e00000)
 ParOldGen       total 60416K, used 14508K [0x0000000740000000, 0x0000000743b00000, 0x0000000795580000)
  object space 60416K, 24% used [0x0000000740000000,0x0000000740e2b108,0x0000000743b00000)
 Metaspace       used 24060K, capacity 24289K, committed 24576K, reserved 1071104K
  class space    used 2368K, capacity 2451K, committed 2560K, reserved 1048576K
}

Deoptimization events (10 events):
Event: 116.112 Thread 0x00007ffe3925a800 Uncommon trap: reason=class_check action=maybe_recompile pc=0x000000010eaf8828 method=java.awt.event.InvocationEvent.dispatch()V @ 11
Event: 116.114 Thread 0x00007ffe368ca000 Uncommon trap: reason=class_check action=maybe_recompile pc=0x000000010e303ac0 method=com.jogamp.common.util.RunnableTask.run()V @ 24
Event: 116.114 Thread 0x00007ffe368ca000 Uncommon trap: reason=unstable_if action=reinterpret pc=0x000000010e4d843c method=jogamp.nativewindow.macosx.OSXUtil.RunOnMainThread(ZZLjava/lang/Runnable;)V @ 3
Event: 116.123 Thread 0x00007ffe3925a800 Uncommon trap: reason=unstable_if action=reinterpret pc=0x000000010e4a65d0 method=jogamp.opengl.GLContextImpl.release(Z)V @ 161
Event: 116.125 Thread 0x00007ffe3925a800 Uncommon trap: reason=unstable_if action=reinterpret pc=0x000000010e92c0d8 method=java.util.LinkedList$ListItr.<init>(Ljava/util/LinkedList;I)V @ 26
Event: 116.126 Thread 0x00007ffe3925a800 Uncommon trap: reason=unstable_if action=reinterpret pc=0x000000010e8daae0 method=java.security.AccessControlContext.optimize()Ljava/security/AccessControlContext; @ 233
Event: 116.127 Thread 0x00007ffe368f5000 Uncommon trap: reason=unstable_if action=reinterpret pc=0x000000010e1e83b8 method=java.awt.font.FontRenderContext.equals(Ljava/awt/font/FontRenderContext;)Z @ 2
Event: 116.127 Thread 0x00007ffe368ca000 Uncommon trap: reason=class_check action=maybe_recompile pc=0x000000010e303ac0 method=com.jogamp.common.util.RunnableTask.run()V @ 24
Event: 116.127 Thread 0x00007ffe368f5000 Uncommon trap: reason=class_check action=maybe_recompile pc=0x000000010e661134 method=java.awt.Component.getGraphics()Ljava/awt/Graphics; @ 114
Event: 116.127 Thread 0x00007ffe3925a800 Uncommon trap: reason=class_check action=maybe_recompile pc=0x000000010eaf8828 method=java.awt.event.InvocationEvent.dispatch()V @ 11

Internal exceptions (10 events):
Event: 0.122 Thread 0x00007ffe36009800 Exception <a 'java/lang/NoSuchFieldError': method resolution failed> (0x000000079583f558) thrown at [/Users/java_re/workspace/8-2-build-macosx-x86_64/jdk8u60/4407/hotspot/src/share/vm/prims/methodHandles.cpp, line 1146]
Event: 0.327 Thread 0x00007ffe36009800 Exception <a 'java/io/FileNotFoundException'> (0x00000007958bb498) thrown at [/Users/java_re/workspace/8-2-build-macosx-x86_64/jdk8u60/4407/hotspot/src/share/vm/prims/jni.cpp, line 709]
Event: 0.328 Thread 0x00007ffe36009800 Exception <a 'java/io/FileNotFoundException'> (0x00000007958bbfc8) thrown at [/Users/java_re/workspace/8-2-build-macosx-x86_64/jdk8u60/4407/hotspot/src/share/vm/prims/jni.cpp, line 709]
Event: 0.358 Thread 0x00007ffe36009800 Exception <a 'java/io/FileNotFoundException'> (0x00000007959ad5b8) thrown at [/Users/java_re/workspace/8-2-build-macosx-x86_64/jdk8u60/4407/hotspot/src/share/vm/prims/jni.cpp, line 709]
Event: 0.478 Thread 0x00007ffe36009800 Exception <a 'java/io/FileNotFoundException'> (0x00000007959ef078) thrown at [/Users/java_re/workspace/8-2-build-macosx-x86_64/jdk8u60/4407/hotspot/src/share/vm/prims/jni.cpp, line 709]
Event: 1.924 Thread 0x00007ffe3925e000 Exception <a 'java/lang/UnsatisfiedLinkError': com.jogamp.common.util.JarUtil.fixNativeLibAttribs(Ljava/lang/String;)Z> (0x0000000796b23ff0) thrown at [/Users/java_re/workspace/8-2-build-macosx-x86_64/jdk8u60/4407/hotspot/src/share/vm/prims/nativeLookup.c
Event: 3.626 Thread 0x00007ffe35029800 Exception <a 'java/lang/NullPointerException'> (0x00000007956a6248) thrown at [/Users/java_re/workspace/8-2-build-macosx-x86_64/jdk8u60/4407/hotspot/src/share/vm/interpreter/linkResolver.cpp, line 1178]
Event: 4.071 Thread 0x00007ffe3925a800 Exception <a 'java/io/FileNotFoundException'> (0x0000000795e1ede8) thrown at [/Users/java_re/workspace/8-2-build-macosx-x86_64/jdk8u60/4407/hotspot/src/share/vm/prims/jni.cpp, line 709]
Event: 4.071 Thread 0x00007ffe3925a800 Exception <a 'java/io/FileNotFoundException'> (0x0000000795e24b68) thrown at [/Users/java_re/workspace/8-2-build-macosx-x86_64/jdk8u60/4407/hotspot/src/share/vm/prims/jni.cpp, line 709]
Event: 4.071 Thread 0x00007ffe3925a800 Implicit null exception at 0x000000010e275575 to 0x000000010e2758d9

Events (10 events):
Event: 116.127 Thread 0x00007ffe368ca000 DEOPT UNPACKING pc=0x000000010e0d7229 sp=0x00007ffee7b924f8 mode 2
Event: 116.127 Thread 0x00007ffe3692e000 Thread exited: 0x00007ffe3692e000
Event: 116.127 loading class java/awt/Window$1DisposeAction
Event: 116.127 loading class java/awt/Window$1DisposeAction done
Event: 116.127 Thread 0x00007ffe368f5000 Uncommon trap: trap_request=0xffffffde fr.pc=0x000000010e661134
Event: 116.127 Thread 0x00007ffe368f5000 DEOPT PACKING pc=0x000000010e661134 sp=0x000070000d659db0
Event: 116.127 Thread 0x00007ffe368f5000 DEOPT UNPACKING pc=0x000000010e0d7229 sp=0x000070000d659dc0 mode 2
Event: 116.127 Thread 0x00007ffe3925a800 Uncommon trap: trap_request=0xffffffde fr.pc=0x000000010eaf8828
Event: 116.127 Thread 0x00007ffe3925a800 DEOPT PACKING pc=0x000000010eaf8828 sp=0x000070000d860030
Event: 116.127 Thread 0x00007ffe3925a800 DEOPT UNPACKING pc=0x000000010e0d7229 sp=0x000070000d85feb8 mode 2


Dynamic libraries:
0x000000000006d000 	/System/Library/Frameworks/Cocoa.framework/Versions/A/Cocoa
0x000000000006d000 	/System/Library/Frameworks/Security.framework/Versions/A/Security
0x000000000006d000 	/System/Library/Frameworks/ApplicationServices.framework/Versions/A/ApplicationServices
0x000000000006d000 	/usr/lib/libz.1.dylib
0x000000000006d000 	/usr/lib/libSystem.B.dylib
0x000000000006d000 	/usr/lib/libobjc.A.dylib
0x000000000006d000 	/System/Library/Frameworks/CoreFoundation.framework/Versions/A/CoreFoundation
0x000000000006d000 	/System/Library/Frameworks/Foundation.framework/Versions/C/Foundation
0x000000000006d000 	/System/Library/Frameworks/AppKit.framework/Versions/C/AppKit
0x000000000006d000 	/System/Library/Frameworks/CoreData.framework/Versions/A/CoreData
0x000000000006d000 	/System/Library/PrivateFrameworks/UIFoundation.framework/Versions/A/UIFoundation
0x000000000006d000 	/System/Library/PrivateFrameworks/RemoteViewServices.framework/Versions/A/RemoteViewServices
0x000000000006d000 	/System/Library/PrivateFrameworks/XCTTargetBootstrap.framework/Versions/A/XCTTargetBootstrap
0x000000000006d000 	/usr/lib/libspindump.dylib
0x000000000006d000 	/System/Library/Frameworks/UniformTypeIdentifiers.framework/Versions/A/UniformTypeIdentifiers
0x000000000006d000 	/usr/lib/libapp_launch_measurement.dylib
0x000000000006d000 	/System/Library/PrivateFrameworks/CoreAutoLayout.framework/Versions/A/CoreAutoLayout
0x000000000006d000 	/System/Library/Frameworks/Metal.framework/Versions/A/Metal
0x000000000006d000 	/usr/lib/liblangid.dylib
0x000000000006d000 	/System/Library/PrivateFrameworks/CoreSVG.framework/Versions/A/CoreSVG
0x000000000006d000 	/System/Library/PrivateFrameworks/SkyLight.framework/Versions/A/SkyLight
0x000000000006d000 	/System/Library/Frameworks/CoreGraphics.framework/Versions/A/CoreGraphics
0x000000000006d000 	/System/Library/Frameworks/Accelerate.framework/Versions/A/Accelerate
0x000000000006d000 	/System/Library/PrivateFrameworks/IconServices.framework/Versions/A/IconServices
0x000000000006d000 	/System/Library/Frameworks/IOSurface.framework/Versions/A/IOSurface
0x000000000006d000 	/usr/lib/libDiagnosticMessagesClient.dylib
0x000000000006d000 	/System/Library/PrivateFrameworks/DFRFoundation.framework/Versions/A/DFRFoundation
0x000000000006d000 	/usr/lib/libicucore.A.dylib
0x000000000006d000 	/System/Library/Frameworks/AudioToolbox.framework/Versions/A/AudioToolbox
0x000000000006d000 	/System/Library/PrivateFrameworks/DataDetectorsCore.framework/Versions/A/DataDetectorsCore
0x000000000006d000 	/usr/lib/libMobileGestalt.dylib
0x000000000006d000 	/System/Library/Frameworks/Carbon.framework/Versions/A/Frameworks/HIToolbox.framework/Versions/A/HIToolbox
0x000000000006d000 	/System/Library/Frameworks/QuartzCore.framework/Versions/A/QuartzCore
0x000000000006d000 	/System/Library/Frameworks/Carbon.framework/Versions/A/Frameworks/SpeechRecognition.framework/Versions/A/SpeechRecognition
0x000000000006d000 	/System/Library/PrivateFrameworks/CoreUI.framework/Versions/A/CoreUI
0x000000000006d000 	/System/Library/Frameworks/CoreAudio.framework/Versions/A/CoreAudio
0x000000000006d000 	/System/Library/Frameworks/DiskArbitration.framework/Versions/A/DiskArbitration
0x000000000006d000 	/System/Library/PrivateFrameworks/MultitouchSupport.framework/Versions/A/MultitouchSupport
0x000000000006d000 	/System/Library/PrivateFrameworks/InternationalSupport.framework/Versions/A/InternationalSupport
0x000000000006d000 	/usr/lib/libenergytrace.dylib
0x000000000006d000 	/System/Library/Frameworks/IOKit.framework/Versions/A/IOKit
0x000000000006d000 	/System/Library/Frameworks/CoreServices.framework/Versions/A/CoreServices
0x000000000006d000 	/System/Library/PrivateFrameworks/PerformanceAnalysis.framework/Versions/A/PerformanceAnalysis
0x000000000006d000 	/System/Library/Frameworks/OpenGL.framework/Versions/A/OpenGL
0x000000000006d000 	/System/Library/PrivateFrameworks/UserActivity.framework/Versions/A/UserActivity
0x000000000006d000 	/System/Library/Frameworks/ColorSync.framework/Versions/A/ColorSync
0x000000000006d000 	/System/Library/Frameworks/CoreImage.framework/Versions/A/CoreImage
0x000000000006d000 	/System/Library/Frameworks/CoreText.framework/Versions/A/CoreText
0x000000000006d000 	/System/Library/Frameworks/ImageIO.framework/Versions/A/ImageIO
0x000000000006d000 	/System/Library/PrivateFrameworks/SoftLinking.framework/Versions/A/SoftLinking
0x000000000006d000 	/usr/lib/libxml2.2.dylib
0x000000000006d000 	/usr/lib/libc++.1.dylib
0x000000000006d000 	/usr/lib/libcompression.dylib
0x000000000006d000 	/System/Library/PrivateFrameworks/TextureIO.framework/Versions/A/TextureIO
0x000000000006d000 	/usr/lib/libate.dylib
0x000000000006d000 	/usr/lib/system/libcache.dylib
0x000000000006d000 	/usr/lib/system/libcommonCrypto.dylib
0x000000000006d000 	/usr/lib/system/libcompiler_rt.dylib
0x000000000006d000 	/usr/lib/system/libcopyfile.dylib
0x000000000006d000 	/usr/lib/system/libcorecrypto.dylib
0x000000000006d000 	/usr/lib/system/libdispatch.dylib
0x000000000006d000 	/usr/lib/system/libdyld.dylib
0x000000000006d000 	/usr/lib/system/libkeymgr.dylib
0x000000000006d000 	/usr/lib/system/liblaunch.dylib
0x000000000006d000 	/usr/lib/system/libmacho.dylib
0x000000000006d000 	/usr/lib/system/libquarantine.dylib
0x000000000006d000 	/usr/lib/system/libremovefile.dylib
0x000000000006d000 	/usr/lib/system/libsystem_asl.dylib
0x000000000006d000 	/usr/lib/system/libsystem_blocks.dylib
0x000000000006d000 	/usr/lib/system/libsystem_c.dylib
0x000000000006d000 	/usr/lib/system/libsystem_collections.dylib
0x000000000006d000 	/usr/lib/system/libsystem_configuration.dylib
0x000000000006d000 	/usr/lib/system/libsystem_containermanager.dylib
0x000000000006d000 	/usr/lib/system/libsystem_coreservices.dylib
0x000000000006d000 	/usr/lib/system/libsystem_darwin.dylib
0x000000000006d000 	/usr/lib/system/libsystem_dnssd.dylib
0x000000000006d000 	/usr/lib/system/libsystem_featureflags.dylib
0x000000000006d000 	/usr/lib/system/libsystem_info.dylib
0x000000000006d000 	/usr/lib/system/libsystem_m.dylib
0x000000000006d000 	/usr/lib/system/libsystem_malloc.dylib
0x000000000006d000 	/usr/lib/system/libsystem_networkextension.dylib
0x000000000006d000 	/usr/lib/system/libsystem_notify.dylib
0x000000000006d000 	/usr/lib/system/libsystem_product_info_filter.dylib
0x000000000006d000 	/usr/lib/system/libsystem_sandbox.dylib
0x000000000006d000 	/usr/lib/system/libsystem_secinit.dylib
0x000000000006d000 	/usr/lib/system/libsystem_kernel.dylib
0x000000000006d000 	/usr/lib/system/libsystem_platform.dylib
0x000000000006d000 	/usr/lib/system/libsystem_pthread.dylib
0x000000000006d000 	/usr/lib/system/libsystem_symptoms.dylib
0x000000000006d000 	/usr/lib/system/libsystem_trace.dylib
0x000000000006d000 	/usr/lib/system/libunwind.dylib
0x000000000006d000 	/usr/lib/system/libxpc.dylib
0x000000000006d000 	/usr/lib/libc++abi.dylib
0x000000000006d000 	/usr/lib/liboah.dylib
0x000000000006d000 	/usr/lib/liblzma.5.dylib
0x000000000006d000 	/System/Library/Frameworks/SystemConfiguration.framework/Versions/A/SystemConfiguration
0x000000000006d000 	/usr/lib/libfakelink.dylib
0x000000000006d000 	/System/Library/Frameworks/CFNetwork.framework/Versions/A/CFNetwork
0x000000000006d000 	/usr/lib/libarchive.2.dylib
0x000000000006d000 	/usr/lib/libCRFSuite.dylib
0x000000000006d000 	/usr/lib/libbsm.0.dylib
0x000000000006d000 	/usr/lib/libnetwork.dylib
0x000000000006d000 	/usr/lib/libpcap.A.dylib
0x000000000006d000 	/usr/lib/libdns_services.dylib
0x000000000006d000 	/usr/lib/libcoretls_cfhelpers.dylib
0x000000000006d000 	/usr/lib/libapple_nghttp2.dylib
0x000000000006d000 	/usr/lib/system/libkxld.dylib
0x000000000006d000 	/usr/lib/libsqlite3.dylib
0x000000000006d000 	/System/Library/PrivateFrameworks/AppleFSCompression.framework/Versions/A/AppleFSCompression
0x000000000006d000 	/usr/lib/libcoretls.dylib
0x000000000006d000 	/usr/lib/libpam.2.dylib
0x000000000006d000 	/usr/lib/libxar.1.dylib
0x000000000006d000 	/System/Library/PrivateFrameworks/AppleSystemInfo.framework/Versions/A/AppleSystemInfo
0x000000000006d000 	/System/Library/PrivateFrameworks/IOMobileFramebuffer.framework/Versions/A/IOMobileFramebuffer
0x000000000006d000 	/usr/lib/libbz2.1.0.dylib
0x000000000006d000 	/usr/lib/libiconv.2.dylib
0x000000000006d000 	/usr/lib/libcharset.1.dylib
0x000000000006d000 	/System/Library/Frameworks/CoreServices.framework/Versions/A/Frameworks/FSEvents.framework/Versions/A/FSEvents
0x000000000006d000 	/System/Library/Frameworks/CoreServices.framework/Versions/A/Frameworks/CarbonCore.framework/Versions/A/CarbonCore
0x000000000006d000 	/System/Library/Frameworks/CoreServices.framework/Versions/A/Frameworks/Metadata.framework/Versions/A/Metadata
0x000000000006d000 	/System/Library/Frameworks/CoreServices.framework/Versions/A/Frameworks/OSServices.framework/Versions/A/OSServices
0x000000000006d000 	/System/Library/Frameworks/CoreServices.framework/Versions/A/Frameworks/SearchKit.framework/Versions/A/SearchKit
0x000000000006d000 	/System/Library/Frameworks/CoreServices.framework/Versions/A/Frameworks/AE.framework/Versions/A/AE
0x000000000006d000 	/System/Library/Frameworks/CoreServices.framework/Versions/A/Frameworks/LaunchServices.framework/Versions/A/LaunchServices
0x000000000006d000 	/System/Library/Frameworks/CoreServices.framework/Versions/A/Frameworks/DictionaryServices.framework/Versions/A/DictionaryServices
0x000000000006d000 	/System/Library/Frameworks/CoreServices.framework/Versions/A/Frameworks/SharedFileList.framework/Versions/A/SharedFileList
0x000000000006d000 	/usr/lib/libCheckFix.dylib
0x000000000006d000 	/System/Library/PrivateFrameworks/TCC.framework/Versions/A/TCC
0x000000000006d000 	/System/Library/PrivateFrameworks/CoreNLP.framework/Versions/A/CoreNLP
0x000000000006d000 	/System/Library/PrivateFrameworks/MetadataUtilities.framework/Versions/A/MetadataUtilities
0x000000000006d000 	/usr/lib/libmecabra.dylib
0x000000000006d000 	/System/Library/Frameworks/MLCompute.framework/Versions/A/MLCompute
0x000000000006d000 	/usr/lib/libmecab.dylib
0x000000000006d000 	/usr/lib/libgermantok.dylib
0x000000000006d000 	/usr/lib/libThaiTokenizer.dylib
0x000000000006d000 	/usr/lib/libChineseTokenizer.dylib
0x000000000006d000 	/System/Library/Frameworks/MetalPerformanceShaders.framework/Versions/A/MetalPerformanceShaders
0x000000000006d000 	/System/Library/Frameworks/Accelerate.framework/Versions/A/Frameworks/vImage.framework/Versions/A/vImage
0x000000000006d000 	/System/Library/Frameworks/Accelerate.framework/Versions/A/Frameworks/vecLib.framework/Versions/A/vecLib
0x000000000006d000 	/System/Library/Frameworks/Accelerate.framework/Versions/A/Frameworks/vecLib.framework/Versions/A/libvMisc.dylib
0x000000000006d000 	/System/Library/Frameworks/Accelerate.framework/Versions/A/Frameworks/vecLib.framework/Versions/A/libvDSP.dylib
0x000000000006d000 	/System/Library/Frameworks/Accelerate.framework/Versions/A/Frameworks/vecLib.framework/Versions/A/libBLAS.dylib
0x000000000006d000 	/System/Library/Frameworks/Accelerate.framework/Versions/A/Frameworks/vecLib.framework/Versions/A/libLAPACK.dylib
0x000000000006d000 	/System/Library/Frameworks/Accelerate.framework/Versions/A/Frameworks/vecLib.framework/Versions/A/libLinearAlgebra.dylib
0x000000000006d000 	/System/Library/Frameworks/Accelerate.framework/Versions/A/Frameworks/vecLib.framework/Versions/A/libSparseBLAS.dylib
0x000000000006d000 	/System/Library/Frameworks/Accelerate.framework/Versions/A/Frameworks/vecLib.framework/Versions/A/libQuadrature.dylib
0x000000000006d000 	/System/Library/Frameworks/Accelerate.framework/Versions/A/Frameworks/vecLib.framework/Versions/A/libBNNS.dylib
0x000000000006d000 	/System/Library/Frameworks/Accelerate.framework/Versions/A/Frameworks/vecLib.framework/Versions/A/libSparse.dylib
0x000000000006d000 	/System/Library/Frameworks/MetalPerformanceShaders.framework/Versions/A/Frameworks/MPSCore.framework/Versions/A/MPSCore
0x000000000006d000 	/System/Library/Frameworks/MetalPerformanceShaders.framework/Versions/A/Frameworks/MPSImage.framework/Versions/A/MPSImage
0x000000000006d000 	/System/Library/Frameworks/MetalPerformanceShaders.framework/Versions/A/Frameworks/MPSNeuralNetwork.framework/Versions/A/MPSNeuralNetwork
0x000000000006d000 	/System/Library/Frameworks/MetalPerformanceShaders.framework/Versions/A/Frameworks/MPSMatrix.framework/Versions/A/MPSMatrix
0x000000000006d000 	/System/Library/Frameworks/MetalPerformanceShaders.framework/Versions/A/Frameworks/MPSRayIntersector.framework/Versions/A/MPSRayIntersector
0x000000000006d000 	/System/Library/Frameworks/MetalPerformanceShaders.framework/Versions/A/Frameworks/MPSNDArray.framework/Versions/A/MPSNDArray
0x000000000006d000 	/System/Library/PrivateFrameworks/MetalTools.framework/Versions/A/MetalTools
0x000000000006d000 	/System/Library/PrivateFrameworks/AggregateDictionary.framework/Versions/A/AggregateDictionary
0x000000000006d000 	/System/Library/PrivateFrameworks/CoreAnalytics.framework/Versions/A/CoreAnalytics
0x000000000006d000 	/System/Library/PrivateFrameworks/AppleSauce.framework/Versions/A/AppleSauce
0x000000000006d000 	/System/Library/PrivateFrameworks/IOAccelerator.framework/Versions/A/IOAccelerator
0x000000000006d000 	/System/Library/Frameworks/OpenGL.framework/Versions/A/Libraries/libCoreFSCache.dylib
0x000000000006d000 	/System/Library/PrivateFrameworks/LanguageModeling.framework/Versions/A/LanguageModeling
0x000000000006d000 	/System/Library/PrivateFrameworks/CoreEmoji.framework/Versions/A/CoreEmoji
0x000000000006d000 	/System/Library/PrivateFrameworks/LinguisticData.framework/Versions/A/LinguisticData
0x000000000006d000 	/System/Library/PrivateFrameworks/Lexicon.framework/Versions/A/Lexicon
0x000000000006d000 	/usr/lib/libcmph.dylib
0x000000000006d000 	/System/Library/Frameworks/OpenDirectory.framework/Versions/A/Frameworks/CFOpenDirectory.framework/Versions/A/CFOpenDirectory
0x000000000006d000 	/System/Library/Frameworks/OpenDirectory.framework/Versions/A/OpenDirectory
0x000000000006d000 	/System/Library/PrivateFrameworks/APFS.framework/Versions/A/APFS
0x000000000006d000 	/System/Library/Frameworks/SecurityFoundation.framework/Versions/A/SecurityFoundation
0x000000000006d000 	/usr/lib/libutil.dylib
0x000000000006d000 	/System/Library/PrivateFrameworks/CoreServicesStore.framework/Versions/A/CoreServicesStore
0x000000000006d000 	/System/Library/Frameworks/ServiceManagement.framework/Versions/A/ServiceManagement
0x000000000006d000 	/usr/lib/libxslt.1.dylib
0x000000000006d000 	/System/Library/PrivateFrameworks/BackgroundTaskManagement.framework/Versions/A/BackgroundTaskManagement
0x000000000006d000 	/System/Library/Frameworks/ImageIO.framework/Versions/A/Resources/libRadiance.dylib
0x000000000006d000 	/System/Library/Frameworks/ImageIO.framework/Versions/A/Resources/libJPEG.dylib
0x000000000006d000 	/System/Library/Frameworks/ImageIO.framework/Versions/A/Resources/libPng.dylib
0x000000000006d000 	/System/Library/Frameworks/ImageIO.framework/Versions/A/Resources/libTIFF.dylib
0x000000000006d000 	/System/Library/Frameworks/ImageIO.framework/Versions/A/Resources/libGIF.dylib
0x000000000006d000 	/System/Library/Frameworks/ImageIO.framework/Versions/A/Resources/libJP2.dylib
0x000000000006d000 	/usr/lib/libexpat.1.dylib
0x000000000006d000 	/System/Library/PrivateFrameworks/AppleJPEG.framework/Versions/A/AppleJPEG
0x000000000006d000 	/System/Library/PrivateFrameworks/FontServices.framework/libFontParser.dylib
0x000000000006d000 	/System/Library/PrivateFrameworks/RunningBoardServices.framework/Versions/A/RunningBoardServices
0x000000000006d000 	/System/Library/PrivateFrameworks/WatchdogClient.framework/Versions/A/WatchdogClient
0x000000000006d000 	/System/Library/Frameworks/CoreDisplay.framework/Versions/A/CoreDisplay
0x000000000006d000 	/System/Library/Frameworks/CoreMedia.framework/Versions/A/CoreMedia
0x000000000006d000 	/System/Library/Frameworks/CoreVideo.framework/Versions/A/CoreVideo
0x000000000006d000 	/System/Library/Frameworks/VideoToolbox.framework/Versions/A/VideoToolbox
0x000000000006d000 	/System/Library/PrivateFrameworks/BaseBoard.framework/Versions/A/BaseBoard
0x000000000006d000 	/System/Library/PrivateFrameworks/PersistentConnection.framework/Versions/A/PersistentConnection
0x000000000006d000 	/System/Library/PrivateFrameworks/ProtocolBuffer.framework/Versions/A/ProtocolBuffer
0x000000000006d000 	/System/Library/PrivateFrameworks/CommonUtilities.framework/Versions/A/CommonUtilities
0x000000000006d000 	/System/Library/PrivateFrameworks/Bom.framework/Versions/A/Bom
0x000000000006d000 	/System/Library/PrivateFrameworks/GPUWrangler.framework/Versions/A/GPUWrangler
0x000000000006d000 	/System/Library/PrivateFrameworks/IOPresentment.framework/Versions/A/IOPresentment
0x000000000006d000 	/System/Library/PrivateFrameworks/DSExternalDisplay.framework/Versions/A/DSExternalDisplay
0x000000000006d000 	/System/Library/PrivateFrameworks/CMCaptureCore.framework/Versions/A/CMCaptureCore
0x000000000006d000 	/System/Library/PrivateFrameworks/AppServerSupport.framework/Versions/A/AppServerSupport
0x000000000006d000 	/System/Library/PrivateFrameworks/perfdata.framework/Versions/A/perfdata
0x000000000006d000 	/System/Library/PrivateFrameworks/AssertionServices.framework/Versions/A/AssertionServices
0x000000000006d000 	/System/Library/PrivateFrameworks/AudioToolboxCore.framework/Versions/A/AudioToolboxCore
0x000000000006d000 	/System/Library/PrivateFrameworks/caulk.framework/Versions/A/caulk
0x000000000006d000 	/System/Library/PrivateFrameworks/SystemPolicy.framework/Versions/A/SystemPolicy
0x000000000006d000 	/usr/lib/libIOReport.dylib
0x000000000006d000 	/usr/lib/libSMC.dylib
0x000000000006d000 	/usr/lib/libAudioToolboxUtility.dylib
0x000000000006d000 	/usr/lib/libmis.dylib
0x000000000006d000 	/System/Library/Frameworks/OpenGL.framework/Versions/A/Libraries/libGLU.dylib
0x000000000006d000 	/System/Library/Frameworks/OpenGL.framework/Versions/A/Libraries/libGFXShared.dylib
0x000000000006d000 	/System/Library/Frameworks/OpenGL.framework/Versions/A/Libraries/libGL.dylib
0x000000000006d000 	/System/Library/Frameworks/OpenGL.framework/Versions/A/Libraries/libGLImage.dylib
0x000000000006d000 	/System/Library/Frameworks/OpenGL.framework/Versions/A/Libraries/libCVMSPluginSupport.dylib
0x000000000006d000 	/System/Library/Frameworks/OpenGL.framework/Versions/A/Libraries/libCoreVMClient.dylib
0x000000000006d000 	/System/Library/Frameworks/OpenCL.framework/Versions/A/OpenCL
0x000000000006d000 	/System/Library/PrivateFrameworks/GraphVisualizer.framework/Versions/A/GraphVisualizer
0x000000000006d000 	/System/Library/PrivateFrameworks/FaceCore.framework/Versions/A/FaceCore
0x000000000006d000 	/System/Library/PrivateFrameworks/OTSVG.framework/Versions/A/OTSVG
0x000000000006d000 	/System/Library/Frameworks/ApplicationServices.framework/Versions/A/Frameworks/ATS.framework/Versions/A/Resources/libFontRegistry.dylib
0x000000000006d000 	/System/Library/PrivateFrameworks/FontServices.framework/libhvf.dylib
0x000000000006d000 	/System/Library/PrivateFrameworks/AppleVA.framework/Versions/A/AppleVA
0x000000000006d000 	/System/Library/Frameworks/ApplicationServices.framework/Versions/A/Frameworks/ATS.framework/Versions/A/ATS
0x000000000006d000 	/System/Library/Frameworks/ApplicationServices.framework/Versions/A/Frameworks/ColorSyncLegacy.framework/Versions/A/ColorSyncLegacy
0x000000000006d000 	/System/Library/Frameworks/ApplicationServices.framework/Versions/A/Frameworks/HIServices.framework/Versions/A/HIServices
0x000000000006d000 	/System/Library/Frameworks/ApplicationServices.framework/Versions/A/Frameworks/LangAnalysis.framework/Versions/A/LangAnalysis
0x000000000006d000 	/System/Library/Frameworks/ApplicationServices.framework/Versions/A/Frameworks/PrintCore.framework/Versions/A/PrintCore
0x000000000006d000 	/System/Library/Frameworks/ApplicationServices.framework/Versions/A/Frameworks/QD.framework/Versions/A/QD
0x000000000006d000 	/System/Library/Frameworks/ApplicationServices.framework/Versions/A/Frameworks/SpeechSynthesis.framework/Versions/A/SpeechSynthesis
0x000000000006d000 	/System/Library/Frameworks/ApplicationServices.framework/Versions/A/Frameworks/ATSUI.framework/Versions/A/ATSUI
0x000000000006d000 	/usr/lib/libcups.2.dylib
0x000000000006d000 	/System/Library/PrivateFrameworks/NetAuth.framework/Versions/A/NetAuth
0x000000000006d000 	/System/Library/Frameworks/Kerberos.framework/Versions/A/Kerberos
0x000000000006d000 	/System/Library/Frameworks/GSS.framework/Versions/A/GSS
0x000000000006d000 	/usr/lib/libresolv.9.dylib
0x000000000006d000 	/System/Library/PrivateFrameworks/Heimdal.framework/Versions/A/Heimdal
0x000000000006d000 	/System/Library/Frameworks/Kerberos.framework/Versions/A/Libraries/libHeimdalProxy.dylib
0x000000000006d000 	/System/Library/Frameworks/Network.framework/Versions/A/Network
0x000000000006d000 	/usr/lib/libheimdal-asn1.dylib
0x000000000006d000 	/System/Library/PrivateFrameworks/CommonAuth.framework/Versions/A/CommonAuth
0x000000000006d000 	/System/Library/PrivateFrameworks/login.framework/Versions/A/Frameworks/loginsupport.framework/Versions/A/loginsupport
0x000000000006d000 	/System/Library/PrivateFrameworks/AudioSession.framework/Versions/A/AudioSession
0x000000000006d000 	/usr/lib/libAudioStatistics.dylib
0x000000000006d000 	/System/Library/PrivateFrameworks/MediaExperience.framework/Versions/A/MediaExperience
0x000000000006d000 	/System/Library/PrivateFrameworks/AudioSession.framework/libSessionUtility.dylib
0x000000000006d000 	/usr/lib/libperfcheck.dylib
0x000000000006d000 	/System/Library/PrivateFrameworks/AudioResourceArbitration.framework/Versions/A/AudioResourceArbitration
0x000000000006d000 	/System/Library/PrivateFrameworks/IconFoundation.framework/Versions/A/IconFoundation
0x000000000006d000 	/System/Library/PrivateFrameworks/SpeechRecognitionCore.framework/Versions/A/SpeechRecognitionCore
0x000000010d149000 	/Library/Java/JavaVirtualMachines/jdk1.8.0_60.jdk/Contents/Home/jre/lib/server/libjvm.dylib
0x000000000006d000 	/usr/lib/libstdc++.6.dylib
0x000000010809c000 	/Library/Java/JavaVirtualMachines/jdk1.8.0_60.jdk/Contents/Home/jre/lib/libverify.dylib
0x00000001080aa000 	/Library/Java/JavaVirtualMachines/jdk1.8.0_60.jdk/Contents/Home/jre/lib/libjava.dylib
0x0000000108129000 	/Library/Java/JavaVirtualMachines/jdk1.8.0_60.jdk/Contents/Home/jre/lib/libzip.dylib
0x000000000006d000 	/System/Library/Frameworks/JavaRuntimeSupport.framework/Versions/A/JavaRuntimeSupport
0x000000000006d000 	/System/Library/Frameworks/Carbon.framework/Versions/A/Carbon
0x000000000006d000 	/System/Library/PrivateFrameworks/CoreSymbolication.framework/Versions/A/CoreSymbolication
0x000000000006d000 	/System/Library/Frameworks/Carbon.framework/Versions/A/Frameworks/CommonPanels.framework/Versions/A/CommonPanels
0x000000000006d000 	/System/Library/Frameworks/Carbon.framework/Versions/A/Frameworks/Help.framework/Versions/A/Help
0x000000000006d000 	/System/Library/Frameworks/Carbon.framework/Versions/A/Frameworks/ImageCapture.framework/Versions/A/ImageCapture
0x000000000006d000 	/System/Library/Frameworks/Carbon.framework/Versions/A/Frameworks/OpenScripting.framework/Versions/A/OpenScripting
0x000000000006d000 	/System/Library/Frameworks/Carbon.framework/Versions/A/Frameworks/Ink.framework/Versions/A/Ink
0x000000000006d000 	/System/Library/Frameworks/Carbon.framework/Versions/A/Frameworks/Print.framework/Versions/A/Print
0x000000000006d000 	/System/Library/Frameworks/Carbon.framework/Versions/A/Frameworks/SecurityHI.framework/Versions/A/SecurityHI
0x000000000006d000 	/System/Library/PrivateFrameworks/DebugSymbols.framework/Versions/A/DebugSymbols
0x00000001239a6000 	/Library/Java/JavaVirtualMachines/jdk1.8.0_60.jdk/Contents/Home/jre/lib/libawt.dylib
0x0000000123a4e000 	/Library/Java/JavaVirtualMachines/jdk1.8.0_60.jdk/Contents/Home/jre/lib/libmlib_image.dylib
0x000000000006d000 	/System/Library/Frameworks/JavaNativeFoundation.framework/Versions/A/JavaNativeFoundation
0x0000000123b1a000 	/Library/Java/JavaVirtualMachines/jdk1.8.0_60.jdk/Contents/Home/jre/lib/libawt_lwawt.dylib
0x0000000123bcf000 	/Library/Java/JavaVirtualMachines/jdk1.8.0_60.jdk/Contents/Home/jre/lib/libosxapp.dylib
0x000000000006d000 	/System/Library/Frameworks/ExceptionHandling.framework/Versions/A/ExceptionHandling
0x000000000006d000 	/System/Library/PrivateFrameworks/CoreServicesInternal.framework/Versions/A/CoreServicesInternal
0x000000000006d000 	/System/Library/Frameworks/FileProvider.framework/Versions/A/FileProvider
0x000000000006d000 	/System/Library/Frameworks/Accounts.framework/Versions/A/Accounts
0x000000000006d000 	/System/Library/PrivateFrameworks/GenerationalStorage.framework/Versions/A/GenerationalStorage
0x000000000006d000 	/System/Library/PrivateFrameworks/SymptomDiagnosticReporter.framework/Versions/A/SymptomDiagnosticReporter
0x000000000006d000 	/System/Library/PrivateFrameworks/DesktopServicesPriv.framework/Versions/A/DesktopServicesPriv
0x000000000006d000 	/usr/lib/libsandbox.1.dylib
0x000000000006d000 	/System/Library/PrivateFrameworks/UserManagement.framework/Versions/A/UserManagement
0x000000000006d000 	/System/Library/PrivateFrameworks/MobileKeyBag.framework/Versions/A/MobileKeyBag
0x000000000006d000 	/System/Library/PrivateFrameworks/ChunkingLibrary.framework/Versions/A/ChunkingLibrary
0x000000000006d000 	/System/Library/PrivateFrameworks/Sharing.framework/Versions/A/Sharing
0x000000000006d000 	/System/Library/PrivateFrameworks/Apple80211.framework/Versions/A/Apple80211
0x000000000006d000 	/System/Library/PrivateFrameworks/AuthKit.framework/Versions/A/AuthKit
0x000000000006d000 	/System/Library/PrivateFrameworks/CoreUtils.framework/Versions/A/CoreUtils
0x000000000006d000 	/System/Library/Frameworks/CoreWLAN.framework/Versions/A/CoreWLAN
0x000000000006d000 	/System/Library/Frameworks/IOBluetooth.framework/Versions/A/IOBluetooth
0x000000000006d000 	/System/Library/PrivateFrameworks/CoreWiFi.framework/Versions/A/CoreWiFi
0x000000000006d000 	/System/Library/PrivateFrameworks/CorePhoneNumbers.framework/Versions/A/CorePhoneNumbers
0x000000000006d000 	/System/Library/PrivateFrameworks/DiskManagement.framework/Versions/A/DiskManagement
0x000000000006d000 	/System/Library/PrivateFrameworks/AppleIDAuthSupport.framework/Versions/A/AppleIDAuthSupport
0x000000000006d000 	/System/Library/PrivateFrameworks/KeychainCircle.framework/Versions/A/KeychainCircle
0x000000000006d000 	/System/Library/PrivateFrameworks/MediaKit.framework/Versions/A/MediaKit
0x000000000006d000 	/System/Library/Frameworks/DiscRecording.framework/Versions/A/DiscRecording
0x000000000006d000 	/usr/lib/libCoreStorage.dylib
0x000000000006d000 	/usr/lib/libcsfde.dylib
0x000000000006d000 	/System/Library/PrivateFrameworks/ProtectedCloudStorage.framework/Versions/A/ProtectedCloudStorage
0x000000000006d000 	/System/Library/PrivateFrameworks/EFILogin.framework/Versions/A/EFILogin
0x000000000006d000 	/System/Library/Frameworks/AudioUnit.framework/Versions/A/AudioUnit
0x000000000006d000 	/System/Library/Frameworks/CoreBluetooth.framework/Versions/A/CoreBluetooth
0x000000000006d000 	/usr/lib/libMatch.1.dylib
0x000000000006d000 	/System/Library/CoreServices/RawCamera.bundle/Contents/MacOS/RawCamera
0x000000000006d000 	/System/Library/PrivateFrameworks/MobileAsset.framework/Versions/A/MobileAsset
0x000000000006d000 	/System/Library/PrivateFrameworks/StreamingZip.framework/Versions/A/StreamingZip
0x000000000006d000 	/System/Library/Frameworks/MediaToolbox.framework/Versions/A/MediaToolbox
0x000000000006d000 	/System/Library/PrivateFrameworks/CoreAVCHD.framework/Versions/A/CoreAVCHD
0x000000000006d000 	/System/Library/Frameworks/MediaAccessibility.framework/Versions/A/MediaAccessibility
0x000000000006d000 	/System/Library/PrivateFrameworks/Mangrove.framework/Versions/A/Mangrove
0x000000000006d000 	/System/Library/PrivateFrameworks/AlgosScoreFramework.framework/Versions/A/AlgosScoreFramework
0x000000000006d000 	/System/Library/PrivateFrameworks/AppleVPA.framework/Versions/A/AppleVPA
0x000000000006d000 	/System/Library/PrivateFrameworks/CoreAUC.framework/Versions/A/CoreAUC
0x000000000006d000 	/System/Library/Frameworks/Accelerate.framework/Versions/A/Frameworks/vImage.framework/Versions/A/Libraries/libCGInterfaces.dylib
0x0000000125831000 	/usr/lib/libobjc-trampolines.dylib
0x000000000006d000 	/System/Library/PrivateFrameworks/FamilyControls.framework/Versions/A/FamilyControls
0x000000000006d000 	/System/Library/PrivateFrameworks/CommerceKit.framework/Versions/A/Frameworks/CommerceCore.framework/Versions/A/CommerceCore
0x000000000006d000 	/System/Library/PrivateFrameworks/SystemAdministration.framework/Versions/A/SystemAdministration
0x000000000006d000 	/System/Library/PrivateFrameworks/AppContainer.framework/Versions/A/AppContainer
0x000000000006d000 	/System/Library/PrivateFrameworks/SecCodeWrapper.framework/Versions/A/SecCodeWrapper
0x000000000006d000 	/System/Library/PrivateFrameworks/CrashReporterSupport.framework/Versions/A/CrashReporterSupport
0x000000000006d000 	/System/Library/PrivateFrameworks/OSAnalytics.framework/Versions/A/OSAnalytics
0x000000000006d000 	/usr/lib/libRosetta.dylib
0x000000000006d000 	/System/Library/PrivateFrameworks/RemoteServiceDiscovery.framework/Versions/A/RemoteServiceDiscovery
0x000000000006d000 	/System/Library/PrivateFrameworks/Symbolication.framework/Versions/A/Symbolication
0x000000000006d000 	/System/Library/PrivateFrameworks/MallocStackLogging.framework/Versions/A/MallocStackLogging
0x000000000006d000 	/System/Library/PrivateFrameworks/login.framework/Versions/A/login
0x000000000006d000 	/System/Library/Frameworks/DirectoryService.framework/Versions/A/DirectoryService
0x000000000006d000 	/System/Library/PrivateFrameworks/DiskImages.framework/Versions/A/DiskImages
0x000000000006d000 	/System/Library/PrivateFrameworks/LoginUIKit.framework/Versions/A/Frameworks/LoginUICore.framework/Versions/A/LoginUICore
0x000000000006d000 	/usr/lib/libodfde.dylib
0x000000000006d000 	/usr/lib/libcurl.4.dylib
0x000000000006d000 	/usr/lib/libcrypto.44.dylib
0x000000000006d000 	/usr/lib/libssl.46.dylib
0x000000000006d000 	/System/Library/Frameworks/LDAP.framework/Versions/A/LDAP
0x000000000006d000 	/System/Library/PrivateFrameworks/TrustEvaluationAgent.framework/Versions/A/TrustEvaluationAgent
0x000000000006d000 	/usr/lib/libsasl2.2.dylib
0x000000000006d000 	/System/Library/PrivateFrameworks/CoreDaemon.framework/Versions/B/CoreDaemon
0x000000000006d000 	/System/Library/PrivateFrameworks/AppleSRP.framework/Versions/A/AppleSRP
0x000000000006d000 	/System/Library/PrivateFrameworks/ViewBridge.framework/Versions/A/ViewBridge
0x000000000006d000 	/System/Library/Frameworks/OpenGL.framework/Versions/A/Resources/GLEngine.bundle/GLEngine
0x000000000006d000 	/System/Library/Frameworks/OpenGL.framework/Versions/A/Libraries/libGLProgrammability.dylib
0x000000000006d000 	/System/Library/Extensions/AppleIntelICLGraphicsGLDriver.bundle/Contents/MacOS/AppleIntelICLGraphicsGLDriver
0x000000000006d000 	/System/Library/PrivateFrameworks/GPUSupport.framework/Versions/A/Libraries/libGPUSupportMercury.dylib
0x000000000006d000 	/System/Library/Frameworks/OpenGL.framework/Versions/A/Resources/GLRendererFloat.bundle/GLRendererFloat
0x0000000127f5b000 	/Library/Java/JavaVirtualMachines/jdk1.8.0_60.jdk/Contents/Home/jre/lib/libfontmanager.dylib
0x0000000128707000 	/Library/Java/JavaVirtualMachines/jdk1.8.0_60.jdk/Contents/Home/jre/lib/libosxui.dylib
0x0000000128aac000 	/Library/Java/JavaVirtualMachines/jdk1.8.0_60.jdk/Contents/Home/jre/lib/libnet.dylib
0x0000000128ac3000 	/Library/Java/JavaVirtualMachines/jdk1.8.0_60.jdk/Contents/Home/jre/lib/libnio.dylib
0x000000015a19a000 	/private/var/folders/29/yptmkhk54j53dmn29983x1680000gn/T/jogamp_0000/file_cache/jln3938001213839183548/jln4210891831550635081/libgluegen-rt.jnilib
0x000000015a19e000 	/private/var/folders/29/yptmkhk54j53dmn29983x1680000gn/T/jogamp_0000/file_cache/jln3938001213839183548/jln4210891831550635081/libnativewindow_awt.jnilib
0x000000015a1a1000 	/Library/Java/JavaVirtualMachines/jdk1.8.0_60.jdk/Contents/Home/jre/lib/libjawt.dylib
0x000000015a1a4000 	/private/var/folders/29/yptmkhk54j53dmn29983x1680000gn/T/jogamp_0000/file_cache/jln3938001213839183548/jln4210891831550635081/libnativewindow_macosx.jnilib
0x000000015a1ae000 	/private/var/folders/29/yptmkhk54j53dmn29983x1680000gn/T/jogamp_0000/file_cache/jln3938001213839183548/jln4210891831550635081/libjogl_desktop.jnilib
0x000000015a2b1000 	/Library/Java/JavaVirtualMachines/jdk1.8.0_60.jdk/Contents/Home/jre/lib/libsunec.dylib
0x0000000162ac2000 	/Library/Java/JavaVirtualMachines/jdk1.8.0_60.jdk/Contents/Home/jre/lib/libt2k.dylib
0x000000015a8ad000 	/Library/Java/JavaVirtualMachines/jdk1.8.0_60.jdk/Contents/Home/jre/lib/libjpeg.dylib

VM Arguments:
jvm_args: -Djava.security.policy=java.policy.applet -Dfile.encoding=UTF-8 
java_command: sun.applet.AppletViewer module4.EarthquakeCityMap1669291685124.html
java_class_path (initial): /Users/yxk/eclipse-workspace/UCSDUnfoldingMaps/build:/Users/yxk/eclipse-workspace/UCSDUnfoldingMaps/lib/core.jar:/Users/yxk/eclipse-workspace/UCSDUnfoldingMaps/lib/gluegen-rt.jar:/Users/yxk/eclipse-workspace/UCSDUnfoldingMaps/lib/jogl-all.jar:/Users/yxk/eclipse-workspace/UCSDUnfoldingMaps/lib/log4j-1.2.15.jar:/Users/yxk/eclipse-workspace/UCSDUnfoldingMaps/lib/sqlite-jdbc-3.7.2.jar:/Users/yxk/eclipse-workspace/UCSDUnfoldingMaps/lib/json4processing.jar:/Users/yxk/eclipse-workspace/UCSDUnfoldingMaps/lib/libTUIO.jar:/Users/yxk/eclipse-workspace/UCSDUnfoldingMaps/lib/unfolding.0.9.7-uscd.jar
Launcher Type: SUN_STANDARD

Environment Variables:
PATH=/usr/bin:/bin:/usr/sbin:/sbin
SHELL=/bin/zsh

Signal Handlers:
SIGSEGV: [libjvm.dylib+0x5a6d31], sa_mask[0]=11111111011111110111111111111111, sa_flags=SA_ONSTACK|SA_RESTART|SA_SIGINFO
SIGBUS: [libjvm.dylib+0x5a6d31], sa_mask[0]=11111111011111110111111111111111, sa_flags=SA_RESTART|SA_SIGINFO
SIGFPE: [libjvm.dylib+0x480a4c], sa_mask[0]=11111111011111110111111111111111, sa_flags=SA_RESTART|SA_SIGINFO
SIGPIPE: [libjvm.dylib+0x480a4c], sa_mask[0]=11111111011111110111111111111111, sa_flags=SA_RESTART|SA_SIGINFO
SIGXFSZ: [libjvm.dylib+0x480a4c], sa_mask[0]=11111111011111110111111111111111, sa_flags=SA_RESTART|SA_SIGINFO
SIGILL: [libjvm.dylib+0x480a4c], sa_mask[0]=11111111011111110111111111111111, sa_flags=SA_RESTART|SA_SIGINFO
SIGUSR1: SIG_DFL, sa_mask[0]=00000000000000000000000000000000, sa_flags=none
SIGUSR2: [libjvm.dylib+0x48056a], sa_mask[0]=00100000000000000000000000000000, sa_flags=SA_RESTART|SA_SIGINFO
SIGHUP: [libjvm.dylib+0x47eb41], sa_mask[0]=11111111011111110111111111111111, sa_flags=SA_RESTART|SA_SIGINFO
SIGINT: [libjvm.dylib+0x47eb41], sa_mask[0]=11111111011111110111111111111111, sa_flags=SA_RESTART|SA_SIGINFO
SIGTERM: [libjvm.dylib+0x47eb41], sa_mask[0]=11111111011111110111111111111111, sa_flags=SA_RESTART|SA_SIGINFO
SIGQUIT: [libjvm.dylib+0x47eb41], sa_mask[0]=11111111011111110111111111111111, sa_flags=SA_RESTART|SA_SIGINFO


---------------  S Y S T E M  ---------------

OS:Bsduname:Darwin 20.6.0 Darwin Kernel Version 20.6.0: Wed Jun 23 00:26:31 PDT 2021; root:xnu-7195.141.2~5/RELEASE_X86_64 x86_64
rlimit: STACK 8192k, CORE 0k, NPROC 1392, NOFILE 10240, AS infinity
load average:1.85 1.87 1.93

CPU:total 8 (4 cores per cpu, 2 threads per core) family 6 model 126 stepping 5, cmov, cx8, fxsr, mmx, sse, sse2, sse3, ssse3, sse4.1, sse4.2, popcnt, avx, avx2, aes, clmul, erms, 3dnowpref, lzcnt, ht, tsc, tscinvbit, bmi1, bmi2, adx

Memory: 4k page, physical 8388608k(60944k free)

/proc/meminfo:


vm_info: Java HotSpot(TM) 64-Bit Server VM (25.60-b23) for bsd-amd64 JRE (1.8.0_60-b27), built on Aug  4 2015 10:47:24 by "java_re" with gcc 4.2.1 (Based on Apple Inc. build 5658) (LLVM build 2336.11.00)

time: Thu Nov 24 20:10:01 2022
elapsed time: 116 seconds (0d 0h 1m 56s)

