#
# A fatal error has been detected by the Java Runtime Environment:
#
#  SIGSEGV (0xb) at pc=0x00007fff2035981d, pid=2078, tid=259
#
# JRE version: Java(TM) SE Runtime Environment (8.0_60-b27) (build 1.8.0_60-b27)
# Java VM: Java HotSpot(TM) 64-Bit Server VM (25.60-b23 mixed mode bsd-amd64 compressed oops)
# Problematic frame:
# C  [libobjc.A.dylib+0x681d]  objc_msgSend+0x1d
#
# Failed to write core dump. Core dumps have been disabled. To enable core dumping, try "ulimit -c unlimited" before starting Java again
#
# If you would like to submit a bug report, please visit:
#   http://bugreport.java.com/bugreport/crash.jsp
# The crash happened outside the Java Virtual Machine in native code.
# See problematic frame for where to report the bug.
#

---------------  T H R E A D  ---------------

Current thread (0x00007fa418136800):  JavaThread "AWT-AppKit" daemon [_thread_in_native, id=259, stack(0x00007ffeec1c0000,0x00007ffeec9c0000)]

siginfo: si_signo: 11 (SIGSEGV), si_code: 1 (SEGV_MAPERR), si_addr: 0x0000000000000018

Registers:
RAX=0x00007fa41fda7840, RBX=0x0000000155375450, RCX=0x0000000000000000, RDX=0x0000000000000001
RSP=0x00007ffeec9bb1e8, RBP=0x00007ffeec9bb2a0, RSI=0x00007fff7bc2da5f, RDI=0x00007fa41f127e90
R8 =0x0000000000000000, R9 =0x0000000000000000, R10=0x0000000000000000, R11=0x00007fff7bc2da5f
R12=0x0000000000000000, R13=0x0000000159966638, R14=0x0000000155375440, R15=0x00007fa418136800
RIP=0x00007fff2035981d, EFLAGS=0x0000000000010246, ERR=0x0000000000000004
  TRAPNO=0x000000000000000e

Top of Stack: (sp=0x00007ffeec9bb1e8)
0x00007ffeec9bb1e8:   0000000155373157 00007ffeec9bb240
0x00007ffeec9bb1f8:   0000000000000003 00007ffeec9bb220
0x00007ffeec9bb208:   00000001079f1992 0000000159966638
0x00007ffeec9bb218:   0000000159966638 00007fa41fda7840
0x00007ffeec9bb228:   00000001553756a0 0000000155375710
0x00007ffeec9bb238:   00007fff809666c8 00007fff80de0700
0x00007ffeec9bb248:   0000000155375450 0000000155375690
0x00007ffeec9bb258:   00007fa41fda7840 00007fa41f127e90
0x00007ffeec9bb268:   00007fa417f04bc0 00007fa41fda7840
0x00007ffeec9bb278:   00007fa41f127e90 00007ffeec9bb328
0x00007ffeec9bb288:   00007fa4181369f8 0000000159966638
0x00007ffeec9bb298:   00007ffeec9bb350 00007ffeec9bb318
0x00007ffeec9bb2a8:   000000010c0c8954 0000000159966638
0x00007ffeec9bb2b8:   00007ffeec9bb350 00007ffeec9bb318
0x00007ffeec9bb2c8:   000000010c0c86e7 000000010c0c86a2
0x00007ffeec9bb2d8:   00007ffeec9bb2d8 0000000159966638
0x00007ffeec9bb2e8:   00007ffeec9bb350 0000000159969270
0x00007ffeec9bb2f8:   0000000000000000 0000000159966638
0x00007ffeec9bb308:   0000000000000000 00007ffeec9bb338
0x00007ffeec9bb318:   00007ffeec9bb398 000000010c0bac4d
0x00007ffeec9bb328:   00000007403b8570 000000010c0c2578
0x00007ffeec9bb338:   00007fa41fda7840 00007ffeec9bb398
0x00007ffeec9bb348:   00007fa41f127e90 000000010c0c3d82
0x00007ffeec9bb358:   00007ffeec9bb358 0000000159966802
0x00007ffeec9bb368:   00007ffeec9bb3c0 0000000159969270
0x00007ffeec9bb378:   0000000000000000 0000000159966810
0x00007ffeec9bb388:   00007ffeec9bb338 00007ffeec9bb3a8
0x00007ffeec9bb398:   00007ffeec9bb408 000000010c0bac4d
0x00007ffeec9bb3a8:   00007fa41fda7840 00000007403702d8
0x00007ffeec9bb3b8:   00007fa41f127e90 00000007403702d8
0x00007ffeec9bb3c8:   00007ffeec9bb3c8 000000015d192946
0x00007ffeec9bb3d8:   00007ffeec9bb418 000000015d192a00 

Instructions: (pc=0x00007fff2035981d)
0x00007fff203597fd:   44 00 00 48 85 ff 2e 74 72 40 f6 c7 01 2e 75 76
0x00007fff2035980d:   49 ba f8 ff ff ff ff 7f 00 00 4c 23 17 49 89 f3
0x00007fff2035981d:   45 23 5a 18 49 c1 e3 04 4d 03 5a 10 49 3b 33 75
0x00007fff2035982d:   0a 4d 8b 5b 08 4d 31 d3 41 ff e3 49 83 3b 01 76 

Register to memory mapping:

RAX=0x00007fa41fda7840 is an unknown value
RBX=0x0000000155375450: Java_jogamp_nativewindow_macosx_OSXUtil_GetScreenRefreshRate0+0x1cf0 in /private/var/folders/29/yptmkhk54j53dmn29983x1680000gn/T/jogamp_0000/file_cache/jln6158671514476008216/jln1815163167914376180/libnativewindow_macosx.jnilib at 0x000000015536e000
RCX=0x0000000000000000 is an unknown value
RDX=0x0000000000000001 is an unknown value
RSP=0x00007ffeec9bb1e8 is pointing into the stack for thread: 0x00007fa418136800
RBP=0x00007ffeec9bb2a0 is pointing into the stack for thread: 0x00007fa418136800
RSI=0x00007fff7bc2da5f: GCC_except_table772+0x5b8a514f in /usr/lib/libobjc.A.dylib at 0x00007fff20353000
RDI=0x00007fa41f127e90 is an unknown value
R8 =0x0000000000000000 is an unknown value
R9 =0x0000000000000000 is an unknown value
R10=0x0000000000000000 is an unknown value
R11=0x00007fff7bc2da5f: GCC_except_table772+0x5b8a514f in /usr/lib/libobjc.A.dylib at 0x00007fff20353000
R12=0x0000000000000000 is an unknown value
R13={method} {0x0000000159966638} 'UnsetJAWTRootSurfaceLayer0' '(JJ)V' in 'jogamp/nativewindow/jawt/macosx/MacOSXJAWTWindow'
R14=0x0000000155375440: Java_jogamp_nativewindow_macosx_OSXUtil_GetScreenRefreshRate0+0x1ce0 in /private/var/folders/29/yptmkhk54j53dmn29983x1680000gn/T/jogamp_0000/file_cache/jln6158671514476008216/jln1815163167914376180/libnativewindow_macosx.jnilib at 0x000000015536e000
R15=0x00007fa418136800 is a thread


Stack: [0x00007ffeec1c0000,0x00007ffeec9c0000],  sp=0x00007ffeec9bb1e8,  free space=8172k
Native frames: (J=compiled Java code, j=interpreted, Vv=VM code, C=native code)
C  [libobjc.A.dylib+0x681d]  objc_msgSend+0x1d
j  jogamp.nativewindow.jawt.macosx.MacOSXJAWTWindow.UnsetJAWTRootSurfaceLayer0(JJ)V+0
j  jogamp.nativewindow.jawt.macosx.MacOSXJAWTWindow.access$200(JJ)V+2
j  jogamp.nativewindow.jawt.macosx.MacOSXJAWTWindow$1.run()V+38
J 2585 C1 com.jogamp.common.util.RunnableTask.run()V (345 bytes) @ 0x000000010c762c54 [0x000000010c762ac0+0x194]
v  ~StubRoutines::call_stub
V  [libjvm.dylib+0x2eab0e]
V  [libjvm.dylib+0x321bb7]
V  [libjvm.dylib+0x31438b]
C  [libnativewindow_macosx.jnilib+0x5326]  Java_jogamp_nativewindow_jawt_macosx_MacOSXJAWTWindow_UnsetJAWTRootSurfaceLayer0+0x2b6
C  [Foundation+0x80b81]  __NSThreadPerformPerform+0xcc
C  [CoreFoundation+0x8194c]  __CFRUNLOOP_IS_CALLING_OUT_TO_A_SOURCE0_PERFORM_FUNCTION__+0x11
C  [CoreFoundation+0x818b4]  __CFRunLoopDoSource0+0xb4
C  [CoreFoundation+0x81696]  __CFRunLoopDoSources0+0x154
C  [CoreFoundation+0x8005c]  __CFRunLoopRun+0x37d
C  [CoreFoundation+0x7f61c]  CFRunLoopRunSpecific+0x233
C  [HIToolbox+0x30a83]  RunCurrentEventLoopInMode+0x124
C  [HIToolbox+0x306b6]  ReceiveNextEventCommon+0x11c
C  [HIToolbox+0x30583]  _BlockUntilNextEventMatchingListInModeWithFilter+0x46
C  [AppKit+0x3f172]  _DPSNextEvent+0x360
C  [AppKit+0x3d945]  -[NSApplication(NSEvent) _nextEventMatchingEventMask:untilDate:inMode:dequeue:]+0x554
C  [libosxapp.dylib+0x23aa]  -[NSApplicationAWT nextEventMatchingMask:untilDate:inMode:dequeue:]+0x7c
C  [AppKit+0x2fc69]  -[NSApplication run]+0x24a
C  [libosxapp.dylib+0x214d]  +[NSApplicationAWT runAWTLoopWithApp:]+0x9c
C  [libawt_lwawt.dylib+0x44517]  -[AWTStarter starter:]+0x389
C  [Foundation+0x80b81]  __NSThreadPerformPerform+0xcc
C  [CoreFoundation+0x8194c]  __CFRUNLOOP_IS_CALLING_OUT_TO_A_SOURCE0_PERFORM_FUNCTION__+0x11
C  [CoreFoundation+0x818b4]  __CFRunLoopDoSource0+0xb4
C  [CoreFoundation+0x81634]  __CFRunLoopDoSources0+0xf2
C  [CoreFoundation+0x8005c]  __CFRunLoopRun+0x37d
C  [CoreFoundation+0x7f61c]  CFRunLoopRunSpecific+0x233
C  [java+0x6463]  CreateExecutionEnvironment+0x367
C  [java+0x21ac]  JLI_Launch+0x7a0
C  [java+0x84c0]  main+0x65
C  [java+0x1a04]  start+0x34
C  0x0000000000000007

Java frames: (J=compiled Java code, j=interpreted, Vv=VM code)
j  jogamp.nativewindow.jawt.macosx.MacOSXJAWTWindow.UnsetJAWTRootSurfaceLayer0(JJ)V+0
j  jogamp.nativewindow.jawt.macosx.MacOSXJAWTWindow.access$200(JJ)V+2
j  jogamp.nativewindow.jawt.macosx.MacOSXJAWTWindow$1.run()V+38
J 2585 C1 com.jogamp.common.util.RunnableTask.run()V (345 bytes) @ 0x000000010c762c54 [0x000000010c762ac0+0x194]
v  ~StubRoutines::call_stub

---------------  P R O C E S S  ---------------

Java Threads: ( => current thread )
  0x00007fa41b528000 JavaThread "Thread-19" [_thread_blocked, id=66779, stack(0x0000700008383000,0x0000700008483000)]
  0x00007fa41d884800 JavaThread "Image Fetcher 2" daemon [_thread_blocked, id=60931, stack(0x00007000092b6000,0x00007000093b6000)]
  0x00007fa41990f000 JavaThread "Image Fetcher 1" daemon [_thread_blocked, id=60675, stack(0x00007000091b3000,0x00007000092b3000)]
  0x00007fa41990e800 JavaThread "Image Fetcher 0" daemon [_thread_blocked, id=37711, stack(0x00007000090b0000,0x00007000091b0000)]
  0x00007fa41989b800 JavaThread "Keep-Alive-Timer" daemon [_thread_blocked, id=13587, stack(0x0000700008ba1000,0x0000700008ca1000)]
  0x00007fa419127000 JavaThread "AWT-EventQueue-1" [_thread_in_native, id=1587, stack(0x0000700008a9e000,0x0000700008b9e000)]
  0x00007fa418009000 JavaThread "DestroyJavaVM" [_thread_blocked, id=4099, stack(0x0000700006cb8000,0x0000700006db8000)]
  0x00007fa418192800 JavaThread "AWT-EventQueue-0" [_thread_blocked, id=76291, stack(0x0000700008898000,0x0000700008998000)]
  0x00007fa418185000 JavaThread "Java2D Disposer" daemon [_thread_blocked, id=50691, stack(0x0000700008692000,0x0000700008792000)]
  0x00007fa41b119000 JavaThread "Java2D Queue Flusher" daemon [_thread_blocked, id=81159, stack(0x000070000858f000,0x000070000868f000)]
  0x00007fa41a180800 JavaThread "AWT-Shutdown" [_thread_blocked, id=27183, stack(0x000070000817a000,0x000070000827a000)]
=>0x00007fa418136800 JavaThread "AWT-AppKit" daemon [_thread_in_native, id=259, stack(0x00007ffeec1c0000,0x00007ffeec9c0000)]
  0x00007fa41906e000 JavaThread "Service Thread" daemon [_thread_blocked, id=16899, stack(0x0000700007ef1000,0x0000700007ff1000)]
  0x00007fa41905b000 JavaThread "C1 CompilerThread3" daemon [_thread_blocked, id=15619, stack(0x0000700007dee000,0x0000700007eee000)]
  0x00007fa418022800 JavaThread "C2 CompilerThread2" daemon [_thread_blocked, id=15363, stack(0x0000700007ceb000,0x0000700007deb000)]
  0x00007fa41800a000 JavaThread "C2 CompilerThread1" daemon [_thread_blocked, id=15107, stack(0x0000700007be8000,0x0000700007ce8000)]
  0x00007fa419059800 JavaThread "C2 CompilerThread0" daemon [_thread_blocked, id=14851, stack(0x0000700007ae5000,0x0000700007be5000)]
  0x00007fa419039800 JavaThread "Signal Dispatcher" daemon [_thread_blocked, id=14595, stack(0x00007000079e2000,0x0000700007ae2000)]
  0x00007fa419035000 JavaThread "Finalizer" daemon [_thread_blocked, id=20227, stack(0x00007000077d9000,0x00007000078d9000)]
  0x00007fa419034800 JavaThread "Reference Handler" daemon [_thread_blocked, id=20483, stack(0x00007000076d6000,0x00007000077d6000)]

Other Threads:
  0x00007fa419032000 VMThread [stack: 0x00007000075d3000,0x00007000076d3000] [id=12291]
  0x00007fa419076800 WatcherThread [stack: 0x0000700007ff4000,0x00007000080f4000] [id=16387]

VM state:not at safepoint (normal execution)

VM Mutex/Monitor currently owned by a thread: None

Heap:
 PSYoungGen      total 38400K, used 37318K [0x0000000795580000, 0x0000000798b00000, 0x00000007c0000000)
  eden space 33280K, 96% used [0x0000000795580000,0x00000007974f4f80,0x0000000797600000)
  from space 5120K, 99% used [0x0000000797600000,0x0000000797afcaf0,0x0000000797b00000)
  to   space 5120K, 0% used [0x0000000798600000,0x0000000798600000,0x0000000798b00000)
 ParOldGen       total 68096K, used 15070K [0x0000000740000000, 0x0000000744280000, 0x0000000795580000)
  object space 68096K, 22% used [0x0000000740000000,0x0000000740eb7b80,0x0000000744280000)
 Metaspace       used 23481K, capacity 23759K, committed 24064K, reserved 1071104K
  class space    used 2343K, capacity 2448K, committed 2560K, reserved 1048576K

Card table byte_map: [0x0000000108789000,0x0000000108b8a000] byte_map_base: 0x0000000104d89000

Marking Bits: (ParMarkBitMap*) 0x00000001080dee20
 Begin Bits: [0x000000011b0b3000, 0x000000011d0b3000)
 End Bits:   [0x000000011d0b3000, 0x000000011f0b3000)

Polling page: 0x00000001032b6000

CodeCache: size=245760Kb used=7904Kb max_used=7904Kb free=237855Kb
 bounds [0x000000010c0b3000, 0x000000010c883000, 0x000000011b0b3000]
 total_blobs=3247 nmethods=2333 adapters=827
 compilation: enabled

Compilation events (10 events):
Event: 10.229 Thread 0x00007fa41905b000 2639   !   3       java.util.jar.JarFile$JarFileEntry::getCodeSigners (78 bytes)
Event: 10.229 Thread 0x00007fa41905b000 nmethod 2639 0x000000010c872150 code [0x000000010c872320, 0x000000010c872938]
Event: 10.243 Thread 0x00007fa41905b000 2640       3       java.util.concurrent.locks.AbstractQueuedSynchronizer$ConditionObject::addConditionWaiter (64 bytes)
Event: 10.244 Thread 0x00007fa41905b000 nmethod 2640 0x000000010c872b90 code [0x000000010c872d20, 0x000000010c873168]
Event: 10.244 Thread 0x00007fa41905b000 2642       3       java.util.concurrent.locks.AbstractQueuedSynchronizer::enq (58 bytes)
Event: 10.244 Thread 0x00007fa41905b000 nmethod 2642 0x000000010c873310 code [0x000000010c8734a0, 0x000000010c8739f0]
Event: 10.244 Thread 0x00007fa41905b000 2643       1       sun.java2d.SurfaceData::isValid (5 bytes)
Event: 10.244 Thread 0x00007fa41905b000 nmethod 2643 0x000000010c862810 code [0x000000010c862960, 0x000000010c862a70]
Event: 10.245 Thread 0x00007fa41905b000 2641       3       java.util.concurrent.locks.AbstractQueuedSynchronizer$Node::<init> (15 bytes)
Event: 10.245 Thread 0x00007fa41905b000 nmethod 2641 0x000000010c873c10 code [0x000000010c873d80, 0x000000010c873f50]

GC Heap History (8 events):
Event: 3.350 GC heap before
{Heap before GC invocations=1 (full 0):
 PSYoungGen      total 38400K, used 33280K [0x0000000795580000, 0x0000000798000000, 0x00000007c0000000)
  eden space 33280K, 100% used [0x0000000795580000,0x0000000797600000,0x0000000797600000)
  from space 5120K, 0% used [0x0000000797b00000,0x0000000797b00000,0x0000000798000000)
  to   space 5120K, 0% used [0x0000000797600000,0x0000000797600000,0x0000000797b00000)
 ParOldGen       total 87552K, used 0K [0x0000000740000000, 0x0000000745580000, 0x0000000795580000)
  object space 87552K, 0% used [0x0000000740000000,0x0000000740000000,0x0000000745580000)
 Metaspace       used 16070K, capacity 16271K, committed 16640K, reserved 1064960K
  class space    used 1634K, capacity 1692K, committed 1792K, reserved 1048576K
Event: 3.358 GC heap after
Heap after GC invocations=1 (full 0):
 PSYoungGen      total 38400K, used 5044K [0x0000000795580000, 0x0000000798000000, 0x00000007c0000000)
  eden space 33280K, 0% used [0x0000000795580000,0x0000000795580000,0x0000000797600000)
  from space 5120K, 98% used [0x0000000797600000,0x0000000797aed1a8,0x0000000797b00000)
  to   space 5120K, 0% used [0x0000000797b00000,0x0000000797b00000,0x0000000798000000)
 ParOldGen       total 87552K, used 16K [0x0000000740000000, 0x0000000745580000, 0x0000000795580000)
  object space 87552K, 0% used [0x0000000740000000,0x0000000740004000,0x0000000745580000)
 Metaspace       used 16070K, capacity 16271K, committed 16640K, reserved 1064960K
  class space    used 1634K, capacity 1692K, committed 1792K, reserved 1048576K
}
Event: 4.623 GC heap before
{Heap before GC invocations=2 (full 0):
 PSYoungGen      total 38400K, used 28683K [0x0000000795580000, 0x0000000798000000, 0x00000007c0000000)
  eden space 33280K, 71% used [0x0000000795580000,0x0000000796c95c08,0x0000000797600000)
  from space 5120K, 98% used [0x0000000797600000,0x0000000797aed1a8,0x0000000797b00000)
  to   space 5120K, 0% used [0x0000000797b00000,0x0000000797b00000,0x0000000798000000)
 ParOldGen       total 87552K, used 16K [0x0000000740000000, 0x0000000745580000, 0x0000000795580000)
  object space 87552K, 0% used [0x0000000740000000,0x0000000740004000,0x0000000745580000)
 Metaspace       used 20790K, capacity 21061K, committed 21248K, reserved 1069056K
  class space    used 2136K, capacity 2255K, committed 2304K, reserved 1048576K
Event: 4.634 GC heap after
Heap after GC invocations=2 (full 0):
 PSYoungGen      total 38400K, used 5107K [0x0000000795580000, 0x0000000798000000, 0x00000007c0000000)
  eden space 33280K, 0% used [0x0000000795580000,0x0000000795580000,0x0000000797600000)
  from space 5120K, 99% used [0x0000000797b00000,0x0000000797ffce30,0x0000000798000000)
  to   space 5120K, 0% used [0x0000000797600000,0x0000000797600000,0x0000000797b00000)
 ParOldGen       total 87552K, used 3565K [0x0000000740000000, 0x0000000745580000, 0x0000000795580000)
  object space 87552K, 4% used [0x0000000740000000,0x000000074037b518,0x0000000745580000)
 Metaspace       used 20790K, capacity 21061K, committed 21248K, reserved 1069056K
  class space    used 2136K, capacity 2255K, committed 2304K, reserved 1048576K
}
Event: 4.634 GC heap before
{Heap before GC invocations=3 (full 1):
 PSYoungGen      total 38400K, used 5107K [0x0000000795580000, 0x0000000798000000, 0x00000007c0000000)
  eden space 33280K, 0% used [0x0000000795580000,0x0000000795580000,0x0000000797600000)
  from space 5120K, 99% used [0x0000000797b00000,0x0000000797ffce30,0x0000000798000000)
  to   space 5120K, 0% used [0x0000000797600000,0x0000000797600000,0x0000000797b00000)
 ParOldGen       total 87552K, used 3565K [0x0000000740000000, 0x0000000745580000, 0x0000000795580000)
  object space 87552K, 4% used [0x0000000740000000,0x000000074037b518,0x0000000745580000)
 Metaspace       used 20790K, capacity 21061K, committed 21248K, reserved 1069056K
  class space    used 2136K, capacity 2255K, committed 2304K, reserved 1048576K
Event: 4.676 GC heap after
Heap after GC invocations=3 (full 1):
 PSYoungGen      total 38400K, used 0K [0x0000000795580000, 0x0000000798000000, 0x00000007c0000000)
  eden space 33280K, 0% used [0x0000000795580000,0x0000000795580000,0x0000000797600000)
  from space 5120K, 0% used [0x0000000797b00000,0x0000000797b00000,0x0000000798000000)
  to   space 5120K, 0% used [0x0000000797600000,0x0000000797600000,0x0000000797b00000)
 ParOldGen       total 68096K, used 8477K [0x0000000740000000, 0x0000000744280000, 0x0000000795580000)
  object space 68096K, 12% used [0x0000000740000000,0x0000000740847748,0x0000000744280000)
 Metaspace       used 20790K, capacity 21061K, committed 21248K, reserved 1069056K
  class space    used 2136K, capacity 2255K, committed 2304K, reserved 1048576K
}
Event: 6.277 GC heap before
{Heap before GC invocations=4 (full 1):
 PSYoungGen      total 38400K, used 33280K [0x0000000795580000, 0x0000000798000000, 0x00000007c0000000)
  eden space 33280K, 100% used [0x0000000795580000,0x0000000797600000,0x0000000797600000)
  from space 5120K, 0% used [0x0000000797b00000,0x0000000797b00000,0x0000000798000000)
  to   space 5120K, 0% used [0x0000000797600000,0x0000000797600000,0x0000000797b00000)
 ParOldGen       total 68096K, used 8477K [0x0000000740000000, 0x0000000744280000, 0x0000000795580000)
  object space 68096K, 12% used [0x0000000740000000,0x0000000740847748,0x0000000744280000)
 Metaspace       used 23057K, capacity 23307K, committed 23552K, reserved 1071104K
  class space    used 2333K, capacity 2448K, committed 2560K, reserved 1048576K
Event: 6.283 GC heap after
Heap after GC invocations=4 (full 1):
 PSYoungGen      total 38400K, used 5106K [0x0000000795580000, 0x0000000798b00000, 0x00000007c0000000)
  eden space 33280K, 0% used [0x0000000795580000,0x0000000795580000,0x0000000797600000)
  from space 5120K, 99% used [0x0000000797600000,0x0000000797afcaf0,0x0000000797b00000)
  to   space 5120K, 0% used [0x0000000798600000,0x0000000798600000,0x0000000798b00000)
 ParOldGen       total 68096K, used 15070K [0x0000000740000000, 0x0000000744280000, 0x0000000795580000)
  object space 68096K, 22% used [0x0000000740000000,0x0000000740eb7b80,0x0000000744280000)
 Metaspace       used 23057K, capacity 23307K, committed 23552K, reserved 1071104K
  class space    used 2333K, capacity 2448K, committed 2560K, reserved 1048576K
}

Deoptimization events (10 events):
Event: 5.347 Thread 0x00007fa419127000 Uncommon trap: reason=unstable_if action=reinterpret pc=0x000000010c6182fc method=com.sun.org.apache.xerces.internal.impl.XMLEntityScanner.scanName()Ljava/lang/String; @ 69
Event: 5.377 Thread 0x00007fa419127000 Uncommon trap: reason=unstable_if action=reinterpret pc=0x000000010c631604 method=com.sun.org.apache.xerces.internal.impl.XMLEntityScanner.scanContent(Lcom/sun/org/apache/xerces/internal/xni/XMLString;)I @ 385
Event: 5.385 Thread 0x00007fa419127000 Uncommon trap: reason=unstable_if action=reinterpret pc=0x000000010c63892c method=com.sun.org.apache.xerces.internal.dom.DeferredDocumentImpl.ensureCapacity(I)V @ 88
Event: 5.464 Thread 0x00007fa419127000 Uncommon trap: reason=unstable_if action=reinterpret pc=0x000000010c64e7fc method=com.sun.org.apache.xerces.internal.impl.XMLDocumentFragmentScannerImpl$FragmentContentDriver.next()I @ 1410
Event: 5.464 Thread 0x00007fa419127000 Uncommon trap: reason=class_check action=maybe_recompile pc=0x000000010c601d08 method=com.sun.org.apache.xerces.internal.impl.XMLDocumentScannerImpl.next()I @ 4
Event: 5.685 Thread 0x00007fa419127000 Uncommon trap: reason=unstable_if action=reinterpret pc=0x000000010c6b253c method=com.jogamp.common.util.IntIntHashMap.get(I)I @ 28
Event: 5.821 Thread 0x00007fa419127000 Uncommon trap: reason=unstable_if action=reinterpret pc=0x000000010c706a68 method=processing.opengl.PGraphicsOpenGL$InGeometry.addVertex(FFFIFFFFFIFIIIFIZ)I @ 218
Event: 10.189 Thread 0x00007fa419127000 Uncommon trap: reason=unstable_if action=reinterpret pc=0x000000010c23c8a8 method=com.jogamp.common.util.VersionNumber.compareTo(Lcom/jogamp/common/util/VersionNumber;)I @ 21
Event: 10.222 Thread 0x00007fa4190e5800 Uncommon trap: reason=unstable_if action=reinterpret pc=0x000000010c4c62d0 method=java.util.HashMap.putVal(ILjava/lang/Object;Ljava/lang/Object;ZZ)Ljava/lang/Object; @ 81
Event: 10.222 Thread 0x00007fa4190e5800 Uncommon trap: reason=unstable_if action=reinterpret pc=0x000000010c4c5018 method=java.util.HashMap.putVal(ILjava/lang/Object;Ljava/lang/Object;ZZ)Ljava/lang/Object; @ 81

Internal exceptions (10 events):
Event: 0.197 Thread 0x00007fa418009000 Exception <a 'java/lang/NoSuchFieldError': method resolution failed> (0x000000079583f558) thrown at [/Users/java_re/workspace/8-2-build-macosx-x86_64/jdk8u60/4407/hotspot/src/share/vm/prims/methodHandles.cpp, line 1146]
Event: 0.529 Thread 0x00007fa418009000 Exception <a 'java/io/FileNotFoundException'> (0x00000007958bb4b0) thrown at [/Users/java_re/workspace/8-2-build-macosx-x86_64/jdk8u60/4407/hotspot/src/share/vm/prims/jni.cpp, line 709]
Event: 0.529 Thread 0x00007fa418009000 Exception <a 'java/io/FileNotFoundException'> (0x00000007958bbfe0) thrown at [/Users/java_re/workspace/8-2-build-macosx-x86_64/jdk8u60/4407/hotspot/src/share/vm/prims/jni.cpp, line 709]
Event: 0.562 Thread 0x00007fa418009000 Exception <a 'java/io/FileNotFoundException'> (0x00000007959ad5b8) thrown at [/Users/java_re/workspace/8-2-build-macosx-x86_64/jdk8u60/4407/hotspot/src/share/vm/prims/jni.cpp, line 709]
Event: 0.677 Thread 0x00007fa418009000 Exception <a 'java/io/FileNotFoundException'> (0x00000007959eeff8) thrown at [/Users/java_re/workspace/8-2-build-macosx-x86_64/jdk8u60/4407/hotspot/src/share/vm/prims/jni.cpp, line 709]
Event: 2.600 Thread 0x00007fa4190fe000 Exception <a 'java/lang/UnsatisfiedLinkError': com.jogamp.common.util.JarUtil.fixNativeLibAttribs(Ljava/lang/String;)Z> (0x0000000796b1ab58) thrown at [/Users/java_re/workspace/8-2-build-macosx-x86_64/jdk8u60/4407/hotspot/src/share/vm/prims/nativeLookup.c
Event: 3.360 Thread 0x00007fa419035000 Exception <a 'java/lang/NullPointerException'> (0x00000007956a6350) thrown at [/Users/java_re/workspace/8-2-build-macosx-x86_64/jdk8u60/4407/hotspot/src/share/vm/interpreter/linkResolver.cpp, line 1178]
Event: 3.976 Thread 0x00007fa419127000 Exception <a 'java/io/FileNotFoundException'> (0x0000000795e68a50) thrown at [/Users/java_re/workspace/8-2-build-macosx-x86_64/jdk8u60/4407/hotspot/src/share/vm/prims/jni.cpp, line 709]
Event: 3.976 Thread 0x00007fa419127000 Exception <a 'java/io/FileNotFoundException'> (0x0000000795e6e878) thrown at [/Users/java_re/workspace/8-2-build-macosx-x86_64/jdk8u60/4407/hotspot/src/share/vm/prims/jni.cpp, line 709]
Event: 3.976 Thread 0x00007fa419127000 Implicit null exception at 0x000000010c25e475 to 0x000000010c25e7d9

Events (10 events):
Event: 10.241 loading class jogamp/nativewindow/jawt/macosx/MacOSXJAWTWindow$1 done
Event: 10.243 loading class java/awt/LightweightDispatcher$2
Event: 10.243 loading class java/awt/LightweightDispatcher$2 done
Event: 10.243 loading class java/awt/event/AWTEventListenerProxy
Event: 10.243 loading class java/awt/event/AWTEventListenerProxy done
Event: 10.243 loading class java/awt/Toolkit$ToolkitEventMulticaster
Event: 10.243 loading class java/awt/Toolkit$ToolkitEventMulticaster done
Event: 10.243 Thread 0x00007fa4190e5800 Thread exited: 0x00007fa4190e5800
Event: 10.243 loading class java/awt/Window$1DisposeAction
Event: 10.244 loading class java/awt/Window$1DisposeAction done


Dynamic libraries:
0x00000000001ad000 	/System/Library/Frameworks/Cocoa.framework/Versions/A/Cocoa
0x00000000001ad000 	/System/Library/Frameworks/Security.framework/Versions/A/Security
0x00000000001ad000 	/System/Library/Frameworks/ApplicationServices.framework/Versions/A/ApplicationServices
0x00000000001ad000 	/usr/lib/libz.1.dylib
0x00000000001ad000 	/usr/lib/libSystem.B.dylib
0x00000000001ad000 	/usr/lib/libobjc.A.dylib
0x00000000001ad000 	/System/Library/Frameworks/CoreFoundation.framework/Versions/A/CoreFoundation
0x00000000001ad000 	/System/Library/Frameworks/Foundation.framework/Versions/C/Foundation
0x00000000001ad000 	/System/Library/Frameworks/AppKit.framework/Versions/C/AppKit
0x00000000001ad000 	/System/Library/Frameworks/CoreData.framework/Versions/A/CoreData
0x00000000001ad000 	/System/Library/PrivateFrameworks/UIFoundation.framework/Versions/A/UIFoundation
0x00000000001ad000 	/System/Library/PrivateFrameworks/RemoteViewServices.framework/Versions/A/RemoteViewServices
0x00000000001ad000 	/System/Library/PrivateFrameworks/XCTTargetBootstrap.framework/Versions/A/XCTTargetBootstrap
0x00000000001ad000 	/usr/lib/libspindump.dylib
0x00000000001ad000 	/System/Library/Frameworks/UniformTypeIdentifiers.framework/Versions/A/UniformTypeIdentifiers
0x00000000001ad000 	/usr/lib/libapp_launch_measurement.dylib
0x00000000001ad000 	/System/Library/PrivateFrameworks/CoreAutoLayout.framework/Versions/A/CoreAutoLayout
0x00000000001ad000 	/System/Library/Frameworks/Metal.framework/Versions/A/Metal
0x00000000001ad000 	/usr/lib/liblangid.dylib
0x00000000001ad000 	/System/Library/PrivateFrameworks/CoreSVG.framework/Versions/A/CoreSVG
0x00000000001ad000 	/System/Library/PrivateFrameworks/SkyLight.framework/Versions/A/SkyLight
0x00000000001ad000 	/System/Library/Frameworks/CoreGraphics.framework/Versions/A/CoreGraphics
0x00000000001ad000 	/System/Library/Frameworks/Accelerate.framework/Versions/A/Accelerate
0x00000000001ad000 	/System/Library/PrivateFrameworks/IconServices.framework/Versions/A/IconServices
0x00000000001ad000 	/System/Library/Frameworks/IOSurface.framework/Versions/A/IOSurface
0x00000000001ad000 	/usr/lib/libDiagnosticMessagesClient.dylib
0x00000000001ad000 	/System/Library/PrivateFrameworks/DFRFoundation.framework/Versions/A/DFRFoundation
0x00000000001ad000 	/usr/lib/libicucore.A.dylib
0x00000000001ad000 	/System/Library/Frameworks/AudioToolbox.framework/Versions/A/AudioToolbox
0x00000000001ad000 	/System/Library/PrivateFrameworks/DataDetectorsCore.framework/Versions/A/DataDetectorsCore
0x00000000001ad000 	/usr/lib/libMobileGestalt.dylib
0x00000000001ad000 	/System/Library/Frameworks/Carbon.framework/Versions/A/Frameworks/HIToolbox.framework/Versions/A/HIToolbox
0x00000000001ad000 	/System/Library/Frameworks/QuartzCore.framework/Versions/A/QuartzCore
0x00000000001ad000 	/System/Library/Frameworks/Carbon.framework/Versions/A/Frameworks/SpeechRecognition.framework/Versions/A/SpeechRecognition
0x00000000001ad000 	/System/Library/PrivateFrameworks/CoreUI.framework/Versions/A/CoreUI
0x00000000001ad000 	/System/Library/Frameworks/CoreAudio.framework/Versions/A/CoreAudio
0x00000000001ad000 	/System/Library/Frameworks/DiskArbitration.framework/Versions/A/DiskArbitration
0x00000000001ad000 	/System/Library/PrivateFrameworks/MultitouchSupport.framework/Versions/A/MultitouchSupport
0x00000000001ad000 	/System/Library/PrivateFrameworks/InternationalSupport.framework/Versions/A/InternationalSupport
0x00000000001ad000 	/usr/lib/libenergytrace.dylib
0x00000000001ad000 	/System/Library/Frameworks/IOKit.framework/Versions/A/IOKit
0x00000000001ad000 	/System/Library/Frameworks/CoreServices.framework/Versions/A/CoreServices
0x00000000001ad000 	/System/Library/PrivateFrameworks/PerformanceAnalysis.framework/Versions/A/PerformanceAnalysis
0x00000000001ad000 	/System/Library/Frameworks/OpenGL.framework/Versions/A/OpenGL
0x00000000001ad000 	/System/Library/PrivateFrameworks/UserActivity.framework/Versions/A/UserActivity
0x00000000001ad000 	/System/Library/Frameworks/ColorSync.framework/Versions/A/ColorSync
0x00000000001ad000 	/System/Library/Frameworks/CoreImage.framework/Versions/A/CoreImage
0x00000000001ad000 	/System/Library/Frameworks/CoreText.framework/Versions/A/CoreText
0x00000000001ad000 	/System/Library/Frameworks/ImageIO.framework/Versions/A/ImageIO
0x00000000001ad000 	/System/Library/PrivateFrameworks/SoftLinking.framework/Versions/A/SoftLinking
0x00000000001ad000 	/usr/lib/libxml2.2.dylib
0x00000000001ad000 	/usr/lib/libc++.1.dylib
0x00000000001ad000 	/usr/lib/libcompression.dylib
0x00000000001ad000 	/System/Library/PrivateFrameworks/TextureIO.framework/Versions/A/TextureIO
0x00000000001ad000 	/usr/lib/libate.dylib
0x00000000001ad000 	/usr/lib/system/libcache.dylib
0x00000000001ad000 	/usr/lib/system/libcommonCrypto.dylib
0x00000000001ad000 	/usr/lib/system/libcompiler_rt.dylib
0x00000000001ad000 	/usr/lib/system/libcopyfile.dylib
0x00000000001ad000 	/usr/lib/system/libcorecrypto.dylib
0x00000000001ad000 	/usr/lib/system/libdispatch.dylib
0x00000000001ad000 	/usr/lib/system/libdyld.dylib
0x00000000001ad000 	/usr/lib/system/libkeymgr.dylib
0x00000000001ad000 	/usr/lib/system/liblaunch.dylib
0x00000000001ad000 	/usr/lib/system/libmacho.dylib
0x00000000001ad000 	/usr/lib/system/libquarantine.dylib
0x00000000001ad000 	/usr/lib/system/libremovefile.dylib
0x00000000001ad000 	/usr/lib/system/libsystem_asl.dylib
0x00000000001ad000 	/usr/lib/system/libsystem_blocks.dylib
0x00000000001ad000 	/usr/lib/system/libsystem_c.dylib
0x00000000001ad000 	/usr/lib/system/libsystem_collections.dylib
0x00000000001ad000 	/usr/lib/system/libsystem_configuration.dylib
0x00000000001ad000 	/usr/lib/system/libsystem_containermanager.dylib
0x00000000001ad000 	/usr/lib/system/libsystem_coreservices.dylib
0x00000000001ad000 	/usr/lib/system/libsystem_darwin.dylib
0x00000000001ad000 	/usr/lib/system/libsystem_dnssd.dylib
0x00000000001ad000 	/usr/lib/system/libsystem_featureflags.dylib
0x00000000001ad000 	/usr/lib/system/libsystem_info.dylib
0x00000000001ad000 	/usr/lib/system/libsystem_m.dylib
0x00000000001ad000 	/usr/lib/system/libsystem_malloc.dylib
0x00000000001ad000 	/usr/lib/system/libsystem_networkextension.dylib
0x00000000001ad000 	/usr/lib/system/libsystem_notify.dylib
0x00000000001ad000 	/usr/lib/system/libsystem_product_info_filter.dylib
0x00000000001ad000 	/usr/lib/system/libsystem_sandbox.dylib
0x00000000001ad000 	/usr/lib/system/libsystem_secinit.dylib
0x00000000001ad000 	/usr/lib/system/libsystem_kernel.dylib
0x00000000001ad000 	/usr/lib/system/libsystem_platform.dylib
0x00000000001ad000 	/usr/lib/system/libsystem_pthread.dylib
0x00000000001ad000 	/usr/lib/system/libsystem_symptoms.dylib
0x00000000001ad000 	/usr/lib/system/libsystem_trace.dylib
0x00000000001ad000 	/usr/lib/system/libunwind.dylib
0x00000000001ad000 	/usr/lib/system/libxpc.dylib
0x00000000001ad000 	/usr/lib/libc++abi.dylib
0x00000000001ad000 	/usr/lib/liboah.dylib
0x00000000001ad000 	/usr/lib/liblzma.5.dylib
0x00000000001ad000 	/System/Library/Frameworks/SystemConfiguration.framework/Versions/A/SystemConfiguration
0x00000000001ad000 	/usr/lib/libfakelink.dylib
0x00000000001ad000 	/System/Library/Frameworks/CFNetwork.framework/Versions/A/CFNetwork
0x00000000001ad000 	/usr/lib/libarchive.2.dylib
0x00000000001ad000 	/usr/lib/libCRFSuite.dylib
0x00000000001ad000 	/usr/lib/libbsm.0.dylib
0x00000000001ad000 	/usr/lib/libnetwork.dylib
0x00000000001ad000 	/usr/lib/libpcap.A.dylib
0x00000000001ad000 	/usr/lib/libdns_services.dylib
0x00000000001ad000 	/usr/lib/libcoretls_cfhelpers.dylib
0x00000000001ad000 	/usr/lib/libapple_nghttp2.dylib
0x00000000001ad000 	/usr/lib/system/libkxld.dylib
0x00000000001ad000 	/usr/lib/libsqlite3.dylib
0x00000000001ad000 	/System/Library/PrivateFrameworks/AppleFSCompression.framework/Versions/A/AppleFSCompression
0x00000000001ad000 	/usr/lib/libcoretls.dylib
0x00000000001ad000 	/usr/lib/libpam.2.dylib
0x00000000001ad000 	/usr/lib/libxar.1.dylib
0x00000000001ad000 	/System/Library/PrivateFrameworks/AppleSystemInfo.framework/Versions/A/AppleSystemInfo
0x00000000001ad000 	/System/Library/PrivateFrameworks/IOMobileFramebuffer.framework/Versions/A/IOMobileFramebuffer
0x00000000001ad000 	/usr/lib/libbz2.1.0.dylib
0x00000000001ad000 	/usr/lib/libiconv.2.dylib
0x00000000001ad000 	/usr/lib/libcharset.1.dylib
0x00000000001ad000 	/System/Library/Frameworks/CoreServices.framework/Versions/A/Frameworks/FSEvents.framework/Versions/A/FSEvents
0x00000000001ad000 	/System/Library/Frameworks/CoreServices.framework/Versions/A/Frameworks/CarbonCore.framework/Versions/A/CarbonCore
0x00000000001ad000 	/System/Library/Frameworks/CoreServices.framework/Versions/A/Frameworks/Metadata.framework/Versions/A/Metadata
0x00000000001ad000 	/System/Library/Frameworks/CoreServices.framework/Versions/A/Frameworks/OSServices.framework/Versions/A/OSServices
0x00000000001ad000 	/System/Library/Frameworks/CoreServices.framework/Versions/A/Frameworks/SearchKit.framework/Versions/A/SearchKit
0x00000000001ad000 	/System/Library/Frameworks/CoreServices.framework/Versions/A/Frameworks/AE.framework/Versions/A/AE
0x00000000001ad000 	/System/Library/Frameworks/CoreServices.framework/Versions/A/Frameworks/LaunchServices.framework/Versions/A/LaunchServices
0x00000000001ad000 	/System/Library/Frameworks/CoreServices.framework/Versions/A/Frameworks/DictionaryServices.framework/Versions/A/DictionaryServices
0x00000000001ad000 	/System/Library/Frameworks/CoreServices.framework/Versions/A/Frameworks/SharedFileList.framework/Versions/A/SharedFileList
0x00000000001ad000 	/usr/lib/libCheckFix.dylib
0x00000000001ad000 	/System/Library/PrivateFrameworks/TCC.framework/Versions/A/TCC
0x00000000001ad000 	/System/Library/PrivateFrameworks/CoreNLP.framework/Versions/A/CoreNLP
0x00000000001ad000 	/System/Library/PrivateFrameworks/MetadataUtilities.framework/Versions/A/MetadataUtilities
0x00000000001ad000 	/usr/lib/libmecabra.dylib
0x00000000001ad000 	/System/Library/Frameworks/MLCompute.framework/Versions/A/MLCompute
0x00000000001ad000 	/usr/lib/libmecab.dylib
0x00000000001ad000 	/usr/lib/libgermantok.dylib
0x00000000001ad000 	/usr/lib/libThaiTokenizer.dylib
0x00000000001ad000 	/usr/lib/libChineseTokenizer.dylib
0x00000000001ad000 	/System/Library/Frameworks/MetalPerformanceShaders.framework/Versions/A/MetalPerformanceShaders
0x00000000001ad000 	/System/Library/Frameworks/Accelerate.framework/Versions/A/Frameworks/vImage.framework/Versions/A/vImage
0x00000000001ad000 	/System/Library/Frameworks/Accelerate.framework/Versions/A/Frameworks/vecLib.framework/Versions/A/vecLib
0x00000000001ad000 	/System/Library/Frameworks/Accelerate.framework/Versions/A/Frameworks/vecLib.framework/Versions/A/libvMisc.dylib
0x00000000001ad000 	/System/Library/Frameworks/Accelerate.framework/Versions/A/Frameworks/vecLib.framework/Versions/A/libvDSP.dylib
0x00000000001ad000 	/System/Library/Frameworks/Accelerate.framework/Versions/A/Frameworks/vecLib.framework/Versions/A/libBLAS.dylib
0x00000000001ad000 	/System/Library/Frameworks/Accelerate.framework/Versions/A/Frameworks/vecLib.framework/Versions/A/libLAPACK.dylib
0x00000000001ad000 	/System/Library/Frameworks/Accelerate.framework/Versions/A/Frameworks/vecLib.framework/Versions/A/libLinearAlgebra.dylib
0x00000000001ad000 	/System/Library/Frameworks/Accelerate.framework/Versions/A/Frameworks/vecLib.framework/Versions/A/libSparseBLAS.dylib
0x00000000001ad000 	/System/Library/Frameworks/Accelerate.framework/Versions/A/Frameworks/vecLib.framework/Versions/A/libQuadrature.dylib
0x00000000001ad000 	/System/Library/Frameworks/Accelerate.framework/Versions/A/Frameworks/vecLib.framework/Versions/A/libBNNS.dylib
0x00000000001ad000 	/System/Library/Frameworks/Accelerate.framework/Versions/A/Frameworks/vecLib.framework/Versions/A/libSparse.dylib
0x00000000001ad000 	/System/Library/Frameworks/MetalPerformanceShaders.framework/Versions/A/Frameworks/MPSCore.framework/Versions/A/MPSCore
0x00000000001ad000 	/System/Library/Frameworks/MetalPerformanceShaders.framework/Versions/A/Frameworks/MPSImage.framework/Versions/A/MPSImage
0x00000000001ad000 	/System/Library/Frameworks/MetalPerformanceShaders.framework/Versions/A/Frameworks/MPSNeuralNetwork.framework/Versions/A/MPSNeuralNetwork
0x00000000001ad000 	/System/Library/Frameworks/MetalPerformanceShaders.framework/Versions/A/Frameworks/MPSMatrix.framework/Versions/A/MPSMatrix
0x00000000001ad000 	/System/Library/Frameworks/MetalPerformanceShaders.framework/Versions/A/Frameworks/MPSRayIntersector.framework/Versions/A/MPSRayIntersector
0x00000000001ad000 	/System/Library/Frameworks/MetalPerformanceShaders.framework/Versions/A/Frameworks/MPSNDArray.framework/Versions/A/MPSNDArray
0x00000000001ad000 	/System/Library/PrivateFrameworks/MetalTools.framework/Versions/A/MetalTools
0x00000000001ad000 	/System/Library/PrivateFrameworks/AggregateDictionary.framework/Versions/A/AggregateDictionary
0x00000000001ad000 	/System/Library/PrivateFrameworks/CoreAnalytics.framework/Versions/A/CoreAnalytics
0x00000000001ad000 	/System/Library/PrivateFrameworks/AppleSauce.framework/Versions/A/AppleSauce
0x00000000001ad000 	/System/Library/PrivateFrameworks/IOAccelerator.framework/Versions/A/IOAccelerator
0x00000000001ad000 	/System/Library/Frameworks/OpenGL.framework/Versions/A/Libraries/libCoreFSCache.dylib
0x00000000001ad000 	/System/Library/PrivateFrameworks/LanguageModeling.framework/Versions/A/LanguageModeling
0x00000000001ad000 	/System/Library/PrivateFrameworks/CoreEmoji.framework/Versions/A/CoreEmoji
0x00000000001ad000 	/System/Library/PrivateFrameworks/LinguisticData.framework/Versions/A/LinguisticData
0x00000000001ad000 	/System/Library/PrivateFrameworks/Lexicon.framework/Versions/A/Lexicon
0x00000000001ad000 	/usr/lib/libcmph.dylib
0x00000000001ad000 	/System/Library/Frameworks/OpenDirectory.framework/Versions/A/Frameworks/CFOpenDirectory.framework/Versions/A/CFOpenDirectory
0x00000000001ad000 	/System/Library/Frameworks/OpenDirectory.framework/Versions/A/OpenDirectory
0x00000000001ad000 	/System/Library/PrivateFrameworks/APFS.framework/Versions/A/APFS
0x00000000001ad000 	/System/Library/Frameworks/SecurityFoundation.framework/Versions/A/SecurityFoundation
0x00000000001ad000 	/usr/lib/libutil.dylib
0x00000000001ad000 	/System/Library/PrivateFrameworks/CoreServicesStore.framework/Versions/A/CoreServicesStore
0x00000000001ad000 	/System/Library/Frameworks/ServiceManagement.framework/Versions/A/ServiceManagement
0x00000000001ad000 	/usr/lib/libxslt.1.dylib
0x00000000001ad000 	/System/Library/PrivateFrameworks/BackgroundTaskManagement.framework/Versions/A/BackgroundTaskManagement
0x00000000001ad000 	/System/Library/Frameworks/ImageIO.framework/Versions/A/Resources/libRadiance.dylib
0x00000000001ad000 	/System/Library/Frameworks/ImageIO.framework/Versions/A/Resources/libJPEG.dylib
0x00000000001ad000 	/System/Library/Frameworks/ImageIO.framework/Versions/A/Resources/libPng.dylib
0x00000000001ad000 	/System/Library/Frameworks/ImageIO.framework/Versions/A/Resources/libTIFF.dylib
0x00000000001ad000 	/System/Library/Frameworks/ImageIO.framework/Versions/A/Resources/libGIF.dylib
0x00000000001ad000 	/System/Library/Frameworks/ImageIO.framework/Versions/A/Resources/libJP2.dylib
0x00000000001ad000 	/usr/lib/libexpat.1.dylib
0x00000000001ad000 	/System/Library/PrivateFrameworks/AppleJPEG.framework/Versions/A/AppleJPEG
0x00000000001ad000 	/System/Library/PrivateFrameworks/FontServices.framework/libFontParser.dylib
0x00000000001ad000 	/System/Library/PrivateFrameworks/RunningBoardServices.framework/Versions/A/RunningBoardServices
0x00000000001ad000 	/System/Library/PrivateFrameworks/WatchdogClient.framework/Versions/A/WatchdogClient
0x00000000001ad000 	/System/Library/Frameworks/CoreDisplay.framework/Versions/A/CoreDisplay
0x00000000001ad000 	/System/Library/Frameworks/CoreMedia.framework/Versions/A/CoreMedia
0x00000000001ad000 	/System/Library/Frameworks/CoreVideo.framework/Versions/A/CoreVideo
0x00000000001ad000 	/System/Library/Frameworks/VideoToolbox.framework/Versions/A/VideoToolbox
0x00000000001ad000 	/System/Library/PrivateFrameworks/BaseBoard.framework/Versions/A/BaseBoard
0x00000000001ad000 	/System/Library/PrivateFrameworks/PersistentConnection.framework/Versions/A/PersistentConnection
0x00000000001ad000 	/System/Library/PrivateFrameworks/ProtocolBuffer.framework/Versions/A/ProtocolBuffer
0x00000000001ad000 	/System/Library/PrivateFrameworks/CommonUtilities.framework/Versions/A/CommonUtilities
0x00000000001ad000 	/System/Library/PrivateFrameworks/Bom.framework/Versions/A/Bom
0x00000000001ad000 	/System/Library/PrivateFrameworks/GPUWrangler.framework/Versions/A/GPUWrangler
0x00000000001ad000 	/System/Library/PrivateFrameworks/IOPresentment.framework/Versions/A/IOPresentment
0x00000000001ad000 	/System/Library/PrivateFrameworks/DSExternalDisplay.framework/Versions/A/DSExternalDisplay
0x00000000001ad000 	/System/Library/PrivateFrameworks/CMCaptureCore.framework/Versions/A/CMCaptureCore
0x00000000001ad000 	/System/Library/PrivateFrameworks/AppServerSupport.framework/Versions/A/AppServerSupport
0x00000000001ad000 	/System/Library/PrivateFrameworks/perfdata.framework/Versions/A/perfdata
0x00000000001ad000 	/System/Library/PrivateFrameworks/AssertionServices.framework/Versions/A/AssertionServices
0x00000000001ad000 	/System/Library/PrivateFrameworks/AudioToolboxCore.framework/Versions/A/AudioToolboxCore
0x00000000001ad000 	/System/Library/PrivateFrameworks/caulk.framework/Versions/A/caulk
0x00000000001ad000 	/System/Library/PrivateFrameworks/SystemPolicy.framework/Versions/A/SystemPolicy
0x00000000001ad000 	/usr/lib/libIOReport.dylib
0x00000000001ad000 	/usr/lib/libSMC.dylib
0x00000000001ad000 	/usr/lib/libAudioToolboxUtility.dylib
0x00000000001ad000 	/usr/lib/libmis.dylib
0x00000000001ad000 	/System/Library/Frameworks/OpenGL.framework/Versions/A/Libraries/libGLU.dylib
0x00000000001ad000 	/System/Library/Frameworks/OpenGL.framework/Versions/A/Libraries/libGFXShared.dylib
0x00000000001ad000 	/System/Library/Frameworks/OpenGL.framework/Versions/A/Libraries/libGL.dylib
0x00000000001ad000 	/System/Library/Frameworks/OpenGL.framework/Versions/A/Libraries/libGLImage.dylib
0x00000000001ad000 	/System/Library/Frameworks/OpenGL.framework/Versions/A/Libraries/libCVMSPluginSupport.dylib
0x00000000001ad000 	/System/Library/Frameworks/OpenGL.framework/Versions/A/Libraries/libCoreVMClient.dylib
0x00000000001ad000 	/System/Library/Frameworks/OpenCL.framework/Versions/A/OpenCL
0x00000000001ad000 	/System/Library/PrivateFrameworks/GraphVisualizer.framework/Versions/A/GraphVisualizer
0x00000000001ad000 	/System/Library/PrivateFrameworks/FaceCore.framework/Versions/A/FaceCore
0x00000000001ad000 	/System/Library/PrivateFrameworks/OTSVG.framework/Versions/A/OTSVG
0x00000000001ad000 	/System/Library/Frameworks/ApplicationServices.framework/Versions/A/Frameworks/ATS.framework/Versions/A/Resources/libFontRegistry.dylib
0x00000000001ad000 	/System/Library/PrivateFrameworks/FontServices.framework/libhvf.dylib
0x00000000001ad000 	/System/Library/PrivateFrameworks/AppleVA.framework/Versions/A/AppleVA
0x00000000001ad000 	/System/Library/Frameworks/ApplicationServices.framework/Versions/A/Frameworks/ATS.framework/Versions/A/ATS
0x00000000001ad000 	/System/Library/Frameworks/ApplicationServices.framework/Versions/A/Frameworks/ColorSyncLegacy.framework/Versions/A/ColorSyncLegacy
0x00000000001ad000 	/System/Library/Frameworks/ApplicationServices.framework/Versions/A/Frameworks/HIServices.framework/Versions/A/HIServices
0x00000000001ad000 	/System/Library/Frameworks/ApplicationServices.framework/Versions/A/Frameworks/LangAnalysis.framework/Versions/A/LangAnalysis
0x00000000001ad000 	/System/Library/Frameworks/ApplicationServices.framework/Versions/A/Frameworks/PrintCore.framework/Versions/A/PrintCore
0x00000000001ad000 	/System/Library/Frameworks/ApplicationServices.framework/Versions/A/Frameworks/QD.framework/Versions/A/QD
0x00000000001ad000 	/System/Library/Frameworks/ApplicationServices.framework/Versions/A/Frameworks/SpeechSynthesis.framework/Versions/A/SpeechSynthesis
0x00000000001ad000 	/System/Library/Frameworks/ApplicationServices.framework/Versions/A/Frameworks/ATSUI.framework/Versions/A/ATSUI
0x00000000001ad000 	/usr/lib/libcups.2.dylib
0x00000000001ad000 	/System/Library/PrivateFrameworks/NetAuth.framework/Versions/A/NetAuth
0x00000000001ad000 	/System/Library/Frameworks/Kerberos.framework/Versions/A/Kerberos
0x00000000001ad000 	/System/Library/Frameworks/GSS.framework/Versions/A/GSS
0x00000000001ad000 	/usr/lib/libresolv.9.dylib
0x00000000001ad000 	/System/Library/PrivateFrameworks/Heimdal.framework/Versions/A/Heimdal
0x00000000001ad000 	/System/Library/Frameworks/Kerberos.framework/Versions/A/Libraries/libHeimdalProxy.dylib
0x00000000001ad000 	/System/Library/Frameworks/Network.framework/Versions/A/Network
0x00000000001ad000 	/usr/lib/libheimdal-asn1.dylib
0x00000000001ad000 	/System/Library/PrivateFrameworks/CommonAuth.framework/Versions/A/CommonAuth
0x00000000001ad000 	/System/Library/PrivateFrameworks/login.framework/Versions/A/Frameworks/loginsupport.framework/Versions/A/loginsupport
0x00000000001ad000 	/System/Library/PrivateFrameworks/AudioSession.framework/Versions/A/AudioSession
0x00000000001ad000 	/usr/lib/libAudioStatistics.dylib
0x00000000001ad000 	/System/Library/PrivateFrameworks/MediaExperience.framework/Versions/A/MediaExperience
0x00000000001ad000 	/System/Library/PrivateFrameworks/AudioSession.framework/libSessionUtility.dylib
0x00000000001ad000 	/usr/lib/libperfcheck.dylib
0x00000000001ad000 	/System/Library/PrivateFrameworks/AudioResourceArbitration.framework/Versions/A/AudioResourceArbitration
0x00000000001ad000 	/System/Library/PrivateFrameworks/IconFoundation.framework/Versions/A/IconFoundation
0x00000000001ad000 	/System/Library/PrivateFrameworks/SpeechRecognitionCore.framework/Versions/A/SpeechRecognitionCore
0x0000000107800000 	/Library/Java/JavaVirtualMachines/jdk1.8.0_60.jdk/Contents/Home/jre/lib/server/libjvm.dylib
0x00000000001ad000 	/usr/lib/libstdc++.6.dylib
0x0000000103273000 	/Library/Java/JavaVirtualMachines/jdk1.8.0_60.jdk/Contents/Home/jre/lib/libverify.dylib
0x0000000103281000 	/Library/Java/JavaVirtualMachines/jdk1.8.0_60.jdk/Contents/Home/jre/lib/libjava.dylib
0x0000000103300000 	/Library/Java/JavaVirtualMachines/jdk1.8.0_60.jdk/Contents/Home/jre/lib/libzip.dylib
0x00000000001ad000 	/System/Library/Frameworks/JavaRuntimeSupport.framework/Versions/A/JavaRuntimeSupport
0x00000000001ad000 	/System/Library/Frameworks/Carbon.framework/Versions/A/Carbon
0x00000000001ad000 	/System/Library/PrivateFrameworks/CoreSymbolication.framework/Versions/A/CoreSymbolication
0x00000000001ad000 	/System/Library/Frameworks/Carbon.framework/Versions/A/Frameworks/CommonPanels.framework/Versions/A/CommonPanels
0x00000000001ad000 	/System/Library/Frameworks/Carbon.framework/Versions/A/Frameworks/Help.framework/Versions/A/Help
0x00000000001ad000 	/System/Library/Frameworks/Carbon.framework/Versions/A/Frameworks/ImageCapture.framework/Versions/A/ImageCapture
0x00000000001ad000 	/System/Library/Frameworks/Carbon.framework/Versions/A/Frameworks/OpenScripting.framework/Versions/A/OpenScripting
0x00000000001ad000 	/System/Library/Frameworks/Carbon.framework/Versions/A/Frameworks/Ink.framework/Versions/A/Ink
0x00000000001ad000 	/System/Library/Frameworks/Carbon.framework/Versions/A/Frameworks/Print.framework/Versions/A/Print
0x00000000001ad000 	/System/Library/Frameworks/Carbon.framework/Versions/A/Frameworks/SecurityHI.framework/Versions/A/SecurityHI
0x00000000001ad000 	/System/Library/PrivateFrameworks/DebugSymbols.framework/Versions/A/DebugSymbols
0x0000000103749000 	/Library/Java/JavaVirtualMachines/jdk1.8.0_60.jdk/Contents/Home/jre/lib/libawt.dylib
0x000000010bb09000 	/Library/Java/JavaVirtualMachines/jdk1.8.0_60.jdk/Contents/Home/jre/lib/libmlib_image.dylib
0x00000000001ad000 	/System/Library/Frameworks/JavaNativeFoundation.framework/Versions/A/JavaNativeFoundation
0x000000010bbd5000 	/Library/Java/JavaVirtualMachines/jdk1.8.0_60.jdk/Contents/Home/jre/lib/libawt_lwawt.dylib
0x000000010bc8a000 	/Library/Java/JavaVirtualMachines/jdk1.8.0_60.jdk/Contents/Home/jre/lib/libosxapp.dylib
0x00000000001ad000 	/System/Library/Frameworks/ExceptionHandling.framework/Versions/A/ExceptionHandling
0x00000000001ad000 	/System/Library/PrivateFrameworks/CoreServicesInternal.framework/Versions/A/CoreServicesInternal
0x00000000001ad000 	/System/Library/Frameworks/FileProvider.framework/Versions/A/FileProvider
0x00000000001ad000 	/System/Library/Frameworks/Accounts.framework/Versions/A/Accounts
0x00000000001ad000 	/System/Library/PrivateFrameworks/GenerationalStorage.framework/Versions/A/GenerationalStorage
0x00000000001ad000 	/System/Library/PrivateFrameworks/SymptomDiagnosticReporter.framework/Versions/A/SymptomDiagnosticReporter
0x00000000001ad000 	/System/Library/PrivateFrameworks/DesktopServicesPriv.framework/Versions/A/DesktopServicesPriv
0x00000000001ad000 	/usr/lib/libsandbox.1.dylib
0x00000000001ad000 	/System/Library/PrivateFrameworks/UserManagement.framework/Versions/A/UserManagement
0x00000000001ad000 	/System/Library/PrivateFrameworks/MobileKeyBag.framework/Versions/A/MobileKeyBag
0x00000000001ad000 	/System/Library/PrivateFrameworks/ChunkingLibrary.framework/Versions/A/ChunkingLibrary
0x00000000001ad000 	/System/Library/PrivateFrameworks/Sharing.framework/Versions/A/Sharing
0x00000000001ad000 	/System/Library/PrivateFrameworks/Apple80211.framework/Versions/A/Apple80211
0x00000000001ad000 	/System/Library/PrivateFrameworks/AuthKit.framework/Versions/A/AuthKit
0x00000000001ad000 	/System/Library/PrivateFrameworks/CoreUtils.framework/Versions/A/CoreUtils
0x00000000001ad000 	/System/Library/Frameworks/CoreWLAN.framework/Versions/A/CoreWLAN
0x00000000001ad000 	/System/Library/Frameworks/IOBluetooth.framework/Versions/A/IOBluetooth
0x00000000001ad000 	/System/Library/PrivateFrameworks/CoreWiFi.framework/Versions/A/CoreWiFi
0x00000000001ad000 	/System/Library/PrivateFrameworks/CorePhoneNumbers.framework/Versions/A/CorePhoneNumbers
0x00000000001ad000 	/System/Library/PrivateFrameworks/DiskManagement.framework/Versions/A/DiskManagement
0x00000000001ad000 	/System/Library/PrivateFrameworks/AppleIDAuthSupport.framework/Versions/A/AppleIDAuthSupport
0x00000000001ad000 	/System/Library/PrivateFrameworks/KeychainCircle.framework/Versions/A/KeychainCircle
0x00000000001ad000 	/System/Library/PrivateFrameworks/MediaKit.framework/Versions/A/MediaKit
0x00000000001ad000 	/System/Library/Frameworks/DiscRecording.framework/Versions/A/DiscRecording
0x00000000001ad000 	/usr/lib/libCoreStorage.dylib
0x00000000001ad000 	/usr/lib/libcsfde.dylib
0x00000000001ad000 	/System/Library/PrivateFrameworks/ProtectedCloudStorage.framework/Versions/A/ProtectedCloudStorage
0x00000000001ad000 	/System/Library/PrivateFrameworks/EFILogin.framework/Versions/A/EFILogin
0x00000000001ad000 	/System/Library/Frameworks/AudioUnit.framework/Versions/A/AudioUnit
0x00000000001ad000 	/System/Library/Frameworks/CoreBluetooth.framework/Versions/A/CoreBluetooth
0x00000000001ad000 	/usr/lib/libMatch.1.dylib
0x00000000001ad000 	/System/Library/CoreServices/RawCamera.bundle/Contents/MacOS/RawCamera
0x00000000001ad000 	/System/Library/PrivateFrameworks/MobileAsset.framework/Versions/A/MobileAsset
0x00000000001ad000 	/System/Library/PrivateFrameworks/StreamingZip.framework/Versions/A/StreamingZip
0x00000000001ad000 	/System/Library/Frameworks/MediaToolbox.framework/Versions/A/MediaToolbox
0x00000000001ad000 	/System/Library/PrivateFrameworks/CoreAVCHD.framework/Versions/A/CoreAVCHD
0x00000000001ad000 	/System/Library/Frameworks/MediaAccessibility.framework/Versions/A/MediaAccessibility
0x00000000001ad000 	/System/Library/PrivateFrameworks/Mangrove.framework/Versions/A/Mangrove
0x00000000001ad000 	/System/Library/PrivateFrameworks/AlgosScoreFramework.framework/Versions/A/AlgosScoreFramework
0x00000000001ad000 	/System/Library/PrivateFrameworks/AppleVPA.framework/Versions/A/AppleVPA
0x00000000001ad000 	/System/Library/PrivateFrameworks/CoreAUC.framework/Versions/A/CoreAUC
0x00000000001ad000 	/System/Library/Frameworks/Accelerate.framework/Versions/A/Frameworks/vImage.framework/Versions/A/Libraries/libCGInterfaces.dylib
0x0000000120a9b000 	/usr/lib/libobjc-trampolines.dylib
0x00000000001ad000 	/System/Library/PrivateFrameworks/FamilyControls.framework/Versions/A/FamilyControls
0x00000000001ad000 	/System/Library/PrivateFrameworks/CommerceKit.framework/Versions/A/Frameworks/CommerceCore.framework/Versions/A/CommerceCore
0x00000000001ad000 	/System/Library/PrivateFrameworks/SystemAdministration.framework/Versions/A/SystemAdministration
0x00000000001ad000 	/System/Library/PrivateFrameworks/AppContainer.framework/Versions/A/AppContainer
0x00000000001ad000 	/System/Library/PrivateFrameworks/SecCodeWrapper.framework/Versions/A/SecCodeWrapper
0x00000000001ad000 	/System/Library/PrivateFrameworks/CrashReporterSupport.framework/Versions/A/CrashReporterSupport
0x00000000001ad000 	/System/Library/PrivateFrameworks/OSAnalytics.framework/Versions/A/OSAnalytics
0x00000000001ad000 	/usr/lib/libRosetta.dylib
0x00000000001ad000 	/System/Library/PrivateFrameworks/RemoteServiceDiscovery.framework/Versions/A/RemoteServiceDiscovery
0x00000000001ad000 	/System/Library/PrivateFrameworks/Symbolication.framework/Versions/A/Symbolication
0x00000000001ad000 	/System/Library/PrivateFrameworks/MallocStackLogging.framework/Versions/A/MallocStackLogging
0x00000000001ad000 	/System/Library/PrivateFrameworks/login.framework/Versions/A/login
0x00000000001ad000 	/System/Library/Frameworks/DirectoryService.framework/Versions/A/DirectoryService
0x00000000001ad000 	/System/Library/PrivateFrameworks/DiskImages.framework/Versions/A/DiskImages
0x00000000001ad000 	/System/Library/PrivateFrameworks/LoginUIKit.framework/Versions/A/Frameworks/LoginUICore.framework/Versions/A/LoginUICore
0x00000000001ad000 	/usr/lib/libodfde.dylib
0x00000000001ad000 	/usr/lib/libcurl.4.dylib
0x00000000001ad000 	/usr/lib/libcrypto.44.dylib
0x00000000001ad000 	/usr/lib/libssl.46.dylib
0x00000000001ad000 	/System/Library/Frameworks/LDAP.framework/Versions/A/LDAP
0x00000000001ad000 	/System/Library/PrivateFrameworks/TrustEvaluationAgent.framework/Versions/A/TrustEvaluationAgent
0x00000000001ad000 	/usr/lib/libsasl2.2.dylib
0x00000000001ad000 	/System/Library/PrivateFrameworks/CoreDaemon.framework/Versions/B/CoreDaemon
0x00000000001ad000 	/System/Library/PrivateFrameworks/AppleSRP.framework/Versions/A/AppleSRP
0x00000000001ad000 	/System/Library/PrivateFrameworks/ViewBridge.framework/Versions/A/ViewBridge
0x00000000001ad000 	/System/Library/Frameworks/OpenGL.framework/Versions/A/Resources/GLEngine.bundle/GLEngine
0x00000000001ad000 	/System/Library/Frameworks/OpenGL.framework/Versions/A/Libraries/libGLProgrammability.dylib
0x00000000001ad000 	/System/Library/Extensions/AppleIntelICLGraphicsGLDriver.bundle/Contents/MacOS/AppleIntelICLGraphicsGLDriver
0x00000000001ad000 	/System/Library/PrivateFrameworks/GPUSupport.framework/Versions/A/Libraries/libGPUSupportMercury.dylib
0x00000000001ad000 	/System/Library/Frameworks/OpenGL.framework/Versions/A/Resources/GLRendererFloat.bundle/GLRendererFloat
0x00000001231c5000 	/Library/Java/JavaVirtualMachines/jdk1.8.0_60.jdk/Contents/Home/jre/lib/libfontmanager.dylib
0x0000000123971000 	/Library/Java/JavaVirtualMachines/jdk1.8.0_60.jdk/Contents/Home/jre/lib/libosxui.dylib
0x0000000123d16000 	/Library/Java/JavaVirtualMachines/jdk1.8.0_60.jdk/Contents/Home/jre/lib/libnet.dylib
0x0000000123d2d000 	/Library/Java/JavaVirtualMachines/jdk1.8.0_60.jdk/Contents/Home/jre/lib/libnio.dylib
0x0000000155364000 	/private/var/folders/29/yptmkhk54j53dmn29983x1680000gn/T/jogamp_0000/file_cache/jln6158671514476008216/jln1815163167914376180/libgluegen-rt.jnilib
0x0000000155368000 	/private/var/folders/29/yptmkhk54j53dmn29983x1680000gn/T/jogamp_0000/file_cache/jln6158671514476008216/jln1815163167914376180/libnativewindow_awt.jnilib
0x000000015536b000 	/Library/Java/JavaVirtualMachines/jdk1.8.0_60.jdk/Contents/Home/jre/lib/libjawt.dylib
0x000000015536e000 	/private/var/folders/29/yptmkhk54j53dmn29983x1680000gn/T/jogamp_0000/file_cache/jln6158671514476008216/jln1815163167914376180/libnativewindow_macosx.jnilib
0x0000000155378000 	/private/var/folders/29/yptmkhk54j53dmn29983x1680000gn/T/jogamp_0000/file_cache/jln6158671514476008216/jln1815163167914376180/libjogl_desktop.jnilib
0x0000000155a95000 	/Library/Java/JavaVirtualMachines/jdk1.8.0_60.jdk/Contents/Home/jre/lib/libsunec.dylib
0x000000015e45a000 	/Library/Java/JavaVirtualMachines/jdk1.8.0_60.jdk/Contents/Home/jre/lib/libjpeg.dylib

VM Arguments:
jvm_args: -Djava.security.policy=java.policy.applet -Dfile.encoding=UTF-8 
java_command: sun.applet.AppletViewer module3.EarthquakeCityMap1669121979579.html
java_class_path (initial): /Users/yxk/eclipse-workspace/UCSDUnfoldingMaps/build:/Users/yxk/eclipse-workspace/UCSDUnfoldingMaps/lib/core.jar:/Users/yxk/eclipse-workspace/UCSDUnfoldingMaps/lib/gluegen-rt.jar:/Users/yxk/eclipse-workspace/UCSDUnfoldingMaps/lib/jogl-all.jar:/Users/yxk/eclipse-workspace/UCSDUnfoldingMaps/lib/log4j-1.2.15.jar:/Users/yxk/eclipse-workspace/UCSDUnfoldingMaps/lib/sqlite-jdbc-3.7.2.jar:/Users/yxk/eclipse-workspace/UCSDUnfoldingMaps/lib/json4processing.jar:/Users/yxk/eclipse-workspace/UCSDUnfoldingMaps/lib/libTUIO.jar:/Users/yxk/eclipse-workspace/UCSDUnfoldingMaps/lib/unfolding.0.9.7-uscd.jar
Launcher Type: SUN_STANDARD

Environment Variables:
PATH=/usr/bin:/bin:/usr/sbin:/sbin
SHELL=/bin/zsh

Signal Handlers:
SIGSEGV: [libjvm.dylib+0x5a6d31], sa_mask[0]=11111111011111110111111111111111, sa_flags=SA_ONSTACK|SA_RESTART|SA_SIGINFO
SIGBUS: [libjvm.dylib+0x5a6d31], sa_mask[0]=11111111011111110111111111111111, sa_flags=SA_RESTART|SA_SIGINFO
SIGFPE: [libjvm.dylib+0x480a4c], sa_mask[0]=11111111011111110111111111111111, sa_flags=SA_RESTART|SA_SIGINFO
SIGPIPE: [libjvm.dylib+0x480a4c], sa_mask[0]=11111111011111110111111111111111, sa_flags=SA_RESTART|SA_SIGINFO
SIGXFSZ: [libjvm.dylib+0x480a4c], sa_mask[0]=11111111011111110111111111111111, sa_flags=SA_RESTART|SA_SIGINFO
SIGILL: [libjvm.dylib+0x480a4c], sa_mask[0]=11111111011111110111111111111111, sa_flags=SA_RESTART|SA_SIGINFO
SIGUSR1: SIG_DFL, sa_mask[0]=00000000000000000000000000000000, sa_flags=none
SIGUSR2: [libjvm.dylib+0x48056a], sa_mask[0]=00100000000000000000000000000000, sa_flags=SA_RESTART|SA_SIGINFO
SIGHUP: [libjvm.dylib+0x47eb41], sa_mask[0]=11111111011111110111111111111111, sa_flags=SA_RESTART|SA_SIGINFO
SIGINT: [libjvm.dylib+0x47eb41], sa_mask[0]=11111111011111110111111111111111, sa_flags=SA_RESTART|SA_SIGINFO
SIGTERM: [libjvm.dylib+0x47eb41], sa_mask[0]=11111111011111110111111111111111, sa_flags=SA_RESTART|SA_SIGINFO
SIGQUIT: [libjvm.dylib+0x47eb41], sa_mask[0]=11111111011111110111111111111111, sa_flags=SA_RESTART|SA_SIGINFO


---------------  S Y S T E M  ---------------

OS:Bsduname:Darwin 20.6.0 Darwin Kernel Version 20.6.0: Wed Jun 23 00:26:31 PDT 2021; root:xnu-7195.141.2~5/RELEASE_X86_64 x86_64
rlimit: STACK 8192k, CORE 0k, NPROC 1392, NOFILE 10240, AS infinity
load average:3.52 2.98 3.04

CPU:total 8 (4 cores per cpu, 2 threads per core) family 6 model 126 stepping 5, cmov, cx8, fxsr, mmx, sse, sse2, sse3, ssse3, sse4.1, sse4.2, popcnt, avx, avx2, aes, clmul, erms, 3dnowpref, lzcnt, ht, tsc, tscinvbit, bmi1, bmi2, adx

Memory: 4k page, physical 8388608k(318396k free)

/proc/meminfo:


vm_info: Java HotSpot(TM) 64-Bit Server VM (25.60-b23) for bsd-amd64 JRE (1.8.0_60-b27), built on Aug  4 2015 10:47:24 by "java_re" with gcc 4.2.1 (Based on Apple Inc. build 5658) (LLVM build 2336.11.00)

time: Tue Nov 22 20:59:49 2022
elapsed time: 10 seconds (0d 0h 0m 10s)

